[0.010s] Invoking command in '/home/rick/catkin_ws/src/build/ros1_bridge': /usr/bin/cmake /home/rick/catkin_ws/src/ros1_bridge -DAMENT_CMAKE_SYMLINK_INSTALL=1 -DCMAKE_INSTALL_PREFIX=/home/rick/catkin_ws/src/install/ros1_bridge
[0.048s] CMake Error at CMakeLists.txt:13 (find_package):
[0.049s]   By not providing "Findrmw.cmake" in CMAKE_MODULE_PATH this project has
[0.049s]   asked CMake to find a package configuration file provided by "rmw", but
[0.049s]   CMake did not find one.
[0.049s] 
[0.049s]   Could not find a package configuration file provided by "rmw" with any of
[0.049s]   the following names:
[0.050s] 
[0.050s]     rmwConfig.cmake
[0.050s]     rmw-config.cmake
[0.050s] 
[0.050s]   Add the installation prefix of "rmw" to CMAKE_PREFIX_PATH or set "rmw_DIR"
[0.050s]   to a directory containing one of the above files.  If "rmw" provides a
[0.050s]   separate development package or SDK, be sure it has been installed.
[0.050s] 
[0.050s] 
[0.051s] -- Configuring incomplete, errors occurred!
[0.051s] See also "/home/rick/catkin_ws/src/build/ros1_bridge/CMakeFiles/CMakeOutput.log".
[0.054s] Invoked command in '/home/rick/catkin_ws/src/build/ros1_bridge' returned '1': /usr/bin/cmake /home/rick/catkin_ws/src/ros1_bridge -DAMENT_CMAKE_SYMLINK_INSTALL=1 -DCMAKE_INSTALL_PREFIX=/home/rick/catkin_ws/src/install/ros1_bridge
