[0.048s] Invoking command in '/home/rick/catkin_ws/src/build/baxter_sim_hardware': CMAKE_PREFIX_PATH=/home/rick/catkin_ws/src/install/baxter_sim_kinematics:/home/rick/catkin_ws/src/install/baxter_sim_io:/home/rick/catkin_ws/src/install/baxter_sim_controllers:/home/rick/catkin_ws/src/install/baxter_core_msgs:${CMAKE_PREFIX_PATH} LD_LIBRARY_PATH=/home/rick/catkin_ws/src/install/baxter_sim_kinematics/lib:/home/rick/catkin_ws/src/install/baxter_sim_controllers/lib:${LD_LIBRARY_PATH} PKG_CONFIG_PATH=/home/rick/catkin_ws/src/install/baxter_sim_kinematics/lib/x86_64-linux-gnu/pkgconfig:/home/rick/catkin_ws/src/install/baxter_sim_kinematics/lib/pkgconfig:/home/rick/catkin_ws/src/install/baxter_sim_io/lib/x86_64-linux-gnu/pkgconfig:/home/rick/catkin_ws/src/install/baxter_sim_io/lib/pkgconfig:/home/rick/catkin_ws/src/install/baxter_sim_controllers/lib/x86_64-linux-gnu/pkgconfig:/home/rick/catkin_ws/src/install/baxter_sim_controllers/lib/pkgconfig:/home/rick/catkin_ws/src/install/baxter_core_msgs/lib/x86_64-linux-gnu/pkgconfig:/home/rick/catkin_ws/src/install/baxter_core_msgs/lib/pkgconfig:${PKG_CONFIG_PATH} PYTHONPATH=/home/rick/catkin_ws/src/install/baxter_core_msgs/lib/python2.7/dist-packages:${PYTHONPATH} ROS_PACKAGE_PATH=/home/rick/catkin_ws/src/install/baxter_sim_kinematics/share:/home/rick/catkin_ws/src/install/baxter_sim_io/share:/home/rick/catkin_ws/src/install/baxter_sim_controllers/share:/home/rick/catkin_ws/src/install/baxter_core_msgs/share:${ROS_PACKAGE_PATH} /usr/bin/cmake /home/rick/catkin_ws/src/baxter_simulator/baxter_sim_hardware -DCATKIN_INSTALL_INTO_PREFIX_ROOT=0 -DCATKIN_SYMLINK_INSTALL=ON -DCMAKE_INSTALL_PREFIX=/home/rick/catkin_ws/src/install/baxter_sim_hardware
[0.164s] -- The C compiler identification is GNU 5.4.0
[0.234s] -- The CXX compiler identification is GNU 5.4.0
[0.241s] -- Check for working C compiler: /usr/bin/cc
[0.338s] -- Check for working C compiler: /usr/bin/cc -- works
[0.340s] -- Detecting C compiler ABI info
[0.443s] -- Detecting C compiler ABI info - done
[0.455s] -- Detecting C compile features
[0.772s] -- Detecting C compile features - done
[0.780s] -- Check for working CXX compiler: /usr/bin/c++
[0.890s] -- Check for working CXX compiler: /usr/bin/c++ -- works
[0.892s] -- Detecting CXX compiler ABI info
[1.029s] -- Detecting CXX compiler ABI info - done
[1.053s] -- Detecting CXX compile features
[1.409s] -- Detecting CXX compile features - done
[1.415s] -- Using CATKIN_DEVEL_PREFIX: /home/rick/catkin_ws/src/build/baxter_sim_hardware/devel
[1.415s] -- Using CMAKE_PREFIX_PATH: /home/rick/catkin_ws/src/install/baxter_sim_kinematics;/home/rick/catkin_ws/src/install/baxter_sim_io;/home/rick/catkin_ws/src/install/baxter_sim_controllers;/home/rick/catkin_ws/src/install/baxter_core_msgs;/opt/ros/kinetic
[1.416s] -- This workspace overlays: /home/rick/catkin_ws/src/install/baxter_sim_kinematics;/home/rick/catkin_ws/src/install/baxter_sim_io;/home/rick/catkin_ws/src/install/baxter_sim_controllers;/home/rick/catkin_ws/src/install/baxter_core_msgs;/opt/ros/kinetic
[1.418s] -- Override CMake install command with custom implementation using symlinks instead of copying resources
[1.432s] -- Found PythonInterp: /usr/bin/python2 (found suitable version "2.7.12", minimum required is "2") 
[1.433s] -- Using PYTHON_EXECUTABLE: /usr/bin/python2
[1.433s] -- Using Debian Python package layout
[1.433s] -- Using empy: /usr/bin/empy
[1.627s] -- Using CATKIN_ENABLE_TESTING: ON
[1.627s] -- Call enable_testing()
[1.629s] -- Using CATKIN_TEST_RESULTS_DIR: /home/rick/catkin_ws/src/build/baxter_sim_hardware/test_results
[1.660s] -- Found gtest sources under '/usr/src/gmock': gtests will be built
[1.660s] -- Found gmock sources under '/usr/src/gmock': gmock will be built
[1.678s] -- Found PythonInterp: /usr/bin/python2 (found version "2.7.12") 
[1.681s] -- Looking for pthread.h
[1.793s] -- Looking for pthread.h - found
[1.794s] -- Looking for pthread_create
[1.918s] -- Looking for pthread_create - not found
[1.918s] -- Looking for pthread_create in pthreads
[2.017s] -- Looking for pthread_create in pthreads - not found
[2.018s] -- Looking for pthread_create in pthread
[2.116s] -- Looking for pthread_create in pthread - found
[2.120s] -- Found Threads: TRUE  
[2.125s] -- Using Python nosetests: /usr/bin/nosetests-2.7
[2.177s] -- catkin 0.7.20
[2.177s] -- BUILD_SHARED_LIBS is on
[2.663s] -- Using these message generators: gencpp;geneus;genlisp;gennodejs;genpy
[2.830s] -- Boost version: 1.58.0
[2.830s] -- Found the following Boost libraries:
[2.831s] --   system
[2.869s] -- Found OpenCV: /opt/ros/kinetic (found version "3.3.1") 
[3.112s] -- Configuring done
[3.204s] -- Generating done
[3.210s] -- Build files have been written to: /home/rick/catkin_ws/src/build/baxter_sim_hardware
[3.220s] Invoked command in '/home/rick/catkin_ws/src/build/baxter_sim_hardware' returned '0': CMAKE_PREFIX_PATH=/home/rick/catkin_ws/src/install/baxter_sim_kinematics:/home/rick/catkin_ws/src/install/baxter_sim_io:/home/rick/catkin_ws/src/install/baxter_sim_controllers:/home/rick/catkin_ws/src/install/baxter_core_msgs:${CMAKE_PREFIX_PATH} LD_LIBRARY_PATH=/home/rick/catkin_ws/src/install/baxter_sim_kinematics/lib:/home/rick/catkin_ws/src/install/baxter_sim_controllers/lib:${LD_LIBRARY_PATH} PKG_CONFIG_PATH=/home/rick/catkin_ws/src/install/baxter_sim_kinematics/lib/x86_64-linux-gnu/pkgconfig:/home/rick/catkin_ws/src/install/baxter_sim_kinematics/lib/pkgconfig:/home/rick/catkin_ws/src/install/baxter_sim_io/lib/x86_64-linux-gnu/pkgconfig:/home/rick/catkin_ws/src/install/baxter_sim_io/lib/pkgconfig:/home/rick/catkin_ws/src/install/baxter_sim_controllers/lib/x86_64-linux-gnu/pkgconfig:/home/rick/catkin_ws/src/install/baxter_sim_controllers/lib/pkgconfig:/home/rick/catkin_ws/src/install/baxter_core_msgs/lib/x86_64-linux-gnu/pkgconfig:/home/rick/catkin_ws/src/install/baxter_core_msgs/lib/pkgconfig:${PKG_CONFIG_PATH} PYTHONPATH=/home/rick/catkin_ws/src/install/baxter_core_msgs/lib/python2.7/dist-packages:${PYTHONPATH} ROS_PACKAGE_PATH=/home/rick/catkin_ws/src/install/baxter_sim_kinematics/share:/home/rick/catkin_ws/src/install/baxter_sim_io/share:/home/rick/catkin_ws/src/install/baxter_sim_controllers/share:/home/rick/catkin_ws/src/install/baxter_core_msgs/share:${ROS_PACKAGE_PATH} /usr/bin/cmake /home/rick/catkin_ws/src/baxter_simulator/baxter_sim_hardware -DCATKIN_INSTALL_INTO_PREFIX_ROOT=0 -DCATKIN_SYMLINK_INSTALL=ON -DCMAKE_INSTALL_PREFIX=/home/rick/catkin_ws/src/install/baxter_sim_hardware
[3.222s] Invoking command in '/home/rick/catkin_ws/src/build/baxter_sim_hardware': CMAKE_PREFIX_PATH=/home/rick/catkin_ws/src/install/baxter_sim_kinematics:/home/rick/catkin_ws/src/install/baxter_sim_io:/home/rick/catkin_ws/src/install/baxter_sim_controllers:/home/rick/catkin_ws/src/install/baxter_core_msgs:${CMAKE_PREFIX_PATH} LD_LIBRARY_PATH=/home/rick/catkin_ws/src/install/baxter_sim_kinematics/lib:/home/rick/catkin_ws/src/install/baxter_sim_controllers/lib:${LD_LIBRARY_PATH} PKG_CONFIG_PATH=/home/rick/catkin_ws/src/install/baxter_sim_kinematics/lib/x86_64-linux-gnu/pkgconfig:/home/rick/catkin_ws/src/install/baxter_sim_kinematics/lib/pkgconfig:/home/rick/catkin_ws/src/install/baxter_sim_io/lib/x86_64-linux-gnu/pkgconfig:/home/rick/catkin_ws/src/install/baxter_sim_io/lib/pkgconfig:/home/rick/catkin_ws/src/install/baxter_sim_controllers/lib/x86_64-linux-gnu/pkgconfig:/home/rick/catkin_ws/src/install/baxter_sim_controllers/lib/pkgconfig:/home/rick/catkin_ws/src/install/baxter_core_msgs/lib/x86_64-linux-gnu/pkgconfig:/home/rick/catkin_ws/src/install/baxter_core_msgs/lib/pkgconfig:${PKG_CONFIG_PATH} PYTHONPATH=/home/rick/catkin_ws/src/install/baxter_core_msgs/lib/python2.7/dist-packages:${PYTHONPATH} ROS_PACKAGE_PATH=/home/rick/catkin_ws/src/install/baxter_sim_kinematics/share:/home/rick/catkin_ws/src/install/baxter_sim_io/share:/home/rick/catkin_ws/src/install/baxter_sim_controllers/share:/home/rick/catkin_ws/src/install/baxter_core_msgs/share:${ROS_PACKAGE_PATH} /usr/bin/cmake --build /home/rick/catkin_ws/src/build/baxter_sim_hardware -- -j2 -l2
[3.283s] [35m[1mScanning dependencies of target trajectory_msgs_generate_messages_nodejs[0m
[3.296s] [  0%] Built target trajectory_msgs_generate_messages_nodejs
[3.310s] [35m[1mScanning dependencies of target tf2_msgs_generate_messages_nodejs[0m
[3.322s] [  0%] Built target tf2_msgs_generate_messages_nodejs
[3.337s] [35m[1mScanning dependencies of target tf2_msgs_generate_messages_lisp[0m
[3.350s] [  0%] Built target tf2_msgs_generate_messages_lisp
[3.368s] [35m[1mScanning dependencies of target tf2_msgs_generate_messages_eus[0m
[3.382s] [  0%] Built target tf2_msgs_generate_messages_eus
[3.392s] [35m[1mScanning dependencies of target actionlib_msgs_generate_messages_py[0m
[3.406s] [  0%] Built target actionlib_msgs_generate_messages_py
[3.418s] [35m[1mScanning dependencies of target tf2_msgs_generate_messages_py[0m
[3.427s] [  0%] Built target tf2_msgs_generate_messages_py
[3.441s] [35m[1mScanning dependencies of target actionlib_msgs_generate_messages_nodejs[0m
[3.453s] [  0%] Built target actionlib_msgs_generate_messages_nodejs
[3.481s] [35m[1mScanning dependencies of target actionlib_msgs_generate_messages_lisp[0m
[3.496s] [  0%] Built target actionlib_msgs_generate_messages_lisp
[3.510s] [35m[1mScanning dependencies of target actionlib_generate_messages_py[0m
[3.524s] [  0%] Built target actionlib_generate_messages_py
[3.538s] [35m[1mScanning dependencies of target actionlib_msgs_generate_messages_eus[0m
[3.554s] [  0%] Built target actionlib_msgs_generate_messages_eus
[3.576s] [35m[1mScanning dependencies of target actionlib_generate_messages_lisp[0m
[3.590s] [  0%] Built target actionlib_generate_messages_lisp
[3.605s] [35m[1mScanning dependencies of target tf_generate_messages_py[0m
[3.619s] [  0%] Built target tf_generate_messages_py
[3.629s] [35m[1mScanning dependencies of target tf_generate_messages_eus[0m
[3.641s] [  0%] Built target tf_generate_messages_eus
[3.659s] [35m[1mScanning dependencies of target rosgraph_msgs_generate_messages_nodejs[0m
[3.670s] [  0%] Built target rosgraph_msgs_generate_messages_nodejs
[3.684s] [35m[1mScanning dependencies of target tf_generate_messages_nodejs[0m
[3.698s] [  0%] Built target tf_generate_messages_nodejs
[3.712s] [35m[1mScanning dependencies of target roscpp_generate_messages_py[0m
[3.723s] [  0%] Built target roscpp_generate_messages_py
[3.734s] [35m[1mScanning dependencies of target roscpp_generate_messages_nodejs[0m
[3.749s] [  0%] Built target roscpp_generate_messages_nodejs
[3.764s] [35m[1mScanning dependencies of target rosgraph_msgs_generate_messages_lisp[0m
[3.787s] [  0%] Built target rosgraph_msgs_generate_messages_lisp
[3.799s] [35m[1mScanning dependencies of target tf_generate_messages_lisp[0m
[3.813s] [  0%] Built target tf_generate_messages_lisp
[3.826s] [35m[1mScanning dependencies of target rosgraph_msgs_generate_messages_py[0m
[3.841s] [  0%] Built target rosgraph_msgs_generate_messages_py
[3.851s] [35m[1mScanning dependencies of target std_srvs_generate_messages_nodejs[0m
[3.881s] [  0%] Built target std_srvs_generate_messages_nodejs
[3.892s] [35m[1mScanning dependencies of target std_srvs_generate_messages_cpp[0m
[3.908s] [  0%] Built target std_srvs_generate_messages_cpp
[3.922s] [35m[1mScanning dependencies of target roscpp_generate_messages_eus[0m
[3.932s] [  0%] Built target roscpp_generate_messages_eus
[3.946s] [35m[1mScanning dependencies of target rosgraph_msgs_generate_messages_cpp[0m
[3.961s] [  0%] Built target rosgraph_msgs_generate_messages_cpp
[3.983s] [35m[1mScanning dependencies of target tf_generate_messages_cpp[0m
[3.992s] [  0%] Built target tf_generate_messages_cpp
[4.002s] [35m[1mScanning dependencies of target std_srvs_generate_messages_eus[0m
[4.012s] [  0%] Built target std_srvs_generate_messages_eus
[4.027s] [35m[1mScanning dependencies of target baxter_core_msgs_generate_messages_eus[0m
[4.042s] [  0%] Built target baxter_core_msgs_generate_messages_eus
[4.058s] [35m[1mScanning dependencies of target trajectory_msgs_generate_messages_py[0m
[4.078s] [  0%] Built target trajectory_msgs_generate_messages_py
[4.092s] [35m[1mScanning dependencies of target roscpp_generate_messages_lisp[0m
[4.106s] [  0%] Built target roscpp_generate_messages_lisp
[4.120s] [35m[1mScanning dependencies of target std_srvs_generate_messages_py[0m
[4.130s] [  0%] Built target std_srvs_generate_messages_py
[4.141s] [35m[1mScanning dependencies of target std_msgs_generate_messages_eus[0m
[4.153s] [  0%] Built target std_msgs_generate_messages_eus
[4.174s] [35m[1mScanning dependencies of target geometry_msgs_generate_messages_nodejs[0m
[4.188s] [  0%] Built target geometry_msgs_generate_messages_nodejs
[4.203s] [35m[1mScanning dependencies of target trajectory_msgs_generate_messages_eus[0m
[4.217s] [  0%] Built target trajectory_msgs_generate_messages_eus
[4.232s] [35m[1mScanning dependencies of target std_msgs_generate_messages_py[0m
[4.247s] [  0%] Built target std_msgs_generate_messages_py
[4.263s] [35m[1mScanning dependencies of target actionlib_generate_messages_eus[0m
[4.282s] [  0%] Built target actionlib_generate_messages_eus
[4.297s] [35m[1mScanning dependencies of target baxter_core_msgs_generate_messages_cpp[0m
[4.311s] [  0%] Built target baxter_core_msgs_generate_messages_cpp
[4.325s] [35m[1mScanning dependencies of target tf2_msgs_generate_messages_cpp[0m
[4.339s] [  0%] Built target tf2_msgs_generate_messages_cpp
[4.355s] [35m[1mScanning dependencies of target baxter_core_msgs_generate_messages_lisp[0m
[4.379s] [  0%] Built target baxter_core_msgs_generate_messages_lisp
[4.395s] [35m[1mScanning dependencies of target actionlib_msgs_generate_messages_cpp[0m
[4.410s] [  0%] Built target actionlib_msgs_generate_messages_cpp
[4.423s] [35m[1mScanning dependencies of target actionlib_generate_messages_nodejs[0m
[4.438s] [  0%] Built target actionlib_generate_messages_nodejs
[4.450s] [35m[1mScanning dependencies of target std_msgs_generate_messages_cpp[0m
[4.470s] [  0%] Built target std_msgs_generate_messages_cpp
[4.481s] [35m[1mScanning dependencies of target sensor_msgs_generate_messages_eus[0m
[4.493s] [  0%] Built target sensor_msgs_generate_messages_eus
[4.508s] [35m[1mScanning dependencies of target roscpp_generate_messages_cpp[0m
[4.521s] [  0%] Built target roscpp_generate_messages_cpp
[4.536s] [35m[1mScanning dependencies of target geometry_msgs_generate_messages_eus[0m
[4.546s] [  0%] Built target geometry_msgs_generate_messages_eus
[4.560s] [35m[1mScanning dependencies of target std_msgs_generate_messages_lisp[0m
[4.575s] [  0%] Built target std_msgs_generate_messages_lisp
[4.589s] [35m[1mScanning dependencies of target std_srvs_generate_messages_lisp[0m
[4.604s] [  0%] Built target std_srvs_generate_messages_lisp
[4.619s] [35m[1mScanning dependencies of target geometry_msgs_generate_messages_lisp[0m
[4.631s] [  0%] Built target geometry_msgs_generate_messages_lisp
[4.647s] [35m[1mScanning dependencies of target baxter_core_msgs_generate_messages_nodejs[0m
[4.662s] [  0%] Built target baxter_core_msgs_generate_messages_nodejs
[4.684s] [35m[1mScanning dependencies of target actionlib_generate_messages_cpp[0m
[4.697s] [  0%] Built target actionlib_generate_messages_cpp
[4.712s] [35m[1mScanning dependencies of target sensor_msgs_generate_messages_py[0m
[4.723s] [  0%] Built target sensor_msgs_generate_messages_py
[4.733s] [35m[1mScanning dependencies of target baxter_core_msgs_generate_messages_py[0m
[4.745s] [  0%] Built target baxter_core_msgs_generate_messages_py
[4.760s] [35m[1mScanning dependencies of target sensor_msgs_generate_messages_nodejs[0m
[4.786s] [  0%] Built target sensor_msgs_generate_messages_nodejs
[4.804s] [35m[1mScanning dependencies of target rosgraph_msgs_generate_messages_eus[0m
[4.819s] [  0%] Built target rosgraph_msgs_generate_messages_eus
[4.831s] [35m[1mScanning dependencies of target gazebo_msgs_generate_messages_eus[0m
[4.844s] [  0%] Built target gazebo_msgs_generate_messages_eus
[4.859s] [35m[1mScanning dependencies of target gazebo_msgs_generate_messages_py[0m
[4.875s] [  0%] Built target gazebo_msgs_generate_messages_py
[4.894s] [35m[1mScanning dependencies of target sensor_msgs_generate_messages_cpp[0m
[4.904s] [  0%] Built target sensor_msgs_generate_messages_cpp
[4.916s] [35m[1mScanning dependencies of target gazebo_msgs_generate_messages_lisp[0m
[4.929s] [  0%] Built target gazebo_msgs_generate_messages_lisp
[4.944s] [35m[1mScanning dependencies of target sensor_msgs_generate_messages_lisp[0m
[4.957s] [  0%] Built target sensor_msgs_generate_messages_lisp
[4.973s] [35m[1mScanning dependencies of target std_msgs_generate_messages_nodejs[0m
[4.994s] [  0%] Built target std_msgs_generate_messages_nodejs
[5.009s] [35m[1mScanning dependencies of target geometry_msgs_generate_messages_py[0m
[5.022s] [  0%] Built target geometry_msgs_generate_messages_py
[5.032s] [35m[1mScanning dependencies of target gazebo_msgs_generate_messages_nodejs[0m
[5.043s] [  0%] Built target gazebo_msgs_generate_messages_nodejs
[5.058s] [35m[1mScanning dependencies of target gazebo_msgs_generate_messages_cpp[0m
[5.083s] [  0%] Built target gazebo_msgs_generate_messages_cpp
[5.096s] [35m[1mScanning dependencies of target geometry_msgs_generate_messages_cpp[0m
[5.106s] [  0%] Built target geometry_msgs_generate_messages_cpp
[5.121s] [35m[1mScanning dependencies of target trajectory_msgs_generate_messages_cpp[0m
[5.131s] [  0%] Built target trajectory_msgs_generate_messages_cpp
[5.143s] [35m[1mScanning dependencies of target trajectory_msgs_generate_messages_lisp[0m
[5.158s] [  0%] Built target trajectory_msgs_generate_messages_lisp
[5.179s] [35m[1mScanning dependencies of target baxter_emulator[0m
[5.401s] [ 50%] [32mBuilding CXX object CMakeFiles/baxter_emulator.dir/src/baxter_emulator.cpp.o[0m
[11.482s] [100%] [32m[1mLinking CXX executable devel/lib/baxter_sim_hardware/baxter_emulator[0m
[12.117s] [100%] Built target baxter_emulator
[12.131s] Invoked command in '/home/rick/catkin_ws/src/build/baxter_sim_hardware' returned '0': CMAKE_PREFIX_PATH=/home/rick/catkin_ws/src/install/baxter_sim_kinematics:/home/rick/catkin_ws/src/install/baxter_sim_io:/home/rick/catkin_ws/src/install/baxter_sim_controllers:/home/rick/catkin_ws/src/install/baxter_core_msgs:${CMAKE_PREFIX_PATH} LD_LIBRARY_PATH=/home/rick/catkin_ws/src/install/baxter_sim_kinematics/lib:/home/rick/catkin_ws/src/install/baxter_sim_controllers/lib:${LD_LIBRARY_PATH} PKG_CONFIG_PATH=/home/rick/catkin_ws/src/install/baxter_sim_kinematics/lib/x86_64-linux-gnu/pkgconfig:/home/rick/catkin_ws/src/install/baxter_sim_kinematics/lib/pkgconfig:/home/rick/catkin_ws/src/install/baxter_sim_io/lib/x86_64-linux-gnu/pkgconfig:/home/rick/catkin_ws/src/install/baxter_sim_io/lib/pkgconfig:/home/rick/catkin_ws/src/install/baxter_sim_controllers/lib/x86_64-linux-gnu/pkgconfig:/home/rick/catkin_ws/src/install/baxter_sim_controllers/lib/pkgconfig:/home/rick/catkin_ws/src/install/baxter_core_msgs/lib/x86_64-linux-gnu/pkgconfig:/home/rick/catkin_ws/src/install/baxter_core_msgs/lib/pkgconfig:${PKG_CONFIG_PATH} PYTHONPATH=/home/rick/catkin_ws/src/install/baxter_core_msgs/lib/python2.7/dist-packages:${PYTHONPATH} ROS_PACKAGE_PATH=/home/rick/catkin_ws/src/install/baxter_sim_kinematics/share:/home/rick/catkin_ws/src/install/baxter_sim_io/share:/home/rick/catkin_ws/src/install/baxter_sim_controllers/share:/home/rick/catkin_ws/src/install/baxter_core_msgs/share:${ROS_PACKAGE_PATH} /usr/bin/cmake --build /home/rick/catkin_ws/src/build/baxter_sim_hardware -- -j2 -l2
[12.217s] Invoking command in '/home/rick/catkin_ws/src/build/baxter_sim_hardware': CMAKE_PREFIX_PATH=/home/rick/catkin_ws/src/install/baxter_sim_kinematics:/home/rick/catkin_ws/src/install/baxter_sim_io:/home/rick/catkin_ws/src/install/baxter_sim_controllers:/home/rick/catkin_ws/src/install/baxter_core_msgs:${CMAKE_PREFIX_PATH} LD_LIBRARY_PATH=/home/rick/catkin_ws/src/install/baxter_sim_kinematics/lib:/home/rick/catkin_ws/src/install/baxter_sim_controllers/lib:${LD_LIBRARY_PATH} PKG_CONFIG_PATH=/home/rick/catkin_ws/src/install/baxter_sim_kinematics/lib/x86_64-linux-gnu/pkgconfig:/home/rick/catkin_ws/src/install/baxter_sim_kinematics/lib/pkgconfig:/home/rick/catkin_ws/src/install/baxter_sim_io/lib/x86_64-linux-gnu/pkgconfig:/home/rick/catkin_ws/src/install/baxter_sim_io/lib/pkgconfig:/home/rick/catkin_ws/src/install/baxter_sim_controllers/lib/x86_64-linux-gnu/pkgconfig:/home/rick/catkin_ws/src/install/baxter_sim_controllers/lib/pkgconfig:/home/rick/catkin_ws/src/install/baxter_core_msgs/lib/x86_64-linux-gnu/pkgconfig:/home/rick/catkin_ws/src/install/baxter_core_msgs/lib/pkgconfig:${PKG_CONFIG_PATH} PYTHONPATH=/home/rick/catkin_ws/src/install/baxter_core_msgs/lib/python2.7/dist-packages:${PYTHONPATH} ROS_PACKAGE_PATH=/home/rick/catkin_ws/src/install/baxter_sim_kinematics/share:/home/rick/catkin_ws/src/install/baxter_sim_io/share:/home/rick/catkin_ws/src/install/baxter_sim_controllers/share:/home/rick/catkin_ws/src/install/baxter_core_msgs/share:${ROS_PACKAGE_PATH} /usr/bin/cmake --build /home/rick/catkin_ws/src/build/baxter_sim_hardware --target tests -- -j2 -l2
[12.310s] [35m[1mScanning dependencies of target tests[0m
[12.321s] Built target tests
[12.337s] Invoked command in '/home/rick/catkin_ws/src/build/baxter_sim_hardware' returned '0': CMAKE_PREFIX_PATH=/home/rick/catkin_ws/src/install/baxter_sim_kinematics:/home/rick/catkin_ws/src/install/baxter_sim_io:/home/rick/catkin_ws/src/install/baxter_sim_controllers:/home/rick/catkin_ws/src/install/baxter_core_msgs:${CMAKE_PREFIX_PATH} LD_LIBRARY_PATH=/home/rick/catkin_ws/src/install/baxter_sim_kinematics/lib:/home/rick/catkin_ws/src/install/baxter_sim_controllers/lib:${LD_LIBRARY_PATH} PKG_CONFIG_PATH=/home/rick/catkin_ws/src/install/baxter_sim_kinematics/lib/x86_64-linux-gnu/pkgconfig:/home/rick/catkin_ws/src/install/baxter_sim_kinematics/lib/pkgconfig:/home/rick/catkin_ws/src/install/baxter_sim_io/lib/x86_64-linux-gnu/pkgconfig:/home/rick/catkin_ws/src/install/baxter_sim_io/lib/pkgconfig:/home/rick/catkin_ws/src/install/baxter_sim_controllers/lib/x86_64-linux-gnu/pkgconfig:/home/rick/catkin_ws/src/install/baxter_sim_controllers/lib/pkgconfig:/home/rick/catkin_ws/src/install/baxter_core_msgs/lib/x86_64-linux-gnu/pkgconfig:/home/rick/catkin_ws/src/install/baxter_core_msgs/lib/pkgconfig:${PKG_CONFIG_PATH} PYTHONPATH=/home/rick/catkin_ws/src/install/baxter_core_msgs/lib/python2.7/dist-packages:${PYTHONPATH} ROS_PACKAGE_PATH=/home/rick/catkin_ws/src/install/baxter_sim_kinematics/share:/home/rick/catkin_ws/src/install/baxter_sim_io/share:/home/rick/catkin_ws/src/install/baxter_sim_controllers/share:/home/rick/catkin_ws/src/install/baxter_core_msgs/share:${ROS_PACKAGE_PATH} /usr/bin/cmake --build /home/rick/catkin_ws/src/build/baxter_sim_hardware --target tests -- -j2 -l2
[12.466s] Invoking command in '/home/rick/catkin_ws/src/build/baxter_sim_hardware': CMAKE_PREFIX_PATH=/home/rick/catkin_ws/src/install/baxter_sim_kinematics:/home/rick/catkin_ws/src/install/baxter_sim_io:/home/rick/catkin_ws/src/install/baxter_sim_controllers:/home/rick/catkin_ws/src/install/baxter_core_msgs:${CMAKE_PREFIX_PATH} LD_LIBRARY_PATH=/home/rick/catkin_ws/src/install/baxter_sim_kinematics/lib:/home/rick/catkin_ws/src/install/baxter_sim_controllers/lib:${LD_LIBRARY_PATH} PKG_CONFIG_PATH=/home/rick/catkin_ws/src/install/baxter_sim_kinematics/lib/x86_64-linux-gnu/pkgconfig:/home/rick/catkin_ws/src/install/baxter_sim_kinematics/lib/pkgconfig:/home/rick/catkin_ws/src/install/baxter_sim_io/lib/x86_64-linux-gnu/pkgconfig:/home/rick/catkin_ws/src/install/baxter_sim_io/lib/pkgconfig:/home/rick/catkin_ws/src/install/baxter_sim_controllers/lib/x86_64-linux-gnu/pkgconfig:/home/rick/catkin_ws/src/install/baxter_sim_controllers/lib/pkgconfig:/home/rick/catkin_ws/src/install/baxter_core_msgs/lib/x86_64-linux-gnu/pkgconfig:/home/rick/catkin_ws/src/install/baxter_core_msgs/lib/pkgconfig:${PKG_CONFIG_PATH} PYTHONPATH=/home/rick/catkin_ws/src/install/baxter_core_msgs/lib/python2.7/dist-packages:${PYTHONPATH} ROS_PACKAGE_PATH=/home/rick/catkin_ws/src/install/baxter_sim_kinematics/share:/home/rick/catkin_ws/src/install/baxter_sim_io/share:/home/rick/catkin_ws/src/install/baxter_sim_controllers/share:/home/rick/catkin_ws/src/install/baxter_core_msgs/share:${ROS_PACKAGE_PATH} /usr/bin/cmake --build /home/rick/catkin_ws/src/build/baxter_sim_hardware --target install -- -j2 -l2
[12.545s] [  0%] Built target trajectory_msgs_generate_messages_nodejs
[12.571s] [  0%] Built target tf2_msgs_generate_messages_nodejs
[12.594s] [  0%] Built target tf2_msgs_generate_messages_lisp
[12.618s] [  0%] Built target tf2_msgs_generate_messages_eus
[12.652s] [  0%] Built target actionlib_msgs_generate_messages_py
[12.679s] [  0%] Built target tf2_msgs_generate_messages_py
[12.703s] [  0%] Built target actionlib_msgs_generate_messages_nodejs
[12.731s] [  0%] Built target actionlib_msgs_generate_messages_lisp
[12.760s] [  0%] Built target actionlib_generate_messages_py
[12.784s] [  0%] Built target actionlib_msgs_generate_messages_eus
[12.812s] [  0%] Built target actionlib_generate_messages_lisp
[12.844s] [  0%] Built target tf_generate_messages_py
[12.880s] [  0%] Built target tf_generate_messages_eus
[12.909s] [  0%] Built target rosgraph_msgs_generate_messages_nodejs
[12.934s] [  0%] Built target tf_generate_messages_nodejs
[12.974s] [  0%] Built target roscpp_generate_messages_py
[12.997s] [  0%] Built target roscpp_generate_messages_nodejs
[13.024s] [  0%] Built target rosgraph_msgs_generate_messages_lisp
[13.065s] [  0%] Built target tf_generate_messages_lisp
[13.092s] [  0%] Built target rosgraph_msgs_generate_messages_py
[13.121s] [  0%] Built target std_srvs_generate_messages_nodejs
[13.149s] [  0%] Built target std_srvs_generate_messages_cpp
[13.175s] [  0%] Built target roscpp_generate_messages_eus
[13.196s] [  0%] Built target rosgraph_msgs_generate_messages_cpp
[13.225s] [  0%] Built target tf_generate_messages_cpp
[13.258s] [  0%] Built target std_srvs_generate_messages_eus
[13.282s] [  0%] Built target baxter_core_msgs_generate_messages_eus
[13.309s] [  0%] Built target trajectory_msgs_generate_messages_py
[13.338s] [  0%] Built target roscpp_generate_messages_lisp
[13.385s] [  0%] Built target std_srvs_generate_messages_py
[13.413s] [  0%] Built target std_msgs_generate_messages_eus
[13.448s] [  0%] Built target geometry_msgs_generate_messages_nodejs
[13.463s] [  0%] Built target trajectory_msgs_generate_messages_eus
[13.492s] [  0%] Built target std_msgs_generate_messages_py
[13.517s] [  0%] Built target actionlib_generate_messages_eus
[13.549s] [  0%] Built target baxter_core_msgs_generate_messages_cpp
[13.576s] [  0%] Built target tf2_msgs_generate_messages_cpp
[13.600s] [  0%] Built target baxter_core_msgs_generate_messages_lisp
[13.624s] [  0%] Built target actionlib_msgs_generate_messages_cpp
[13.658s] [  0%] Built target actionlib_generate_messages_nodejs
[13.684s] [  0%] Built target std_msgs_generate_messages_cpp
[13.708s] [  0%] Built target sensor_msgs_generate_messages_eus
[13.734s] [  0%] Built target roscpp_generate_messages_cpp
[13.767s] [  0%] Built target geometry_msgs_generate_messages_eus
[13.793s] [  0%] Built target std_msgs_generate_messages_lisp
[13.818s] [  0%] Built target std_srvs_generate_messages_lisp
[13.861s] [  0%] Built target geometry_msgs_generate_messages_lisp
[13.889s] [  0%] Built target baxter_core_msgs_generate_messages_nodejs
[13.915s] [  0%] Built target actionlib_generate_messages_cpp
[13.952s] [  0%] Built target sensor_msgs_generate_messages_py
[13.977s] [  0%] Built target baxter_core_msgs_generate_messages_py
[13.999s] [  0%] Built target sensor_msgs_generate_messages_nodejs
[14.027s] [  0%] Built target rosgraph_msgs_generate_messages_eus
[14.065s] [  0%] Built target gazebo_msgs_generate_messages_eus
[14.090s] [  0%] Built target gazebo_msgs_generate_messages_py
[14.119s] [  0%] Built target sensor_msgs_generate_messages_cpp
[14.143s] [  0%] Built target gazebo_msgs_generate_messages_lisp
[14.180s] [  0%] Built target sensor_msgs_generate_messages_lisp
[14.203s] [  0%] Built target std_msgs_generate_messages_nodejs
[14.232s] [  0%] Built target geometry_msgs_generate_messages_py
[14.266s] [  0%] Built target gazebo_msgs_generate_messages_nodejs
[14.293s] [  0%] Built target gazebo_msgs_generate_messages_cpp
[14.319s] [  0%] Built target geometry_msgs_generate_messages_cpp
[14.342s] [  0%] Built target trajectory_msgs_generate_messages_cpp
[14.377s] [  0%] Built target trajectory_msgs_generate_messages_lisp
[14.416s] [100%] Built target baxter_emulator
[14.453s] [36mInstall the project...[0m
[14.463s] -- Install configuration: ""
[14.463s] -- Execute custom install script
[14.464s] -- Symlinking: /home/rick/catkin_ws/src/install/baxter_sim_hardware/lib/pkgconfig/baxter_sim_hardware.pc
[14.470s] -- Symlinking: /home/rick/catkin_ws/src/install/baxter_sim_hardware/share/baxter_sim_hardware/cmake/baxter_sim_hardwareConfig.cmake
[14.477s] -- Symlinking: /home/rick/catkin_ws/src/install/baxter_sim_hardware/share/baxter_sim_hardware/cmake/baxter_sim_hardwareConfig-version.cmake
[14.486s] -- Symlinking: /home/rick/catkin_ws/src/install/baxter_sim_hardware/share/baxter_sim_hardware/package.xml
[14.493s] -- Symlinking: /home/rick/catkin_ws/src/install/baxter_sim_hardware/lib/baxter_sim_hardware/baxter_emulator
[14.505s] -- Symlinking: /home/rick/catkin_ws/src/install/baxter_sim_hardware/share/baxter_sim_hardware/config/baxter_left_electric_gripper_controller.yaml
[14.511s] -- Symlinking: /home/rick/catkin_ws/src/install/baxter_sim_hardware/share/baxter_sim_hardware/config/baxter_right_electric_gripper_controller.yaml
[14.524s] -- Symlinking: /home/rick/catkin_ws/src/install/baxter_sim_hardware/share/baxter_sim_hardware/config/baxter_sim_controllers.yaml
[14.538s] -- Symlinking: /home/rick/catkin_ws/src/install/baxter_sim_hardware/share/baxter_sim_hardware/images/researchsdk.png
[14.559s] -- Symlinking: /home/rick/catkin_ws/src/install/baxter_sim_hardware/share/baxter_sim_hardware/include/baxter_sim_hardware/baxter_emulator.h
[14.560s] -- Symlinking: /home/rick/catkin_ws/src/install/baxter_sim_hardware/share/baxter_sim_hardware/launch/baxter_sdk_control.launch
[14.567s] -- Symlinking: /home/rick/catkin_ws/src/install/baxter_sim_hardware/share/baxter_sim_hardware/launch/baxter_sdk_position_rqt.launch
[14.574s] -- Symlinking: /home/rick/catkin_ws/src/install/baxter_sim_hardware/share/baxter_sim_hardware/launch/baxter_sdk_position_rqt.perspective
[14.581s] -- Symlinking: /home/rick/catkin_ws/src/install/baxter_sim_hardware/share/baxter_sim_hardware/launch/baxter_sdk_velocity_rqt.launch
[14.587s] -- Symlinking: /home/rick/catkin_ws/src/install/baxter_sim_hardware/share/baxter_sim_hardware/launch/baxter_sdk_velocity_rqt.perspective
[14.600s] Invoked command in '/home/rick/catkin_ws/src/build/baxter_sim_hardware' returned '0': CMAKE_PREFIX_PATH=/home/rick/catkin_ws/src/install/baxter_sim_kinematics:/home/rick/catkin_ws/src/install/baxter_sim_io:/home/rick/catkin_ws/src/install/baxter_sim_controllers:/home/rick/catkin_ws/src/install/baxter_core_msgs:${CMAKE_PREFIX_PATH} LD_LIBRARY_PATH=/home/rick/catkin_ws/src/install/baxter_sim_kinematics/lib:/home/rick/catkin_ws/src/install/baxter_sim_controllers/lib:${LD_LIBRARY_PATH} PKG_CONFIG_PATH=/home/rick/catkin_ws/src/install/baxter_sim_kinematics/lib/x86_64-linux-gnu/pkgconfig:/home/rick/catkin_ws/src/install/baxter_sim_kinematics/lib/pkgconfig:/home/rick/catkin_ws/src/install/baxter_sim_io/lib/x86_64-linux-gnu/pkgconfig:/home/rick/catkin_ws/src/install/baxter_sim_io/lib/pkgconfig:/home/rick/catkin_ws/src/install/baxter_sim_controllers/lib/x86_64-linux-gnu/pkgconfig:/home/rick/catkin_ws/src/install/baxter_sim_controllers/lib/pkgconfig:/home/rick/catkin_ws/src/install/baxter_core_msgs/lib/x86_64-linux-gnu/pkgconfig:/home/rick/catkin_ws/src/install/baxter_core_msgs/lib/pkgconfig:${PKG_CONFIG_PATH} PYTHONPATH=/home/rick/catkin_ws/src/install/baxter_core_msgs/lib/python2.7/dist-packages:${PYTHONPATH} ROS_PACKAGE_PATH=/home/rick/catkin_ws/src/install/baxter_sim_kinematics/share:/home/rick/catkin_ws/src/install/baxter_sim_io/share:/home/rick/catkin_ws/src/install/baxter_sim_controllers/share:/home/rick/catkin_ws/src/install/baxter_core_msgs/share:${ROS_PACKAGE_PATH} /usr/bin/cmake --build /home/rick/catkin_ws/src/build/baxter_sim_hardware --target install -- -j2 -l2
