[0.066s] Invoking command in '/home/rick/catkin_ws/src/build/baxter_gazebo': CMAKE_PREFIX_PATH=/home/rick/catkin_ws/src/install/baxter_sim_hardware:/home/rick/catkin_ws/src/install/baxter_sim_kinematics:/home/rick/catkin_ws/src/install/baxter_sim_io:/home/rick/catkin_ws/src/install/baxter_sim_controllers:/home/rick/catkin_ws/src/install/baxter_description:/home/rick/catkin_ws/src/install/rethink_ee_description:/home/rick/catkin_ws/src/install/baxter_core_msgs:${CMAKE_PREFIX_PATH} LD_LIBRARY_PATH=/home/rick/catkin_ws/src/install/baxter_sim_kinematics/lib:/home/rick/catkin_ws/src/install/baxter_sim_controllers/lib:${LD_LIBRARY_PATH} PKG_CONFIG_PATH=/home/rick/catkin_ws/src/install/baxter_sim_hardware/lib/x86_64-linux-gnu/pkgconfig:/home/rick/catkin_ws/src/install/baxter_sim_hardware/lib/pkgconfig:/home/rick/catkin_ws/src/install/baxter_sim_kinematics/lib/x86_64-linux-gnu/pkgconfig:/home/rick/catkin_ws/src/install/baxter_sim_kinematics/lib/pkgconfig:/home/rick/catkin_ws/src/install/baxter_sim_io/lib/x86_64-linux-gnu/pkgconfig:/home/rick/catkin_ws/src/install/baxter_sim_io/lib/pkgconfig:/home/rick/catkin_ws/src/install/baxter_sim_controllers/lib/x86_64-linux-gnu/pkgconfig:/home/rick/catkin_ws/src/install/baxter_sim_controllers/lib/pkgconfig:/home/rick/catkin_ws/src/install/baxter_description/lib/x86_64-linux-gnu/pkgconfig:/home/rick/catkin_ws/src/install/baxter_description/lib/pkgconfig:/home/rick/catkin_ws/src/install/rethink_ee_description/lib/x86_64-linux-gnu/pkgconfig:/home/rick/catkin_ws/src/install/rethink_ee_description/lib/pkgconfig:/home/rick/catkin_ws/src/install/baxter_core_msgs/lib/x86_64-linux-gnu/pkgconfig:/home/rick/catkin_ws/src/install/baxter_core_msgs/lib/pkgconfig:${PKG_CONFIG_PATH} PYTHONPATH=/home/rick/catkin_ws/src/install/baxter_core_msgs/lib/python2.7/dist-packages:${PYTHONPATH} ROS_PACKAGE_PATH=/home/rick/catkin_ws/src/install/baxter_sim_hardware/share:/home/rick/catkin_ws/src/install/baxter_sim_kinematics/share:/home/rick/catkin_ws/src/install/baxter_sim_io/share:/home/rick/catkin_ws/src/install/baxter_sim_controllers/share:/home/rick/catkin_ws/src/install/baxter_description/share:/home/rick/catkin_ws/src/install/rethink_ee_description/share:/home/rick/catkin_ws/src/install/baxter_core_msgs/share:${ROS_PACKAGE_PATH} /usr/bin/cmake --build /home/rick/catkin_ws/src/build/baxter_gazebo -- -j2 -l2
[0.151s] [  0%] Built target baxter_core_msgs_generate_messages_py
[0.152s] [  0%] Built target sensor_msgs_generate_messages_eus
[0.176s] [  0%] Built target actionlib_msgs_generate_messages_cpp
[0.182s] [  0%] Built target actionlib_generate_messages_lisp
[0.192s] [  0%] Built target actionlib_msgs_generate_messages_eus
[0.209s] [  0%] Built target control_toolbox_generate_messages_py
[0.209s] [  0%] Built target control_toolbox_generate_messages_nodejs
[0.235s] [  0%] Built target gazebo_msgs_generate_messages_lisp
[0.239s] [  0%] Built target sensor_msgs_generate_messages_lisp
[0.271s] [  0%] Built target roscpp_generate_messages_py
[0.273s] [  0%] Built target sensor_msgs_generate_messages_cpp
[0.295s] [  0%] Built target actionlib_generate_messages_cpp
[0.296s] [  0%] Built target tf_generate_messages_lisp
[0.317s] [  0%] Built target rosgraph_msgs_generate_messages_py
[0.330s] [  0%] Built target std_srvs_generate_messages_nodejs
[0.340s] [  0%] Built target baxter_core_msgs_generate_messages_eus
[0.353s] [  0%] Built target std_msgs_generate_messages_nodejs
[0.359s] [  0%] Built target gazebo_msgs_generate_messages_cpp
[0.376s] [  0%] Built target tf_generate_messages_cpp
[0.379s] [  0%] Built target gazebo_msgs_generate_messages_nodejs
[0.401s] [  0%] Built target gazebo_msgs_generate_messages_eus
[0.401s] [  0%] Built target geometry_msgs_generate_messages_nodejs
[0.437s] [  0%] Built target geometry_msgs_generate_messages_eus
[0.437s] [  0%] Built target roscpp_generate_messages_cpp
[0.462s] [  0%] Built target sensor_msgs_generate_messages_nodejs
[0.464s] [  0%] Built target std_msgs_generate_messages_cpp
[0.479s] [  0%] Built target tf_generate_messages_nodejs
[0.487s] [  0%] Built target trajectory_msgs_generate_messages_cpp
[0.494s] [  0%] Built target std_srvs_generate_messages_py
[0.502s] [  0%] Built target actionlib_generate_messages_eus
[0.514s] [  0%] Built target std_msgs_generate_messages_eus
[0.517s] [  0%] Built target roscpp_generate_messages_eus
[0.541s] [  0%] Built target std_msgs_generate_messages_lisp
[0.548s] [  0%] Built target std_srvs_generate_messages_lisp
[0.566s] [  0%] Built target rosgraph_msgs_generate_messages_cpp
[0.569s] [  0%] Built target geometry_msgs_generate_messages_py
[0.591s] [  0%] Built target control_toolbox_generate_messages_cpp
[0.593s] [  0%] Built target geometry_msgs_generate_messages_lisp
[0.619s] [  0%] Built target rosgraph_msgs_generate_messages_lisp
[0.626s] [  0%] Built target rosgraph_msgs_generate_messages_nodejs
[0.651s] [  0%] Built target tf_generate_messages_eus
[0.660s] [  0%] Built target std_srvs_generate_messages_cpp
[0.674s] [  0%] Built target sensor_msgs_generate_messages_py
[0.686s] [  0%] Built target roscpp_generate_messages_nodejs
[0.700s] [  0%] Built target rosgraph_msgs_generate_messages_eus
[0.720s] [  0%] Built target std_msgs_generate_messages_py
[0.723s] [  0%] Built target roscpp_generate_messages_lisp
[0.751s] [  0%] Built target actionlib_msgs_generate_messages_lisp
[0.756s] [  0%] Built target actionlib_msgs_generate_messages_nodejs
[0.773s] [  0%] Built target tf2_msgs_generate_messages_py
[0.781s] [  0%] Built target actionlib_msgs_generate_messages_py
[0.790s] [  0%] Built target tf2_msgs_generate_messages_cpp
[0.804s] [  0%] Built target tf_generate_messages_py
[0.814s] [  0%] Built target controller_manager_msgs_generate_messages_py
[0.825s] [  0%] Built target baxter_core_msgs_generate_messages_lisp
[0.846s] [  0%] Built target tf2_msgs_generate_messages_lisp
[0.848s] [  0%] Built target tf2_msgs_generate_messages_eus
[0.865s] [  0%] Built target tf2_msgs_generate_messages_nodejs
[0.875s] [  0%] Built target dynamic_reconfigure_generate_messages_cpp
[0.883s] [  0%] Built target dynamic_reconfigure_generate_messages_eus
[0.891s] [  0%] Built target control_toolbox_gencfg
[0.909s] [  0%] Built target actionlib_generate_messages_py
[0.911s] [  0%] Built target dynamic_reconfigure_generate_messages_py
[0.938s] [  0%] Built target dynamic_reconfigure_gencfg
[0.939s] [  0%] Built target controller_manager_msgs_generate_messages_nodejs
[0.956s] [  0%] Built target trajectory_msgs_generate_messages_eus
[0.962s] [  0%] Built target gazebo_msgs_generate_messages_py
[0.981s] [  0%] Built target trajectory_msgs_generate_messages_lisp
[0.988s] [  0%] Built target trajectory_msgs_generate_messages_nodejs
[1.000s] [  0%] Built target trajectory_msgs_generate_messages_py
[1.014s] [  0%] Built target std_srvs_generate_messages_eus
[1.016s] [  0%] Built target controller_manager_msgs_generate_messages_cpp
[1.035s] [  0%] Built target gazebo_ros_gencfg
[1.043s] [  0%] Built target controller_manager_msgs_generate_messages_eus
[1.055s] [  0%] Built target baxter_core_msgs_generate_messages_cpp
[1.068s] [  0%] Built target dynamic_reconfigure_generate_messages_lisp
[1.075s] [  0%] Built target control_toolbox_generate_messages_eus
[1.093s] [  0%] Built target control_toolbox_generate_messages_lisp
[1.103s] [  0%] Built target control_msgs_generate_messages_cpp
[1.121s] [  0%] Built target dynamic_reconfigure_generate_messages_nodejs
[1.123s] [  0%] Built target control_msgs_generate_messages_eus
[1.141s] [  0%] Built target control_msgs_generate_messages_nodejs
[1.150s] [  0%] Built target actionlib_generate_messages_nodejs
[1.165s] [  0%] Built target control_msgs_generate_messages_py
[1.172s] [  0%] Built target controller_manager_msgs_generate_messages_lisp
[1.186s] [  0%] Built target baxter_core_msgs_generate_messages_nodejs
[1.188s] [  0%] Built target geometry_msgs_generate_messages_cpp
[1.215s] [  0%] Built target control_msgs_generate_messages_lisp
[1.267s] [100%] Built target baxter_gazebo_ros_control
[1.285s] Invoked command in '/home/rick/catkin_ws/src/build/baxter_gazebo' returned '0': CMAKE_PREFIX_PATH=/home/rick/catkin_ws/src/install/baxter_sim_hardware:/home/rick/catkin_ws/src/install/baxter_sim_kinematics:/home/rick/catkin_ws/src/install/baxter_sim_io:/home/rick/catkin_ws/src/install/baxter_sim_controllers:/home/rick/catkin_ws/src/install/baxter_description:/home/rick/catkin_ws/src/install/rethink_ee_description:/home/rick/catkin_ws/src/install/baxter_core_msgs:${CMAKE_PREFIX_PATH} LD_LIBRARY_PATH=/home/rick/catkin_ws/src/install/baxter_sim_kinematics/lib:/home/rick/catkin_ws/src/install/baxter_sim_controllers/lib:${LD_LIBRARY_PATH} PKG_CONFIG_PATH=/home/rick/catkin_ws/src/install/baxter_sim_hardware/lib/x86_64-linux-gnu/pkgconfig:/home/rick/catkin_ws/src/install/baxter_sim_hardware/lib/pkgconfig:/home/rick/catkin_ws/src/install/baxter_sim_kinematics/lib/x86_64-linux-gnu/pkgconfig:/home/rick/catkin_ws/src/install/baxter_sim_kinematics/lib/pkgconfig:/home/rick/catkin_ws/src/install/baxter_sim_io/lib/x86_64-linux-gnu/pkgconfig:/home/rick/catkin_ws/src/install/baxter_sim_io/lib/pkgconfig:/home/rick/catkin_ws/src/install/baxter_sim_controllers/lib/x86_64-linux-gnu/pkgconfig:/home/rick/catkin_ws/src/install/baxter_sim_controllers/lib/pkgconfig:/home/rick/catkin_ws/src/install/baxter_description/lib/x86_64-linux-gnu/pkgconfig:/home/rick/catkin_ws/src/install/baxter_description/lib/pkgconfig:/home/rick/catkin_ws/src/install/rethink_ee_description/lib/x86_64-linux-gnu/pkgconfig:/home/rick/catkin_ws/src/install/rethink_ee_description/lib/pkgconfig:/home/rick/catkin_ws/src/install/baxter_core_msgs/lib/x86_64-linux-gnu/pkgconfig:/home/rick/catkin_ws/src/install/baxter_core_msgs/lib/pkgconfig:${PKG_CONFIG_PATH} PYTHONPATH=/home/rick/catkin_ws/src/install/baxter_core_msgs/lib/python2.7/dist-packages:${PYTHONPATH} ROS_PACKAGE_PATH=/home/rick/catkin_ws/src/install/baxter_sim_hardware/share:/home/rick/catkin_ws/src/install/baxter_sim_kinematics/share:/home/rick/catkin_ws/src/install/baxter_sim_io/share:/home/rick/catkin_ws/src/install/baxter_sim_controllers/share:/home/rick/catkin_ws/src/install/baxter_description/share:/home/rick/catkin_ws/src/install/rethink_ee_description/share:/home/rick/catkin_ws/src/install/baxter_core_msgs/share:${ROS_PACKAGE_PATH} /usr/bin/cmake --build /home/rick/catkin_ws/src/build/baxter_gazebo -- -j2 -l2
[1.430s] Invoking command in '/home/rick/catkin_ws/src/build/baxter_gazebo': CMAKE_PREFIX_PATH=/home/rick/catkin_ws/src/install/baxter_sim_hardware:/home/rick/catkin_ws/src/install/baxter_sim_kinematics:/home/rick/catkin_ws/src/install/baxter_sim_io:/home/rick/catkin_ws/src/install/baxter_sim_controllers:/home/rick/catkin_ws/src/install/baxter_description:/home/rick/catkin_ws/src/install/rethink_ee_description:/home/rick/catkin_ws/src/install/baxter_core_msgs:${CMAKE_PREFIX_PATH} LD_LIBRARY_PATH=/home/rick/catkin_ws/src/install/baxter_sim_kinematics/lib:/home/rick/catkin_ws/src/install/baxter_sim_controllers/lib:${LD_LIBRARY_PATH} PKG_CONFIG_PATH=/home/rick/catkin_ws/src/install/baxter_sim_hardware/lib/x86_64-linux-gnu/pkgconfig:/home/rick/catkin_ws/src/install/baxter_sim_hardware/lib/pkgconfig:/home/rick/catkin_ws/src/install/baxter_sim_kinematics/lib/x86_64-linux-gnu/pkgconfig:/home/rick/catkin_ws/src/install/baxter_sim_kinematics/lib/pkgconfig:/home/rick/catkin_ws/src/install/baxter_sim_io/lib/x86_64-linux-gnu/pkgconfig:/home/rick/catkin_ws/src/install/baxter_sim_io/lib/pkgconfig:/home/rick/catkin_ws/src/install/baxter_sim_controllers/lib/x86_64-linux-gnu/pkgconfig:/home/rick/catkin_ws/src/install/baxter_sim_controllers/lib/pkgconfig:/home/rick/catkin_ws/src/install/baxter_description/lib/x86_64-linux-gnu/pkgconfig:/home/rick/catkin_ws/src/install/baxter_description/lib/pkgconfig:/home/rick/catkin_ws/src/install/rethink_ee_description/lib/x86_64-linux-gnu/pkgconfig:/home/rick/catkin_ws/src/install/rethink_ee_description/lib/pkgconfig:/home/rick/catkin_ws/src/install/baxter_core_msgs/lib/x86_64-linux-gnu/pkgconfig:/home/rick/catkin_ws/src/install/baxter_core_msgs/lib/pkgconfig:${PKG_CONFIG_PATH} PYTHONPATH=/home/rick/catkin_ws/src/install/baxter_core_msgs/lib/python2.7/dist-packages:${PYTHONPATH} ROS_PACKAGE_PATH=/home/rick/catkin_ws/src/install/baxter_sim_hardware/share:/home/rick/catkin_ws/src/install/baxter_sim_kinematics/share:/home/rick/catkin_ws/src/install/baxter_sim_io/share:/home/rick/catkin_ws/src/install/baxter_sim_controllers/share:/home/rick/catkin_ws/src/install/baxter_description/share:/home/rick/catkin_ws/src/install/rethink_ee_description/share:/home/rick/catkin_ws/src/install/baxter_core_msgs/share:${ROS_PACKAGE_PATH} /usr/bin/cmake --build /home/rick/catkin_ws/src/build/baxter_gazebo --target tests -- -j2 -l2
[1.549s] Built target tests
[1.566s] Invoked command in '/home/rick/catkin_ws/src/build/baxter_gazebo' returned '0': CMAKE_PREFIX_PATH=/home/rick/catkin_ws/src/install/baxter_sim_hardware:/home/rick/catkin_ws/src/install/baxter_sim_kinematics:/home/rick/catkin_ws/src/install/baxter_sim_io:/home/rick/catkin_ws/src/install/baxter_sim_controllers:/home/rick/catkin_ws/src/install/baxter_description:/home/rick/catkin_ws/src/install/rethink_ee_description:/home/rick/catkin_ws/src/install/baxter_core_msgs:${CMAKE_PREFIX_PATH} LD_LIBRARY_PATH=/home/rick/catkin_ws/src/install/baxter_sim_kinematics/lib:/home/rick/catkin_ws/src/install/baxter_sim_controllers/lib:${LD_LIBRARY_PATH} PKG_CONFIG_PATH=/home/rick/catkin_ws/src/install/baxter_sim_hardware/lib/x86_64-linux-gnu/pkgconfig:/home/rick/catkin_ws/src/install/baxter_sim_hardware/lib/pkgconfig:/home/rick/catkin_ws/src/install/baxter_sim_kinematics/lib/x86_64-linux-gnu/pkgconfig:/home/rick/catkin_ws/src/install/baxter_sim_kinematics/lib/pkgconfig:/home/rick/catkin_ws/src/install/baxter_sim_io/lib/x86_64-linux-gnu/pkgconfig:/home/rick/catkin_ws/src/install/baxter_sim_io/lib/pkgconfig:/home/rick/catkin_ws/src/install/baxter_sim_controllers/lib/x86_64-linux-gnu/pkgconfig:/home/rick/catkin_ws/src/install/baxter_sim_controllers/lib/pkgconfig:/home/rick/catkin_ws/src/install/baxter_description/lib/x86_64-linux-gnu/pkgconfig:/home/rick/catkin_ws/src/install/baxter_description/lib/pkgconfig:/home/rick/catkin_ws/src/install/rethink_ee_description/lib/x86_64-linux-gnu/pkgconfig:/home/rick/catkin_ws/src/install/rethink_ee_description/lib/pkgconfig:/home/rick/catkin_ws/src/install/baxter_core_msgs/lib/x86_64-linux-gnu/pkgconfig:/home/rick/catkin_ws/src/install/baxter_core_msgs/lib/pkgconfig:${PKG_CONFIG_PATH} PYTHONPATH=/home/rick/catkin_ws/src/install/baxter_core_msgs/lib/python2.7/dist-packages:${PYTHONPATH} ROS_PACKAGE_PATH=/home/rick/catkin_ws/src/install/baxter_sim_hardware/share:/home/rick/catkin_ws/src/install/baxter_sim_kinematics/share:/home/rick/catkin_ws/src/install/baxter_sim_io/share:/home/rick/catkin_ws/src/install/baxter_sim_controllers/share:/home/rick/catkin_ws/src/install/baxter_description/share:/home/rick/catkin_ws/src/install/rethink_ee_description/share:/home/rick/catkin_ws/src/install/baxter_core_msgs/share:${ROS_PACKAGE_PATH} /usr/bin/cmake --build /home/rick/catkin_ws/src/build/baxter_gazebo --target tests -- -j2 -l2
[1.710s] Invoking command in '/home/rick/catkin_ws/src/build/baxter_gazebo': CMAKE_PREFIX_PATH=/home/rick/catkin_ws/src/install/baxter_sim_hardware:/home/rick/catkin_ws/src/install/baxter_sim_kinematics:/home/rick/catkin_ws/src/install/baxter_sim_io:/home/rick/catkin_ws/src/install/baxter_sim_controllers:/home/rick/catkin_ws/src/install/baxter_description:/home/rick/catkin_ws/src/install/rethink_ee_description:/home/rick/catkin_ws/src/install/baxter_core_msgs:${CMAKE_PREFIX_PATH} LD_LIBRARY_PATH=/home/rick/catkin_ws/src/install/baxter_sim_kinematics/lib:/home/rick/catkin_ws/src/install/baxter_sim_controllers/lib:${LD_LIBRARY_PATH} PKG_CONFIG_PATH=/home/rick/catkin_ws/src/install/baxter_sim_hardware/lib/x86_64-linux-gnu/pkgconfig:/home/rick/catkin_ws/src/install/baxter_sim_hardware/lib/pkgconfig:/home/rick/catkin_ws/src/install/baxter_sim_kinematics/lib/x86_64-linux-gnu/pkgconfig:/home/rick/catkin_ws/src/install/baxter_sim_kinematics/lib/pkgconfig:/home/rick/catkin_ws/src/install/baxter_sim_io/lib/x86_64-linux-gnu/pkgconfig:/home/rick/catkin_ws/src/install/baxter_sim_io/lib/pkgconfig:/home/rick/catkin_ws/src/install/baxter_sim_controllers/lib/x86_64-linux-gnu/pkgconfig:/home/rick/catkin_ws/src/install/baxter_sim_controllers/lib/pkgconfig:/home/rick/catkin_ws/src/install/baxter_description/lib/x86_64-linux-gnu/pkgconfig:/home/rick/catkin_ws/src/install/baxter_description/lib/pkgconfig:/home/rick/catkin_ws/src/install/rethink_ee_description/lib/x86_64-linux-gnu/pkgconfig:/home/rick/catkin_ws/src/install/rethink_ee_description/lib/pkgconfig:/home/rick/catkin_ws/src/install/baxter_core_msgs/lib/x86_64-linux-gnu/pkgconfig:/home/rick/catkin_ws/src/install/baxter_core_msgs/lib/pkgconfig:${PKG_CONFIG_PATH} PYTHONPATH=/home/rick/catkin_ws/src/install/baxter_core_msgs/lib/python2.7/dist-packages:${PYTHONPATH} ROS_PACKAGE_PATH=/home/rick/catkin_ws/src/install/baxter_sim_hardware/share:/home/rick/catkin_ws/src/install/baxter_sim_kinematics/share:/home/rick/catkin_ws/src/install/baxter_sim_io/share:/home/rick/catkin_ws/src/install/baxter_sim_controllers/share:/home/rick/catkin_ws/src/install/baxter_description/share:/home/rick/catkin_ws/src/install/rethink_ee_description/share:/home/rick/catkin_ws/src/install/baxter_core_msgs/share:${ROS_PACKAGE_PATH} /usr/bin/cmake --build /home/rick/catkin_ws/src/build/baxter_gazebo --target install -- -j2 -l2
[1.789s] [  0%] Built target sensor_msgs_generate_messages_eus
[1.797s] [  0%] Built target baxter_core_msgs_generate_messages_py
[1.803s] [  0%] Built target actionlib_msgs_generate_messages_cpp
[1.822s] [  0%] Built target actionlib_generate_messages_lisp
[1.829s] [  0%] Built target actionlib_msgs_generate_messages_eus
[1.855s] [  0%] Built target control_toolbox_generate_messages_nodejs
[1.869s] [  0%] Built target control_toolbox_generate_messages_py
[1.874s] [  0%] Built target sensor_msgs_generate_messages_lisp
[1.887s] [  0%] Built target gazebo_msgs_generate_messages_lisp
[1.901s] [  0%] Built target sensor_msgs_generate_messages_cpp
[1.908s] [  0%] Built target roscpp_generate_messages_py
[1.923s] [  0%] Built target actionlib_generate_messages_cpp
[1.925s] [  0%] Built target tf_generate_messages_lisp
[1.954s] [  0%] Built target std_srvs_generate_messages_nodejs
[1.954s] [  0%] Built target rosgraph_msgs_generate_messages_py
[1.977s] [  0%] Built target baxter_core_msgs_generate_messages_eus
[1.979s] [  0%] Built target std_msgs_generate_messages_nodejs
[1.997s] [  0%] Built target tf_generate_messages_cpp
[2.000s] [  0%] Built target gazebo_msgs_generate_messages_cpp
[2.012s] [  0%] Built target gazebo_msgs_generate_messages_nodejs
[2.024s] [  0%] Built target gazebo_msgs_generate_messages_eus
[2.031s] [  0%] Built target geometry_msgs_generate_messages_nodejs
[2.040s] [  0%] Built target geometry_msgs_generate_messages_eus
[2.062s] [  0%] Built target roscpp_generate_messages_cpp
[2.074s] [  0%] Built target std_msgs_generate_messages_cpp
[2.091s] [  0%] Built target sensor_msgs_generate_messages_nodejs
[2.105s] [  0%] Built target trajectory_msgs_generate_messages_cpp
[2.120s] [  0%] Built target tf_generate_messages_nodejs
[2.143s] [  0%] Built target std_srvs_generate_messages_py
[2.152s] [  0%] Built target actionlib_generate_messages_eus
[2.171s] [  0%] Built target std_msgs_generate_messages_eus
[2.171s] [  0%] Built target roscpp_generate_messages_eus
[2.189s] [  0%] Built target std_srvs_generate_messages_lisp
[2.200s] [  0%] Built target std_msgs_generate_messages_lisp
[2.212s] [  0%] Built target rosgraph_msgs_generate_messages_cpp
[2.229s] [  0%] Built target geometry_msgs_generate_messages_py
[2.242s] [  0%] Built target geometry_msgs_generate_messages_lisp
[2.258s] [  0%] Built target control_toolbox_generate_messages_cpp
[2.274s] [  0%] Built target rosgraph_msgs_generate_messages_lisp
[2.280s] [  0%] Built target rosgraph_msgs_generate_messages_nodejs
[2.295s] [  0%] Built target std_srvs_generate_messages_cpp
[2.297s] [  0%] Built target tf_generate_messages_eus
[2.313s] [  0%] Built target sensor_msgs_generate_messages_py
[2.316s] [  0%] Built target roscpp_generate_messages_nodejs
[2.329s] [  0%] Built target rosgraph_msgs_generate_messages_eus
[2.342s] [  0%] Built target std_msgs_generate_messages_py
[2.361s] [  0%] Built target actionlib_msgs_generate_messages_lisp
[2.366s] [  0%] Built target roscpp_generate_messages_lisp
[2.379s] [  0%] Built target actionlib_msgs_generate_messages_nodejs
[2.389s] [  0%] Built target tf2_msgs_generate_messages_py
[2.404s] [  0%] Built target actionlib_msgs_generate_messages_py
[2.408s] [  0%] Built target tf2_msgs_generate_messages_cpp
[2.424s] [  0%] Built target controller_manager_msgs_generate_messages_py
[2.435s] [  0%] Built target tf_generate_messages_py
[2.452s] [  0%] Built target baxter_core_msgs_generate_messages_lisp
[2.458s] [  0%] Built target tf2_msgs_generate_messages_eus
[2.472s] [  0%] Built target tf2_msgs_generate_messages_lisp
[2.487s] [  0%] Built target tf2_msgs_generate_messages_nodejs
[2.498s] [  0%] Built target dynamic_reconfigure_generate_messages_cpp
[2.513s] [  0%] Built target dynamic_reconfigure_generate_messages_eus
[2.528s] [  0%] Built target control_toolbox_gencfg
[2.542s] [  0%] Built target actionlib_generate_messages_py
[2.564s] [  0%] Built target dynamic_reconfigure_generate_messages_py
[2.566s] [  0%] Built target controller_manager_msgs_generate_messages_nodejs
[2.588s] [  0%] Built target dynamic_reconfigure_gencfg
[2.591s] [  0%] Built target gazebo_msgs_generate_messages_py
[2.615s] [  0%] Built target trajectory_msgs_generate_messages_eus
[2.616s] [  0%] Built target trajectory_msgs_generate_messages_lisp
[2.637s] [  0%] Built target trajectory_msgs_generate_messages_py
[2.646s] [  0%] Built target trajectory_msgs_generate_messages_nodejs
[2.677s] [  0%] Built target controller_manager_msgs_generate_messages_cpp
[2.677s] [  0%] Built target std_srvs_generate_messages_eus
[2.705s] [  0%] Built target controller_manager_msgs_generate_messages_eus
[2.714s] [  0%] Built target gazebo_ros_gencfg
[2.730s] [  0%] Built target baxter_core_msgs_generate_messages_cpp
[2.738s] [  0%] Built target dynamic_reconfigure_generate_messages_lisp
[2.755s] [  0%] Built target control_toolbox_generate_messages_eus
[2.772s] [  0%] Built target control_msgs_generate_messages_cpp
[2.776s] [  0%] Built target control_toolbox_generate_messages_lisp
[2.792s] [  0%] Built target control_msgs_generate_messages_eus
[2.796s] [  0%] Built target dynamic_reconfigure_generate_messages_nodejs
[2.822s] [  0%] Built target control_msgs_generate_messages_nodejs
[2.823s] [  0%] Built target actionlib_generate_messages_nodejs
[2.849s] [  0%] Built target controller_manager_msgs_generate_messages_lisp
[2.868s] [  0%] Built target control_msgs_generate_messages_py
[2.879s] [  0%] Built target baxter_core_msgs_generate_messages_nodejs
[2.887s] [  0%] Built target geometry_msgs_generate_messages_cpp
[2.897s] [  0%] Built target control_msgs_generate_messages_lisp
[2.949s] [100%] Built target baxter_gazebo_ros_control
[2.967s] [36mInstall the project...[0m
[2.980s] -- Install configuration: ""
[2.981s] -- Execute custom install script
[2.982s] -- Up-to-date symlink: /home/rick/catkin_ws/src/install/baxter_gazebo/lib/pkgconfig/baxter_gazebo.pc
[2.983s] -- Up-to-date symlink: /home/rick/catkin_ws/src/install/baxter_gazebo/share/baxter_gazebo/cmake/baxter_gazeboConfig.cmake
[2.984s] -- Up-to-date symlink: /home/rick/catkin_ws/src/install/baxter_gazebo/share/baxter_gazebo/cmake/baxter_gazeboConfig-version.cmake
[2.985s] -- Up-to-date symlink: /home/rick/catkin_ws/src/install/baxter_gazebo/share/baxter_gazebo/package.xml
[2.986s] -- Up-to-date symlink: /home/rick/catkin_ws/src/install/baxter_gazebo/lib/libbaxter_gazebo_ros_control.so
[2.987s] -- Up-to-date symlink: /home/rick/catkin_ws/src/install/baxter_gazebo/share/baxter_gazebo/launch/baxter_world.launch
[2.988s] -- Up-to-date symlink: /home/rick/catkin_ws/src/install/baxter_gazebo/share/baxter_gazebo/worlds/baxter.world
[2.988s] -- Up-to-date symlink: /home/rick/catkin_ws/src/install/baxter_gazebo/share/baxter_gazebo/worlds/baxter_gas_station.world
[2.998s] Invoked command in '/home/rick/catkin_ws/src/build/baxter_gazebo' returned '0': CMAKE_PREFIX_PATH=/home/rick/catkin_ws/src/install/baxter_sim_hardware:/home/rick/catkin_ws/src/install/baxter_sim_kinematics:/home/rick/catkin_ws/src/install/baxter_sim_io:/home/rick/catkin_ws/src/install/baxter_sim_controllers:/home/rick/catkin_ws/src/install/baxter_description:/home/rick/catkin_ws/src/install/rethink_ee_description:/home/rick/catkin_ws/src/install/baxter_core_msgs:${CMAKE_PREFIX_PATH} LD_LIBRARY_PATH=/home/rick/catkin_ws/src/install/baxter_sim_kinematics/lib:/home/rick/catkin_ws/src/install/baxter_sim_controllers/lib:${LD_LIBRARY_PATH} PKG_CONFIG_PATH=/home/rick/catkin_ws/src/install/baxter_sim_hardware/lib/x86_64-linux-gnu/pkgconfig:/home/rick/catkin_ws/src/install/baxter_sim_hardware/lib/pkgconfig:/home/rick/catkin_ws/src/install/baxter_sim_kinematics/lib/x86_64-linux-gnu/pkgconfig:/home/rick/catkin_ws/src/install/baxter_sim_kinematics/lib/pkgconfig:/home/rick/catkin_ws/src/install/baxter_sim_io/lib/x86_64-linux-gnu/pkgconfig:/home/rick/catkin_ws/src/install/baxter_sim_io/lib/pkgconfig:/home/rick/catkin_ws/src/install/baxter_sim_controllers/lib/x86_64-linux-gnu/pkgconfig:/home/rick/catkin_ws/src/install/baxter_sim_controllers/lib/pkgconfig:/home/rick/catkin_ws/src/install/baxter_description/lib/x86_64-linux-gnu/pkgconfig:/home/rick/catkin_ws/src/install/baxter_description/lib/pkgconfig:/home/rick/catkin_ws/src/install/rethink_ee_description/lib/x86_64-linux-gnu/pkgconfig:/home/rick/catkin_ws/src/install/rethink_ee_description/lib/pkgconfig:/home/rick/catkin_ws/src/install/baxter_core_msgs/lib/x86_64-linux-gnu/pkgconfig:/home/rick/catkin_ws/src/install/baxter_core_msgs/lib/pkgconfig:${PKG_CONFIG_PATH} PYTHONPATH=/home/rick/catkin_ws/src/install/baxter_core_msgs/lib/python2.7/dist-packages:${PYTHONPATH} ROS_PACKAGE_PATH=/home/rick/catkin_ws/src/install/baxter_sim_hardware/share:/home/rick/catkin_ws/src/install/baxter_sim_kinematics/share:/home/rick/catkin_ws/src/install/baxter_sim_io/share:/home/rick/catkin_ws/src/install/baxter_sim_controllers/share:/home/rick/catkin_ws/src/install/baxter_description/share:/home/rick/catkin_ws/src/install/rethink_ee_description/share:/home/rick/catkin_ws/src/install/baxter_core_msgs/share:${ROS_PACKAGE_PATH} /usr/bin/cmake --build /home/rick/catkin_ws/src/build/baxter_gazebo --target install -- -j2 -l2
