[  7%] [34m[1mAutomatic moc for target baxter_sim_io[0m
[  7%] Built target baxter_sim_io_automoc
[100%] Built target baxter_sim_io
Built target tests
[  7%] [34m[1mAutomatic moc for target baxter_sim_io[0m
[  7%] Built target baxter_sim_io_automoc
[100%] Built target baxter_sim_io
[36mInstall the project...[0m
-- Install configuration: ""
-- Execute custom install script
-- Up-to-date symlink: /home/rick/catkin_ws/src/install/baxter_sim_io/lib/pkgconfig/baxter_sim_io.pc
-- Up-to-date symlink: /home/rick/catkin_ws/src/install/baxter_sim_io/share/baxter_sim_io/cmake/baxter_sim_ioConfig.cmake
-- Up-to-date symlink: /home/rick/catkin_ws/src/install/baxter_sim_io/share/baxter_sim_io/cmake/baxter_sim_ioConfig-version.cmake
-- Up-to-date symlink: /home/rick/catkin_ws/src/install/baxter_sim_io/share/baxter_sim_io/package.xml
-- Up-to-date symlink: /home/rick/catkin_ws/src/install/baxter_sim_io/lib/baxter_sim_io/baxter_sim_io
-- Up-to-date symlink: /home/rick/catkin_ws/src/install/baxter_sim_io/share/baxter_sim_io/include/baxter_sim_io/baxter_io.hpp
-- Up-to-date symlink: /home/rick/catkin_ws/src/install/baxter_sim_io/share/baxter_sim_io/include/baxter_sim_io/qnode.hpp
-- Up-to-date symlink: /home/rick/catkin_ws/src/install/baxter_sim_io/share/baxter_sim_io/resources/arm.png
-- Up-to-date symlink: /home/rick/catkin_ws/src/install/baxter_sim_io/share/baxter_sim_io/resources/cuff.png
-- Up-to-date symlink: /home/rick/catkin_ws/src/install/baxter_sim_io/share/baxter_sim_io/resources/cuff_grasp_p.png
-- Up-to-date symlink: /home/rick/catkin_ws/src/install/baxter_sim_io/share/baxter_sim_io/resources/cuff_grasp_r.png
-- Up-to-date symlink: /home/rick/catkin_ws/src/install/baxter_sim_io/share/baxter_sim_io/resources/cuff_ok_p.png
-- Up-to-date symlink: /home/rick/catkin_ws/src/install/baxter_sim_io/share/baxter_sim_io/resources/cuff_ok_r.png
-- Up-to-date symlink: /home/rick/catkin_ws/src/install/baxter_sim_io/share/baxter_sim_io/resources/cuff_squeeze_p.png
-- Up-to-date symlink: /home/rick/catkin_ws/src/install/baxter_sim_io/share/baxter_sim_io/resources/cuff_squeeze_r.png
-- Up-to-date symlink: /home/rick/catkin_ws/src/install/baxter_sim_io/share/baxter_sim_io/resources/left.png
-- Up-to-date symlink: /home/rick/catkin_ws/src/install/baxter_sim_io/share/baxter_sim_io/resources/logo.png
-- Up-to-date symlink: /home/rick/catkin_ws/src/install/baxter_sim_io/share/baxter_sim_io/resources/nav.png
-- Up-to-date symlink: /home/rick/catkin_ws/src/install/baxter_sim_io/share/baxter_sim_io/resources/nav_cancel_p.png
-- Up-to-date symlink: /home/rick/catkin_ws/src/install/baxter_sim_io/share/baxter_sim_io/resources/nav_cancel_r.png
-- Up-to-date symlink: /home/rick/catkin_ws/src/install/baxter_sim_io/share/baxter_sim_io/resources/nav_ok_p.png
-- Up-to-date symlink: /home/rick/catkin_ws/src/install/baxter_sim_io/share/baxter_sim_io/resources/nav_ok_r.png
-- Up-to-date symlink: /home/rick/catkin_ws/src/install/baxter_sim_io/share/baxter_sim_io/resources/nav_show_p.png
-- Up-to-date symlink: /home/rick/catkin_ws/src/install/baxter_sim_io/share/baxter_sim_io/resources/nav_show_r.png
-- Up-to-date symlink: /home/rick/catkin_ws/src/install/baxter_sim_io/share/baxter_sim_io/resources/right.png
-- Up-to-date symlink: /home/rick/catkin_ws/src/install/baxter_sim_io/share/baxter_sim_io/resources/robot_arm.png
-- Up-to-date symlink: /home/rick/catkin_ws/src/install/baxter_sim_io/share/baxter_sim_io/resources/sim_io.qrc
-- Up-to-date symlink: /home/rick/catkin_ws/src/install/baxter_sim_io/share/baxter_sim_io/resources/torso.png
-- Up-to-date symlink: /home/rick/catkin_ws/src/install/baxter_sim_io/share/baxter_sim_io/ui/baxter_io.ui
