[0.048s] Invoking command in '/home/rick/catkin_ws/src/build/baxter_sim_io': CMAKE_PREFIX_PATH=/home/rick/catkin_ws/src/install/baxter_core_msgs:${CMAKE_PREFIX_PATH} PKG_CONFIG_PATH=/home/rick/catkin_ws/src/install/baxter_core_msgs/lib/x86_64-linux-gnu/pkgconfig:/home/rick/catkin_ws/src/install/baxter_core_msgs/lib/pkgconfig:${PKG_CONFIG_PATH} PYTHONPATH=/home/rick/catkin_ws/src/install/baxter_core_msgs/lib/python2.7/dist-packages:${PYTHONPATH} ROS_PACKAGE_PATH=/home/rick/catkin_ws/src/install/baxter_core_msgs/share:${ROS_PACKAGE_PATH} /usr/bin/cmake --build /home/rick/catkin_ws/src/build/baxter_sim_io -- -j2 -l2
[0.146s] [  7%] [34m[1mAutomatic moc for target baxter_sim_io[0m
[0.176s] [  7%] Built target baxter_sim_io_automoc
[0.266s] [100%] Built target baxter_sim_io
[0.280s] Invoked command in '/home/rick/catkin_ws/src/build/baxter_sim_io' returned '0': CMAKE_PREFIX_PATH=/home/rick/catkin_ws/src/install/baxter_core_msgs:${CMAKE_PREFIX_PATH} PKG_CONFIG_PATH=/home/rick/catkin_ws/src/install/baxter_core_msgs/lib/x86_64-linux-gnu/pkgconfig:/home/rick/catkin_ws/src/install/baxter_core_msgs/lib/pkgconfig:${PKG_CONFIG_PATH} PYTHONPATH=/home/rick/catkin_ws/src/install/baxter_core_msgs/lib/python2.7/dist-packages:${PYTHONPATH} ROS_PACKAGE_PATH=/home/rick/catkin_ws/src/install/baxter_core_msgs/share:${ROS_PACKAGE_PATH} /usr/bin/cmake --build /home/rick/catkin_ws/src/build/baxter_sim_io -- -j2 -l2
[0.401s] Invoking command in '/home/rick/catkin_ws/src/build/baxter_sim_io': CMAKE_PREFIX_PATH=/home/rick/catkin_ws/src/install/baxter_core_msgs:${CMAKE_PREFIX_PATH} PKG_CONFIG_PATH=/home/rick/catkin_ws/src/install/baxter_core_msgs/lib/x86_64-linux-gnu/pkgconfig:/home/rick/catkin_ws/src/install/baxter_core_msgs/lib/pkgconfig:${PKG_CONFIG_PATH} PYTHONPATH=/home/rick/catkin_ws/src/install/baxter_core_msgs/lib/python2.7/dist-packages:${PYTHONPATH} ROS_PACKAGE_PATH=/home/rick/catkin_ws/src/install/baxter_core_msgs/share:${ROS_PACKAGE_PATH} /usr/bin/cmake --build /home/rick/catkin_ws/src/build/baxter_sim_io --target tests -- -j2 -l2
[0.502s] Built target tests
[0.533s] Invoked command in '/home/rick/catkin_ws/src/build/baxter_sim_io' returned '0': CMAKE_PREFIX_PATH=/home/rick/catkin_ws/src/install/baxter_core_msgs:${CMAKE_PREFIX_PATH} PKG_CONFIG_PATH=/home/rick/catkin_ws/src/install/baxter_core_msgs/lib/x86_64-linux-gnu/pkgconfig:/home/rick/catkin_ws/src/install/baxter_core_msgs/lib/pkgconfig:${PKG_CONFIG_PATH} PYTHONPATH=/home/rick/catkin_ws/src/install/baxter_core_msgs/lib/python2.7/dist-packages:${PYTHONPATH} ROS_PACKAGE_PATH=/home/rick/catkin_ws/src/install/baxter_core_msgs/share:${ROS_PACKAGE_PATH} /usr/bin/cmake --build /home/rick/catkin_ws/src/build/baxter_sim_io --target tests -- -j2 -l2
[0.750s] Invoking command in '/home/rick/catkin_ws/src/build/baxter_sim_io': CMAKE_PREFIX_PATH=/home/rick/catkin_ws/src/install/baxter_core_msgs:${CMAKE_PREFIX_PATH} PKG_CONFIG_PATH=/home/rick/catkin_ws/src/install/baxter_core_msgs/lib/x86_64-linux-gnu/pkgconfig:/home/rick/catkin_ws/src/install/baxter_core_msgs/lib/pkgconfig:${PKG_CONFIG_PATH} PYTHONPATH=/home/rick/catkin_ws/src/install/baxter_core_msgs/lib/python2.7/dist-packages:${PYTHONPATH} ROS_PACKAGE_PATH=/home/rick/catkin_ws/src/install/baxter_core_msgs/share:${ROS_PACKAGE_PATH} /usr/bin/cmake --build /home/rick/catkin_ws/src/build/baxter_sim_io --target install -- -j2 -l2
[0.862s] [  7%] [34m[1mAutomatic moc for target baxter_sim_io[0m
[0.894s] [  7%] Built target baxter_sim_io_automoc
[0.963s] [100%] Built target baxter_sim_io
[0.989s] [36mInstall the project...[0m
[1.011s] -- Install configuration: ""
[1.012s] -- Execute custom install script
[1.013s] -- Up-to-date symlink: /home/rick/catkin_ws/src/install/baxter_sim_io/lib/pkgconfig/baxter_sim_io.pc
[1.013s] -- Up-to-date symlink: /home/rick/catkin_ws/src/install/baxter_sim_io/share/baxter_sim_io/cmake/baxter_sim_ioConfig.cmake
[1.014s] -- Up-to-date symlink: /home/rick/catkin_ws/src/install/baxter_sim_io/share/baxter_sim_io/cmake/baxter_sim_ioConfig-version.cmake
[1.014s] -- Up-to-date symlink: /home/rick/catkin_ws/src/install/baxter_sim_io/share/baxter_sim_io/package.xml
[1.015s] -- Up-to-date symlink: /home/rick/catkin_ws/src/install/baxter_sim_io/lib/baxter_sim_io/baxter_sim_io
[1.017s] -- Up-to-date symlink: /home/rick/catkin_ws/src/install/baxter_sim_io/share/baxter_sim_io/include/baxter_sim_io/baxter_io.hpp
[1.017s] -- Up-to-date symlink: /home/rick/catkin_ws/src/install/baxter_sim_io/share/baxter_sim_io/include/baxter_sim_io/qnode.hpp
[1.029s] -- Up-to-date symlink: /home/rick/catkin_ws/src/install/baxter_sim_io/share/baxter_sim_io/resources/arm.png
[1.030s] -- Up-to-date symlink: /home/rick/catkin_ws/src/install/baxter_sim_io/share/baxter_sim_io/resources/cuff.png
[1.030s] -- Up-to-date symlink: /home/rick/catkin_ws/src/install/baxter_sim_io/share/baxter_sim_io/resources/cuff_grasp_p.png
[1.030s] -- Up-to-date symlink: /home/rick/catkin_ws/src/install/baxter_sim_io/share/baxter_sim_io/resources/cuff_grasp_r.png
[1.031s] -- Up-to-date symlink: /home/rick/catkin_ws/src/install/baxter_sim_io/share/baxter_sim_io/resources/cuff_ok_p.png
[1.031s] -- Up-to-date symlink: /home/rick/catkin_ws/src/install/baxter_sim_io/share/baxter_sim_io/resources/cuff_ok_r.png
[1.032s] -- Up-to-date symlink: /home/rick/catkin_ws/src/install/baxter_sim_io/share/baxter_sim_io/resources/cuff_squeeze_p.png
[1.037s] -- Up-to-date symlink: /home/rick/catkin_ws/src/install/baxter_sim_io/share/baxter_sim_io/resources/cuff_squeeze_r.png
[1.038s] -- Up-to-date symlink: /home/rick/catkin_ws/src/install/baxter_sim_io/share/baxter_sim_io/resources/left.png
[1.038s] -- Up-to-date symlink: /home/rick/catkin_ws/src/install/baxter_sim_io/share/baxter_sim_io/resources/logo.png
[1.039s] -- Up-to-date symlink: /home/rick/catkin_ws/src/install/baxter_sim_io/share/baxter_sim_io/resources/nav.png
[1.039s] -- Up-to-date symlink: /home/rick/catkin_ws/src/install/baxter_sim_io/share/baxter_sim_io/resources/nav_cancel_p.png
[1.040s] -- Up-to-date symlink: /home/rick/catkin_ws/src/install/baxter_sim_io/share/baxter_sim_io/resources/nav_cancel_r.png
[1.040s] -- Up-to-date symlink: /home/rick/catkin_ws/src/install/baxter_sim_io/share/baxter_sim_io/resources/nav_ok_p.png
[1.040s] -- Up-to-date symlink: /home/rick/catkin_ws/src/install/baxter_sim_io/share/baxter_sim_io/resources/nav_ok_r.png
[1.041s] -- Up-to-date symlink: /home/rick/catkin_ws/src/install/baxter_sim_io/share/baxter_sim_io/resources/nav_show_p.png
[1.041s] -- Up-to-date symlink: /home/rick/catkin_ws/src/install/baxter_sim_io/share/baxter_sim_io/resources/nav_show_r.png
[1.042s] -- Up-to-date symlink: /home/rick/catkin_ws/src/install/baxter_sim_io/share/baxter_sim_io/resources/right.png
[1.042s] -- Up-to-date symlink: /home/rick/catkin_ws/src/install/baxter_sim_io/share/baxter_sim_io/resources/robot_arm.png
[1.042s] -- Up-to-date symlink: /home/rick/catkin_ws/src/install/baxter_sim_io/share/baxter_sim_io/resources/sim_io.qrc
[1.043s] -- Up-to-date symlink: /home/rick/catkin_ws/src/install/baxter_sim_io/share/baxter_sim_io/resources/torso.png
[1.043s] -- Up-to-date symlink: /home/rick/catkin_ws/src/install/baxter_sim_io/share/baxter_sim_io/ui/baxter_io.ui
[1.048s] Invoked command in '/home/rick/catkin_ws/src/build/baxter_sim_io' returned '0': CMAKE_PREFIX_PATH=/home/rick/catkin_ws/src/install/baxter_core_msgs:${CMAKE_PREFIX_PATH} PKG_CONFIG_PATH=/home/rick/catkin_ws/src/install/baxter_core_msgs/lib/x86_64-linux-gnu/pkgconfig:/home/rick/catkin_ws/src/install/baxter_core_msgs/lib/pkgconfig:${PKG_CONFIG_PATH} PYTHONPATH=/home/rick/catkin_ws/src/install/baxter_core_msgs/lib/python2.7/dist-packages:${PYTHONPATH} ROS_PACKAGE_PATH=/home/rick/catkin_ws/src/install/baxter_core_msgs/share:${ROS_PACKAGE_PATH} /usr/bin/cmake --build /home/rick/catkin_ws/src/build/baxter_sim_io --target install -- -j2 -l2
