-- The C compiler identification is GNU 5.4.0
-- The CXX compiler identification is GNU 5.4.0
-- Check for working C compiler: /usr/bin/cc
-- Check for working C compiler: /usr/bin/cc -- works
-- Detecting C compiler ABI info
-- Detecting C compiler ABI info - done
-- Detecting C compile features
-- Detecting C compile features - done
-- Check for working CXX compiler: /usr/bin/c++
-- Check for working CXX compiler: /usr/bin/c++ -- works
-- Detecting CXX compiler ABI info
-- Detecting CXX compiler ABI info - done
-- Detecting CXX compile features
-- Detecting CXX compile features - done
-- Using CATKIN_DEVEL_PREFIX: /home/rick/catkin_ws/src/build/baxter_simulator/devel
-- Using CMAKE_PREFIX_PATH: /home/rick/catkin_ws/src/install/baxter_sim_examples;/home/rick/catkin_ws/src/install/baxter_gazebo;/home/rick/catkin_ws/src/install/baxter_tools;/home/rick/catkin_ws/src/install/baxter_sim_hardware;/home/rick/catkin_ws/src/install/baxter_sim_kinematics;/home/rick/catkin_ws/src/install/baxter_sim_io;/home/rick/catkin_ws/src/install/baxter_sim_controllers;/home/rick/catkin_ws/src/install/baxter_interface;/home/rick/catkin_ws/src/install/baxter_description;/home/rick/catkin_ws/src/install/rethink_ee_description;/home/rick/catkin_ws/src/install/baxter_maintenance_msgs;/home/rick/catkin_ws/src/install/baxter_core_msgs;/opt/ros/kinetic
-- This workspace overlays: /home/rick/catkin_ws/src/install/baxter_sim_examples;/home/rick/catkin_ws/src/install/baxter_gazebo;/home/rick/catkin_ws/src/install/baxter_tools;/home/rick/catkin_ws/src/install/baxter_sim_hardware;/home/rick/catkin_ws/src/install/baxter_sim_kinematics;/home/rick/catkin_ws/src/install/baxter_sim_io;/home/rick/catkin_ws/src/install/baxter_sim_controllers;/home/rick/catkin_ws/src/install/baxter_interface;/home/rick/catkin_ws/src/install/baxter_description;/home/rick/catkin_ws/src/install/rethink_ee_description;/home/rick/catkin_ws/src/install/baxter_maintenance_msgs;/home/rick/catkin_ws/src/install/baxter_core_msgs;/opt/ros/kinetic
-- Override CMake install command with custom implementation using symlinks instead of copying resources
-- Found PythonInterp: /usr/bin/python2 (found suitable version "2.7.12", minimum required is "2") 
-- Using PYTHON_EXECUTABLE: /usr/bin/python2
-- Using Debian Python package layout
-- Using empy: /usr/bin/empy
-- Using CATKIN_ENABLE_TESTING: ON
-- Call enable_testing()
-- Using CATKIN_TEST_RESULTS_DIR: /home/rick/catkin_ws/src/build/baxter_simulator/test_results
-- Found gtest sources under '/usr/src/gmock': gtests will be built
-- Found gmock sources under '/usr/src/gmock': gmock will be built
-- Found PythonInterp: /usr/bin/python2 (found version "2.7.12") 
-- Looking for pthread.h
-- Looking for pthread.h - found
-- Looking for pthread_create
-- Looking for pthread_create - not found
-- Looking for pthread_create in pthreads
-- Looking for pthread_create in pthreads - not found
-- Looking for pthread_create in pthread
-- Looking for pthread_create in pthread - found
-- Found Threads: TRUE  
-- Using Python nosetests: /usr/bin/nosetests-2.7
-- catkin 0.7.20
-- BUILD_SHARED_LIBS is on
-- Configuring done
-- Generating done
-- Build files have been written to: /home/rick/catkin_ws/src/build/baxter_simulator
[35m[1mScanning dependencies of target tests[0m
Built target tests
[36mInstall the project...[0m
-- Install configuration: ""
-- Execute custom install script
-- Symlinking: /home/rick/catkin_ws/src/install/baxter_simulator/share/baxter_simulator/package.xml
