-- The C compiler identification is GNU 5.4.0
-- The CXX compiler identification is GNU 5.4.0
-- Check for working C compiler: /usr/bin/cc
-- Check for working C compiler: /usr/bin/cc -- works
-- Detecting C compiler ABI info
-- Detecting C compiler ABI info - done
-- Detecting C compile features
-- Detecting C compile features - done
-- Check for working CXX compiler: /usr/bin/c++
-- Check for working CXX compiler: /usr/bin/c++ -- works
-- Detecting CXX compiler ABI info
-- Detecting CXX compiler ABI info - done
-- Detecting CXX compile features
-- Detecting CXX compile features - done
-- Using CATKIN_DEVEL_PREFIX: /home/rick/catkin_ws/src/build/baxter_sim_controllers/devel
-- Using CMAKE_PREFIX_PATH: /home/rick/catkin_ws/src/install/baxter_core_msgs;/opt/ros/kinetic
-- This workspace overlays: /home/rick/catkin_ws/src/install/baxter_core_msgs;/opt/ros/kinetic
-- Override CMake install command with custom implementation using symlinks instead of copying resources
-- Found PythonInterp: /usr/bin/python2 (found suitable version "2.7.12", minimum required is "2") 
-- Using PYTHON_EXECUTABLE: /usr/bin/python2
-- Using Debian Python package layout
-- Using empy: /usr/bin/empy
-- Using CATKIN_ENABLE_TESTING: ON
-- Call enable_testing()
-- Using CATKIN_TEST_RESULTS_DIR: /home/rick/catkin_ws/src/build/baxter_sim_controllers/test_results
-- Found gtest sources under '/usr/src/gmock': gtests will be built
-- Found gmock sources under '/usr/src/gmock': gmock will be built
-- Found PythonInterp: /usr/bin/python2 (found version "2.7.12") 
-- Looking for pthread.h
-- Looking for pthread.h - found
-- Looking for pthread_create
-- Looking for pthread_create - not found
-- Looking for pthread_create in pthreads
-- Looking for pthread_create in pthreads - not found
-- Looking for pthread_create in pthread
-- Looking for pthread_create in pthread - found
-- Found Threads: TRUE  
-- Using Python nosetests: /usr/bin/nosetests-2.7
-- catkin 0.7.20
-- BUILD_SHARED_LIBS is on
-- Using these message generators: gencpp;geneus;genlisp;gennodejs;genpy
-- Boost version: 1.58.0
-- Found the following Boost libraries:
--   system
-- Found PkgConfig: /usr/bin/pkg-config (found version "0.29.1") 
-- Checking for module 'yaml-cpp>=0.5'
--   Found yaml-cpp, version 0.5.2
-- Configuring done
-- Generating done
-- Build files have been written to: /home/rick/catkin_ws/src/build/baxter_sim_controllers
[35m[1mScanning dependencies of target trajectory_msgs_generate_messages_lisp[0m
[35m[1mScanning dependencies of target sensor_msgs_generate_messages_py[0m
[  0%] Built target sensor_msgs_generate_messages_py
[  0%] Built target trajectory_msgs_generate_messages_lisp
[35m[1mScanning dependencies of target sensor_msgs_generate_messages_cpp[0m
[35m[1mScanning dependencies of target sensor_msgs_generate_messages_nodejs[0m
[  0%] Built target sensor_msgs_generate_messages_cpp
[  0%] Built target sensor_msgs_generate_messages_nodejs
[35m[1mScanning dependencies of target baxter_core_msgs_generate_messages_nodejs[0m
[35m[1mScanning dependencies of target baxter_core_msgs_generate_messages_py[0m
[  0%] Built target baxter_core_msgs_generate_messages_nodejs
[  0%] Built target baxter_core_msgs_generate_messages_py
[35m[1mScanning dependencies of target baxter_core_msgs_generate_messages_lisp[0m
[  0%] Built target baxter_core_msgs_generate_messages_lisp
[35m[1mScanning dependencies of target baxter_core_msgs_generate_messages_cpp[0m
[35m[1mScanning dependencies of target dynamic_reconfigure_gencfg[0m
[  0%] Built target baxter_core_msgs_generate_messages_cpp
[  0%] Built target dynamic_reconfigure_gencfg
[35m[1mScanning dependencies of target dynamic_reconfigure_generate_messages_py[0m
[  0%] Built target dynamic_reconfigure_generate_messages_py
[35m[1mScanning dependencies of target dynamic_reconfigure_generate_messages_lisp[0m
[35m[1mScanning dependencies of target dynamic_reconfigure_generate_messages_eus[0m
[  0%] Built target dynamic_reconfigure_generate_messages_eus
[  0%] Built target dynamic_reconfigure_generate_messages_lisp
[35m[1mScanning dependencies of target dynamic_reconfigure_generate_messages_cpp[0m
[35m[1mScanning dependencies of target std_msgs_generate_messages_eus[0m
[  0%] Built target dynamic_reconfigure_generate_messages_cpp
[  0%] Built target std_msgs_generate_messages_eus
[35m[1mScanning dependencies of target roscpp_generate_messages_lisp[0m
[35m[1mScanning dependencies of target std_msgs_generate_messages_py[0m
[  0%] Built target std_msgs_generate_messages_py
[  0%] Built target roscpp_generate_messages_lisp
[35m[1mScanning dependencies of target rosgraph_msgs_generate_messages_py[0m
[35m[1mScanning dependencies of target rosgraph_msgs_generate_messages_lisp[0m
[  0%] Built target rosgraph_msgs_generate_messages_py
[35m[1mScanning dependencies of target roscpp_generate_messages_nodejs[0m
[  0%] Built target rosgraph_msgs_generate_messages_lisp
[35m[1mScanning dependencies of target rosgraph_msgs_generate_messages_nodejs[0m
[  0%] Built target roscpp_generate_messages_nodejs
[  0%] Built target rosgraph_msgs_generate_messages_nodejs
[35m[1mScanning dependencies of target sensor_msgs_generate_messages_eus[0m
[35m[1mScanning dependencies of target actionlib_msgs_generate_messages_cpp[0m
[  0%] Built target actionlib_msgs_generate_messages_cpp
[  0%] Built target sensor_msgs_generate_messages_eus
[35m[1mScanning dependencies of target std_msgs_generate_messages_cpp[0m
[  0%] Built target std_msgs_generate_messages_cpp
[35m[1mScanning dependencies of target baxter_core_msgs_generate_messages_eus[0m
[35m[1mScanning dependencies of target trajectory_msgs_generate_messages_py[0m
[  0%] Built target trajectory_msgs_generate_messages_py
[35m[1mScanning dependencies of target rosgraph_msgs_generate_messages_cpp[0m
[  0%] Built target rosgraph_msgs_generate_messages_cpp
[  0%] Built target baxter_core_msgs_generate_messages_eus
[35m[1mScanning dependencies of target control_toolbox_generate_messages_cpp[0m
[  0%] Built target control_toolbox_generate_messages_cpp
[35m[1mScanning dependencies of target trajectory_msgs_generate_messages_nodejs[0m
[35m[1mScanning dependencies of target std_msgs_generate_messages_lisp[0m
[  0%] Built target std_msgs_generate_messages_lisp
[  0%] Built target trajectory_msgs_generate_messages_nodejs
[35m[1mScanning dependencies of target geometry_msgs_generate_messages_lisp[0m
[  0%] Built target geometry_msgs_generate_messages_lisp
[35m[1mScanning dependencies of target sensor_msgs_generate_messages_lisp[0m
[35m[1mScanning dependencies of target dynamic_reconfigure_generate_messages_nodejs[0m
[  0%] Built target dynamic_reconfigure_generate_messages_nodejs
[  0%] Built target sensor_msgs_generate_messages_lisp
[35m[1mScanning dependencies of target control_toolbox_gencfg[0m
[  0%] Built target control_toolbox_gencfg
[35m[1mScanning dependencies of target roscpp_generate_messages_eus[0m
[35m[1mScanning dependencies of target roscpp_generate_messages_cpp[0m
[  0%] Built target roscpp_generate_messages_eus
[  0%] Built target roscpp_generate_messages_cpp
[35m[1mScanning dependencies of target actionlib_msgs_generate_messages_py[0m
[35m[1mScanning dependencies of target geometry_msgs_generate_messages_eus[0m
[  0%] Built target actionlib_msgs_generate_messages_py
[  0%] Built target geometry_msgs_generate_messages_eus
[35m[1mScanning dependencies of target trajectory_msgs_generate_messages_eus[0m
[35m[1mScanning dependencies of target control_msgs_generate_messages_eus[0m
[  0%] Built target trajectory_msgs_generate_messages_eus
[  0%] Built target control_msgs_generate_messages_eus
[35m[1mScanning dependencies of target geometry_msgs_generate_messages_nodejs[0m
[35m[1mScanning dependencies of target rosgraph_msgs_generate_messages_eus[0m
[  0%] Built target geometry_msgs_generate_messages_nodejs
[  0%] Built target rosgraph_msgs_generate_messages_eus
[35m[1mScanning dependencies of target roscpp_generate_messages_py[0m
[35m[1mScanning dependencies of target control_toolbox_generate_messages_eus[0m
[  0%] Built target control_toolbox_generate_messages_eus
[  0%] Built target roscpp_generate_messages_py
[35m[1mScanning dependencies of target control_toolbox_generate_messages_lisp[0m
[35m[1mScanning dependencies of target actionlib_msgs_generate_messages_eus[0m
[  0%] Built target control_toolbox_generate_messages_lisp
[  0%] Built target actionlib_msgs_generate_messages_eus
[35m[1mScanning dependencies of target control_toolbox_generate_messages_py[0m
[35m[1mScanning dependencies of target control_toolbox_generate_messages_nodejs[0m
[  0%] Built target control_toolbox_generate_messages_py
[  0%] Built target control_toolbox_generate_messages_nodejs
[35m[1mScanning dependencies of target control_msgs_generate_messages_cpp[0m
[35m[1mScanning dependencies of target control_msgs_generate_messages_nodejs[0m
[  0%] Built target control_msgs_generate_messages_cpp
[35m[1mScanning dependencies of target control_msgs_generate_messages_py[0m
[  0%] Built target control_msgs_generate_messages_nodejs
[  0%] Built target control_msgs_generate_messages_py
[35m[1mScanning dependencies of target actionlib_msgs_generate_messages_lisp[0m
[35m[1mScanning dependencies of target actionlib_msgs_generate_messages_nodejs[0m
[  0%] Built target actionlib_msgs_generate_messages_lisp
[  0%] Built target actionlib_msgs_generate_messages_nodejs
[35m[1mScanning dependencies of target std_msgs_generate_messages_nodejs[0m
[35m[1mScanning dependencies of target geometry_msgs_generate_messages_py[0m
[  0%] Built target geometry_msgs_generate_messages_py
[  0%] Built target std_msgs_generate_messages_nodejs
[35m[1mScanning dependencies of target geometry_msgs_generate_messages_cpp[0m
[35m[1mScanning dependencies of target trajectory_msgs_generate_messages_cpp[0m
[  0%] Built target geometry_msgs_generate_messages_cpp
[  0%] Built target trajectory_msgs_generate_messages_cpp
[35m[1mScanning dependencies of target control_msgs_generate_messages_lisp[0m
[  0%] Built target control_msgs_generate_messages_lisp
[35m[1mScanning dependencies of target baxter_sim_controllers[0m
[ 16%] [32mBuilding CXX object CMakeFiles/baxter_sim_controllers.dir/src/baxter_position_controller.cpp.o[0m
[ 33%] [32mBuilding CXX object CMakeFiles/baxter_sim_controllers.dir/src/baxter_velocity_controller.cpp.o[0m
[ 50%] [32mBuilding CXX object CMakeFiles/baxter_sim_controllers.dir/src/baxter_effort_controller.cpp.o[0m
[ 66%] [32mBuilding CXX object CMakeFiles/baxter_sim_controllers.dir/src/baxter_head_controller.cpp.o[0m
[ 83%] [32mBuilding CXX object CMakeFiles/baxter_sim_controllers.dir/src/baxter_gripper_controller.cpp.o[0m
[100%] [32m[1mLinking CXX shared library devel/lib/libbaxter_sim_controllers.so[0m
[100%] Built target baxter_sim_controllers
[35m[1mScanning dependencies of target tests[0m
Built target tests
[  0%] Built target trajectory_msgs_generate_messages_lisp
[  0%] Built target sensor_msgs_generate_messages_py
[  0%] Built target sensor_msgs_generate_messages_nodejs
[  0%] Built target sensor_msgs_generate_messages_cpp
[  0%] Built target baxter_core_msgs_generate_messages_py
[  0%] Built target baxter_core_msgs_generate_messages_nodejs
[  0%] Built target baxter_core_msgs_generate_messages_lisp
[  0%] Built target baxter_core_msgs_generate_messages_cpp
[  0%] Built target dynamic_reconfigure_gencfg
[  0%] Built target dynamic_reconfigure_generate_messages_py
[  0%] Built target dynamic_reconfigure_generate_messages_lisp
[  0%] Built target dynamic_reconfigure_generate_messages_eus
[  0%] Built target dynamic_reconfigure_generate_messages_cpp
[  0%] Built target std_msgs_generate_messages_eus
[  0%] Built target roscpp_generate_messages_lisp
[  0%] Built target std_msgs_generate_messages_py
[  0%] Built target rosgraph_msgs_generate_messages_py
[  0%] Built target rosgraph_msgs_generate_messages_lisp
[  0%] Built target roscpp_generate_messages_nodejs
[  0%] Built target rosgraph_msgs_generate_messages_nodejs
[  0%] Built target sensor_msgs_generate_messages_eus
[  0%] Built target actionlib_msgs_generate_messages_cpp
[  0%] Built target std_msgs_generate_messages_cpp
[  0%] Built target baxter_core_msgs_generate_messages_eus
[  0%] Built target trajectory_msgs_generate_messages_py
[  0%] Built target rosgraph_msgs_generate_messages_cpp
[  0%] Built target control_toolbox_generate_messages_cpp
[  0%] Built target trajectory_msgs_generate_messages_nodejs
[  0%] Built target std_msgs_generate_messages_lisp
[  0%] Built target geometry_msgs_generate_messages_lisp
[  0%] Built target sensor_msgs_generate_messages_lisp
[  0%] Built target dynamic_reconfigure_generate_messages_nodejs
[  0%] Built target control_toolbox_gencfg
[  0%] Built target roscpp_generate_messages_eus
[  0%] Built target roscpp_generate_messages_cpp
[  0%] Built target actionlib_msgs_generate_messages_py
[  0%] Built target geometry_msgs_generate_messages_eus
[  0%] Built target trajectory_msgs_generate_messages_eus
[  0%] Built target control_msgs_generate_messages_eus
[  0%] Built target geometry_msgs_generate_messages_nodejs
[  0%] Built target rosgraph_msgs_generate_messages_eus
[  0%] Built target roscpp_generate_messages_py
[  0%] Built target control_toolbox_generate_messages_eus
[  0%] Built target control_toolbox_generate_messages_lisp
[  0%] Built target actionlib_msgs_generate_messages_eus
[  0%] Built target control_toolbox_generate_messages_py
[  0%] Built target control_toolbox_generate_messages_nodejs
[  0%] Built target control_msgs_generate_messages_cpp
[  0%] Built target control_msgs_generate_messages_nodejs
[  0%] Built target control_msgs_generate_messages_py
[  0%] Built target actionlib_msgs_generate_messages_lisp
[  0%] Built target actionlib_msgs_generate_messages_nodejs
[  0%] Built target std_msgs_generate_messages_nodejs
[  0%] Built target geometry_msgs_generate_messages_py
[  0%] Built target geometry_msgs_generate_messages_cpp
[  0%] Built target trajectory_msgs_generate_messages_cpp
[  0%] Built target control_msgs_generate_messages_lisp
[100%] Built target baxter_sim_controllers
[36mInstall the project...[0m
-- Install configuration: ""
-- Execute custom install script
-- Symlinking: /home/rick/catkin_ws/src/install/baxter_sim_controllers/lib/pkgconfig/baxter_sim_controllers.pc
-- Symlinking: /home/rick/catkin_ws/src/install/baxter_sim_controllers/share/baxter_sim_controllers/cmake/baxter_sim_controllersConfig.cmake
-- Symlinking: /home/rick/catkin_ws/src/install/baxter_sim_controllers/share/baxter_sim_controllers/cmake/baxter_sim_controllersConfig-version.cmake
-- Symlinking: /home/rick/catkin_ws/src/install/baxter_sim_controllers/share/baxter_sim_controllers/package.xml
-- Symlinking: /home/rick/catkin_ws/src/install/baxter_sim_controllers/lib/libbaxter_sim_controllers.so
-- Symlinking: /home/rick/catkin_ws/src/install/baxter_sim_controllers/share/baxter_sim_controllers/config/baxter_sim_controllers_plugins.xml
-- Symlinking: /home/rick/catkin_ws/src/install/baxter_sim_controllers/share/baxter_sim_controllers/include/baxter_sim_controllers/baxter_effort_controller.h
-- Symlinking: /home/rick/catkin_ws/src/install/baxter_sim_controllers/share/baxter_sim_controllers/include/baxter_sim_controllers/baxter_gripper_controller.h
-- Symlinking: /home/rick/catkin_ws/src/install/baxter_sim_controllers/share/baxter_sim_controllers/include/baxter_sim_controllers/baxter_head_controller.h
-- Symlinking: /home/rick/catkin_ws/src/install/baxter_sim_controllers/share/baxter_sim_controllers/include/baxter_sim_controllers/baxter_position_controller.h
-- Symlinking: /home/rick/catkin_ws/src/install/baxter_sim_controllers/share/baxter_sim_controllers/include/baxter_sim_controllers/baxter_velocity_controller.h
