[0.045s] Invoking command in '/home/rick/catkin_ws/src/build/baxter_sim_controllers': CMAKE_PREFIX_PATH=/home/rick/catkin_ws/src/install/baxter_core_msgs:${CMAKE_PREFIX_PATH} PKG_CONFIG_PATH=/home/rick/catkin_ws/src/install/baxter_core_msgs/lib/x86_64-linux-gnu/pkgconfig:/home/rick/catkin_ws/src/install/baxter_core_msgs/lib/pkgconfig:${PKG_CONFIG_PATH} PYTHONPATH=/home/rick/catkin_ws/src/install/baxter_core_msgs/lib/python2.7/dist-packages:${PYTHONPATH} ROS_PACKAGE_PATH=/home/rick/catkin_ws/src/install/baxter_core_msgs/share:${ROS_PACKAGE_PATH} /usr/bin/cmake /home/rick/catkin_ws/src/baxter_simulator/baxter_sim_controllers -DCATKIN_INSTALL_INTO_PREFIX_ROOT=0 -DCATKIN_SYMLINK_INSTALL=ON -DCMAKE_INSTALL_PREFIX=/home/rick/catkin_ws/src/install/baxter_sim_controllers
[0.135s] -- The C compiler identification is GNU 5.4.0
[0.203s] -- The CXX compiler identification is GNU 5.4.0
[0.206s] -- Check for working C compiler: /usr/bin/cc
[0.288s] -- Check for working C compiler: /usr/bin/cc -- works
[0.289s] -- Detecting C compiler ABI info
[0.384s] -- Detecting C compiler ABI info - done
[0.392s] -- Detecting C compile features
[0.693s] -- Detecting C compile features - done
[0.696s] -- Check for working CXX compiler: /usr/bin/c++
[0.793s] -- Check for working CXX compiler: /usr/bin/c++ -- works
[0.793s] -- Detecting CXX compiler ABI info
[0.882s] -- Detecting CXX compiler ABI info - done
[0.889s] -- Detecting CXX compile features
[1.248s] -- Detecting CXX compile features - done
[1.257s] -- Using CATKIN_DEVEL_PREFIX: /home/rick/catkin_ws/src/build/baxter_sim_controllers/devel
[1.258s] -- Using CMAKE_PREFIX_PATH: /home/rick/catkin_ws/src/install/baxter_core_msgs;/opt/ros/kinetic
[1.258s] -- This workspace overlays: /home/rick/catkin_ws/src/install/baxter_core_msgs;/opt/ros/kinetic
[1.261s] -- Override CMake install command with custom implementation using symlinks instead of copying resources
[1.276s] -- Found PythonInterp: /usr/bin/python2 (found suitable version "2.7.12", minimum required is "2") 
[1.276s] -- Using PYTHON_EXECUTABLE: /usr/bin/python2
[1.277s] -- Using Debian Python package layout
[1.277s] -- Using empy: /usr/bin/empy
[1.472s] -- Using CATKIN_ENABLE_TESTING: ON
[1.473s] -- Call enable_testing()
[1.474s] -- Using CATKIN_TEST_RESULTS_DIR: /home/rick/catkin_ws/src/build/baxter_sim_controllers/test_results
[1.503s] -- Found gtest sources under '/usr/src/gmock': gtests will be built
[1.503s] -- Found gmock sources under '/usr/src/gmock': gmock will be built
[1.515s] -- Found PythonInterp: /usr/bin/python2 (found version "2.7.12") 
[1.515s] -- Looking for pthread.h
[1.623s] -- Looking for pthread.h - found
[1.626s] -- Looking for pthread_create
[1.709s] -- Looking for pthread_create - not found
[1.710s] -- Looking for pthread_create in pthreads
[1.792s] -- Looking for pthread_create in pthreads - not found
[1.793s] -- Looking for pthread_create in pthread
[1.897s] -- Looking for pthread_create in pthread - found
[1.898s] -- Found Threads: TRUE  
[1.902s] -- Using Python nosetests: /usr/bin/nosetests-2.7
[1.949s] -- catkin 0.7.20
[1.949s] -- BUILD_SHARED_LIBS is on
[2.319s] -- Using these message generators: gencpp;geneus;genlisp;gennodejs;genpy
[2.754s] -- Boost version: 1.58.0
[2.754s] -- Found the following Boost libraries:
[2.755s] --   system
[2.786s] -- Found PkgConfig: /usr/bin/pkg-config (found version "0.29.1") 
[2.789s] -- Checking for module 'yaml-cpp>=0.5'
[2.827s] --   Found yaml-cpp, version 0.5.2
[3.061s] -- Configuring done
[3.180s] -- Generating done
[3.192s] -- Build files have been written to: /home/rick/catkin_ws/src/build/baxter_sim_controllers
[3.204s] Invoked command in '/home/rick/catkin_ws/src/build/baxter_sim_controllers' returned '0': CMAKE_PREFIX_PATH=/home/rick/catkin_ws/src/install/baxter_core_msgs:${CMAKE_PREFIX_PATH} PKG_CONFIG_PATH=/home/rick/catkin_ws/src/install/baxter_core_msgs/lib/x86_64-linux-gnu/pkgconfig:/home/rick/catkin_ws/src/install/baxter_core_msgs/lib/pkgconfig:${PKG_CONFIG_PATH} PYTHONPATH=/home/rick/catkin_ws/src/install/baxter_core_msgs/lib/python2.7/dist-packages:${PYTHONPATH} ROS_PACKAGE_PATH=/home/rick/catkin_ws/src/install/baxter_core_msgs/share:${ROS_PACKAGE_PATH} /usr/bin/cmake /home/rick/catkin_ws/src/baxter_simulator/baxter_sim_controllers -DCATKIN_INSTALL_INTO_PREFIX_ROOT=0 -DCATKIN_SYMLINK_INSTALL=ON -DCMAKE_INSTALL_PREFIX=/home/rick/catkin_ws/src/install/baxter_sim_controllers
[3.204s] Invoking command in '/home/rick/catkin_ws/src/build/baxter_sim_controllers': CMAKE_PREFIX_PATH=/home/rick/catkin_ws/src/install/baxter_core_msgs:${CMAKE_PREFIX_PATH} PKG_CONFIG_PATH=/home/rick/catkin_ws/src/install/baxter_core_msgs/lib/x86_64-linux-gnu/pkgconfig:/home/rick/catkin_ws/src/install/baxter_core_msgs/lib/pkgconfig:${PKG_CONFIG_PATH} PYTHONPATH=/home/rick/catkin_ws/src/install/baxter_core_msgs/lib/python2.7/dist-packages:${PYTHONPATH} ROS_PACKAGE_PATH=/home/rick/catkin_ws/src/install/baxter_core_msgs/share:${ROS_PACKAGE_PATH} /usr/bin/cmake --build /home/rick/catkin_ws/src/build/baxter_sim_controllers -- -j2 -l2
[3.278s] [35m[1mScanning dependencies of target trajectory_msgs_generate_messages_lisp[0m
[3.279s] [35m[1mScanning dependencies of target sensor_msgs_generate_messages_py[0m
[3.308s] [  0%] Built target sensor_msgs_generate_messages_py
[3.309s] [  0%] Built target trajectory_msgs_generate_messages_lisp
[3.318s] [35m[1mScanning dependencies of target sensor_msgs_generate_messages_cpp[0m
[3.332s] [35m[1mScanning dependencies of target sensor_msgs_generate_messages_nodejs[0m
[3.339s] [  0%] Built target sensor_msgs_generate_messages_cpp
[3.348s] [  0%] Built target sensor_msgs_generate_messages_nodejs
[3.360s] [35m[1mScanning dependencies of target baxter_core_msgs_generate_messages_nodejs[0m
[3.374s] [35m[1mScanning dependencies of target baxter_core_msgs_generate_messages_py[0m
[3.384s] [  0%] Built target baxter_core_msgs_generate_messages_nodejs
[3.385s] [  0%] Built target baxter_core_msgs_generate_messages_py
[3.398s] [35m[1mScanning dependencies of target baxter_core_msgs_generate_messages_lisp[0m
[3.409s] [  0%] Built target baxter_core_msgs_generate_messages_lisp
[3.412s] [35m[1mScanning dependencies of target baxter_core_msgs_generate_messages_cpp[0m
[3.441s] [35m[1mScanning dependencies of target dynamic_reconfigure_gencfg[0m
[3.445s] [  0%] Built target baxter_core_msgs_generate_messages_cpp
[3.458s] [  0%] Built target dynamic_reconfigure_gencfg
[3.466s] [35m[1mScanning dependencies of target dynamic_reconfigure_generate_messages_py[0m
[3.492s] [  0%] Built target dynamic_reconfigure_generate_messages_py
[3.508s] [35m[1mScanning dependencies of target dynamic_reconfigure_generate_messages_lisp[0m
[3.511s] [35m[1mScanning dependencies of target dynamic_reconfigure_generate_messages_eus[0m
[3.546s] [  0%] Built target dynamic_reconfigure_generate_messages_eus
[3.559s] [  0%] Built target dynamic_reconfigure_generate_messages_lisp
[3.591s] [35m[1mScanning dependencies of target dynamic_reconfigure_generate_messages_cpp[0m
[3.600s] [35m[1mScanning dependencies of target std_msgs_generate_messages_eus[0m
[3.635s] [  0%] Built target dynamic_reconfigure_generate_messages_cpp
[3.635s] [  0%] Built target std_msgs_generate_messages_eus
[3.649s] [35m[1mScanning dependencies of target roscpp_generate_messages_lisp[0m
[3.649s] [35m[1mScanning dependencies of target std_msgs_generate_messages_py[0m
[3.680s] [  0%] Built target std_msgs_generate_messages_py
[3.707s] [  0%] Built target roscpp_generate_messages_lisp
[3.720s] [35m[1mScanning dependencies of target rosgraph_msgs_generate_messages_py[0m
[3.737s] [35m[1mScanning dependencies of target rosgraph_msgs_generate_messages_lisp[0m
[3.745s] [  0%] Built target rosgraph_msgs_generate_messages_py
[3.766s] [35m[1mScanning dependencies of target roscpp_generate_messages_nodejs[0m
[3.786s] [  0%] Built target rosgraph_msgs_generate_messages_lisp
[3.797s] [35m[1mScanning dependencies of target rosgraph_msgs_generate_messages_nodejs[0m
[3.813s] [  0%] Built target roscpp_generate_messages_nodejs
[3.827s] [  0%] Built target rosgraph_msgs_generate_messages_nodejs
[3.858s] [35m[1mScanning dependencies of target sensor_msgs_generate_messages_eus[0m
[3.860s] [35m[1mScanning dependencies of target actionlib_msgs_generate_messages_cpp[0m
[3.902s] [  0%] Built target actionlib_msgs_generate_messages_cpp
[3.905s] [  0%] Built target sensor_msgs_generate_messages_eus
[3.915s] [35m[1mScanning dependencies of target std_msgs_generate_messages_cpp[0m
[3.930s] [  0%] Built target std_msgs_generate_messages_cpp
[3.931s] [35m[1mScanning dependencies of target baxter_core_msgs_generate_messages_eus[0m
[3.937s] [35m[1mScanning dependencies of target trajectory_msgs_generate_messages_py[0m
[3.946s] [  0%] Built target trajectory_msgs_generate_messages_py
[3.954s] [35m[1mScanning dependencies of target rosgraph_msgs_generate_messages_cpp[0m
[3.961s] [  0%] Built target rosgraph_msgs_generate_messages_cpp
[3.977s] [  0%] Built target baxter_core_msgs_generate_messages_eus
[3.983s] [35m[1mScanning dependencies of target control_toolbox_generate_messages_cpp[0m
[3.995s] [  0%] Built target control_toolbox_generate_messages_cpp
[4.002s] [35m[1mScanning dependencies of target trajectory_msgs_generate_messages_nodejs[0m
[4.006s] [35m[1mScanning dependencies of target std_msgs_generate_messages_lisp[0m
[4.028s] [  0%] Built target std_msgs_generate_messages_lisp
[4.042s] [  0%] Built target trajectory_msgs_generate_messages_nodejs
[4.057s] [35m[1mScanning dependencies of target geometry_msgs_generate_messages_lisp[0m
[4.084s] [  0%] Built target geometry_msgs_generate_messages_lisp
[4.085s] [35m[1mScanning dependencies of target sensor_msgs_generate_messages_lisp[0m
[4.099s] [35m[1mScanning dependencies of target dynamic_reconfigure_generate_messages_nodejs[0m
[4.107s] [  0%] Built target dynamic_reconfigure_generate_messages_nodejs
[4.114s] [  0%] Built target sensor_msgs_generate_messages_lisp
[4.116s] [35m[1mScanning dependencies of target control_toolbox_gencfg[0m
[4.130s] [  0%] Built target control_toolbox_gencfg
[4.138s] [35m[1mScanning dependencies of target roscpp_generate_messages_eus[0m
[4.143s] [35m[1mScanning dependencies of target roscpp_generate_messages_cpp[0m
[4.154s] [  0%] Built target roscpp_generate_messages_eus
[4.161s] [  0%] Built target roscpp_generate_messages_cpp
[4.163s] [35m[1mScanning dependencies of target actionlib_msgs_generate_messages_py[0m
[4.173s] [35m[1mScanning dependencies of target geometry_msgs_generate_messages_eus[0m
[4.174s] [  0%] Built target actionlib_msgs_generate_messages_py
[4.188s] [  0%] Built target geometry_msgs_generate_messages_eus
[4.190s] [35m[1mScanning dependencies of target trajectory_msgs_generate_messages_eus[0m
[4.198s] [35m[1mScanning dependencies of target control_msgs_generate_messages_eus[0m
[4.200s] [  0%] Built target trajectory_msgs_generate_messages_eus
[4.208s] [  0%] Built target control_msgs_generate_messages_eus
[4.210s] [35m[1mScanning dependencies of target geometry_msgs_generate_messages_nodejs[0m
[4.218s] [35m[1mScanning dependencies of target rosgraph_msgs_generate_messages_eus[0m
[4.223s] [  0%] Built target geometry_msgs_generate_messages_nodejs
[4.227s] [  0%] Built target rosgraph_msgs_generate_messages_eus
[4.237s] [35m[1mScanning dependencies of target roscpp_generate_messages_py[0m
[4.238s] [35m[1mScanning dependencies of target control_toolbox_generate_messages_eus[0m
[4.248s] [  0%] Built target control_toolbox_generate_messages_eus
[4.250s] [  0%] Built target roscpp_generate_messages_py
[4.258s] [35m[1mScanning dependencies of target control_toolbox_generate_messages_lisp[0m
[4.280s] [35m[1mScanning dependencies of target actionlib_msgs_generate_messages_eus[0m
[4.287s] [  0%] Built target control_toolbox_generate_messages_lisp
[4.300s] [  0%] Built target actionlib_msgs_generate_messages_eus
[4.308s] [35m[1mScanning dependencies of target control_toolbox_generate_messages_py[0m
[4.318s] [35m[1mScanning dependencies of target control_toolbox_generate_messages_nodejs[0m
[4.324s] [  0%] Built target control_toolbox_generate_messages_py
[4.334s] [  0%] Built target control_toolbox_generate_messages_nodejs
[4.341s] [35m[1mScanning dependencies of target control_msgs_generate_messages_cpp[0m
[4.352s] [35m[1mScanning dependencies of target control_msgs_generate_messages_nodejs[0m
[4.353s] [  0%] Built target control_msgs_generate_messages_cpp
[4.361s] [35m[1mScanning dependencies of target control_msgs_generate_messages_py[0m
[4.362s] [  0%] Built target control_msgs_generate_messages_nodejs
[4.377s] [  0%] Built target control_msgs_generate_messages_py
[4.384s] [35m[1mScanning dependencies of target actionlib_msgs_generate_messages_lisp[0m
[4.397s] [35m[1mScanning dependencies of target actionlib_msgs_generate_messages_nodejs[0m
[4.397s] [  0%] Built target actionlib_msgs_generate_messages_lisp
[4.406s] [  0%] Built target actionlib_msgs_generate_messages_nodejs
[4.412s] [35m[1mScanning dependencies of target std_msgs_generate_messages_nodejs[0m
[4.419s] [35m[1mScanning dependencies of target geometry_msgs_generate_messages_py[0m
[4.429s] [  0%] Built target geometry_msgs_generate_messages_py
[4.430s] [  0%] Built target std_msgs_generate_messages_nodejs
[4.440s] [35m[1mScanning dependencies of target geometry_msgs_generate_messages_cpp[0m
[4.445s] [35m[1mScanning dependencies of target trajectory_msgs_generate_messages_cpp[0m
[4.458s] [  0%] Built target geometry_msgs_generate_messages_cpp
[4.461s] [  0%] Built target trajectory_msgs_generate_messages_cpp
[4.470s] [35m[1mScanning dependencies of target control_msgs_generate_messages_lisp[0m
[4.490s] [  0%] Built target control_msgs_generate_messages_lisp
[4.509s] [35m[1mScanning dependencies of target baxter_sim_controllers[0m
[4.624s] [ 16%] [32mBuilding CXX object CMakeFiles/baxter_sim_controllers.dir/src/baxter_position_controller.cpp.o[0m
[4.628s] [ 33%] [32mBuilding CXX object CMakeFiles/baxter_sim_controllers.dir/src/baxter_velocity_controller.cpp.o[0m
[12.600s] [ 50%] [32mBuilding CXX object CMakeFiles/baxter_sim_controllers.dir/src/baxter_effort_controller.cpp.o[0m
[17.972s] [ 66%] [32mBuilding CXX object CMakeFiles/baxter_sim_controllers.dir/src/baxter_head_controller.cpp.o[0m
[22.411s] [ 83%] [32mBuilding CXX object CMakeFiles/baxter_sim_controllers.dir/src/baxter_gripper_controller.cpp.o[0m
[26.880s] [100%] [32m[1mLinking CXX shared library devel/lib/libbaxter_sim_controllers.so[0m
[27.283s] [100%] Built target baxter_sim_controllers
[27.299s] Invoked command in '/home/rick/catkin_ws/src/build/baxter_sim_controllers' returned '0': CMAKE_PREFIX_PATH=/home/rick/catkin_ws/src/install/baxter_core_msgs:${CMAKE_PREFIX_PATH} PKG_CONFIG_PATH=/home/rick/catkin_ws/src/install/baxter_core_msgs/lib/x86_64-linux-gnu/pkgconfig:/home/rick/catkin_ws/src/install/baxter_core_msgs/lib/pkgconfig:${PKG_CONFIG_PATH} PYTHONPATH=/home/rick/catkin_ws/src/install/baxter_core_msgs/lib/python2.7/dist-packages:${PYTHONPATH} ROS_PACKAGE_PATH=/home/rick/catkin_ws/src/install/baxter_core_msgs/share:${ROS_PACKAGE_PATH} /usr/bin/cmake --build /home/rick/catkin_ws/src/build/baxter_sim_controllers -- -j2 -l2
[27.404s] Invoking command in '/home/rick/catkin_ws/src/build/baxter_sim_controllers': CMAKE_PREFIX_PATH=/home/rick/catkin_ws/src/install/baxter_core_msgs:${CMAKE_PREFIX_PATH} PKG_CONFIG_PATH=/home/rick/catkin_ws/src/install/baxter_core_msgs/lib/x86_64-linux-gnu/pkgconfig:/home/rick/catkin_ws/src/install/baxter_core_msgs/lib/pkgconfig:${PKG_CONFIG_PATH} PYTHONPATH=/home/rick/catkin_ws/src/install/baxter_core_msgs/lib/python2.7/dist-packages:${PYTHONPATH} ROS_PACKAGE_PATH=/home/rick/catkin_ws/src/install/baxter_core_msgs/share:${ROS_PACKAGE_PATH} /usr/bin/cmake --build /home/rick/catkin_ws/src/build/baxter_sim_controllers --target tests -- -j2 -l2
[27.472s] [35m[1mScanning dependencies of target tests[0m
[27.487s] Built target tests
[27.505s] Invoked command in '/home/rick/catkin_ws/src/build/baxter_sim_controllers' returned '0': CMAKE_PREFIX_PATH=/home/rick/catkin_ws/src/install/baxter_core_msgs:${CMAKE_PREFIX_PATH} PKG_CONFIG_PATH=/home/rick/catkin_ws/src/install/baxter_core_msgs/lib/x86_64-linux-gnu/pkgconfig:/home/rick/catkin_ws/src/install/baxter_core_msgs/lib/pkgconfig:${PKG_CONFIG_PATH} PYTHONPATH=/home/rick/catkin_ws/src/install/baxter_core_msgs/lib/python2.7/dist-packages:${PYTHONPATH} ROS_PACKAGE_PATH=/home/rick/catkin_ws/src/install/baxter_core_msgs/share:${ROS_PACKAGE_PATH} /usr/bin/cmake --build /home/rick/catkin_ws/src/build/baxter_sim_controllers --target tests -- -j2 -l2
[27.617s] Invoking command in '/home/rick/catkin_ws/src/build/baxter_sim_controllers': CMAKE_PREFIX_PATH=/home/rick/catkin_ws/src/install/baxter_core_msgs:${CMAKE_PREFIX_PATH} PKG_CONFIG_PATH=/home/rick/catkin_ws/src/install/baxter_core_msgs/lib/x86_64-linux-gnu/pkgconfig:/home/rick/catkin_ws/src/install/baxter_core_msgs/lib/pkgconfig:${PKG_CONFIG_PATH} PYTHONPATH=/home/rick/catkin_ws/src/install/baxter_core_msgs/lib/python2.7/dist-packages:${PYTHONPATH} ROS_PACKAGE_PATH=/home/rick/catkin_ws/src/install/baxter_core_msgs/share:${ROS_PACKAGE_PATH} /usr/bin/cmake --build /home/rick/catkin_ws/src/build/baxter_sim_controllers --target install -- -j2 -l2
[27.692s] [  0%] Built target trajectory_msgs_generate_messages_lisp
[27.715s] [  0%] Built target sensor_msgs_generate_messages_py
[27.743s] [  0%] Built target sensor_msgs_generate_messages_nodejs
[27.759s] [  0%] Built target sensor_msgs_generate_messages_cpp
[27.776s] [  0%] Built target baxter_core_msgs_generate_messages_py
[27.794s] [  0%] Built target baxter_core_msgs_generate_messages_nodejs
[27.812s] [  0%] Built target baxter_core_msgs_generate_messages_lisp
[27.827s] [  0%] Built target baxter_core_msgs_generate_messages_cpp
[27.843s] [  0%] Built target dynamic_reconfigure_gencfg
[27.859s] [  0%] Built target dynamic_reconfigure_generate_messages_py
[27.875s] [  0%] Built target dynamic_reconfigure_generate_messages_lisp
[27.900s] [  0%] Built target dynamic_reconfigure_generate_messages_eus
[27.920s] [  0%] Built target dynamic_reconfigure_generate_messages_cpp
[27.953s] [  0%] Built target std_msgs_generate_messages_eus
[27.978s] [  0%] Built target roscpp_generate_messages_lisp
[28.005s] [  0%] Built target std_msgs_generate_messages_py
[28.043s] [  0%] Built target rosgraph_msgs_generate_messages_py
[28.056s] [  0%] Built target rosgraph_msgs_generate_messages_lisp
[28.075s] [  0%] Built target roscpp_generate_messages_nodejs
[28.099s] [  0%] Built target rosgraph_msgs_generate_messages_nodejs
[28.124s] [  0%] Built target sensor_msgs_generate_messages_eus
[28.143s] [  0%] Built target actionlib_msgs_generate_messages_cpp
[28.162s] [  0%] Built target std_msgs_generate_messages_cpp
[28.191s] [  0%] Built target baxter_core_msgs_generate_messages_eus
[28.206s] [  0%] Built target trajectory_msgs_generate_messages_py
[28.228s] [  0%] Built target rosgraph_msgs_generate_messages_cpp
[28.258s] [  0%] Built target control_toolbox_generate_messages_cpp
[28.282s] [  0%] Built target trajectory_msgs_generate_messages_nodejs
[28.304s] [  0%] Built target std_msgs_generate_messages_lisp
[28.322s] [  0%] Built target geometry_msgs_generate_messages_lisp
[28.362s] [  0%] Built target sensor_msgs_generate_messages_lisp
[28.387s] [  0%] Built target dynamic_reconfigure_generate_messages_nodejs
[28.403s] [  0%] Built target control_toolbox_gencfg
[28.424s] [  0%] Built target roscpp_generate_messages_eus
[28.456s] [  0%] Built target roscpp_generate_messages_cpp
[28.481s] [  0%] Built target actionlib_msgs_generate_messages_py
[28.502s] [  0%] Built target geometry_msgs_generate_messages_eus
[28.531s] [  0%] Built target trajectory_msgs_generate_messages_eus
[28.567s] [  0%] Built target control_msgs_generate_messages_eus
[28.596s] [  0%] Built target geometry_msgs_generate_messages_nodejs
[28.623s] [  0%] Built target rosgraph_msgs_generate_messages_eus
[28.668s] [  0%] Built target roscpp_generate_messages_py
[28.695s] [  0%] Built target control_toolbox_generate_messages_eus
[28.718s] [  0%] Built target control_toolbox_generate_messages_lisp
[28.735s] [  0%] Built target actionlib_msgs_generate_messages_eus
[28.769s] [  0%] Built target control_toolbox_generate_messages_py
[28.786s] [  0%] Built target control_toolbox_generate_messages_nodejs
[28.802s] [  0%] Built target control_msgs_generate_messages_cpp
[28.822s] [  0%] Built target control_msgs_generate_messages_nodejs
[28.839s] [  0%] Built target control_msgs_generate_messages_py
[28.879s] [  0%] Built target actionlib_msgs_generate_messages_lisp
[28.899s] [  0%] Built target actionlib_msgs_generate_messages_nodejs
[28.918s] [  0%] Built target std_msgs_generate_messages_nodejs
[28.953s] [  0%] Built target geometry_msgs_generate_messages_py
[28.972s] [  0%] Built target geometry_msgs_generate_messages_cpp
[28.987s] [  0%] Built target trajectory_msgs_generate_messages_cpp
[29.002s] [  0%] Built target control_msgs_generate_messages_lisp
[29.040s] [100%] Built target baxter_sim_controllers
[29.071s] [36mInstall the project...[0m
[29.078s] -- Install configuration: ""
[29.078s] -- Execute custom install script
[29.078s] -- Symlinking: /home/rick/catkin_ws/src/install/baxter_sim_controllers/lib/pkgconfig/baxter_sim_controllers.pc
[29.086s] -- Symlinking: /home/rick/catkin_ws/src/install/baxter_sim_controllers/share/baxter_sim_controllers/cmake/baxter_sim_controllersConfig.cmake
[29.092s] -- Symlinking: /home/rick/catkin_ws/src/install/baxter_sim_controllers/share/baxter_sim_controllers/cmake/baxter_sim_controllersConfig-version.cmake
[29.101s] -- Symlinking: /home/rick/catkin_ws/src/install/baxter_sim_controllers/share/baxter_sim_controllers/package.xml
[29.111s] -- Symlinking: /home/rick/catkin_ws/src/install/baxter_sim_controllers/lib/libbaxter_sim_controllers.so
[29.118s] -- Symlinking: /home/rick/catkin_ws/src/install/baxter_sim_controllers/share/baxter_sim_controllers/config/baxter_sim_controllers_plugins.xml
[29.125s] -- Symlinking: /home/rick/catkin_ws/src/install/baxter_sim_controllers/share/baxter_sim_controllers/include/baxter_sim_controllers/baxter_effort_controller.h
[29.133s] -- Symlinking: /home/rick/catkin_ws/src/install/baxter_sim_controllers/share/baxter_sim_controllers/include/baxter_sim_controllers/baxter_gripper_controller.h
[29.167s] -- Symlinking: /home/rick/catkin_ws/src/install/baxter_sim_controllers/share/baxter_sim_controllers/include/baxter_sim_controllers/baxter_head_controller.h
[29.183s] -- Symlinking: /home/rick/catkin_ws/src/install/baxter_sim_controllers/share/baxter_sim_controllers/include/baxter_sim_controllers/baxter_position_controller.h
[29.196s] -- Symlinking: /home/rick/catkin_ws/src/install/baxter_sim_controllers/share/baxter_sim_controllers/include/baxter_sim_controllers/baxter_velocity_controller.h
[29.207s] Invoked command in '/home/rick/catkin_ws/src/build/baxter_sim_controllers' returned '0': CMAKE_PREFIX_PATH=/home/rick/catkin_ws/src/install/baxter_core_msgs:${CMAKE_PREFIX_PATH} PKG_CONFIG_PATH=/home/rick/catkin_ws/src/install/baxter_core_msgs/lib/x86_64-linux-gnu/pkgconfig:/home/rick/catkin_ws/src/install/baxter_core_msgs/lib/pkgconfig:${PKG_CONFIG_PATH} PYTHONPATH=/home/rick/catkin_ws/src/install/baxter_core_msgs/lib/python2.7/dist-packages:${PYTHONPATH} ROS_PACKAGE_PATH=/home/rick/catkin_ws/src/install/baxter_core_msgs/share:${ROS_PACKAGE_PATH} /usr/bin/cmake --build /home/rick/catkin_ws/src/build/baxter_sim_controllers --target install -- -j2 -l2
