[  0%] Built target _baxter_maintenance_msgs_generate_messages_check_deps_TareEnable
[  0%] Built target _baxter_maintenance_msgs_generate_messages_check_deps_UpdateSource
[  0%] Built target std_msgs_generate_messages_py
[  0%] Built target _baxter_maintenance_msgs_generate_messages_check_deps_UpdateSources
[  0%] Built target _baxter_maintenance_msgs_generate_messages_check_deps_CalibrateArmData
[  0%] Built target _baxter_maintenance_msgs_generate_messages_check_deps_TareData
[  0%] Built target _baxter_maintenance_msgs_generate_messages_check_deps_CalibrateArmEnable
[  0%] Built target std_msgs_generate_messages_nodejs
[  0%] Built target std_msgs_generate_messages_lisp
[  0%] Built target _baxter_maintenance_msgs_generate_messages_check_deps_UpdateStatus
[  0%] Built target std_msgs_generate_messages_cpp
[  0%] Built target std_msgs_generate_messages_eus
[ 18%] Built target baxter_maintenance_msgs_generate_messages_nodejs
[ 40%] Built target baxter_maintenance_msgs_generate_messages_py
[ 59%] Built target baxter_maintenance_msgs_generate_messages_cpp
[ 78%] Built target baxter_maintenance_msgs_generate_messages_lisp
[100%] Built target baxter_maintenance_msgs_generate_messages_eus
[100%] Built target baxter_maintenance_msgs_generate_messages
Built target tests
[  0%] Built target _baxter_maintenance_msgs_generate_messages_check_deps_TareEnable
[  0%] Built target _baxter_maintenance_msgs_generate_messages_check_deps_UpdateSource
[  0%] Built target std_msgs_generate_messages_py
[  0%] Built target _baxter_maintenance_msgs_generate_messages_check_deps_UpdateSources
[  0%] Built target _baxter_maintenance_msgs_generate_messages_check_deps_CalibrateArmData
[  0%] Built target _baxter_maintenance_msgs_generate_messages_check_deps_TareData
[  0%] Built target _baxter_maintenance_msgs_generate_messages_check_deps_CalibrateArmEnable
[  0%] Built target std_msgs_generate_messages_nodejs
[  0%] Built target std_msgs_generate_messages_lisp
[  0%] Built target _baxter_maintenance_msgs_generate_messages_check_deps_UpdateStatus
[  0%] Built target std_msgs_generate_messages_cpp
[  0%] Built target std_msgs_generate_messages_eus
[ 21%] Built target baxter_maintenance_msgs_generate_messages_py
[ 40%] Built target baxter_maintenance_msgs_generate_messages_nodejs
[ 59%] Built target baxter_maintenance_msgs_generate_messages_cpp
[ 78%] Built target baxter_maintenance_msgs_generate_messages_lisp
[100%] Built target baxter_maintenance_msgs_generate_messages_eus
[100%] Built target baxter_maintenance_msgs_generate_messages
[36mInstall the project...[0m
-- Install configuration: ""
-- Execute custom install script
-- Up-to-date symlink: /home/rick/catkin_ws/src/install/baxter_maintenance_msgs/share/baxter_maintenance_msgs/msg/CalibrateArmData.msg
-- Up-to-date symlink: /home/rick/catkin_ws/src/install/baxter_maintenance_msgs/share/baxter_maintenance_msgs/msg/CalibrateArmEnable.msg
-- Up-to-date symlink: /home/rick/catkin_ws/src/install/baxter_maintenance_msgs/share/baxter_maintenance_msgs/msg/TareData.msg
-- Up-to-date symlink: /home/rick/catkin_ws/src/install/baxter_maintenance_msgs/share/baxter_maintenance_msgs/msg/TareEnable.msg
-- Up-to-date symlink: /home/rick/catkin_ws/src/install/baxter_maintenance_msgs/share/baxter_maintenance_msgs/msg/UpdateSource.msg
-- Up-to-date symlink: /home/rick/catkin_ws/src/install/baxter_maintenance_msgs/share/baxter_maintenance_msgs/msg/UpdateSources.msg
-- Up-to-date symlink: /home/rick/catkin_ws/src/install/baxter_maintenance_msgs/share/baxter_maintenance_msgs/msg/UpdateStatus.msg
-- Up-to-date symlink: /home/rick/catkin_ws/src/install/baxter_maintenance_msgs/share/baxter_maintenance_msgs/cmake/baxter_maintenance_msgs-msg-paths.cmake
-- Up-to-date symlink: /home/rick/catkin_ws/src/install/baxter_maintenance_msgs/include/baxter_maintenance_msgs/CalibrateArmData.h
-- Up-to-date symlink: /home/rick/catkin_ws/src/install/baxter_maintenance_msgs/include/baxter_maintenance_msgs/CalibrateArmEnable.h
-- Up-to-date symlink: /home/rick/catkin_ws/src/install/baxter_maintenance_msgs/include/baxter_maintenance_msgs/TareData.h
-- Up-to-date symlink: /home/rick/catkin_ws/src/install/baxter_maintenance_msgs/include/baxter_maintenance_msgs/TareEnable.h
-- Up-to-date symlink: /home/rick/catkin_ws/src/install/baxter_maintenance_msgs/include/baxter_maintenance_msgs/UpdateSource.h
-- Up-to-date symlink: /home/rick/catkin_ws/src/install/baxter_maintenance_msgs/include/baxter_maintenance_msgs/UpdateSources.h
-- Up-to-date symlink: /home/rick/catkin_ws/src/install/baxter_maintenance_msgs/include/baxter_maintenance_msgs/UpdateStatus.h
-- Up-to-date symlink: /home/rick/catkin_ws/src/install/baxter_maintenance_msgs/share/roseus/ros/baxter_maintenance_msgs/manifest.l
-- Up-to-date symlink: /home/rick/catkin_ws/src/install/baxter_maintenance_msgs/share/roseus/ros/baxter_maintenance_msgs/msg/CalibrateArmData.l
-- Up-to-date symlink: /home/rick/catkin_ws/src/install/baxter_maintenance_msgs/share/roseus/ros/baxter_maintenance_msgs/msg/CalibrateArmEnable.l
-- Up-to-date symlink: /home/rick/catkin_ws/src/install/baxter_maintenance_msgs/share/roseus/ros/baxter_maintenance_msgs/msg/TareData.l
-- Up-to-date symlink: /home/rick/catkin_ws/src/install/baxter_maintenance_msgs/share/roseus/ros/baxter_maintenance_msgs/msg/TareEnable.l
-- Up-to-date symlink: /home/rick/catkin_ws/src/install/baxter_maintenance_msgs/share/roseus/ros/baxter_maintenance_msgs/msg/UpdateSource.l
-- Up-to-date symlink: /home/rick/catkin_ws/src/install/baxter_maintenance_msgs/share/roseus/ros/baxter_maintenance_msgs/msg/UpdateSources.l
-- Up-to-date symlink: /home/rick/catkin_ws/src/install/baxter_maintenance_msgs/share/roseus/ros/baxter_maintenance_msgs/msg/UpdateStatus.l
-- Up-to-date symlink: /home/rick/catkin_ws/src/install/baxter_maintenance_msgs/share/common-lisp/ros/baxter_maintenance_msgs/msg/CalibrateArmData.lisp
-- Up-to-date symlink: /home/rick/catkin_ws/src/install/baxter_maintenance_msgs/share/common-lisp/ros/baxter_maintenance_msgs/msg/CalibrateArmEnable.lisp
-- Up-to-date symlink: /home/rick/catkin_ws/src/install/baxter_maintenance_msgs/share/common-lisp/ros/baxter_maintenance_msgs/msg/TareData.lisp
-- Up-to-date symlink: /home/rick/catkin_ws/src/install/baxter_maintenance_msgs/share/common-lisp/ros/baxter_maintenance_msgs/msg/TareEnable.lisp
-- Up-to-date symlink: /home/rick/catkin_ws/src/install/baxter_maintenance_msgs/share/common-lisp/ros/baxter_maintenance_msgs/msg/UpdateSource.lisp
-- Up-to-date symlink: /home/rick/catkin_ws/src/install/baxter_maintenance_msgs/share/common-lisp/ros/baxter_maintenance_msgs/msg/UpdateSources.lisp
-- Up-to-date symlink: /home/rick/catkin_ws/src/install/baxter_maintenance_msgs/share/common-lisp/ros/baxter_maintenance_msgs/msg/UpdateStatus.lisp
-- Up-to-date symlink: /home/rick/catkin_ws/src/install/baxter_maintenance_msgs/share/common-lisp/ros/baxter_maintenance_msgs/msg/_package.lisp
-- Up-to-date symlink: /home/rick/catkin_ws/src/install/baxter_maintenance_msgs/share/common-lisp/ros/baxter_maintenance_msgs/msg/_package_CalibrateArmData.lisp
-- Up-to-date symlink: /home/rick/catkin_ws/src/install/baxter_maintenance_msgs/share/common-lisp/ros/baxter_maintenance_msgs/msg/_package_CalibrateArmEnable.lisp
-- Up-to-date symlink: /home/rick/catkin_ws/src/install/baxter_maintenance_msgs/share/common-lisp/ros/baxter_maintenance_msgs/msg/_package_TareData.lisp
-- Up-to-date symlink: /home/rick/catkin_ws/src/install/baxter_maintenance_msgs/share/common-lisp/ros/baxter_maintenance_msgs/msg/_package_TareEnable.lisp
-- Up-to-date symlink: /home/rick/catkin_ws/src/install/baxter_maintenance_msgs/share/common-lisp/ros/baxter_maintenance_msgs/msg/_package_UpdateSource.lisp
-- Up-to-date symlink: /home/rick/catkin_ws/src/install/baxter_maintenance_msgs/share/common-lisp/ros/baxter_maintenance_msgs/msg/_package_UpdateSources.lisp
-- Up-to-date symlink: /home/rick/catkin_ws/src/install/baxter_maintenance_msgs/share/common-lisp/ros/baxter_maintenance_msgs/msg/_package_UpdateStatus.lisp
-- Up-to-date symlink: /home/rick/catkin_ws/src/install/baxter_maintenance_msgs/share/common-lisp/ros/baxter_maintenance_msgs/msg/baxter_maintenance_msgs-msg.asd
-- Up-to-date symlink: /home/rick/catkin_ws/src/install/baxter_maintenance_msgs/share/gennodejs/ros/baxter_maintenance_msgs/_index.js
-- Up-to-date symlink: /home/rick/catkin_ws/src/install/baxter_maintenance_msgs/share/gennodejs/ros/baxter_maintenance_msgs/msg/CalibrateArmData.js
-- Up-to-date symlink: /home/rick/catkin_ws/src/install/baxter_maintenance_msgs/share/gennodejs/ros/baxter_maintenance_msgs/msg/CalibrateArmEnable.js
-- Up-to-date symlink: /home/rick/catkin_ws/src/install/baxter_maintenance_msgs/share/gennodejs/ros/baxter_maintenance_msgs/msg/TareData.js
-- Up-to-date symlink: /home/rick/catkin_ws/src/install/baxter_maintenance_msgs/share/gennodejs/ros/baxter_maintenance_msgs/msg/TareEnable.js
-- Up-to-date symlink: /home/rick/catkin_ws/src/install/baxter_maintenance_msgs/share/gennodejs/ros/baxter_maintenance_msgs/msg/UpdateSource.js
-- Up-to-date symlink: /home/rick/catkin_ws/src/install/baxter_maintenance_msgs/share/gennodejs/ros/baxter_maintenance_msgs/msg/UpdateSources.js
-- Up-to-date symlink: /home/rick/catkin_ws/src/install/baxter_maintenance_msgs/share/gennodejs/ros/baxter_maintenance_msgs/msg/UpdateStatus.js
-- Up-to-date symlink: /home/rick/catkin_ws/src/install/baxter_maintenance_msgs/share/gennodejs/ros/baxter_maintenance_msgs/msg/_index.js
-- Up-to-date symlink: /home/rick/catkin_ws/src/install/baxter_maintenance_msgs/lib/python2.7/dist-packages/baxter_maintenance_msgs/__init__.py
-- Symlinking: /home/rick/catkin_ws/src/install/baxter_maintenance_msgs/lib/python2.7/dist-packages/baxter_maintenance_msgs/__init__.pyc
-- Up-to-date symlink: /home/rick/catkin_ws/src/install/baxter_maintenance_msgs/lib/python2.7/dist-packages/baxter_maintenance_msgs/msg/_CalibrateArmData.py
-- Symlinking: /home/rick/catkin_ws/src/install/baxter_maintenance_msgs/lib/python2.7/dist-packages/baxter_maintenance_msgs/msg/_CalibrateArmData.pyc
-- Up-to-date symlink: /home/rick/catkin_ws/src/install/baxter_maintenance_msgs/lib/python2.7/dist-packages/baxter_maintenance_msgs/msg/_CalibrateArmEnable.py
-- Symlinking: /home/rick/catkin_ws/src/install/baxter_maintenance_msgs/lib/python2.7/dist-packages/baxter_maintenance_msgs/msg/_CalibrateArmEnable.pyc
-- Up-to-date symlink: /home/rick/catkin_ws/src/install/baxter_maintenance_msgs/lib/python2.7/dist-packages/baxter_maintenance_msgs/msg/_TareData.py
-- Symlinking: /home/rick/catkin_ws/src/install/baxter_maintenance_msgs/lib/python2.7/dist-packages/baxter_maintenance_msgs/msg/_TareData.pyc
-- Up-to-date symlink: /home/rick/catkin_ws/src/install/baxter_maintenance_msgs/lib/python2.7/dist-packages/baxter_maintenance_msgs/msg/_TareEnable.py
-- Symlinking: /home/rick/catkin_ws/src/install/baxter_maintenance_msgs/lib/python2.7/dist-packages/baxter_maintenance_msgs/msg/_TareEnable.pyc
-- Up-to-date symlink: /home/rick/catkin_ws/src/install/baxter_maintenance_msgs/lib/python2.7/dist-packages/baxter_maintenance_msgs/msg/_UpdateSource.py
-- Symlinking: /home/rick/catkin_ws/src/install/baxter_maintenance_msgs/lib/python2.7/dist-packages/baxter_maintenance_msgs/msg/_UpdateSource.pyc
-- Up-to-date symlink: /home/rick/catkin_ws/src/install/baxter_maintenance_msgs/lib/python2.7/dist-packages/baxter_maintenance_msgs/msg/_UpdateSources.py
-- Symlinking: /home/rick/catkin_ws/src/install/baxter_maintenance_msgs/lib/python2.7/dist-packages/baxter_maintenance_msgs/msg/_UpdateSources.pyc
-- Up-to-date symlink: /home/rick/catkin_ws/src/install/baxter_maintenance_msgs/lib/python2.7/dist-packages/baxter_maintenance_msgs/msg/_UpdateStatus.py
-- Symlinking: /home/rick/catkin_ws/src/install/baxter_maintenance_msgs/lib/python2.7/dist-packages/baxter_maintenance_msgs/msg/_UpdateStatus.pyc
-- Up-to-date symlink: /home/rick/catkin_ws/src/install/baxter_maintenance_msgs/lib/python2.7/dist-packages/baxter_maintenance_msgs/msg/__init__.py
-- Symlinking: /home/rick/catkin_ws/src/install/baxter_maintenance_msgs/lib/python2.7/dist-packages/baxter_maintenance_msgs/msg/__init__.pyc
-- Up-to-date symlink: /home/rick/catkin_ws/src/install/baxter_maintenance_msgs/lib/pkgconfig/baxter_maintenance_msgs.pc
-- Up-to-date symlink: /home/rick/catkin_ws/src/install/baxter_maintenance_msgs/share/baxter_maintenance_msgs/cmake/baxter_maintenance_msgs-msg-extras.cmake
-- Up-to-date symlink: /home/rick/catkin_ws/src/install/baxter_maintenance_msgs/share/baxter_maintenance_msgs/cmake/baxter_maintenance_msgsConfig.cmake
-- Up-to-date symlink: /home/rick/catkin_ws/src/install/baxter_maintenance_msgs/share/baxter_maintenance_msgs/cmake/baxter_maintenance_msgsConfig-version.cmake
-- Up-to-date symlink: /home/rick/catkin_ws/src/install/baxter_maintenance_msgs/share/baxter_maintenance_msgs/package.xml
Listing /home/rick/catkin_ws/src/build/baxter_maintenance_msgs/devel/lib/python2.7/dist-packages/baxter_maintenance_msgs ...
Listing /home/rick/catkin_ws/src/build/baxter_maintenance_msgs/devel/lib/python2.7/dist-packages/baxter_maintenance_msgs/msg ...
