[0.015s] Invoking command in '/home/rick/catkin_ws/src/build/baxter_maintenance_msgs': /usr/bin/cmake --build /home/rick/catkin_ws/src/build/baxter_maintenance_msgs -- -j2 -l2
[0.200s] [  0%] Built target _baxter_maintenance_msgs_generate_messages_check_deps_TareEnable
[0.245s] [  0%] Built target _baxter_maintenance_msgs_generate_messages_check_deps_UpdateSource
[0.246s] [  0%] Built target std_msgs_generate_messages_py
[0.339s] [  0%] Built target _baxter_maintenance_msgs_generate_messages_check_deps_UpdateSources
[0.352s] [  0%] Built target _baxter_maintenance_msgs_generate_messages_check_deps_CalibrateArmData
[0.408s] [  0%] Built target _baxter_maintenance_msgs_generate_messages_check_deps_TareData
[0.441s] [  0%] Built target _baxter_maintenance_msgs_generate_messages_check_deps_CalibrateArmEnable
[0.468s] [  0%] Built target std_msgs_generate_messages_nodejs
[0.500s] [  0%] Built target std_msgs_generate_messages_lisp
[0.517s] [  0%] Built target _baxter_maintenance_msgs_generate_messages_check_deps_UpdateStatus
[0.538s] [  0%] Built target std_msgs_generate_messages_cpp
[0.572s] [  0%] Built target std_msgs_generate_messages_eus
[0.598s] [ 18%] Built target baxter_maintenance_msgs_generate_messages_nodejs
[0.607s] [ 40%] Built target baxter_maintenance_msgs_generate_messages_py
[0.648s] [ 59%] Built target baxter_maintenance_msgs_generate_messages_cpp
[0.663s] [ 78%] Built target baxter_maintenance_msgs_generate_messages_lisp
[0.700s] [100%] Built target baxter_maintenance_msgs_generate_messages_eus
[0.726s] [100%] Built target baxter_maintenance_msgs_generate_messages
[0.746s] Invoked command in '/home/rick/catkin_ws/src/build/baxter_maintenance_msgs' returned '0': /usr/bin/cmake --build /home/rick/catkin_ws/src/build/baxter_maintenance_msgs -- -j2 -l2
[0.829s] Invoking command in '/home/rick/catkin_ws/src/build/baxter_maintenance_msgs': /usr/bin/cmake --build /home/rick/catkin_ws/src/build/baxter_maintenance_msgs --target tests -- -j2 -l2
[0.917s] Built target tests
[0.935s] Invoked command in '/home/rick/catkin_ws/src/build/baxter_maintenance_msgs' returned '0': /usr/bin/cmake --build /home/rick/catkin_ws/src/build/baxter_maintenance_msgs --target tests -- -j2 -l2
[1.024s] Invoking command in '/home/rick/catkin_ws/src/build/baxter_maintenance_msgs': /usr/bin/cmake --build /home/rick/catkin_ws/src/build/baxter_maintenance_msgs --target install -- -j2 -l2
[1.186s] [  0%] Built target _baxter_maintenance_msgs_generate_messages_check_deps_TareEnable
[1.187s] [  0%] Built target _baxter_maintenance_msgs_generate_messages_check_deps_UpdateSource
[1.224s] [  0%] Built target std_msgs_generate_messages_py
[1.258s] [  0%] Built target _baxter_maintenance_msgs_generate_messages_check_deps_UpdateSources
[1.279s] [  0%] Built target _baxter_maintenance_msgs_generate_messages_check_deps_CalibrateArmData
[1.339s] [  0%] Built target _baxter_maintenance_msgs_generate_messages_check_deps_TareData
[1.357s] [  0%] Built target _baxter_maintenance_msgs_generate_messages_check_deps_CalibrateArmEnable
[1.402s] [  0%] Built target std_msgs_generate_messages_nodejs
[1.448s] [  0%] Built target std_msgs_generate_messages_lisp
[1.451s] [  0%] Built target _baxter_maintenance_msgs_generate_messages_check_deps_UpdateStatus
[1.505s] [  0%] Built target std_msgs_generate_messages_cpp
[1.519s] [  0%] Built target std_msgs_generate_messages_eus
[1.540s] [ 21%] Built target baxter_maintenance_msgs_generate_messages_py
[1.554s] [ 40%] Built target baxter_maintenance_msgs_generate_messages_nodejs
[1.615s] [ 59%] Built target baxter_maintenance_msgs_generate_messages_cpp
[1.622s] [ 78%] Built target baxter_maintenance_msgs_generate_messages_lisp
[1.652s] [100%] Built target baxter_maintenance_msgs_generate_messages_eus
[1.682s] [100%] Built target baxter_maintenance_msgs_generate_messages
[1.717s] [36mInstall the project...[0m
[1.735s] -- Install configuration: ""
[1.736s] -- Execute custom install script
[1.736s] -- Up-to-date symlink: /home/rick/catkin_ws/src/install/baxter_maintenance_msgs/share/baxter_maintenance_msgs/msg/CalibrateArmData.msg
[1.736s] -- Up-to-date symlink: /home/rick/catkin_ws/src/install/baxter_maintenance_msgs/share/baxter_maintenance_msgs/msg/CalibrateArmEnable.msg
[1.736s] -- Up-to-date symlink: /home/rick/catkin_ws/src/install/baxter_maintenance_msgs/share/baxter_maintenance_msgs/msg/TareData.msg
[1.737s] -- Up-to-date symlink: /home/rick/catkin_ws/src/install/baxter_maintenance_msgs/share/baxter_maintenance_msgs/msg/TareEnable.msg
[1.738s] -- Up-to-date symlink: /home/rick/catkin_ws/src/install/baxter_maintenance_msgs/share/baxter_maintenance_msgs/msg/UpdateSource.msg
[1.738s] -- Up-to-date symlink: /home/rick/catkin_ws/src/install/baxter_maintenance_msgs/share/baxter_maintenance_msgs/msg/UpdateSources.msg
[1.739s] -- Up-to-date symlink: /home/rick/catkin_ws/src/install/baxter_maintenance_msgs/share/baxter_maintenance_msgs/msg/UpdateStatus.msg
[1.739s] -- Up-to-date symlink: /home/rick/catkin_ws/src/install/baxter_maintenance_msgs/share/baxter_maintenance_msgs/cmake/baxter_maintenance_msgs-msg-paths.cmake
[1.740s] -- Up-to-date symlink: /home/rick/catkin_ws/src/install/baxter_maintenance_msgs/include/baxter_maintenance_msgs/CalibrateArmData.h
[1.740s] -- Up-to-date symlink: /home/rick/catkin_ws/src/install/baxter_maintenance_msgs/include/baxter_maintenance_msgs/CalibrateArmEnable.h
[1.740s] -- Up-to-date symlink: /home/rick/catkin_ws/src/install/baxter_maintenance_msgs/include/baxter_maintenance_msgs/TareData.h
[1.741s] -- Up-to-date symlink: /home/rick/catkin_ws/src/install/baxter_maintenance_msgs/include/baxter_maintenance_msgs/TareEnable.h
[1.741s] -- Up-to-date symlink: /home/rick/catkin_ws/src/install/baxter_maintenance_msgs/include/baxter_maintenance_msgs/UpdateSource.h
[1.741s] -- Up-to-date symlink: /home/rick/catkin_ws/src/install/baxter_maintenance_msgs/include/baxter_maintenance_msgs/UpdateSources.h
[1.742s] -- Up-to-date symlink: /home/rick/catkin_ws/src/install/baxter_maintenance_msgs/include/baxter_maintenance_msgs/UpdateStatus.h
[1.743s] -- Up-to-date symlink: /home/rick/catkin_ws/src/install/baxter_maintenance_msgs/share/roseus/ros/baxter_maintenance_msgs/manifest.l
[1.743s] -- Up-to-date symlink: /home/rick/catkin_ws/src/install/baxter_maintenance_msgs/share/roseus/ros/baxter_maintenance_msgs/msg/CalibrateArmData.l
[1.744s] -- Up-to-date symlink: /home/rick/catkin_ws/src/install/baxter_maintenance_msgs/share/roseus/ros/baxter_maintenance_msgs/msg/CalibrateArmEnable.l
[1.744s] -- Up-to-date symlink: /home/rick/catkin_ws/src/install/baxter_maintenance_msgs/share/roseus/ros/baxter_maintenance_msgs/msg/TareData.l
[1.745s] -- Up-to-date symlink: /home/rick/catkin_ws/src/install/baxter_maintenance_msgs/share/roseus/ros/baxter_maintenance_msgs/msg/TareEnable.l
[1.745s] -- Up-to-date symlink: /home/rick/catkin_ws/src/install/baxter_maintenance_msgs/share/roseus/ros/baxter_maintenance_msgs/msg/UpdateSource.l
[1.746s] -- Up-to-date symlink: /home/rick/catkin_ws/src/install/baxter_maintenance_msgs/share/roseus/ros/baxter_maintenance_msgs/msg/UpdateSources.l
[1.747s] -- Up-to-date symlink: /home/rick/catkin_ws/src/install/baxter_maintenance_msgs/share/roseus/ros/baxter_maintenance_msgs/msg/UpdateStatus.l
[1.747s] -- Up-to-date symlink: /home/rick/catkin_ws/src/install/baxter_maintenance_msgs/share/common-lisp/ros/baxter_maintenance_msgs/msg/CalibrateArmData.lisp
[1.748s] -- Up-to-date symlink: /home/rick/catkin_ws/src/install/baxter_maintenance_msgs/share/common-lisp/ros/baxter_maintenance_msgs/msg/CalibrateArmEnable.lisp
[1.748s] -- Up-to-date symlink: /home/rick/catkin_ws/src/install/baxter_maintenance_msgs/share/common-lisp/ros/baxter_maintenance_msgs/msg/TareData.lisp
[1.748s] -- Up-to-date symlink: /home/rick/catkin_ws/src/install/baxter_maintenance_msgs/share/common-lisp/ros/baxter_maintenance_msgs/msg/TareEnable.lisp
[1.748s] -- Up-to-date symlink: /home/rick/catkin_ws/src/install/baxter_maintenance_msgs/share/common-lisp/ros/baxter_maintenance_msgs/msg/UpdateSource.lisp
[1.748s] -- Up-to-date symlink: /home/rick/catkin_ws/src/install/baxter_maintenance_msgs/share/common-lisp/ros/baxter_maintenance_msgs/msg/UpdateSources.lisp
[1.749s] -- Up-to-date symlink: /home/rick/catkin_ws/src/install/baxter_maintenance_msgs/share/common-lisp/ros/baxter_maintenance_msgs/msg/UpdateStatus.lisp
[1.749s] -- Up-to-date symlink: /home/rick/catkin_ws/src/install/baxter_maintenance_msgs/share/common-lisp/ros/baxter_maintenance_msgs/msg/_package.lisp
[1.749s] -- Up-to-date symlink: /home/rick/catkin_ws/src/install/baxter_maintenance_msgs/share/common-lisp/ros/baxter_maintenance_msgs/msg/_package_CalibrateArmData.lisp
[1.749s] -- Up-to-date symlink: /home/rick/catkin_ws/src/install/baxter_maintenance_msgs/share/common-lisp/ros/baxter_maintenance_msgs/msg/_package_CalibrateArmEnable.lisp
[1.749s] -- Up-to-date symlink: /home/rick/catkin_ws/src/install/baxter_maintenance_msgs/share/common-lisp/ros/baxter_maintenance_msgs/msg/_package_TareData.lisp
[1.750s] -- Up-to-date symlink: /home/rick/catkin_ws/src/install/baxter_maintenance_msgs/share/common-lisp/ros/baxter_maintenance_msgs/msg/_package_TareEnable.lisp
[1.750s] -- Up-to-date symlink: /home/rick/catkin_ws/src/install/baxter_maintenance_msgs/share/common-lisp/ros/baxter_maintenance_msgs/msg/_package_UpdateSource.lisp
[1.750s] -- Up-to-date symlink: /home/rick/catkin_ws/src/install/baxter_maintenance_msgs/share/common-lisp/ros/baxter_maintenance_msgs/msg/_package_UpdateSources.lisp
[1.750s] -- Up-to-date symlink: /home/rick/catkin_ws/src/install/baxter_maintenance_msgs/share/common-lisp/ros/baxter_maintenance_msgs/msg/_package_UpdateStatus.lisp
[1.751s] -- Up-to-date symlink: /home/rick/catkin_ws/src/install/baxter_maintenance_msgs/share/common-lisp/ros/baxter_maintenance_msgs/msg/baxter_maintenance_msgs-msg.asd
[1.751s] -- Up-to-date symlink: /home/rick/catkin_ws/src/install/baxter_maintenance_msgs/share/gennodejs/ros/baxter_maintenance_msgs/_index.js
[1.752s] -- Up-to-date symlink: /home/rick/catkin_ws/src/install/baxter_maintenance_msgs/share/gennodejs/ros/baxter_maintenance_msgs/msg/CalibrateArmData.js
[1.752s] -- Up-to-date symlink: /home/rick/catkin_ws/src/install/baxter_maintenance_msgs/share/gennodejs/ros/baxter_maintenance_msgs/msg/CalibrateArmEnable.js
[1.752s] -- Up-to-date symlink: /home/rick/catkin_ws/src/install/baxter_maintenance_msgs/share/gennodejs/ros/baxter_maintenance_msgs/msg/TareData.js
[1.752s] -- Up-to-date symlink: /home/rick/catkin_ws/src/install/baxter_maintenance_msgs/share/gennodejs/ros/baxter_maintenance_msgs/msg/TareEnable.js
[1.752s] -- Up-to-date symlink: /home/rick/catkin_ws/src/install/baxter_maintenance_msgs/share/gennodejs/ros/baxter_maintenance_msgs/msg/UpdateSource.js
[1.753s] -- Up-to-date symlink: /home/rick/catkin_ws/src/install/baxter_maintenance_msgs/share/gennodejs/ros/baxter_maintenance_msgs/msg/UpdateSources.js
[1.753s] -- Up-to-date symlink: /home/rick/catkin_ws/src/install/baxter_maintenance_msgs/share/gennodejs/ros/baxter_maintenance_msgs/msg/UpdateStatus.js
[1.753s] -- Up-to-date symlink: /home/rick/catkin_ws/src/install/baxter_maintenance_msgs/share/gennodejs/ros/baxter_maintenance_msgs/msg/_index.js
[1.754s] -- Up-to-date symlink: /home/rick/catkin_ws/src/install/baxter_maintenance_msgs/lib/python2.7/dist-packages/baxter_maintenance_msgs/__init__.py
[1.754s] -- Symlinking: /home/rick/catkin_ws/src/install/baxter_maintenance_msgs/lib/python2.7/dist-packages/baxter_maintenance_msgs/__init__.pyc
[1.763s] -- Up-to-date symlink: /home/rick/catkin_ws/src/install/baxter_maintenance_msgs/lib/python2.7/dist-packages/baxter_maintenance_msgs/msg/_CalibrateArmData.py
[1.763s] -- Symlinking: /home/rick/catkin_ws/src/install/baxter_maintenance_msgs/lib/python2.7/dist-packages/baxter_maintenance_msgs/msg/_CalibrateArmData.pyc
[1.770s] -- Up-to-date symlink: /home/rick/catkin_ws/src/install/baxter_maintenance_msgs/lib/python2.7/dist-packages/baxter_maintenance_msgs/msg/_CalibrateArmEnable.py
[1.770s] -- Symlinking: /home/rick/catkin_ws/src/install/baxter_maintenance_msgs/lib/python2.7/dist-packages/baxter_maintenance_msgs/msg/_CalibrateArmEnable.pyc
[1.779s] -- Up-to-date symlink: /home/rick/catkin_ws/src/install/baxter_maintenance_msgs/lib/python2.7/dist-packages/baxter_maintenance_msgs/msg/_TareData.py
[1.780s] -- Symlinking: /home/rick/catkin_ws/src/install/baxter_maintenance_msgs/lib/python2.7/dist-packages/baxter_maintenance_msgs/msg/_TareData.pyc
[1.798s] -- Up-to-date symlink: /home/rick/catkin_ws/src/install/baxter_maintenance_msgs/lib/python2.7/dist-packages/baxter_maintenance_msgs/msg/_TareEnable.py
[1.799s] -- Symlinking: /home/rick/catkin_ws/src/install/baxter_maintenance_msgs/lib/python2.7/dist-packages/baxter_maintenance_msgs/msg/_TareEnable.pyc
[1.807s] -- Up-to-date symlink: /home/rick/catkin_ws/src/install/baxter_maintenance_msgs/lib/python2.7/dist-packages/baxter_maintenance_msgs/msg/_UpdateSource.py
[1.807s] -- Symlinking: /home/rick/catkin_ws/src/install/baxter_maintenance_msgs/lib/python2.7/dist-packages/baxter_maintenance_msgs/msg/_UpdateSource.pyc
[1.816s] -- Up-to-date symlink: /home/rick/catkin_ws/src/install/baxter_maintenance_msgs/lib/python2.7/dist-packages/baxter_maintenance_msgs/msg/_UpdateSources.py
[1.817s] -- Symlinking: /home/rick/catkin_ws/src/install/baxter_maintenance_msgs/lib/python2.7/dist-packages/baxter_maintenance_msgs/msg/_UpdateSources.pyc
[1.829s] -- Up-to-date symlink: /home/rick/catkin_ws/src/install/baxter_maintenance_msgs/lib/python2.7/dist-packages/baxter_maintenance_msgs/msg/_UpdateStatus.py
[1.830s] -- Symlinking: /home/rick/catkin_ws/src/install/baxter_maintenance_msgs/lib/python2.7/dist-packages/baxter_maintenance_msgs/msg/_UpdateStatus.pyc
[1.845s] -- Up-to-date symlink: /home/rick/catkin_ws/src/install/baxter_maintenance_msgs/lib/python2.7/dist-packages/baxter_maintenance_msgs/msg/__init__.py
[1.845s] -- Symlinking: /home/rick/catkin_ws/src/install/baxter_maintenance_msgs/lib/python2.7/dist-packages/baxter_maintenance_msgs/msg/__init__.pyc
[1.852s] -- Up-to-date symlink: /home/rick/catkin_ws/src/install/baxter_maintenance_msgs/lib/pkgconfig/baxter_maintenance_msgs.pc
[1.853s] -- Up-to-date symlink: /home/rick/catkin_ws/src/install/baxter_maintenance_msgs/share/baxter_maintenance_msgs/cmake/baxter_maintenance_msgs-msg-extras.cmake
[1.853s] -- Up-to-date symlink: /home/rick/catkin_ws/src/install/baxter_maintenance_msgs/share/baxter_maintenance_msgs/cmake/baxter_maintenance_msgsConfig.cmake
[1.854s] -- Up-to-date symlink: /home/rick/catkin_ws/src/install/baxter_maintenance_msgs/share/baxter_maintenance_msgs/cmake/baxter_maintenance_msgsConfig-version.cmake
[1.854s] -- Up-to-date symlink: /home/rick/catkin_ws/src/install/baxter_maintenance_msgs/share/baxter_maintenance_msgs/package.xml
[1.877s] Listing /home/rick/catkin_ws/src/build/baxter_maintenance_msgs/devel/lib/python2.7/dist-packages/baxter_maintenance_msgs ...
[1.877s] Listing /home/rick/catkin_ws/src/build/baxter_maintenance_msgs/devel/lib/python2.7/dist-packages/baxter_maintenance_msgs/msg ...
[1.898s] Invoked command in '/home/rick/catkin_ws/src/build/baxter_maintenance_msgs' returned '0': /usr/bin/cmake --build /home/rick/catkin_ws/src/build/baxter_maintenance_msgs --target install -- -j2 -l2
