-- The C compiler identification is GNU 5.4.0
-- The CXX compiler identification is GNU 5.4.0
-- Check for working C compiler: /usr/bin/cc
-- Check for working C compiler: /usr/bin/cc -- works
-- Detecting C compiler ABI info
-- Detecting C compiler ABI info - done
-- Detecting C compile features
-- Detecting C compile features - done
-- Check for working CXX compiler: /usr/bin/c++
-- Check for working CXX compiler: /usr/bin/c++ -- works
-- Detecting CXX compiler ABI info
-- Detecting CXX compiler ABI info - done
-- Detecting CXX compile features
-- Detecting CXX compile features - done
-- Using CATKIN_DEVEL_PREFIX: /home/rick/catkin_ws/src/build/baxter_description/devel
-- Using CMAKE_PREFIX_PATH: /home/rick/catkin_ws/src/install/rethink_ee_description;/opt/ros/kinetic
-- This workspace overlays: /home/rick/catkin_ws/src/install/rethink_ee_description;/opt/ros/kinetic
-- Override CMake install command with custom implementation using symlinks instead of copying resources
-- Found PythonInterp: /usr/bin/python2 (found suitable version "2.7.12", minimum required is "2") 
-- Using PYTHON_EXECUTABLE: /usr/bin/python2
-- Using Debian Python package layout
-- Using empy: /usr/bin/empy
-- Using CATKIN_ENABLE_TESTING: ON
-- Call enable_testing()
-- Using CATKIN_TEST_RESULTS_DIR: /home/rick/catkin_ws/src/build/baxter_description/test_results
-- Found gtest sources under '/usr/src/gmock': gtests will be built
-- Found gmock sources under '/usr/src/gmock': gmock will be built
-- Found PythonInterp: /usr/bin/python2 (found version "2.7.12") 
-- Looking for pthread.h
-- Looking for pthread.h - found
-- Looking for pthread_create
-- Looking for pthread_create - not found
-- Looking for pthread_create in pthreads
-- Looking for pthread_create in pthreads - not found
-- Looking for pthread_create in pthread
-- Looking for pthread_create in pthread - found
-- Found Threads: TRUE  
-- Using Python nosetests: /usr/bin/nosetests-2.7
-- catkin 0.7.20
-- BUILD_SHARED_LIBS is on
-- Configuring done
-- Generating done
-- Build files have been written to: /home/rick/catkin_ws/src/build/baxter_description
[35m[1mScanning dependencies of target tests[0m
Built target tests
[36mInstall the project...[0m
-- Install configuration: ""
-- Execute custom install script
-- Symlinking: /home/rick/catkin_ws/src/install/baxter_description/lib/pkgconfig/baxter_description.pc
-- Symlinking: /home/rick/catkin_ws/src/install/baxter_description/share/baxter_description/cmake/baxter_descriptionConfig.cmake
-- Symlinking: /home/rick/catkin_ws/src/install/baxter_description/share/baxter_description/cmake/baxter_descriptionConfig-version.cmake
-- Symlinking: /home/rick/catkin_ws/src/install/baxter_description/share/baxter_description/package.xml
-- Symlinking: /home/rick/catkin_ws/src/install/baxter_description/share/baxter_description/meshes/base/PEDESTAL.DAE
-- Symlinking: /home/rick/catkin_ws/src/install/baxter_description/share/baxter_description/meshes/base/PEDESTAL.STL
-- Symlinking: /home/rick/catkin_ws/src/install/baxter_description/share/baxter_description/meshes/base/pedestal_link_collision.DAE
-- Symlinking: /home/rick/catkin_ws/src/install/baxter_description/share/baxter_description/meshes/base/pedestal_link_collision.STL
-- Symlinking: /home/rick/catkin_ws/src/install/baxter_description/share/baxter_description/meshes/head/H0.DAE
-- Symlinking: /home/rick/catkin_ws/src/install/baxter_description/share/baxter_description/meshes/head/H0.STL
-- Symlinking: /home/rick/catkin_ws/src/install/baxter_description/share/baxter_description/meshes/head/H1.DAE
-- Symlinking: /home/rick/catkin_ws/src/install/baxter_description/share/baxter_description/meshes/head/H1.STL
-- Symlinking: /home/rick/catkin_ws/src/install/baxter_description/share/baxter_description/meshes/lower_elbow/E1.DAE
-- Symlinking: /home/rick/catkin_ws/src/install/baxter_description/share/baxter_description/meshes/lower_elbow/E1.STL
-- Symlinking: /home/rick/catkin_ws/src/install/baxter_description/share/baxter_description/meshes/lower_forearm/W1.DAE
-- Symlinking: /home/rick/catkin_ws/src/install/baxter_description/share/baxter_description/meshes/lower_forearm/W1.STL
-- Symlinking: /home/rick/catkin_ws/src/install/baxter_description/share/baxter_description/meshes/lower_shoulder/S1.DAE
-- Symlinking: /home/rick/catkin_ws/src/install/baxter_description/share/baxter_description/meshes/lower_shoulder/S1.STL
-- Symlinking: /home/rick/catkin_ws/src/install/baxter_description/share/baxter_description/meshes/torso/base_link.DAE
-- Symlinking: /home/rick/catkin_ws/src/install/baxter_description/share/baxter_description/meshes/torso/base_link.STL
-- Symlinking: /home/rick/catkin_ws/src/install/baxter_description/share/baxter_description/meshes/torso/base_link_collision.DAE
-- Symlinking: /home/rick/catkin_ws/src/install/baxter_description/share/baxter_description/meshes/torso/base_link_collision.STL
-- Symlinking: /home/rick/catkin_ws/src/install/baxter_description/share/baxter_description/meshes/upper_elbow/E0.DAE
-- Symlinking: /home/rick/catkin_ws/src/install/baxter_description/share/baxter_description/meshes/upper_elbow/E0.STL
-- Symlinking: /home/rick/catkin_ws/src/install/baxter_description/share/baxter_description/meshes/upper_forearm/W0.DAE
-- Symlinking: /home/rick/catkin_ws/src/install/baxter_description/share/baxter_description/meshes/upper_forearm/W0.STL
-- Symlinking: /home/rick/catkin_ws/src/install/baxter_description/share/baxter_description/meshes/upper_shoulder/S0.DAE
-- Symlinking: /home/rick/catkin_ws/src/install/baxter_description/share/baxter_description/meshes/upper_shoulder/S0.STL
-- Symlinking: /home/rick/catkin_ws/src/install/baxter_description/share/baxter_description/meshes/wrist/W2.DAE
-- Symlinking: /home/rick/catkin_ws/src/install/baxter_description/share/baxter_description/meshes/wrist/W2.STL
-- Symlinking: /home/rick/catkin_ws/src/install/baxter_description/share/baxter_description/urdf/baxter.urdf.xacro
-- Symlinking: /home/rick/catkin_ws/src/install/baxter_description/share/baxter_description/urdf/baxter_base/baxter_base.gazebo.xacro
-- Symlinking: /home/rick/catkin_ws/src/install/baxter_description/share/baxter_description/urdf/baxter_base/baxter_base.urdf.xacro
-- Symlinking: /home/rick/catkin_ws/src/install/baxter_description/share/baxter_description/urdf/convert_to_urdf_and_sdf.sh
-- Symlinking: /home/rick/catkin_ws/src/install/baxter_description/share/baxter_description/urdf/left_end_effector.urdf.xacro
-- Symlinking: /home/rick/catkin_ws/src/install/baxter_description/share/baxter_description/urdf/pedestal/pedestal.xacro
-- Symlinking: /home/rick/catkin_ws/src/install/baxter_description/share/baxter_description/urdf/right_end_effector.urdf.xacro
