[0.048s] Invoking command in '/home/rick/catkin_ws/src/build/baxter_description': CMAKE_PREFIX_PATH=/home/rick/catkin_ws/src/install/rethink_ee_description:${CMAKE_PREFIX_PATH} PKG_CONFIG_PATH=/home/rick/catkin_ws/src/install/rethink_ee_description/lib/x86_64-linux-gnu/pkgconfig:/home/rick/catkin_ws/src/install/rethink_ee_description/lib/pkgconfig:${PKG_CONFIG_PATH} ROS_PACKAGE_PATH=/home/rick/catkin_ws/src/install/rethink_ee_description/share:${ROS_PACKAGE_PATH} /usr/bin/cmake /home/rick/catkin_ws/src/baxter_common/baxter_description -DCATKIN_INSTALL_INTO_PREFIX_ROOT=0 -DCATKIN_SYMLINK_INSTALL=ON -DCMAKE_INSTALL_PREFIX=/home/rick/catkin_ws/src/install/baxter_description
[0.253s] -- The C compiler identification is GNU 5.4.0
[0.455s] -- The CXX compiler identification is GNU 5.4.0
[0.458s] -- Check for working C compiler: /usr/bin/cc
[0.590s] -- Check for working C compiler: /usr/bin/cc -- works
[0.590s] -- Detecting C compiler ABI info
[0.838s] -- Detecting C compiler ABI info - done
[0.853s] -- Detecting C compile features
[1.357s] -- Detecting C compile features - done
[1.365s] -- Check for working CXX compiler: /usr/bin/c++
[1.492s] -- Check for working CXX compiler: /usr/bin/c++ -- works
[1.493s] -- Detecting CXX compiler ABI info
[1.763s] -- Detecting CXX compiler ABI info - done
[1.774s] -- Detecting CXX compile features
[2.329s] -- Detecting CXX compile features - done
[2.334s] -- Using CATKIN_DEVEL_PREFIX: /home/rick/catkin_ws/src/build/baxter_description/devel
[2.335s] -- Using CMAKE_PREFIX_PATH: /home/rick/catkin_ws/src/install/rethink_ee_description;/opt/ros/kinetic
[2.335s] -- This workspace overlays: /home/rick/catkin_ws/src/install/rethink_ee_description;/opt/ros/kinetic
[2.338s] -- Override CMake install command with custom implementation using symlinks instead of copying resources
[2.371s] -- Found PythonInterp: /usr/bin/python2 (found suitable version "2.7.12", minimum required is "2") 
[2.371s] -- Using PYTHON_EXECUTABLE: /usr/bin/python2
[2.371s] -- Using Debian Python package layout
[2.372s] -- Using empy: /usr/bin/empy
[2.672s] -- Using CATKIN_ENABLE_TESTING: ON
[2.673s] -- Call enable_testing()
[2.674s] -- Using CATKIN_TEST_RESULTS_DIR: /home/rick/catkin_ws/src/build/baxter_description/test_results
[2.719s] -- Found gtest sources under '/usr/src/gmock': gtests will be built
[2.719s] -- Found gmock sources under '/usr/src/gmock': gmock will be built
[2.765s] -- Found PythonInterp: /usr/bin/python2 (found version "2.7.12") 
[2.773s] -- Looking for pthread.h
[2.928s] -- Looking for pthread.h - found
[2.934s] -- Looking for pthread_create
[3.090s] -- Looking for pthread_create - not found
[3.090s] -- Looking for pthread_create in pthreads
[3.198s] -- Looking for pthread_create in pthreads - not found
[3.198s] -- Looking for pthread_create in pthread
[3.318s] -- Looking for pthread_create in pthread - found
[3.318s] -- Found Threads: TRUE  
[3.326s] -- Using Python nosetests: /usr/bin/nosetests-2.7
[3.378s] -- catkin 0.7.20
[3.378s] -- BUILD_SHARED_LIBS is on
[3.722s] -- Configuring done
[3.746s] -- Generating done
[3.749s] -- Build files have been written to: /home/rick/catkin_ws/src/build/baxter_description
[3.761s] Invoked command in '/home/rick/catkin_ws/src/build/baxter_description' returned '0': CMAKE_PREFIX_PATH=/home/rick/catkin_ws/src/install/rethink_ee_description:${CMAKE_PREFIX_PATH} PKG_CONFIG_PATH=/home/rick/catkin_ws/src/install/rethink_ee_description/lib/x86_64-linux-gnu/pkgconfig:/home/rick/catkin_ws/src/install/rethink_ee_description/lib/pkgconfig:${PKG_CONFIG_PATH} ROS_PACKAGE_PATH=/home/rick/catkin_ws/src/install/rethink_ee_description/share:${ROS_PACKAGE_PATH} /usr/bin/cmake /home/rick/catkin_ws/src/baxter_common/baxter_description -DCATKIN_INSTALL_INTO_PREFIX_ROOT=0 -DCATKIN_SYMLINK_INSTALL=ON -DCMAKE_INSTALL_PREFIX=/home/rick/catkin_ws/src/install/baxter_description
[3.762s] Invoking command in '/home/rick/catkin_ws/src/build/baxter_description': CMAKE_PREFIX_PATH=/home/rick/catkin_ws/src/install/rethink_ee_description:${CMAKE_PREFIX_PATH} PKG_CONFIG_PATH=/home/rick/catkin_ws/src/install/rethink_ee_description/lib/x86_64-linux-gnu/pkgconfig:/home/rick/catkin_ws/src/install/rethink_ee_description/lib/pkgconfig:${PKG_CONFIG_PATH} ROS_PACKAGE_PATH=/home/rick/catkin_ws/src/install/rethink_ee_description/share:${ROS_PACKAGE_PATH} /usr/bin/cmake --build /home/rick/catkin_ws/src/build/baxter_description -- -j2 -l2
[3.874s] Invoked command in '/home/rick/catkin_ws/src/build/baxter_description' returned '0': CMAKE_PREFIX_PATH=/home/rick/catkin_ws/src/install/rethink_ee_description:${CMAKE_PREFIX_PATH} PKG_CONFIG_PATH=/home/rick/catkin_ws/src/install/rethink_ee_description/lib/x86_64-linux-gnu/pkgconfig:/home/rick/catkin_ws/src/install/rethink_ee_description/lib/pkgconfig:${PKG_CONFIG_PATH} ROS_PACKAGE_PATH=/home/rick/catkin_ws/src/install/rethink_ee_description/share:${ROS_PACKAGE_PATH} /usr/bin/cmake --build /home/rick/catkin_ws/src/build/baxter_description -- -j2 -l2
[3.949s] Invoking command in '/home/rick/catkin_ws/src/build/baxter_description': CMAKE_PREFIX_PATH=/home/rick/catkin_ws/src/install/rethink_ee_description:${CMAKE_PREFIX_PATH} PKG_CONFIG_PATH=/home/rick/catkin_ws/src/install/rethink_ee_description/lib/x86_64-linux-gnu/pkgconfig:/home/rick/catkin_ws/src/install/rethink_ee_description/lib/pkgconfig:${PKG_CONFIG_PATH} ROS_PACKAGE_PATH=/home/rick/catkin_ws/src/install/rethink_ee_description/share:${ROS_PACKAGE_PATH} /usr/bin/cmake --build /home/rick/catkin_ws/src/build/baxter_description --target tests -- -j2 -l2
[4.024s] [35m[1mScanning dependencies of target tests[0m
[4.039s] Built target tests
[4.064s] Invoked command in '/home/rick/catkin_ws/src/build/baxter_description' returned '0': CMAKE_PREFIX_PATH=/home/rick/catkin_ws/src/install/rethink_ee_description:${CMAKE_PREFIX_PATH} PKG_CONFIG_PATH=/home/rick/catkin_ws/src/install/rethink_ee_description/lib/x86_64-linux-gnu/pkgconfig:/home/rick/catkin_ws/src/install/rethink_ee_description/lib/pkgconfig:${PKG_CONFIG_PATH} ROS_PACKAGE_PATH=/home/rick/catkin_ws/src/install/rethink_ee_description/share:${ROS_PACKAGE_PATH} /usr/bin/cmake --build /home/rick/catkin_ws/src/build/baxter_description --target tests -- -j2 -l2
[4.113s] Invoking command in '/home/rick/catkin_ws/src/build/baxter_description': CMAKE_PREFIX_PATH=/home/rick/catkin_ws/src/install/rethink_ee_description:${CMAKE_PREFIX_PATH} PKG_CONFIG_PATH=/home/rick/catkin_ws/src/install/rethink_ee_description/lib/x86_64-linux-gnu/pkgconfig:/home/rick/catkin_ws/src/install/rethink_ee_description/lib/pkgconfig:${PKG_CONFIG_PATH} ROS_PACKAGE_PATH=/home/rick/catkin_ws/src/install/rethink_ee_description/share:${ROS_PACKAGE_PATH} /usr/bin/cmake --build /home/rick/catkin_ws/src/build/baxter_description --target install -- -j2 -l2
[4.210s] [36mInstall the project...[0m
[4.220s] -- Install configuration: ""
[4.220s] -- Execute custom install script
[4.220s] -- Symlinking: /home/rick/catkin_ws/src/install/baxter_description/lib/pkgconfig/baxter_description.pc
[4.231s] -- Symlinking: /home/rick/catkin_ws/src/install/baxter_description/share/baxter_description/cmake/baxter_descriptionConfig.cmake
[4.240s] -- Symlinking: /home/rick/catkin_ws/src/install/baxter_description/share/baxter_description/cmake/baxter_descriptionConfig-version.cmake
[4.249s] -- Symlinking: /home/rick/catkin_ws/src/install/baxter_description/share/baxter_description/package.xml
[4.268s] -- Symlinking: /home/rick/catkin_ws/src/install/baxter_description/share/baxter_description/meshes/base/PEDESTAL.DAE
[4.274s] -- Symlinking: /home/rick/catkin_ws/src/install/baxter_description/share/baxter_description/meshes/base/PEDESTAL.STL
[4.281s] -- Symlinking: /home/rick/catkin_ws/src/install/baxter_description/share/baxter_description/meshes/base/pedestal_link_collision.DAE
[4.293s] -- Symlinking: /home/rick/catkin_ws/src/install/baxter_description/share/baxter_description/meshes/base/pedestal_link_collision.STL
[4.301s] -- Symlinking: /home/rick/catkin_ws/src/install/baxter_description/share/baxter_description/meshes/head/H0.DAE
[4.308s] -- Symlinking: /home/rick/catkin_ws/src/install/baxter_description/share/baxter_description/meshes/head/H0.STL
[4.317s] -- Symlinking: /home/rick/catkin_ws/src/install/baxter_description/share/baxter_description/meshes/head/H1.DAE
[4.324s] -- Symlinking: /home/rick/catkin_ws/src/install/baxter_description/share/baxter_description/meshes/head/H1.STL
[4.333s] -- Symlinking: /home/rick/catkin_ws/src/install/baxter_description/share/baxter_description/meshes/lower_elbow/E1.DAE
[4.341s] -- Symlinking: /home/rick/catkin_ws/src/install/baxter_description/share/baxter_description/meshes/lower_elbow/E1.STL
[4.351s] -- Symlinking: /home/rick/catkin_ws/src/install/baxter_description/share/baxter_description/meshes/lower_forearm/W1.DAE
[4.366s] -- Symlinking: /home/rick/catkin_ws/src/install/baxter_description/share/baxter_description/meshes/lower_forearm/W1.STL
[4.378s] -- Symlinking: /home/rick/catkin_ws/src/install/baxter_description/share/baxter_description/meshes/lower_shoulder/S1.DAE
[4.399s] -- Symlinking: /home/rick/catkin_ws/src/install/baxter_description/share/baxter_description/meshes/lower_shoulder/S1.STL
[4.407s] -- Symlinking: /home/rick/catkin_ws/src/install/baxter_description/share/baxter_description/meshes/torso/base_link.DAE
[4.423s] -- Symlinking: /home/rick/catkin_ws/src/install/baxter_description/share/baxter_description/meshes/torso/base_link.STL
[4.436s] -- Symlinking: /home/rick/catkin_ws/src/install/baxter_description/share/baxter_description/meshes/torso/base_link_collision.DAE
[4.445s] -- Symlinking: /home/rick/catkin_ws/src/install/baxter_description/share/baxter_description/meshes/torso/base_link_collision.STL
[4.453s] -- Symlinking: /home/rick/catkin_ws/src/install/baxter_description/share/baxter_description/meshes/upper_elbow/E0.DAE
[4.473s] -- Symlinking: /home/rick/catkin_ws/src/install/baxter_description/share/baxter_description/meshes/upper_elbow/E0.STL
[4.493s] -- Symlinking: /home/rick/catkin_ws/src/install/baxter_description/share/baxter_description/meshes/upper_forearm/W0.DAE
[4.509s] -- Symlinking: /home/rick/catkin_ws/src/install/baxter_description/share/baxter_description/meshes/upper_forearm/W0.STL
[4.521s] -- Symlinking: /home/rick/catkin_ws/src/install/baxter_description/share/baxter_description/meshes/upper_shoulder/S0.DAE
[4.534s] -- Symlinking: /home/rick/catkin_ws/src/install/baxter_description/share/baxter_description/meshes/upper_shoulder/S0.STL
[4.546s] -- Symlinking: /home/rick/catkin_ws/src/install/baxter_description/share/baxter_description/meshes/wrist/W2.DAE
[4.557s] -- Symlinking: /home/rick/catkin_ws/src/install/baxter_description/share/baxter_description/meshes/wrist/W2.STL
[4.580s] -- Symlinking: /home/rick/catkin_ws/src/install/baxter_description/share/baxter_description/urdf/baxter.urdf.xacro
[4.589s] -- Symlinking: /home/rick/catkin_ws/src/install/baxter_description/share/baxter_description/urdf/baxter_base/baxter_base.gazebo.xacro
[4.600s] -- Symlinking: /home/rick/catkin_ws/src/install/baxter_description/share/baxter_description/urdf/baxter_base/baxter_base.urdf.xacro
[4.611s] -- Symlinking: /home/rick/catkin_ws/src/install/baxter_description/share/baxter_description/urdf/convert_to_urdf_and_sdf.sh
[4.618s] -- Symlinking: /home/rick/catkin_ws/src/install/baxter_description/share/baxter_description/urdf/left_end_effector.urdf.xacro
[4.628s] -- Symlinking: /home/rick/catkin_ws/src/install/baxter_description/share/baxter_description/urdf/pedestal/pedestal.xacro
[4.642s] -- Symlinking: /home/rick/catkin_ws/src/install/baxter_description/share/baxter_description/urdf/right_end_effector.urdf.xacro
[4.678s] Invoked command in '/home/rick/catkin_ws/src/build/baxter_description' returned '0': CMAKE_PREFIX_PATH=/home/rick/catkin_ws/src/install/rethink_ee_description:${CMAKE_PREFIX_PATH} PKG_CONFIG_PATH=/home/rick/catkin_ws/src/install/rethink_ee_description/lib/x86_64-linux-gnu/pkgconfig:/home/rick/catkin_ws/src/install/rethink_ee_description/lib/pkgconfig:${PKG_CONFIG_PATH} ROS_PACKAGE_PATH=/home/rick/catkin_ws/src/install/rethink_ee_description/share:${ROS_PACKAGE_PATH} /usr/bin/cmake --build /home/rick/catkin_ws/src/build/baxter_description --target install -- -j2 -l2
