[0.060s] Invoking command in '/home/rick/catkin_ws/src/build/baxter_common': CMAKE_PREFIX_PATH=/home/rick/catkin_ws/src/install/baxter_description:/home/rick/catkin_ws/src/install/rethink_ee_description:/home/rick/catkin_ws/src/install/baxter_maintenance_msgs:/home/rick/catkin_ws/src/install/baxter_core_msgs:${CMAKE_PREFIX_PATH} PKG_CONFIG_PATH=/home/rick/catkin_ws/src/install/baxter_description/lib/x86_64-linux-gnu/pkgconfig:/home/rick/catkin_ws/src/install/baxter_description/lib/pkgconfig:/home/rick/catkin_ws/src/install/rethink_ee_description/lib/x86_64-linux-gnu/pkgconfig:/home/rick/catkin_ws/src/install/rethink_ee_description/lib/pkgconfig:/home/rick/catkin_ws/src/install/baxter_maintenance_msgs/lib/x86_64-linux-gnu/pkgconfig:/home/rick/catkin_ws/src/install/baxter_maintenance_msgs/lib/pkgconfig:/home/rick/catkin_ws/src/install/baxter_core_msgs/lib/x86_64-linux-gnu/pkgconfig:/home/rick/catkin_ws/src/install/baxter_core_msgs/lib/pkgconfig:${PKG_CONFIG_PATH} PYTHONPATH=/home/rick/catkin_ws/src/install/baxter_maintenance_msgs/lib/python2.7/dist-packages:/home/rick/catkin_ws/src/install/baxter_core_msgs/lib/python2.7/dist-packages:${PYTHONPATH} ROS_PACKAGE_PATH=/home/rick/catkin_ws/src/install/baxter_description/share:/home/rick/catkin_ws/src/install/rethink_ee_description/share:/home/rick/catkin_ws/src/install/baxter_maintenance_msgs/share:/home/rick/catkin_ws/src/install/baxter_core_msgs/share:${ROS_PACKAGE_PATH} /usr/bin/cmake /home/rick/catkin_ws/src/baxter_common/baxter_common -DCATKIN_INSTALL_INTO_PREFIX_ROOT=0 -DCATKIN_SYMLINK_INSTALL=ON -DCMAKE_INSTALL_PREFIX=/home/rick/catkin_ws/src/install/baxter_common
[0.177s] -- The C compiler identification is GNU 5.4.0
[0.264s] -- The CXX compiler identification is GNU 5.4.0
[0.269s] -- Check for working C compiler: /usr/bin/cc
[0.354s] -- Check for working C compiler: /usr/bin/cc -- works
[0.354s] -- Detecting C compiler ABI info
[0.438s] -- Detecting C compiler ABI info - done
[0.439s] -- Detecting C compile features
[0.695s] -- Detecting C compile features - done
[0.703s] -- Check for working CXX compiler: /usr/bin/c++
[0.820s] -- Check for working CXX compiler: /usr/bin/c++ -- works
[0.832s] -- Detecting CXX compiler ABI info
[0.906s] -- Detecting CXX compiler ABI info - done
[0.919s] -- Detecting CXX compile features
[1.224s] -- Detecting CXX compile features - done
[1.226s] -- Using CATKIN_DEVEL_PREFIX: /home/rick/catkin_ws/src/build/baxter_common/devel
[1.226s] -- Using CMAKE_PREFIX_PATH: /home/rick/catkin_ws/src/install/baxter_description;/home/rick/catkin_ws/src/install/rethink_ee_description;/home/rick/catkin_ws/src/install/baxter_maintenance_msgs;/home/rick/catkin_ws/src/install/baxter_core_msgs;/opt/ros/kinetic
[1.227s] -- This workspace overlays: /home/rick/catkin_ws/src/install/baxter_description;/home/rick/catkin_ws/src/install/rethink_ee_description;/home/rick/catkin_ws/src/install/baxter_maintenance_msgs;/home/rick/catkin_ws/src/install/baxter_core_msgs;/opt/ros/kinetic
[1.229s] -- Override CMake install command with custom implementation using symlinks instead of copying resources
[1.242s] -- Found PythonInterp: /usr/bin/python2 (found suitable version "2.7.12", minimum required is "2") 
[1.243s] -- Using PYTHON_EXECUTABLE: /usr/bin/python2
[1.243s] -- Using Debian Python package layout
[1.244s] -- Using empy: /usr/bin/empy
[1.466s] -- Using CATKIN_ENABLE_TESTING: ON
[1.466s] -- Call enable_testing()
[1.473s] -- Using CATKIN_TEST_RESULTS_DIR: /home/rick/catkin_ws/src/build/baxter_common/test_results
[1.495s] -- Found gtest sources under '/usr/src/gmock': gtests will be built
[1.495s] -- Found gmock sources under '/usr/src/gmock': gmock will be built
[1.509s] -- Found PythonInterp: /usr/bin/python2 (found version "2.7.12") 
[1.509s] -- Looking for pthread.h
[1.622s] -- Looking for pthread.h - found
[1.622s] -- Looking for pthread_create
[1.710s] -- Looking for pthread_create - not found
[1.714s] -- Looking for pthread_create in pthreads
[1.789s] -- Looking for pthread_create in pthreads - not found
[1.790s] -- Looking for pthread_create in pthread
[1.878s] -- Looking for pthread_create in pthread - found
[1.879s] -- Found Threads: TRUE  
[1.879s] -- Using Python nosetests: /usr/bin/nosetests-2.7
[1.921s] -- catkin 0.7.20
[1.921s] -- BUILD_SHARED_LIBS is on
[2.084s] -- Configuring done
[2.096s] -- Generating done
[2.102s] -- Build files have been written to: /home/rick/catkin_ws/src/build/baxter_common
[2.110s] Invoked command in '/home/rick/catkin_ws/src/build/baxter_common' returned '0': CMAKE_PREFIX_PATH=/home/rick/catkin_ws/src/install/baxter_description:/home/rick/catkin_ws/src/install/rethink_ee_description:/home/rick/catkin_ws/src/install/baxter_maintenance_msgs:/home/rick/catkin_ws/src/install/baxter_core_msgs:${CMAKE_PREFIX_PATH} PKG_CONFIG_PATH=/home/rick/catkin_ws/src/install/baxter_description/lib/x86_64-linux-gnu/pkgconfig:/home/rick/catkin_ws/src/install/baxter_description/lib/pkgconfig:/home/rick/catkin_ws/src/install/rethink_ee_description/lib/x86_64-linux-gnu/pkgconfig:/home/rick/catkin_ws/src/install/rethink_ee_description/lib/pkgconfig:/home/rick/catkin_ws/src/install/baxter_maintenance_msgs/lib/x86_64-linux-gnu/pkgconfig:/home/rick/catkin_ws/src/install/baxter_maintenance_msgs/lib/pkgconfig:/home/rick/catkin_ws/src/install/baxter_core_msgs/lib/x86_64-linux-gnu/pkgconfig:/home/rick/catkin_ws/src/install/baxter_core_msgs/lib/pkgconfig:${PKG_CONFIG_PATH} PYTHONPATH=/home/rick/catkin_ws/src/install/baxter_maintenance_msgs/lib/python2.7/dist-packages:/home/rick/catkin_ws/src/install/baxter_core_msgs/lib/python2.7/dist-packages:${PYTHONPATH} ROS_PACKAGE_PATH=/home/rick/catkin_ws/src/install/baxter_description/share:/home/rick/catkin_ws/src/install/rethink_ee_description/share:/home/rick/catkin_ws/src/install/baxter_maintenance_msgs/share:/home/rick/catkin_ws/src/install/baxter_core_msgs/share:${ROS_PACKAGE_PATH} /usr/bin/cmake /home/rick/catkin_ws/src/baxter_common/baxter_common -DCATKIN_INSTALL_INTO_PREFIX_ROOT=0 -DCATKIN_SYMLINK_INSTALL=ON -DCMAKE_INSTALL_PREFIX=/home/rick/catkin_ws/src/install/baxter_common
[2.116s] Invoking command in '/home/rick/catkin_ws/src/build/baxter_common': CMAKE_PREFIX_PATH=/home/rick/catkin_ws/src/install/baxter_description:/home/rick/catkin_ws/src/install/rethink_ee_description:/home/rick/catkin_ws/src/install/baxter_maintenance_msgs:/home/rick/catkin_ws/src/install/baxter_core_msgs:${CMAKE_PREFIX_PATH} PKG_CONFIG_PATH=/home/rick/catkin_ws/src/install/baxter_description/lib/x86_64-linux-gnu/pkgconfig:/home/rick/catkin_ws/src/install/baxter_description/lib/pkgconfig:/home/rick/catkin_ws/src/install/rethink_ee_description/lib/x86_64-linux-gnu/pkgconfig:/home/rick/catkin_ws/src/install/rethink_ee_description/lib/pkgconfig:/home/rick/catkin_ws/src/install/baxter_maintenance_msgs/lib/x86_64-linux-gnu/pkgconfig:/home/rick/catkin_ws/src/install/baxter_maintenance_msgs/lib/pkgconfig:/home/rick/catkin_ws/src/install/baxter_core_msgs/lib/x86_64-linux-gnu/pkgconfig:/home/rick/catkin_ws/src/install/baxter_core_msgs/lib/pkgconfig:${PKG_CONFIG_PATH} PYTHONPATH=/home/rick/catkin_ws/src/install/baxter_maintenance_msgs/lib/python2.7/dist-packages:/home/rick/catkin_ws/src/install/baxter_core_msgs/lib/python2.7/dist-packages:${PYTHONPATH} ROS_PACKAGE_PATH=/home/rick/catkin_ws/src/install/baxter_description/share:/home/rick/catkin_ws/src/install/rethink_ee_description/share:/home/rick/catkin_ws/src/install/baxter_maintenance_msgs/share:/home/rick/catkin_ws/src/install/baxter_core_msgs/share:${ROS_PACKAGE_PATH} /usr/bin/cmake --build /home/rick/catkin_ws/src/build/baxter_common -- -j2 -l2
[2.181s] Invoked command in '/home/rick/catkin_ws/src/build/baxter_common' returned '0': CMAKE_PREFIX_PATH=/home/rick/catkin_ws/src/install/baxter_description:/home/rick/catkin_ws/src/install/rethink_ee_description:/home/rick/catkin_ws/src/install/baxter_maintenance_msgs:/home/rick/catkin_ws/src/install/baxter_core_msgs:${CMAKE_PREFIX_PATH} PKG_CONFIG_PATH=/home/rick/catkin_ws/src/install/baxter_description/lib/x86_64-linux-gnu/pkgconfig:/home/rick/catkin_ws/src/install/baxter_description/lib/pkgconfig:/home/rick/catkin_ws/src/install/rethink_ee_description/lib/x86_64-linux-gnu/pkgconfig:/home/rick/catkin_ws/src/install/rethink_ee_description/lib/pkgconfig:/home/rick/catkin_ws/src/install/baxter_maintenance_msgs/lib/x86_64-linux-gnu/pkgconfig:/home/rick/catkin_ws/src/install/baxter_maintenance_msgs/lib/pkgconfig:/home/rick/catkin_ws/src/install/baxter_core_msgs/lib/x86_64-linux-gnu/pkgconfig:/home/rick/catkin_ws/src/install/baxter_core_msgs/lib/pkgconfig:${PKG_CONFIG_PATH} PYTHONPATH=/home/rick/catkin_ws/src/install/baxter_maintenance_msgs/lib/python2.7/dist-packages:/home/rick/catkin_ws/src/install/baxter_core_msgs/lib/python2.7/dist-packages:${PYTHONPATH} ROS_PACKAGE_PATH=/home/rick/catkin_ws/src/install/baxter_description/share:/home/rick/catkin_ws/src/install/rethink_ee_description/share:/home/rick/catkin_ws/src/install/baxter_maintenance_msgs/share:/home/rick/catkin_ws/src/install/baxter_core_msgs/share:${ROS_PACKAGE_PATH} /usr/bin/cmake --build /home/rick/catkin_ws/src/build/baxter_common -- -j2 -l2
[2.221s] Invoking command in '/home/rick/catkin_ws/src/build/baxter_common': CMAKE_PREFIX_PATH=/home/rick/catkin_ws/src/install/baxter_description:/home/rick/catkin_ws/src/install/rethink_ee_description:/home/rick/catkin_ws/src/install/baxter_maintenance_msgs:/home/rick/catkin_ws/src/install/baxter_core_msgs:${CMAKE_PREFIX_PATH} PKG_CONFIG_PATH=/home/rick/catkin_ws/src/install/baxter_description/lib/x86_64-linux-gnu/pkgconfig:/home/rick/catkin_ws/src/install/baxter_description/lib/pkgconfig:/home/rick/catkin_ws/src/install/rethink_ee_description/lib/x86_64-linux-gnu/pkgconfig:/home/rick/catkin_ws/src/install/rethink_ee_description/lib/pkgconfig:/home/rick/catkin_ws/src/install/baxter_maintenance_msgs/lib/x86_64-linux-gnu/pkgconfig:/home/rick/catkin_ws/src/install/baxter_maintenance_msgs/lib/pkgconfig:/home/rick/catkin_ws/src/install/baxter_core_msgs/lib/x86_64-linux-gnu/pkgconfig:/home/rick/catkin_ws/src/install/baxter_core_msgs/lib/pkgconfig:${PKG_CONFIG_PATH} PYTHONPATH=/home/rick/catkin_ws/src/install/baxter_maintenance_msgs/lib/python2.7/dist-packages:/home/rick/catkin_ws/src/install/baxter_core_msgs/lib/python2.7/dist-packages:${PYTHONPATH} ROS_PACKAGE_PATH=/home/rick/catkin_ws/src/install/baxter_description/share:/home/rick/catkin_ws/src/install/rethink_ee_description/share:/home/rick/catkin_ws/src/install/baxter_maintenance_msgs/share:/home/rick/catkin_ws/src/install/baxter_core_msgs/share:${ROS_PACKAGE_PATH} /usr/bin/cmake --build /home/rick/catkin_ws/src/build/baxter_common --target tests -- -j2 -l2
[2.276s] [35m[1mScanning dependencies of target tests[0m
[2.289s] Built target tests
[2.303s] Invoked command in '/home/rick/catkin_ws/src/build/baxter_common' returned '0': CMAKE_PREFIX_PATH=/home/rick/catkin_ws/src/install/baxter_description:/home/rick/catkin_ws/src/install/rethink_ee_description:/home/rick/catkin_ws/src/install/baxter_maintenance_msgs:/home/rick/catkin_ws/src/install/baxter_core_msgs:${CMAKE_PREFIX_PATH} PKG_CONFIG_PATH=/home/rick/catkin_ws/src/install/baxter_description/lib/x86_64-linux-gnu/pkgconfig:/home/rick/catkin_ws/src/install/baxter_description/lib/pkgconfig:/home/rick/catkin_ws/src/install/rethink_ee_description/lib/x86_64-linux-gnu/pkgconfig:/home/rick/catkin_ws/src/install/rethink_ee_description/lib/pkgconfig:/home/rick/catkin_ws/src/install/baxter_maintenance_msgs/lib/x86_64-linux-gnu/pkgconfig:/home/rick/catkin_ws/src/install/baxter_maintenance_msgs/lib/pkgconfig:/home/rick/catkin_ws/src/install/baxter_core_msgs/lib/x86_64-linux-gnu/pkgconfig:/home/rick/catkin_ws/src/install/baxter_core_msgs/lib/pkgconfig:${PKG_CONFIG_PATH} PYTHONPATH=/home/rick/catkin_ws/src/install/baxter_maintenance_msgs/lib/python2.7/dist-packages:/home/rick/catkin_ws/src/install/baxter_core_msgs/lib/python2.7/dist-packages:${PYTHONPATH} ROS_PACKAGE_PATH=/home/rick/catkin_ws/src/install/baxter_description/share:/home/rick/catkin_ws/src/install/rethink_ee_description/share:/home/rick/catkin_ws/src/install/baxter_maintenance_msgs/share:/home/rick/catkin_ws/src/install/baxter_core_msgs/share:${ROS_PACKAGE_PATH} /usr/bin/cmake --build /home/rick/catkin_ws/src/build/baxter_common --target tests -- -j2 -l2
[2.349s] Invoking command in '/home/rick/catkin_ws/src/build/baxter_common': CMAKE_PREFIX_PATH=/home/rick/catkin_ws/src/install/baxter_description:/home/rick/catkin_ws/src/install/rethink_ee_description:/home/rick/catkin_ws/src/install/baxter_maintenance_msgs:/home/rick/catkin_ws/src/install/baxter_core_msgs:${CMAKE_PREFIX_PATH} PKG_CONFIG_PATH=/home/rick/catkin_ws/src/install/baxter_description/lib/x86_64-linux-gnu/pkgconfig:/home/rick/catkin_ws/src/install/baxter_description/lib/pkgconfig:/home/rick/catkin_ws/src/install/rethink_ee_description/lib/x86_64-linux-gnu/pkgconfig:/home/rick/catkin_ws/src/install/rethink_ee_description/lib/pkgconfig:/home/rick/catkin_ws/src/install/baxter_maintenance_msgs/lib/x86_64-linux-gnu/pkgconfig:/home/rick/catkin_ws/src/install/baxter_maintenance_msgs/lib/pkgconfig:/home/rick/catkin_ws/src/install/baxter_core_msgs/lib/x86_64-linux-gnu/pkgconfig:/home/rick/catkin_ws/src/install/baxter_core_msgs/lib/pkgconfig:${PKG_CONFIG_PATH} PYTHONPATH=/home/rick/catkin_ws/src/install/baxter_maintenance_msgs/lib/python2.7/dist-packages:/home/rick/catkin_ws/src/install/baxter_core_msgs/lib/python2.7/dist-packages:${PYTHONPATH} ROS_PACKAGE_PATH=/home/rick/catkin_ws/src/install/baxter_description/share:/home/rick/catkin_ws/src/install/rethink_ee_description/share:/home/rick/catkin_ws/src/install/baxter_maintenance_msgs/share:/home/rick/catkin_ws/src/install/baxter_core_msgs/share:${ROS_PACKAGE_PATH} /usr/bin/cmake --build /home/rick/catkin_ws/src/build/baxter_common --target install -- -j2 -l2
[2.429s] [36mInstall the project...[0m
[2.437s] -- Install configuration: ""
[2.438s] -- Execute custom install script
[2.439s] -- Symlinking: /home/rick/catkin_ws/src/install/baxter_common/share/baxter_common/package.xml
[2.450s] Invoked command in '/home/rick/catkin_ws/src/build/baxter_common' returned '0': CMAKE_PREFIX_PATH=/home/rick/catkin_ws/src/install/baxter_description:/home/rick/catkin_ws/src/install/rethink_ee_description:/home/rick/catkin_ws/src/install/baxter_maintenance_msgs:/home/rick/catkin_ws/src/install/baxter_core_msgs:${CMAKE_PREFIX_PATH} PKG_CONFIG_PATH=/home/rick/catkin_ws/src/install/baxter_description/lib/x86_64-linux-gnu/pkgconfig:/home/rick/catkin_ws/src/install/baxter_description/lib/pkgconfig:/home/rick/catkin_ws/src/install/rethink_ee_description/lib/x86_64-linux-gnu/pkgconfig:/home/rick/catkin_ws/src/install/rethink_ee_description/lib/pkgconfig:/home/rick/catkin_ws/src/install/baxter_maintenance_msgs/lib/x86_64-linux-gnu/pkgconfig:/home/rick/catkin_ws/src/install/baxter_maintenance_msgs/lib/pkgconfig:/home/rick/catkin_ws/src/install/baxter_core_msgs/lib/x86_64-linux-gnu/pkgconfig:/home/rick/catkin_ws/src/install/baxter_core_msgs/lib/pkgconfig:${PKG_CONFIG_PATH} PYTHONPATH=/home/rick/catkin_ws/src/install/baxter_maintenance_msgs/lib/python2.7/dist-packages:/home/rick/catkin_ws/src/install/baxter_core_msgs/lib/python2.7/dist-packages:${PYTHONPATH} ROS_PACKAGE_PATH=/home/rick/catkin_ws/src/install/baxter_description/share:/home/rick/catkin_ws/src/install/rethink_ee_description/share:/home/rick/catkin_ws/src/install/baxter_maintenance_msgs/share:/home/rick/catkin_ws/src/install/baxter_core_msgs/share:${ROS_PACKAGE_PATH} /usr/bin/cmake --build /home/rick/catkin_ws/src/build/baxter_common --target install -- -j2 -l2
