[0.054s] Invoking command in '/home/rick/catkin_ws/src/build/baxter_tools': CMAKE_PREFIX_PATH=/home/rick/catkin_ws/src/install/baxter_interface:/home/rick/catkin_ws/src/install/baxter_maintenance_msgs:/home/rick/catkin_ws/src/install/baxter_core_msgs:${CMAKE_PREFIX_PATH} PKG_CONFIG_PATH=/home/rick/catkin_ws/src/install/baxter_interface/lib/x86_64-linux-gnu/pkgconfig:/home/rick/catkin_ws/src/install/baxter_interface/lib/pkgconfig:/home/rick/catkin_ws/src/install/baxter_maintenance_msgs/lib/x86_64-linux-gnu/pkgconfig:/home/rick/catkin_ws/src/install/baxter_maintenance_msgs/lib/pkgconfig:/home/rick/catkin_ws/src/install/baxter_core_msgs/lib/x86_64-linux-gnu/pkgconfig:/home/rick/catkin_ws/src/install/baxter_core_msgs/lib/pkgconfig:${PKG_CONFIG_PATH} PYTHONPATH=/home/rick/catkin_ws/src/install/baxter_interface/lib/python2.7/dist-packages:/home/rick/catkin_ws/src/install/baxter_maintenance_msgs/lib/python2.7/dist-packages:/home/rick/catkin_ws/src/install/baxter_core_msgs/lib/python2.7/dist-packages:${PYTHONPATH} ROS_PACKAGE_PATH=/home/rick/catkin_ws/src/install/baxter_interface/share:/home/rick/catkin_ws/src/install/baxter_maintenance_msgs/share:/home/rick/catkin_ws/src/install/baxter_core_msgs/share:${ROS_PACKAGE_PATH} /usr/bin/cmake /home/rick/catkin_ws/src/baxter_tools -DCATKIN_INSTALL_INTO_PREFIX_ROOT=0 -DCATKIN_SYMLINK_INSTALL=ON -DCMAKE_INSTALL_PREFIX=/home/rick/catkin_ws/src/install/baxter_tools
[0.162s] -- The C compiler identification is GNU 5.4.0
[0.250s] -- The CXX compiler identification is GNU 5.4.0
[0.260s] -- Check for working C compiler: /usr/bin/cc
[0.339s] -- Check for working C compiler: /usr/bin/cc -- works
[0.339s] -- Detecting C compiler ABI info
[0.411s] -- Detecting C compiler ABI info - done
[0.441s] -- Detecting C compile features
[0.698s] -- Detecting C compile features - done
[0.702s] -- Check for working CXX compiler: /usr/bin/c++
[0.805s] -- Check for working CXX compiler: /usr/bin/c++ -- works
[0.806s] -- Detecting CXX compiler ABI info
[0.901s] -- Detecting CXX compiler ABI info - done
[0.911s] -- Detecting CXX compile features
[1.255s] -- Detecting CXX compile features - done
[1.259s] -- Using CATKIN_DEVEL_PREFIX: /home/rick/catkin_ws/src/build/baxter_tools/devel
[1.259s] -- Using CMAKE_PREFIX_PATH: /home/rick/catkin_ws/src/install/baxter_interface;/home/rick/catkin_ws/src/install/baxter_maintenance_msgs;/home/rick/catkin_ws/src/install/baxter_core_msgs;/opt/ros/kinetic
[1.260s] -- This workspace overlays: /home/rick/catkin_ws/src/install/baxter_interface;/home/rick/catkin_ws/src/install/baxter_maintenance_msgs;/home/rick/catkin_ws/src/install/baxter_core_msgs;/opt/ros/kinetic
[1.265s] -- Override CMake install command with custom implementation using symlinks instead of copying resources
[1.281s] -- Found PythonInterp: /usr/bin/python2 (found suitable version "2.7.12", minimum required is "2") 
[1.281s] -- Using PYTHON_EXECUTABLE: /usr/bin/python2
[1.282s] -- Using Debian Python package layout
[1.282s] -- Using empy: /usr/bin/empy
[1.517s] -- Using CATKIN_ENABLE_TESTING: ON
[1.518s] -- Call enable_testing()
[1.522s] -- Using CATKIN_TEST_RESULTS_DIR: /home/rick/catkin_ws/src/build/baxter_tools/test_results
[1.567s] -- Found gtest sources under '/usr/src/gmock': gtests will be built
[1.567s] -- Found gmock sources under '/usr/src/gmock': gmock will be built
[1.583s] -- Found PythonInterp: /usr/bin/python2 (found version "2.7.12") 
[1.584s] -- Looking for pthread.h
[1.679s] -- Looking for pthread.h - found
[1.679s] -- Looking for pthread_create
[1.773s] -- Looking for pthread_create - not found
[1.774s] -- Looking for pthread_create in pthreads
[1.839s] -- Looking for pthread_create in pthreads - not found
[1.839s] -- Looking for pthread_create in pthread
[1.936s] -- Looking for pthread_create in pthread - found
[1.938s] -- Found Threads: TRUE  
[1.951s] -- Using Python nosetests: /usr/bin/nosetests-2.7
[1.980s] -- catkin 0.7.20
[1.980s] -- BUILD_SHARED_LIBS is on
[2.224s] -- Using these message generators: gencpp;geneus;genlisp;gennodejs;genpy
[2.988s] -- Configuring done
[3.013s] -- Generating done
[3.019s] -- Build files have been written to: /home/rick/catkin_ws/src/build/baxter_tools
[3.027s] Invoked command in '/home/rick/catkin_ws/src/build/baxter_tools' returned '0': CMAKE_PREFIX_PATH=/home/rick/catkin_ws/src/install/baxter_interface:/home/rick/catkin_ws/src/install/baxter_maintenance_msgs:/home/rick/catkin_ws/src/install/baxter_core_msgs:${CMAKE_PREFIX_PATH} PKG_CONFIG_PATH=/home/rick/catkin_ws/src/install/baxter_interface/lib/x86_64-linux-gnu/pkgconfig:/home/rick/catkin_ws/src/install/baxter_interface/lib/pkgconfig:/home/rick/catkin_ws/src/install/baxter_maintenance_msgs/lib/x86_64-linux-gnu/pkgconfig:/home/rick/catkin_ws/src/install/baxter_maintenance_msgs/lib/pkgconfig:/home/rick/catkin_ws/src/install/baxter_core_msgs/lib/x86_64-linux-gnu/pkgconfig:/home/rick/catkin_ws/src/install/baxter_core_msgs/lib/pkgconfig:${PKG_CONFIG_PATH} PYTHONPATH=/home/rick/catkin_ws/src/install/baxter_interface/lib/python2.7/dist-packages:/home/rick/catkin_ws/src/install/baxter_maintenance_msgs/lib/python2.7/dist-packages:/home/rick/catkin_ws/src/install/baxter_core_msgs/lib/python2.7/dist-packages:${PYTHONPATH} ROS_PACKAGE_PATH=/home/rick/catkin_ws/src/install/baxter_interface/share:/home/rick/catkin_ws/src/install/baxter_maintenance_msgs/share:/home/rick/catkin_ws/src/install/baxter_core_msgs/share:${ROS_PACKAGE_PATH} /usr/bin/cmake /home/rick/catkin_ws/src/baxter_tools -DCATKIN_INSTALL_INTO_PREFIX_ROOT=0 -DCATKIN_SYMLINK_INSTALL=ON -DCMAKE_INSTALL_PREFIX=/home/rick/catkin_ws/src/install/baxter_tools
[3.033s] Invoking command in '/home/rick/catkin_ws/src/build/baxter_tools': CMAKE_PREFIX_PATH=/home/rick/catkin_ws/src/install/baxter_interface:/home/rick/catkin_ws/src/install/baxter_maintenance_msgs:/home/rick/catkin_ws/src/install/baxter_core_msgs:${CMAKE_PREFIX_PATH} PKG_CONFIG_PATH=/home/rick/catkin_ws/src/install/baxter_interface/lib/x86_64-linux-gnu/pkgconfig:/home/rick/catkin_ws/src/install/baxter_interface/lib/pkgconfig:/home/rick/catkin_ws/src/install/baxter_maintenance_msgs/lib/x86_64-linux-gnu/pkgconfig:/home/rick/catkin_ws/src/install/baxter_maintenance_msgs/lib/pkgconfig:/home/rick/catkin_ws/src/install/baxter_core_msgs/lib/x86_64-linux-gnu/pkgconfig:/home/rick/catkin_ws/src/install/baxter_core_msgs/lib/pkgconfig:${PKG_CONFIG_PATH} PYTHONPATH=/home/rick/catkin_ws/src/install/baxter_interface/lib/python2.7/dist-packages:/home/rick/catkin_ws/src/install/baxter_maintenance_msgs/lib/python2.7/dist-packages:/home/rick/catkin_ws/src/install/baxter_core_msgs/lib/python2.7/dist-packages:${PYTHONPATH} ROS_PACKAGE_PATH=/home/rick/catkin_ws/src/install/baxter_interface/share:/home/rick/catkin_ws/src/install/baxter_maintenance_msgs/share:/home/rick/catkin_ws/src/install/baxter_core_msgs/share:${ROS_PACKAGE_PATH} /usr/bin/cmake --build /home/rick/catkin_ws/src/build/baxter_tools -- -j2 -l2
[3.095s] Invoked command in '/home/rick/catkin_ws/src/build/baxter_tools' returned '0': CMAKE_PREFIX_PATH=/home/rick/catkin_ws/src/install/baxter_interface:/home/rick/catkin_ws/src/install/baxter_maintenance_msgs:/home/rick/catkin_ws/src/install/baxter_core_msgs:${CMAKE_PREFIX_PATH} PKG_CONFIG_PATH=/home/rick/catkin_ws/src/install/baxter_interface/lib/x86_64-linux-gnu/pkgconfig:/home/rick/catkin_ws/src/install/baxter_interface/lib/pkgconfig:/home/rick/catkin_ws/src/install/baxter_maintenance_msgs/lib/x86_64-linux-gnu/pkgconfig:/home/rick/catkin_ws/src/install/baxter_maintenance_msgs/lib/pkgconfig:/home/rick/catkin_ws/src/install/baxter_core_msgs/lib/x86_64-linux-gnu/pkgconfig:/home/rick/catkin_ws/src/install/baxter_core_msgs/lib/pkgconfig:${PKG_CONFIG_PATH} PYTHONPATH=/home/rick/catkin_ws/src/install/baxter_interface/lib/python2.7/dist-packages:/home/rick/catkin_ws/src/install/baxter_maintenance_msgs/lib/python2.7/dist-packages:/home/rick/catkin_ws/src/install/baxter_core_msgs/lib/python2.7/dist-packages:${PYTHONPATH} ROS_PACKAGE_PATH=/home/rick/catkin_ws/src/install/baxter_interface/share:/home/rick/catkin_ws/src/install/baxter_maintenance_msgs/share:/home/rick/catkin_ws/src/install/baxter_core_msgs/share:${ROS_PACKAGE_PATH} /usr/bin/cmake --build /home/rick/catkin_ws/src/build/baxter_tools -- -j2 -l2
[3.204s] Invoking command in '/home/rick/catkin_ws/src/build/baxter_tools': CMAKE_PREFIX_PATH=/home/rick/catkin_ws/src/install/baxter_interface:/home/rick/catkin_ws/src/install/baxter_maintenance_msgs:/home/rick/catkin_ws/src/install/baxter_core_msgs:${CMAKE_PREFIX_PATH} PKG_CONFIG_PATH=/home/rick/catkin_ws/src/install/baxter_interface/lib/x86_64-linux-gnu/pkgconfig:/home/rick/catkin_ws/src/install/baxter_interface/lib/pkgconfig:/home/rick/catkin_ws/src/install/baxter_maintenance_msgs/lib/x86_64-linux-gnu/pkgconfig:/home/rick/catkin_ws/src/install/baxter_maintenance_msgs/lib/pkgconfig:/home/rick/catkin_ws/src/install/baxter_core_msgs/lib/x86_64-linux-gnu/pkgconfig:/home/rick/catkin_ws/src/install/baxter_core_msgs/lib/pkgconfig:${PKG_CONFIG_PATH} PYTHONPATH=/home/rick/catkin_ws/src/install/baxter_interface/lib/python2.7/dist-packages:/home/rick/catkin_ws/src/install/baxter_maintenance_msgs/lib/python2.7/dist-packages:/home/rick/catkin_ws/src/install/baxter_core_msgs/lib/python2.7/dist-packages:${PYTHONPATH} ROS_PACKAGE_PATH=/home/rick/catkin_ws/src/install/baxter_interface/share:/home/rick/catkin_ws/src/install/baxter_maintenance_msgs/share:/home/rick/catkin_ws/src/install/baxter_core_msgs/share:${ROS_PACKAGE_PATH} /usr/bin/cmake --build /home/rick/catkin_ws/src/build/baxter_tools --target tests -- -j2 -l2
[3.270s] [35m[1mScanning dependencies of target tests[0m
[3.278s] Built target tests
[3.288s] Invoked command in '/home/rick/catkin_ws/src/build/baxter_tools' returned '0': CMAKE_PREFIX_PATH=/home/rick/catkin_ws/src/install/baxter_interface:/home/rick/catkin_ws/src/install/baxter_maintenance_msgs:/home/rick/catkin_ws/src/install/baxter_core_msgs:${CMAKE_PREFIX_PATH} PKG_CONFIG_PATH=/home/rick/catkin_ws/src/install/baxter_interface/lib/x86_64-linux-gnu/pkgconfig:/home/rick/catkin_ws/src/install/baxter_interface/lib/pkgconfig:/home/rick/catkin_ws/src/install/baxter_maintenance_msgs/lib/x86_64-linux-gnu/pkgconfig:/home/rick/catkin_ws/src/install/baxter_maintenance_msgs/lib/pkgconfig:/home/rick/catkin_ws/src/install/baxter_core_msgs/lib/x86_64-linux-gnu/pkgconfig:/home/rick/catkin_ws/src/install/baxter_core_msgs/lib/pkgconfig:${PKG_CONFIG_PATH} PYTHONPATH=/home/rick/catkin_ws/src/install/baxter_interface/lib/python2.7/dist-packages:/home/rick/catkin_ws/src/install/baxter_maintenance_msgs/lib/python2.7/dist-packages:/home/rick/catkin_ws/src/install/baxter_core_msgs/lib/python2.7/dist-packages:${PYTHONPATH} ROS_PACKAGE_PATH=/home/rick/catkin_ws/src/install/baxter_interface/share:/home/rick/catkin_ws/src/install/baxter_maintenance_msgs/share:/home/rick/catkin_ws/src/install/baxter_core_msgs/share:${ROS_PACKAGE_PATH} /usr/bin/cmake --build /home/rick/catkin_ws/src/build/baxter_tools --target tests -- -j2 -l2
[3.374s] Invoking command in '/home/rick/catkin_ws/src/build/baxter_tools': CMAKE_PREFIX_PATH=/home/rick/catkin_ws/src/install/baxter_interface:/home/rick/catkin_ws/src/install/baxter_maintenance_msgs:/home/rick/catkin_ws/src/install/baxter_core_msgs:${CMAKE_PREFIX_PATH} PKG_CONFIG_PATH=/home/rick/catkin_ws/src/install/baxter_interface/lib/x86_64-linux-gnu/pkgconfig:/home/rick/catkin_ws/src/install/baxter_interface/lib/pkgconfig:/home/rick/catkin_ws/src/install/baxter_maintenance_msgs/lib/x86_64-linux-gnu/pkgconfig:/home/rick/catkin_ws/src/install/baxter_maintenance_msgs/lib/pkgconfig:/home/rick/catkin_ws/src/install/baxter_core_msgs/lib/x86_64-linux-gnu/pkgconfig:/home/rick/catkin_ws/src/install/baxter_core_msgs/lib/pkgconfig:${PKG_CONFIG_PATH} PYTHONPATH=/home/rick/catkin_ws/src/install/baxter_interface/lib/python2.7/dist-packages:/home/rick/catkin_ws/src/install/baxter_maintenance_msgs/lib/python2.7/dist-packages:/home/rick/catkin_ws/src/install/baxter_core_msgs/lib/python2.7/dist-packages:${PYTHONPATH} ROS_PACKAGE_PATH=/home/rick/catkin_ws/src/install/baxter_interface/share:/home/rick/catkin_ws/src/install/baxter_maintenance_msgs/share:/home/rick/catkin_ws/src/install/baxter_core_msgs/share:${ROS_PACKAGE_PATH} /usr/bin/cmake --build /home/rick/catkin_ws/src/build/baxter_tools --target install -- -j2 -l2
[3.422s] [36mInstall the project...[0m
[3.427s] -- Install configuration: ""
[3.428s] -- Execute custom install script
[3.428s] -- Symlinking: /home/rick/catkin_ws/src/install/baxter_tools/lib/pkgconfig/baxter_tools.pc
[3.435s] -- Symlinking: /home/rick/catkin_ws/src/install/baxter_tools/share/baxter_tools/cmake/baxter_toolsConfig.cmake
[3.441s] -- Symlinking: /home/rick/catkin_ws/src/install/baxter_tools/share/baxter_tools/cmake/baxter_toolsConfig-version.cmake
[3.448s] -- Symlinking: /home/rick/catkin_ws/src/install/baxter_tools/share/baxter_tools/package.xml
[3.472s] + cd /home/rick/catkin_ws/src/baxter_tools
[3.473s] + mkdir -p /home/rick/catkin_ws/src/install/baxter_tools/lib/python2.7/dist-packages
[3.474s] + /usr/bin/env PYTHONPATH=/home/rick/catkin_ws/src/install/baxter_tools/lib/python2.7/dist-packages:/home/rick/catkin_ws/src/build/baxter_tools/lib/python2.7/dist-packages:/home/rick/catkin_ws/src/install/baxter_interface/lib/python2.7/dist-packages:/home/rick/catkin_ws/src/install/baxter_maintenance_msgs/lib/python2.7/dist-packages:/home/rick/catkin_ws/src/install/baxter_core_msgs/lib/python2.7/dist-packages:/opt/ros/kinetic/lib/python2.7/dist-packages CATKIN_BINARY_DIR=/home/rick/catkin_ws/src/build/baxter_tools /usr/bin/python2 /home/rick/catkin_ws/src/baxter_tools/setup.py build --build-base /home/rick/catkin_ws/src/build/baxter_tools install --install-layout=deb --prefix=/home/rick/catkin_ws/src/install/baxter_tools --install-scripts=/home/rick/catkin_ws/src/install/baxter_tools/bin
[3.524s] running build
[3.524s] running build_py
[3.526s] creating /home/rick/catkin_ws/src/build/baxter_tools/lib.linux-x86_64-2.7
[3.526s] creating /home/rick/catkin_ws/src/build/baxter_tools/lib.linux-x86_64-2.7/baxter_tools
[3.527s] copying src/baxter_tools/smoketests.py -> /home/rick/catkin_ws/src/build/baxter_tools/lib.linux-x86_64-2.7/baxter_tools
[3.531s] copying src/baxter_tools/__init__.py -> /home/rick/catkin_ws/src/build/baxter_tools/lib.linux-x86_64-2.7/baxter_tools
[3.533s] running install
[3.534s] running install_lib
[3.536s] creating /home/rick/catkin_ws/src/install/baxter_tools/lib/python2.7/dist-packages/baxter_tools
[3.536s] copying /home/rick/catkin_ws/src/build/baxter_tools/lib.linux-x86_64-2.7/baxter_tools/smoketests.py -> /home/rick/catkin_ws/src/install/baxter_tools/lib/python2.7/dist-packages/baxter_tools
[3.537s] copying /home/rick/catkin_ws/src/build/baxter_tools/lib.linux-x86_64-2.7/baxter_tools/__init__.py -> /home/rick/catkin_ws/src/install/baxter_tools/lib/python2.7/dist-packages/baxter_tools
[3.537s] byte-compiling /home/rick/catkin_ws/src/install/baxter_tools/lib/python2.7/dist-packages/baxter_tools/smoketests.py to smoketests.pyc
[3.546s] byte-compiling /home/rick/catkin_ws/src/install/baxter_tools/lib/python2.7/dist-packages/baxter_tools/__init__.py to __init__.pyc
[3.546s] running install_egg_info
[3.547s] Writing /home/rick/catkin_ws/src/install/baxter_tools/lib/python2.7/dist-packages/baxter_tools-1.2.0.egg-info
[3.557s] -- Installing: /home/rick/catkin_ws/src/install/baxter_tools/lib/baxter_tools
[3.557s] -- Installing: /home/rick/catkin_ws/src/install/baxter_tools/lib/baxter_tools/tare.py
[3.558s] -- Installing: /home/rick/catkin_ws/src/install/baxter_tools/lib/baxter_tools/smoke_test.py
[3.558s] -- Installing: /home/rick/catkin_ws/src/install/baxter_tools/lib/baxter_tools/tuck_arms.py
[3.559s] -- Installing: /home/rick/catkin_ws/src/install/baxter_tools/lib/baxter_tools/camera_control.py
[3.560s] -- Installing: /home/rick/catkin_ws/src/install/baxter_tools/lib/baxter_tools/calibrate_arm.py
[3.560s] -- Installing: /home/rick/catkin_ws/src/install/baxter_tools/lib/baxter_tools/enable_robot.py
[3.561s] -- Installing: /home/rick/catkin_ws/src/install/baxter_tools/lib/baxter_tools/update_robot.py
[3.564s] -- Installing: /home/rick/catkin_ws/src/install/baxter_tools/share/baxter_tools/share
[3.565s] -- Installing: /home/rick/catkin_ws/src/install/baxter_tools/share/baxter_tools/share/images
[3.565s] -- Installing: /home/rick/catkin_ws/src/install/baxter_tools/share/baxter_tools/share/images/researchsdk.png
[3.566s] -- Installing: /home/rick/catkin_ws/src/install/baxter_tools/share/baxter_tools/share/images/baxterworking.png
[3.577s] Invoked command in '/home/rick/catkin_ws/src/build/baxter_tools' returned '0': CMAKE_PREFIX_PATH=/home/rick/catkin_ws/src/install/baxter_interface:/home/rick/catkin_ws/src/install/baxter_maintenance_msgs:/home/rick/catkin_ws/src/install/baxter_core_msgs:${CMAKE_PREFIX_PATH} PKG_CONFIG_PATH=/home/rick/catkin_ws/src/install/baxter_interface/lib/x86_64-linux-gnu/pkgconfig:/home/rick/catkin_ws/src/install/baxter_interface/lib/pkgconfig:/home/rick/catkin_ws/src/install/baxter_maintenance_msgs/lib/x86_64-linux-gnu/pkgconfig:/home/rick/catkin_ws/src/install/baxter_maintenance_msgs/lib/pkgconfig:/home/rick/catkin_ws/src/install/baxter_core_msgs/lib/x86_64-linux-gnu/pkgconfig:/home/rick/catkin_ws/src/install/baxter_core_msgs/lib/pkgconfig:${PKG_CONFIG_PATH} PYTHONPATH=/home/rick/catkin_ws/src/install/baxter_interface/lib/python2.7/dist-packages:/home/rick/catkin_ws/src/install/baxter_maintenance_msgs/lib/python2.7/dist-packages:/home/rick/catkin_ws/src/install/baxter_core_msgs/lib/python2.7/dist-packages:${PYTHONPATH} ROS_PACKAGE_PATH=/home/rick/catkin_ws/src/install/baxter_interface/share:/home/rick/catkin_ws/src/install/baxter_maintenance_msgs/share:/home/rick/catkin_ws/src/install/baxter_core_msgs/share:${ROS_PACKAGE_PATH} /usr/bin/cmake --build /home/rick/catkin_ws/src/build/baxter_tools --target install -- -j2 -l2
