-- The C compiler identification is GNU 5.4.0
-- The CXX compiler identification is GNU 5.4.0
-- Check for working C compiler: /usr/bin/cc
-- Check for working C compiler: /usr/bin/cc -- works
-- Detecting C compiler ABI info
-- Detecting C compiler ABI info - done
-- Detecting C compile features
-- Detecting C compile features - done
-- Check for working CXX compiler: /usr/bin/c++
-- Check for working CXX compiler: /usr/bin/c++ -- works
-- Detecting CXX compiler ABI info
-- Detecting CXX compiler ABI info - done
-- Detecting CXX compile features
-- Detecting CXX compile features - done
-- Using CATKIN_DEVEL_PREFIX: /home/rick/catkin_ws/src/build/baxter_gazebo/devel
-- Using CMAKE_PREFIX_PATH: /home/rick/catkin_ws/src/install/baxter_sim_hardware;/home/rick/catkin_ws/src/install/baxter_sim_kinematics;/home/rick/catkin_ws/src/install/baxter_sim_io;/home/rick/catkin_ws/src/install/baxter_sim_controllers;/home/rick/catkin_ws/src/install/baxter_description;/home/rick/catkin_ws/src/install/rethink_ee_description;/home/rick/catkin_ws/src/install/baxter_core_msgs;/opt/ros/kinetic
-- This workspace overlays: /home/rick/catkin_ws/src/install/baxter_sim_hardware;/home/rick/catkin_ws/src/install/baxter_sim_kinematics;/home/rick/catkin_ws/src/install/baxter_sim_io;/home/rick/catkin_ws/src/install/baxter_sim_controllers;/home/rick/catkin_ws/src/install/baxter_description;/home/rick/catkin_ws/src/install/rethink_ee_description;/home/rick/catkin_ws/src/install/baxter_core_msgs;/opt/ros/kinetic
-- Override CMake install command with custom implementation using symlinks instead of copying resources
-- Found PythonInterp: /usr/bin/python2 (found suitable version "2.7.12", minimum required is "2") 
-- Using PYTHON_EXECUTABLE: /usr/bin/python2
-- Using Debian Python package layout
-- Using empy: /usr/bin/empy
-- Using CATKIN_ENABLE_TESTING: ON
-- Call enable_testing()
-- Using CATKIN_TEST_RESULTS_DIR: /home/rick/catkin_ws/src/build/baxter_gazebo/test_results
-- Found gtest sources under '/usr/src/gmock': gtests will be built
-- Found gmock sources under '/usr/src/gmock': gmock will be built
-- Found PythonInterp: /usr/bin/python2 (found version "2.7.12") 
-- Looking for pthread.h
-- Looking for pthread.h - found
-- Looking for pthread_create
-- Looking for pthread_create - not found
-- Looking for pthread_create in pthreads
-- Looking for pthread_create in pthreads - not found
-- Looking for pthread_create in pthread
-- Looking for pthread_create in pthread - found
-- Found Threads: TRUE  
-- Using Python nosetests: /usr/bin/nosetests-2.7
-- catkin 0.7.20
-- BUILD_SHARED_LIBS is on
-- Using these message generators: gencpp;geneus;genlisp;gennodejs;genpy
-- Boost version: 1.58.0
-- Found the following Boost libraries:
--   thread
--   signals
--   system
--   filesystem
--   program_options
--   regex
--   iostreams
--   date_time
--   chrono
--   atomic
-- Found Protobuf: /usr/lib/x86_64-linux-gnu/libprotobuf.so  
-- Boost version: 1.58.0
-- Looking for OGRE...
-- OGRE_PREFIX_WATCH changed.
-- Found PkgConfig: /usr/bin/pkg-config (found version "0.29.1") 
-- Checking for module 'OGRE'
--   Found OGRE, version 1.9.0
-- Found Ogre Ghadamon (1.9.0)
-- Found OGRE: optimized;/usr/lib/x86_64-linux-gnu/libOgreMain.so;debug;/usr/lib/x86_64-linux-gnu/libOgreMain.so
-- Looking for OGRE_Paging...
-- Found OGRE_Paging: optimized;/usr/lib/x86_64-linux-gnu/libOgrePaging.so;debug;/usr/lib/x86_64-linux-gnu/libOgrePaging.so
-- Looking for OGRE_Terrain...
-- Found OGRE_Terrain: optimized;/usr/lib/x86_64-linux-gnu/libOgreTerrain.so;debug;/usr/lib/x86_64-linux-gnu/libOgreTerrain.so
-- Looking for OGRE_Property...
-- Found OGRE_Property: optimized;/usr/lib/x86_64-linux-gnu/libOgreProperty.so;debug;/usr/lib/x86_64-linux-gnu/libOgreProperty.so
-- Looking for OGRE_RTShaderSystem...
-- Found OGRE_RTShaderSystem: optimized;/usr/lib/x86_64-linux-gnu/libOgreRTShaderSystem.so;debug;/usr/lib/x86_64-linux-gnu/libOgreRTShaderSystem.so
-- Looking for OGRE_Volume...
-- Found OGRE_Volume: optimized;/usr/lib/x86_64-linux-gnu/libOgreVolume.so;debug;/usr/lib/x86_64-linux-gnu/libOgreVolume.so
-- Looking for OGRE_Overlay...
-- Found OGRE_Overlay: optimized;/usr/lib/x86_64-linux-gnu/libOgreOverlay.so;debug;/usr/lib/x86_64-linux-gnu/libOgreOverlay.so
-- Boost version: 1.58.0
-- Found the following Boost libraries:
--   system
-- Configuring done
-- Generating done
-- Build files have been written to: /home/rick/catkin_ws/src/build/baxter_gazebo
[35m[1mScanning dependencies of target baxter_core_msgs_generate_messages_py[0m
[  0%] Built target baxter_core_msgs_generate_messages_py
[35m[1mScanning dependencies of target sensor_msgs_generate_messages_eus[0m
[  0%] Built target sensor_msgs_generate_messages_eus
[35m[1mScanning dependencies of target actionlib_msgs_generate_messages_cpp[0m
[  0%] Built target actionlib_msgs_generate_messages_cpp
[35m[1mScanning dependencies of target actionlib_generate_messages_lisp[0m
[  0%] Built target actionlib_generate_messages_lisp
[35m[1mScanning dependencies of target actionlib_msgs_generate_messages_eus[0m
[  0%] Built target actionlib_msgs_generate_messages_eus
[35m[1mScanning dependencies of target control_toolbox_generate_messages_nodejs[0m
[  0%] Built target control_toolbox_generate_messages_nodejs
[35m[1mScanning dependencies of target control_toolbox_generate_messages_py[0m
[  0%] Built target control_toolbox_generate_messages_py
[35m[1mScanning dependencies of target sensor_msgs_generate_messages_lisp[0m
[  0%] Built target sensor_msgs_generate_messages_lisp
[35m[1mScanning dependencies of target gazebo_msgs_generate_messages_lisp[0m
[  0%] Built target gazebo_msgs_generate_messages_lisp
[35m[1mScanning dependencies of target sensor_msgs_generate_messages_cpp[0m
[  0%] Built target sensor_msgs_generate_messages_cpp
[35m[1mScanning dependencies of target roscpp_generate_messages_py[0m
[  0%] Built target roscpp_generate_messages_py
[35m[1mScanning dependencies of target tf_generate_messages_lisp[0m
[  0%] Built target tf_generate_messages_lisp
[35m[1mScanning dependencies of target actionlib_generate_messages_cpp[0m
[  0%] Built target actionlib_generate_messages_cpp
[35m[1mScanning dependencies of target rosgraph_msgs_generate_messages_py[0m
[  0%] Built target rosgraph_msgs_generate_messages_py
[35m[1mScanning dependencies of target std_srvs_generate_messages_nodejs[0m
[  0%] Built target std_srvs_generate_messages_nodejs
[35m[1mScanning dependencies of target baxter_core_msgs_generate_messages_eus[0m
[  0%] Built target baxter_core_msgs_generate_messages_eus
[35m[1mScanning dependencies of target std_msgs_generate_messages_nodejs[0m
[  0%] Built target std_msgs_generate_messages_nodejs
[35m[1mScanning dependencies of target gazebo_msgs_generate_messages_cpp[0m
[  0%] Built target gazebo_msgs_generate_messages_cpp
[35m[1mScanning dependencies of target tf_generate_messages_cpp[0m
[  0%] Built target tf_generate_messages_cpp
[35m[1mScanning dependencies of target gazebo_msgs_generate_messages_nodejs[0m
[  0%] Built target gazebo_msgs_generate_messages_nodejs
[35m[1mScanning dependencies of target gazebo_msgs_generate_messages_eus[0m
[  0%] Built target gazebo_msgs_generate_messages_eus
[35m[1mScanning dependencies of target geometry_msgs_generate_messages_nodejs[0m
[  0%] Built target geometry_msgs_generate_messages_nodejs
[35m[1mScanning dependencies of target geometry_msgs_generate_messages_eus[0m
[  0%] Built target geometry_msgs_generate_messages_eus
[35m[1mScanning dependencies of target roscpp_generate_messages_cpp[0m
[  0%] Built target roscpp_generate_messages_cpp
[35m[1mScanning dependencies of target std_msgs_generate_messages_cpp[0m
[  0%] Built target std_msgs_generate_messages_cpp
[35m[1mScanning dependencies of target sensor_msgs_generate_messages_nodejs[0m
[  0%] Built target sensor_msgs_generate_messages_nodejs
[35m[1mScanning dependencies of target trajectory_msgs_generate_messages_cpp[0m
[  0%] Built target trajectory_msgs_generate_messages_cpp
[35m[1mScanning dependencies of target tf_generate_messages_nodejs[0m
[  0%] Built target tf_generate_messages_nodejs
[35m[1mScanning dependencies of target std_srvs_generate_messages_py[0m
[  0%] Built target std_srvs_generate_messages_py
[35m[1mScanning dependencies of target actionlib_generate_messages_eus[0m
[  0%] Built target actionlib_generate_messages_eus
[35m[1mScanning dependencies of target std_msgs_generate_messages_eus[0m
[  0%] Built target std_msgs_generate_messages_eus
[35m[1mScanning dependencies of target roscpp_generate_messages_eus[0m
[  0%] Built target roscpp_generate_messages_eus
[35m[1mScanning dependencies of target std_srvs_generate_messages_lisp[0m
[  0%] Built target std_srvs_generate_messages_lisp
[35m[1mScanning dependencies of target std_msgs_generate_messages_lisp[0m
[  0%] Built target std_msgs_generate_messages_lisp
[35m[1mScanning dependencies of target rosgraph_msgs_generate_messages_cpp[0m
[  0%] Built target rosgraph_msgs_generate_messages_cpp
[35m[1mScanning dependencies of target geometry_msgs_generate_messages_py[0m
[  0%] Built target geometry_msgs_generate_messages_py
[35m[1mScanning dependencies of target geometry_msgs_generate_messages_lisp[0m
[  0%] Built target geometry_msgs_generate_messages_lisp
[35m[1mScanning dependencies of target control_toolbox_generate_messages_cpp[0m
[  0%] Built target control_toolbox_generate_messages_cpp
[35m[1mScanning dependencies of target rosgraph_msgs_generate_messages_lisp[0m
[  0%] Built target rosgraph_msgs_generate_messages_lisp
[35m[1mScanning dependencies of target rosgraph_msgs_generate_messages_nodejs[0m
[  0%] Built target rosgraph_msgs_generate_messages_nodejs
[35m[1mScanning dependencies of target tf_generate_messages_eus[0m
[  0%] Built target tf_generate_messages_eus
[35m[1mScanning dependencies of target std_srvs_generate_messages_cpp[0m
[  0%] Built target std_srvs_generate_messages_cpp
[35m[1mScanning dependencies of target sensor_msgs_generate_messages_py[0m
[  0%] Built target sensor_msgs_generate_messages_py
[35m[1mScanning dependencies of target roscpp_generate_messages_nodejs[0m
[  0%] Built target roscpp_generate_messages_nodejs
[35m[1mScanning dependencies of target rosgraph_msgs_generate_messages_eus[0m
[  0%] Built target rosgraph_msgs_generate_messages_eus
[35m[1mScanning dependencies of target std_msgs_generate_messages_py[0m
[  0%] Built target std_msgs_generate_messages_py
[35m[1mScanning dependencies of target roscpp_generate_messages_lisp[0m
[  0%] Built target roscpp_generate_messages_lisp
[35m[1mScanning dependencies of target actionlib_msgs_generate_messages_lisp[0m
[  0%] Built target actionlib_msgs_generate_messages_lisp
[35m[1mScanning dependencies of target actionlib_msgs_generate_messages_nodejs[0m
[  0%] Built target actionlib_msgs_generate_messages_nodejs
[35m[1mScanning dependencies of target tf2_msgs_generate_messages_py[0m
[  0%] Built target tf2_msgs_generate_messages_py
[35m[1mScanning dependencies of target actionlib_msgs_generate_messages_py[0m
[  0%] Built target actionlib_msgs_generate_messages_py
[35m[1mScanning dependencies of target tf2_msgs_generate_messages_cpp[0m
[  0%] Built target tf2_msgs_generate_messages_cpp
[35m[1mScanning dependencies of target tf_generate_messages_py[0m
[  0%] Built target tf_generate_messages_py
[35m[1mScanning dependencies of target controller_manager_msgs_generate_messages_py[0m
[  0%] Built target controller_manager_msgs_generate_messages_py
[35m[1mScanning dependencies of target baxter_core_msgs_generate_messages_lisp[0m
[  0%] Built target baxter_core_msgs_generate_messages_lisp
[35m[1mScanning dependencies of target tf2_msgs_generate_messages_eus[0m
[  0%] Built target tf2_msgs_generate_messages_eus
[35m[1mScanning dependencies of target tf2_msgs_generate_messages_lisp[0m
[  0%] Built target tf2_msgs_generate_messages_lisp
[35m[1mScanning dependencies of target tf2_msgs_generate_messages_nodejs[0m
[  0%] Built target tf2_msgs_generate_messages_nodejs
[35m[1mScanning dependencies of target dynamic_reconfigure_generate_messages_cpp[0m
[  0%] Built target dynamic_reconfigure_generate_messages_cpp
[35m[1mScanning dependencies of target dynamic_reconfigure_generate_messages_eus[0m
[  0%] Built target dynamic_reconfigure_generate_messages_eus
[35m[1mScanning dependencies of target control_toolbox_gencfg[0m
[  0%] Built target control_toolbox_gencfg
[35m[1mScanning dependencies of target actionlib_generate_messages_py[0m
[  0%] Built target actionlib_generate_messages_py
[35m[1mScanning dependencies of target dynamic_reconfigure_generate_messages_py[0m
[  0%] Built target dynamic_reconfigure_generate_messages_py
[35m[1mScanning dependencies of target controller_manager_msgs_generate_messages_nodejs[0m
[  0%] Built target controller_manager_msgs_generate_messages_nodejs
[35m[1mScanning dependencies of target dynamic_reconfigure_gencfg[0m
[  0%] Built target dynamic_reconfigure_gencfg
[35m[1mScanning dependencies of target gazebo_msgs_generate_messages_py[0m
[  0%] Built target gazebo_msgs_generate_messages_py
[35m[1mScanning dependencies of target trajectory_msgs_generate_messages_eus[0m
[  0%] Built target trajectory_msgs_generate_messages_eus
[35m[1mScanning dependencies of target trajectory_msgs_generate_messages_lisp[0m
[  0%] Built target trajectory_msgs_generate_messages_lisp
[35m[1mScanning dependencies of target trajectory_msgs_generate_messages_nodejs[0m
[  0%] Built target trajectory_msgs_generate_messages_nodejs
[35m[1mScanning dependencies of target trajectory_msgs_generate_messages_py[0m
[  0%] Built target trajectory_msgs_generate_messages_py
[35m[1mScanning dependencies of target std_srvs_generate_messages_eus[0m
[  0%] Built target std_srvs_generate_messages_eus
[35m[1mScanning dependencies of target controller_manager_msgs_generate_messages_cpp[0m
[  0%] Built target controller_manager_msgs_generate_messages_cpp
[35m[1mScanning dependencies of target gazebo_ros_gencfg[0m
[  0%] Built target gazebo_ros_gencfg
[35m[1mScanning dependencies of target controller_manager_msgs_generate_messages_eus[0m
[  0%] Built target controller_manager_msgs_generate_messages_eus
[35m[1mScanning dependencies of target baxter_core_msgs_generate_messages_cpp[0m
[  0%] Built target baxter_core_msgs_generate_messages_cpp
[35m[1mScanning dependencies of target dynamic_reconfigure_generate_messages_lisp[0m
[  0%] Built target dynamic_reconfigure_generate_messages_lisp
[35m[1mScanning dependencies of target control_toolbox_generate_messages_eus[0m
[  0%] Built target control_toolbox_generate_messages_eus
[35m[1mScanning dependencies of target control_toolbox_generate_messages_lisp[0m
[  0%] Built target control_toolbox_generate_messages_lisp
[35m[1mScanning dependencies of target control_msgs_generate_messages_cpp[0m
[  0%] Built target control_msgs_generate_messages_cpp
[35m[1mScanning dependencies of target control_msgs_generate_messages_eus[0m
[  0%] Built target control_msgs_generate_messages_eus
[35m[1mScanning dependencies of target dynamic_reconfigure_generate_messages_nodejs[0m
[  0%] Built target dynamic_reconfigure_generate_messages_nodejs
[35m[1mScanning dependencies of target control_msgs_generate_messages_nodejs[0m
[  0%] Built target control_msgs_generate_messages_nodejs
[35m[1mScanning dependencies of target actionlib_generate_messages_nodejs[0m
[  0%] Built target actionlib_generate_messages_nodejs
[35m[1mScanning dependencies of target control_msgs_generate_messages_py[0m
[  0%] Built target control_msgs_generate_messages_py
[35m[1mScanning dependencies of target controller_manager_msgs_generate_messages_lisp[0m
[  0%] Built target controller_manager_msgs_generate_messages_lisp
[35m[1mScanning dependencies of target baxter_core_msgs_generate_messages_nodejs[0m
[  0%] Built target baxter_core_msgs_generate_messages_nodejs
[35m[1mScanning dependencies of target geometry_msgs_generate_messages_cpp[0m
[  0%] Built target geometry_msgs_generate_messages_cpp
[35m[1mScanning dependencies of target control_msgs_generate_messages_lisp[0m
[  0%] Built target control_msgs_generate_messages_lisp
[35m[1mScanning dependencies of target baxter_gazebo_ros_control[0m
[ 50%] [32mBuilding CXX object CMakeFiles/baxter_gazebo_ros_control.dir/src/baxter_gazebo_ros_control_plugin.cpp.o[0m
[100%] [32m[1mLinking CXX shared library devel/lib/libbaxter_gazebo_ros_control.so[0m
[100%] Built target baxter_gazebo_ros_control
[35m[1mScanning dependencies of target tests[0m
Built target tests
[  0%] Built target baxter_core_msgs_generate_messages_py
[  0%] Built target sensor_msgs_generate_messages_eus
[  0%] Built target actionlib_msgs_generate_messages_cpp
[  0%] Built target actionlib_generate_messages_lisp
[  0%] Built target actionlib_msgs_generate_messages_eus
[  0%] Built target control_toolbox_generate_messages_nodejs
[  0%] Built target control_toolbox_generate_messages_py
[  0%] Built target sensor_msgs_generate_messages_lisp
[  0%] Built target gazebo_msgs_generate_messages_lisp
[  0%] Built target sensor_msgs_generate_messages_cpp
[  0%] Built target roscpp_generate_messages_py
[  0%] Built target tf_generate_messages_lisp
[  0%] Built target actionlib_generate_messages_cpp
[  0%] Built target rosgraph_msgs_generate_messages_py
[  0%] Built target std_srvs_generate_messages_nodejs
[  0%] Built target baxter_core_msgs_generate_messages_eus
[  0%] Built target std_msgs_generate_messages_nodejs
[  0%] Built target gazebo_msgs_generate_messages_cpp
[  0%] Built target tf_generate_messages_cpp
[  0%] Built target gazebo_msgs_generate_messages_nodejs
[  0%] Built target gazebo_msgs_generate_messages_eus
[  0%] Built target geometry_msgs_generate_messages_nodejs
[  0%] Built target geometry_msgs_generate_messages_eus
[  0%] Built target roscpp_generate_messages_cpp
[  0%] Built target std_msgs_generate_messages_cpp
[  0%] Built target sensor_msgs_generate_messages_nodejs
[  0%] Built target trajectory_msgs_generate_messages_cpp
[  0%] Built target tf_generate_messages_nodejs
[  0%] Built target std_srvs_generate_messages_py
[  0%] Built target actionlib_generate_messages_eus
[  0%] Built target std_msgs_generate_messages_eus
[  0%] Built target roscpp_generate_messages_eus
[  0%] Built target std_srvs_generate_messages_lisp
[  0%] Built target std_msgs_generate_messages_lisp
[  0%] Built target rosgraph_msgs_generate_messages_cpp
[  0%] Built target geometry_msgs_generate_messages_py
[  0%] Built target geometry_msgs_generate_messages_lisp
[  0%] Built target control_toolbox_generate_messages_cpp
[  0%] Built target rosgraph_msgs_generate_messages_lisp
[  0%] Built target rosgraph_msgs_generate_messages_nodejs
[  0%] Built target tf_generate_messages_eus
[  0%] Built target std_srvs_generate_messages_cpp
[  0%] Built target sensor_msgs_generate_messages_py
[  0%] Built target roscpp_generate_messages_nodejs
[  0%] Built target rosgraph_msgs_generate_messages_eus
[  0%] Built target std_msgs_generate_messages_py
[  0%] Built target roscpp_generate_messages_lisp
[  0%] Built target actionlib_msgs_generate_messages_lisp
[  0%] Built target actionlib_msgs_generate_messages_nodejs
[  0%] Built target tf2_msgs_generate_messages_py
[  0%] Built target actionlib_msgs_generate_messages_py
[  0%] Built target tf2_msgs_generate_messages_cpp
[  0%] Built target tf_generate_messages_py
[  0%] Built target controller_manager_msgs_generate_messages_py
[  0%] Built target baxter_core_msgs_generate_messages_lisp
[  0%] Built target tf2_msgs_generate_messages_eus
[  0%] Built target tf2_msgs_generate_messages_lisp
[  0%] Built target tf2_msgs_generate_messages_nodejs
[  0%] Built target dynamic_reconfigure_generate_messages_cpp
[  0%] Built target dynamic_reconfigure_generate_messages_eus
[  0%] Built target control_toolbox_gencfg
[  0%] Built target actionlib_generate_messages_py
[  0%] Built target dynamic_reconfigure_generate_messages_py
[  0%] Built target controller_manager_msgs_generate_messages_nodejs
[  0%] Built target dynamic_reconfigure_gencfg
[  0%] Built target gazebo_msgs_generate_messages_py
[  0%] Built target trajectory_msgs_generate_messages_eus
[  0%] Built target trajectory_msgs_generate_messages_lisp
[  0%] Built target trajectory_msgs_generate_messages_nodejs
[  0%] Built target trajectory_msgs_generate_messages_py
[  0%] Built target std_srvs_generate_messages_eus
[  0%] Built target controller_manager_msgs_generate_messages_cpp
[  0%] Built target gazebo_ros_gencfg
[  0%] Built target controller_manager_msgs_generate_messages_eus
[  0%] Built target baxter_core_msgs_generate_messages_cpp
[  0%] Built target dynamic_reconfigure_generate_messages_lisp
[  0%] Built target control_toolbox_generate_messages_eus
[  0%] Built target control_toolbox_generate_messages_lisp
[  0%] Built target control_msgs_generate_messages_cpp
[  0%] Built target control_msgs_generate_messages_eus
[  0%] Built target dynamic_reconfigure_generate_messages_nodejs
[  0%] Built target control_msgs_generate_messages_nodejs
[  0%] Built target actionlib_generate_messages_nodejs
[  0%] Built target control_msgs_generate_messages_py
[  0%] Built target controller_manager_msgs_generate_messages_lisp
[  0%] Built target baxter_core_msgs_generate_messages_nodejs
[  0%] Built target geometry_msgs_generate_messages_cpp
[  0%] Built target control_msgs_generate_messages_lisp
[100%] Built target baxter_gazebo_ros_control
[36mInstall the project...[0m
-- Install configuration: ""
-- Execute custom install script
-- Symlinking: /home/rick/catkin_ws/src/install/baxter_gazebo/lib/pkgconfig/baxter_gazebo.pc
-- Symlinking: /home/rick/catkin_ws/src/install/baxter_gazebo/share/baxter_gazebo/cmake/baxter_gazeboConfig.cmake
-- Symlinking: /home/rick/catkin_ws/src/install/baxter_gazebo/share/baxter_gazebo/cmake/baxter_gazeboConfig-version.cmake
-- Symlinking: /home/rick/catkin_ws/src/install/baxter_gazebo/share/baxter_gazebo/package.xml
-- Symlinking: /home/rick/catkin_ws/src/install/baxter_gazebo/lib/libbaxter_gazebo_ros_control.so
-- Symlinking: /home/rick/catkin_ws/src/install/baxter_gazebo/share/baxter_gazebo/launch/baxter_world.launch
-- Symlinking: /home/rick/catkin_ws/src/install/baxter_gazebo/share/baxter_gazebo/worlds/baxter.world
-- Symlinking: /home/rick/catkin_ws/src/install/baxter_gazebo/share/baxter_gazebo/worlds/baxter_gas_station.world
