[0.050s] Invoking command in '/home/rick/catkin_ws/src/build/baxter_gazebo': CMAKE_PREFIX_PATH=/home/rick/catkin_ws/src/install/baxter_sim_hardware:/home/rick/catkin_ws/src/install/baxter_sim_kinematics:/home/rick/catkin_ws/src/install/baxter_sim_io:/home/rick/catkin_ws/src/install/baxter_sim_controllers:/home/rick/catkin_ws/src/install/baxter_description:/home/rick/catkin_ws/src/install/rethink_ee_description:/home/rick/catkin_ws/src/install/baxter_core_msgs:${CMAKE_PREFIX_PATH} LD_LIBRARY_PATH=/home/rick/catkin_ws/src/install/baxter_sim_kinematics/lib:/home/rick/catkin_ws/src/install/baxter_sim_controllers/lib:${LD_LIBRARY_PATH} PKG_CONFIG_PATH=/home/rick/catkin_ws/src/install/baxter_sim_hardware/lib/x86_64-linux-gnu/pkgconfig:/home/rick/catkin_ws/src/install/baxter_sim_hardware/lib/pkgconfig:/home/rick/catkin_ws/src/install/baxter_sim_kinematics/lib/x86_64-linux-gnu/pkgconfig:/home/rick/catkin_ws/src/install/baxter_sim_kinematics/lib/pkgconfig:/home/rick/catkin_ws/src/install/baxter_sim_io/lib/x86_64-linux-gnu/pkgconfig:/home/rick/catkin_ws/src/install/baxter_sim_io/lib/pkgconfig:/home/rick/catkin_ws/src/install/baxter_sim_controllers/lib/x86_64-linux-gnu/pkgconfig:/home/rick/catkin_ws/src/install/baxter_sim_controllers/lib/pkgconfig:/home/rick/catkin_ws/src/install/baxter_description/lib/x86_64-linux-gnu/pkgconfig:/home/rick/catkin_ws/src/install/baxter_description/lib/pkgconfig:/home/rick/catkin_ws/src/install/rethink_ee_description/lib/x86_64-linux-gnu/pkgconfig:/home/rick/catkin_ws/src/install/rethink_ee_description/lib/pkgconfig:/home/rick/catkin_ws/src/install/baxter_core_msgs/lib/x86_64-linux-gnu/pkgconfig:/home/rick/catkin_ws/src/install/baxter_core_msgs/lib/pkgconfig:${PKG_CONFIG_PATH} PYTHONPATH=/home/rick/catkin_ws/src/install/baxter_core_msgs/lib/python2.7/dist-packages:${PYTHONPATH} ROS_PACKAGE_PATH=/home/rick/catkin_ws/src/install/baxter_sim_hardware/share:/home/rick/catkin_ws/src/install/baxter_sim_kinematics/share:/home/rick/catkin_ws/src/install/baxter_sim_io/share:/home/rick/catkin_ws/src/install/baxter_sim_controllers/share:/home/rick/catkin_ws/src/install/baxter_description/share:/home/rick/catkin_ws/src/install/rethink_ee_description/share:/home/rick/catkin_ws/src/install/baxter_core_msgs/share:${ROS_PACKAGE_PATH} /usr/bin/cmake /home/rick/catkin_ws/src/baxter_simulator/baxter_gazebo -DCATKIN_INSTALL_INTO_PREFIX_ROOT=0 -DCATKIN_SYMLINK_INSTALL=ON -DCMAKE_INSTALL_PREFIX=/home/rick/catkin_ws/src/install/baxter_gazebo
[0.140s] -- The C compiler identification is GNU 5.4.0
[0.241s] -- The CXX compiler identification is GNU 5.4.0
[0.244s] -- Check for working C compiler: /usr/bin/cc
[0.351s] -- Check for working C compiler: /usr/bin/cc -- works
[0.353s] -- Detecting C compiler ABI info
[0.457s] -- Detecting C compiler ABI info - done
[0.466s] -- Detecting C compile features
[0.762s] -- Detecting C compile features - done
[0.770s] -- Check for working CXX compiler: /usr/bin/c++
[0.882s] -- Check for working CXX compiler: /usr/bin/c++ -- works
[0.883s] -- Detecting CXX compiler ABI info
[0.976s] -- Detecting CXX compiler ABI info - done
[0.984s] -- Detecting CXX compile features
[1.366s] -- Detecting CXX compile features - done
[1.370s] -- Using CATKIN_DEVEL_PREFIX: /home/rick/catkin_ws/src/build/baxter_gazebo/devel
[1.370s] -- Using CMAKE_PREFIX_PATH: /home/rick/catkin_ws/src/install/baxter_sim_hardware;/home/rick/catkin_ws/src/install/baxter_sim_kinematics;/home/rick/catkin_ws/src/install/baxter_sim_io;/home/rick/catkin_ws/src/install/baxter_sim_controllers;/home/rick/catkin_ws/src/install/baxter_description;/home/rick/catkin_ws/src/install/rethink_ee_description;/home/rick/catkin_ws/src/install/baxter_core_msgs;/opt/ros/kinetic
[1.370s] -- This workspace overlays: /home/rick/catkin_ws/src/install/baxter_sim_hardware;/home/rick/catkin_ws/src/install/baxter_sim_kinematics;/home/rick/catkin_ws/src/install/baxter_sim_io;/home/rick/catkin_ws/src/install/baxter_sim_controllers;/home/rick/catkin_ws/src/install/baxter_description;/home/rick/catkin_ws/src/install/rethink_ee_description;/home/rick/catkin_ws/src/install/baxter_core_msgs;/opt/ros/kinetic
[1.372s] -- Override CMake install command with custom implementation using symlinks instead of copying resources
[1.386s] -- Found PythonInterp: /usr/bin/python2 (found suitable version "2.7.12", minimum required is "2") 
[1.386s] -- Using PYTHON_EXECUTABLE: /usr/bin/python2
[1.387s] -- Using Debian Python package layout
[1.387s] -- Using empy: /usr/bin/empy
[1.573s] -- Using CATKIN_ENABLE_TESTING: ON
[1.573s] -- Call enable_testing()
[1.575s] -- Using CATKIN_TEST_RESULTS_DIR: /home/rick/catkin_ws/src/build/baxter_gazebo/test_results
[1.593s] -- Found gtest sources under '/usr/src/gmock': gtests will be built
[1.593s] -- Found gmock sources under '/usr/src/gmock': gmock will be built
[1.611s] -- Found PythonInterp: /usr/bin/python2 (found version "2.7.12") 
[1.613s] -- Looking for pthread.h
[1.712s] -- Looking for pthread.h - found
[1.713s] -- Looking for pthread_create
[1.825s] -- Looking for pthread_create - not found
[1.825s] -- Looking for pthread_create in pthreads
[1.911s] -- Looking for pthread_create in pthreads - not found
[1.912s] -- Looking for pthread_create in pthread
[2.001s] -- Looking for pthread_create in pthread - found
[2.004s] -- Found Threads: TRUE  
[2.011s] -- Using Python nosetests: /usr/bin/nosetests-2.7
[2.064s] -- catkin 0.7.20
[2.064s] -- BUILD_SHARED_LIBS is on
[2.369s] -- Using these message generators: gencpp;geneus;genlisp;gennodejs;genpy
[2.904s] -- Boost version: 1.58.0
[2.904s] -- Found the following Boost libraries:
[2.905s] --   thread
[2.905s] --   signals
[2.905s] --   system
[2.905s] --   filesystem
[2.906s] --   program_options
[2.906s] --   regex
[2.906s] --   iostreams
[2.906s] --   date_time
[2.906s] --   chrono
[2.907s] --   atomic
[2.933s] -- Found Protobuf: /usr/lib/x86_64-linux-gnu/libprotobuf.so  
[2.961s] -- Boost version: 1.58.0
[2.967s] -- Looking for OGRE...
[2.973s] -- OGRE_PREFIX_WATCH changed.
[2.983s] -- Found PkgConfig: /usr/bin/pkg-config (found version "0.29.1") 
[2.986s] -- Checking for module 'OGRE'
[3.009s] --   Found OGRE, version 1.9.0
[3.093s] -- Found Ogre Ghadamon (1.9.0)
[3.103s] -- Found OGRE: optimized;/usr/lib/x86_64-linux-gnu/libOgreMain.so;debug;/usr/lib/x86_64-linux-gnu/libOgreMain.so
[3.147s] -- Looking for OGRE_Paging...
[3.167s] -- Found OGRE_Paging: optimized;/usr/lib/x86_64-linux-gnu/libOgrePaging.so;debug;/usr/lib/x86_64-linux-gnu/libOgrePaging.so
[3.168s] -- Looking for OGRE_Terrain...
[3.186s] -- Found OGRE_Terrain: optimized;/usr/lib/x86_64-linux-gnu/libOgreTerrain.so;debug;/usr/lib/x86_64-linux-gnu/libOgreTerrain.so
[3.186s] -- Looking for OGRE_Property...
[3.195s] -- Found OGRE_Property: optimized;/usr/lib/x86_64-linux-gnu/libOgreProperty.so;debug;/usr/lib/x86_64-linux-gnu/libOgreProperty.so
[3.195s] -- Looking for OGRE_RTShaderSystem...
[3.209s] -- Found OGRE_RTShaderSystem: optimized;/usr/lib/x86_64-linux-gnu/libOgreRTShaderSystem.so;debug;/usr/lib/x86_64-linux-gnu/libOgreRTShaderSystem.so
[3.209s] -- Looking for OGRE_Volume...
[3.225s] -- Found OGRE_Volume: optimized;/usr/lib/x86_64-linux-gnu/libOgreVolume.so;debug;/usr/lib/x86_64-linux-gnu/libOgreVolume.so
[3.225s] -- Looking for OGRE_Overlay...
[3.244s] -- Found OGRE_Overlay: optimized;/usr/lib/x86_64-linux-gnu/libOgreOverlay.so;debug;/usr/lib/x86_64-linux-gnu/libOgreOverlay.so
[3.478s] -- Boost version: 1.58.0
[3.479s] -- Found the following Boost libraries:
[3.479s] --   system
[3.620s] -- Configuring done
[3.749s] -- Generating done
[3.783s] -- Build files have been written to: /home/rick/catkin_ws/src/build/baxter_gazebo
[3.799s] Invoked command in '/home/rick/catkin_ws/src/build/baxter_gazebo' returned '0': CMAKE_PREFIX_PATH=/home/rick/catkin_ws/src/install/baxter_sim_hardware:/home/rick/catkin_ws/src/install/baxter_sim_kinematics:/home/rick/catkin_ws/src/install/baxter_sim_io:/home/rick/catkin_ws/src/install/baxter_sim_controllers:/home/rick/catkin_ws/src/install/baxter_description:/home/rick/catkin_ws/src/install/rethink_ee_description:/home/rick/catkin_ws/src/install/baxter_core_msgs:${CMAKE_PREFIX_PATH} LD_LIBRARY_PATH=/home/rick/catkin_ws/src/install/baxter_sim_kinematics/lib:/home/rick/catkin_ws/src/install/baxter_sim_controllers/lib:${LD_LIBRARY_PATH} PKG_CONFIG_PATH=/home/rick/catkin_ws/src/install/baxter_sim_hardware/lib/x86_64-linux-gnu/pkgconfig:/home/rick/catkin_ws/src/install/baxter_sim_hardware/lib/pkgconfig:/home/rick/catkin_ws/src/install/baxter_sim_kinematics/lib/x86_64-linux-gnu/pkgconfig:/home/rick/catkin_ws/src/install/baxter_sim_kinematics/lib/pkgconfig:/home/rick/catkin_ws/src/install/baxter_sim_io/lib/x86_64-linux-gnu/pkgconfig:/home/rick/catkin_ws/src/install/baxter_sim_io/lib/pkgconfig:/home/rick/catkin_ws/src/install/baxter_sim_controllers/lib/x86_64-linux-gnu/pkgconfig:/home/rick/catkin_ws/src/install/baxter_sim_controllers/lib/pkgconfig:/home/rick/catkin_ws/src/install/baxter_description/lib/x86_64-linux-gnu/pkgconfig:/home/rick/catkin_ws/src/install/baxter_description/lib/pkgconfig:/home/rick/catkin_ws/src/install/rethink_ee_description/lib/x86_64-linux-gnu/pkgconfig:/home/rick/catkin_ws/src/install/rethink_ee_description/lib/pkgconfig:/home/rick/catkin_ws/src/install/baxter_core_msgs/lib/x86_64-linux-gnu/pkgconfig:/home/rick/catkin_ws/src/install/baxter_core_msgs/lib/pkgconfig:${PKG_CONFIG_PATH} PYTHONPATH=/home/rick/catkin_ws/src/install/baxter_core_msgs/lib/python2.7/dist-packages:${PYTHONPATH} ROS_PACKAGE_PATH=/home/rick/catkin_ws/src/install/baxter_sim_hardware/share:/home/rick/catkin_ws/src/install/baxter_sim_kinematics/share:/home/rick/catkin_ws/src/install/baxter_sim_io/share:/home/rick/catkin_ws/src/install/baxter_sim_controllers/share:/home/rick/catkin_ws/src/install/baxter_description/share:/home/rick/catkin_ws/src/install/rethink_ee_description/share:/home/rick/catkin_ws/src/install/baxter_core_msgs/share:${ROS_PACKAGE_PATH} /usr/bin/cmake /home/rick/catkin_ws/src/baxter_simulator/baxter_gazebo -DCATKIN_INSTALL_INTO_PREFIX_ROOT=0 -DCATKIN_SYMLINK_INSTALL=ON -DCMAKE_INSTALL_PREFIX=/home/rick/catkin_ws/src/install/baxter_gazebo
[3.800s] Invoking command in '/home/rick/catkin_ws/src/build/baxter_gazebo': CMAKE_PREFIX_PATH=/home/rick/catkin_ws/src/install/baxter_sim_hardware:/home/rick/catkin_ws/src/install/baxter_sim_kinematics:/home/rick/catkin_ws/src/install/baxter_sim_io:/home/rick/catkin_ws/src/install/baxter_sim_controllers:/home/rick/catkin_ws/src/install/baxter_description:/home/rick/catkin_ws/src/install/rethink_ee_description:/home/rick/catkin_ws/src/install/baxter_core_msgs:${CMAKE_PREFIX_PATH} LD_LIBRARY_PATH=/home/rick/catkin_ws/src/install/baxter_sim_kinematics/lib:/home/rick/catkin_ws/src/install/baxter_sim_controllers/lib:${LD_LIBRARY_PATH} PKG_CONFIG_PATH=/home/rick/catkin_ws/src/install/baxter_sim_hardware/lib/x86_64-linux-gnu/pkgconfig:/home/rick/catkin_ws/src/install/baxter_sim_hardware/lib/pkgconfig:/home/rick/catkin_ws/src/install/baxter_sim_kinematics/lib/x86_64-linux-gnu/pkgconfig:/home/rick/catkin_ws/src/install/baxter_sim_kinematics/lib/pkgconfig:/home/rick/catkin_ws/src/install/baxter_sim_io/lib/x86_64-linux-gnu/pkgconfig:/home/rick/catkin_ws/src/install/baxter_sim_io/lib/pkgconfig:/home/rick/catkin_ws/src/install/baxter_sim_controllers/lib/x86_64-linux-gnu/pkgconfig:/home/rick/catkin_ws/src/install/baxter_sim_controllers/lib/pkgconfig:/home/rick/catkin_ws/src/install/baxter_description/lib/x86_64-linux-gnu/pkgconfig:/home/rick/catkin_ws/src/install/baxter_description/lib/pkgconfig:/home/rick/catkin_ws/src/install/rethink_ee_description/lib/x86_64-linux-gnu/pkgconfig:/home/rick/catkin_ws/src/install/rethink_ee_description/lib/pkgconfig:/home/rick/catkin_ws/src/install/baxter_core_msgs/lib/x86_64-linux-gnu/pkgconfig:/home/rick/catkin_ws/src/install/baxter_core_msgs/lib/pkgconfig:${PKG_CONFIG_PATH} PYTHONPATH=/home/rick/catkin_ws/src/install/baxter_core_msgs/lib/python2.7/dist-packages:${PYTHONPATH} ROS_PACKAGE_PATH=/home/rick/catkin_ws/src/install/baxter_sim_hardware/share:/home/rick/catkin_ws/src/install/baxter_sim_kinematics/share:/home/rick/catkin_ws/src/install/baxter_sim_io/share:/home/rick/catkin_ws/src/install/baxter_sim_controllers/share:/home/rick/catkin_ws/src/install/baxter_description/share:/home/rick/catkin_ws/src/install/rethink_ee_description/share:/home/rick/catkin_ws/src/install/baxter_core_msgs/share:${ROS_PACKAGE_PATH} /usr/bin/cmake --build /home/rick/catkin_ws/src/build/baxter_gazebo -- -j2 -l2
[3.855s] [35m[1mScanning dependencies of target baxter_core_msgs_generate_messages_py[0m
[3.869s] [  0%] Built target baxter_core_msgs_generate_messages_py
[3.880s] [35m[1mScanning dependencies of target sensor_msgs_generate_messages_eus[0m
[3.893s] [  0%] Built target sensor_msgs_generate_messages_eus
[3.907s] [35m[1mScanning dependencies of target actionlib_msgs_generate_messages_cpp[0m
[3.917s] [  0%] Built target actionlib_msgs_generate_messages_cpp
[3.928s] [35m[1mScanning dependencies of target actionlib_generate_messages_lisp[0m
[3.942s] [  0%] Built target actionlib_generate_messages_lisp
[3.957s] [35m[1mScanning dependencies of target actionlib_msgs_generate_messages_eus[0m
[3.972s] [  0%] Built target actionlib_msgs_generate_messages_eus
[3.992s] [35m[1mScanning dependencies of target control_toolbox_generate_messages_nodejs[0m
[4.006s] [  0%] Built target control_toolbox_generate_messages_nodejs
[4.020s] [35m[1mScanning dependencies of target control_toolbox_generate_messages_py[0m
[4.033s] [  0%] Built target control_toolbox_generate_messages_py
[4.049s] [35m[1mScanning dependencies of target sensor_msgs_generate_messages_lisp[0m
[4.083s] [  0%] Built target sensor_msgs_generate_messages_lisp
[4.100s] [35m[1mScanning dependencies of target gazebo_msgs_generate_messages_lisp[0m
[4.113s] [  0%] Built target gazebo_msgs_generate_messages_lisp
[4.129s] [35m[1mScanning dependencies of target sensor_msgs_generate_messages_cpp[0m
[4.141s] [  0%] Built target sensor_msgs_generate_messages_cpp
[4.156s] [35m[1mScanning dependencies of target roscpp_generate_messages_py[0m
[4.170s] [  0%] Built target roscpp_generate_messages_py
[4.188s] [35m[1mScanning dependencies of target tf_generate_messages_lisp[0m
[4.203s] [  0%] Built target tf_generate_messages_lisp
[4.214s] [35m[1mScanning dependencies of target actionlib_generate_messages_cpp[0m
[4.228s] [  0%] Built target actionlib_generate_messages_cpp
[4.244s] [35m[1mScanning dependencies of target rosgraph_msgs_generate_messages_py[0m
[4.260s] [  0%] Built target rosgraph_msgs_generate_messages_py
[4.275s] [35m[1mScanning dependencies of target std_srvs_generate_messages_nodejs[0m
[4.286s] [  0%] Built target std_srvs_generate_messages_nodejs
[4.302s] [35m[1mScanning dependencies of target baxter_core_msgs_generate_messages_eus[0m
[4.316s] [  0%] Built target baxter_core_msgs_generate_messages_eus
[4.332s] [35m[1mScanning dependencies of target std_msgs_generate_messages_nodejs[0m
[4.344s] [  0%] Built target std_msgs_generate_messages_nodejs
[4.358s] [35m[1mScanning dependencies of target gazebo_msgs_generate_messages_cpp[0m
[4.368s] [  0%] Built target gazebo_msgs_generate_messages_cpp
[4.401s] [35m[1mScanning dependencies of target tf_generate_messages_cpp[0m
[4.420s] [  0%] Built target tf_generate_messages_cpp
[4.436s] [35m[1mScanning dependencies of target gazebo_msgs_generate_messages_nodejs[0m
[4.460s] [  0%] Built target gazebo_msgs_generate_messages_nodejs
[4.498s] [35m[1mScanning dependencies of target gazebo_msgs_generate_messages_eus[0m
[4.520s] [  0%] Built target gazebo_msgs_generate_messages_eus
[4.535s] [35m[1mScanning dependencies of target geometry_msgs_generate_messages_nodejs[0m
[4.545s] [  0%] Built target geometry_msgs_generate_messages_nodejs
[4.556s] [35m[1mScanning dependencies of target geometry_msgs_generate_messages_eus[0m
[4.579s] [  0%] Built target geometry_msgs_generate_messages_eus
[4.595s] [35m[1mScanning dependencies of target roscpp_generate_messages_cpp[0m
[4.606s] [  0%] Built target roscpp_generate_messages_cpp
[4.618s] [35m[1mScanning dependencies of target std_msgs_generate_messages_cpp[0m
[4.628s] [  0%] Built target std_msgs_generate_messages_cpp
[4.641s] [35m[1mScanning dependencies of target sensor_msgs_generate_messages_nodejs[0m
[4.651s] [  0%] Built target sensor_msgs_generate_messages_nodejs
[4.661s] [35m[1mScanning dependencies of target trajectory_msgs_generate_messages_cpp[0m
[4.678s] [  0%] Built target trajectory_msgs_generate_messages_cpp
[4.691s] [35m[1mScanning dependencies of target tf_generate_messages_nodejs[0m
[4.703s] [  0%] Built target tf_generate_messages_nodejs
[4.714s] [35m[1mScanning dependencies of target std_srvs_generate_messages_py[0m
[4.728s] [  0%] Built target std_srvs_generate_messages_py
[4.740s] [35m[1mScanning dependencies of target actionlib_generate_messages_eus[0m
[4.749s] [  0%] Built target actionlib_generate_messages_eus
[4.763s] [35m[1mScanning dependencies of target std_msgs_generate_messages_eus[0m
[4.782s] [  0%] Built target std_msgs_generate_messages_eus
[4.797s] [35m[1mScanning dependencies of target roscpp_generate_messages_eus[0m
[4.812s] [  0%] Built target roscpp_generate_messages_eus
[4.830s] [35m[1mScanning dependencies of target std_srvs_generate_messages_lisp[0m
[4.848s] [  0%] Built target std_srvs_generate_messages_lisp
[4.862s] [35m[1mScanning dependencies of target std_msgs_generate_messages_lisp[0m
[4.881s] [  0%] Built target std_msgs_generate_messages_lisp
[4.894s] [35m[1mScanning dependencies of target rosgraph_msgs_generate_messages_cpp[0m
[4.905s] [  0%] Built target rosgraph_msgs_generate_messages_cpp
[4.920s] [35m[1mScanning dependencies of target geometry_msgs_generate_messages_py[0m
[4.931s] [  0%] Built target geometry_msgs_generate_messages_py
[4.943s] [35m[1mScanning dependencies of target geometry_msgs_generate_messages_lisp[0m
[4.952s] [  0%] Built target geometry_msgs_generate_messages_lisp
[4.967s] [35m[1mScanning dependencies of target control_toolbox_generate_messages_cpp[0m
[4.983s] [  0%] Built target control_toolbox_generate_messages_cpp
[4.993s] [35m[1mScanning dependencies of target rosgraph_msgs_generate_messages_lisp[0m
[5.006s] [  0%] Built target rosgraph_msgs_generate_messages_lisp
[5.015s] [35m[1mScanning dependencies of target rosgraph_msgs_generate_messages_nodejs[0m
[5.025s] [  0%] Built target rosgraph_msgs_generate_messages_nodejs
[5.039s] [35m[1mScanning dependencies of target tf_generate_messages_eus[0m
[5.052s] [  0%] Built target tf_generate_messages_eus
[5.062s] [35m[1mScanning dependencies of target std_srvs_generate_messages_cpp[0m
[5.075s] [  0%] Built target std_srvs_generate_messages_cpp
[5.088s] [35m[1mScanning dependencies of target sensor_msgs_generate_messages_py[0m
[5.101s] [  0%] Built target sensor_msgs_generate_messages_py
[5.112s] [35m[1mScanning dependencies of target roscpp_generate_messages_nodejs[0m
[5.126s] [  0%] Built target roscpp_generate_messages_nodejs
[5.135s] [35m[1mScanning dependencies of target rosgraph_msgs_generate_messages_eus[0m
[5.147s] [  0%] Built target rosgraph_msgs_generate_messages_eus
[5.157s] [35m[1mScanning dependencies of target std_msgs_generate_messages_py[0m
[5.166s] [  0%] Built target std_msgs_generate_messages_py
[5.182s] [35m[1mScanning dependencies of target roscpp_generate_messages_lisp[0m
[5.194s] [  0%] Built target roscpp_generate_messages_lisp
[5.204s] [35m[1mScanning dependencies of target actionlib_msgs_generate_messages_lisp[0m
[5.218s] [  0%] Built target actionlib_msgs_generate_messages_lisp
[5.235s] [35m[1mScanning dependencies of target actionlib_msgs_generate_messages_nodejs[0m
[5.252s] [  0%] Built target actionlib_msgs_generate_messages_nodejs
[5.265s] [35m[1mScanning dependencies of target tf2_msgs_generate_messages_py[0m
[5.288s] [  0%] Built target tf2_msgs_generate_messages_py
[5.300s] [35m[1mScanning dependencies of target actionlib_msgs_generate_messages_py[0m
[5.311s] [  0%] Built target actionlib_msgs_generate_messages_py
[5.325s] [35m[1mScanning dependencies of target tf2_msgs_generate_messages_cpp[0m
[5.341s] [  0%] Built target tf2_msgs_generate_messages_cpp
[5.353s] [35m[1mScanning dependencies of target tf_generate_messages_py[0m
[5.369s] [  0%] Built target tf_generate_messages_py
[5.392s] [35m[1mScanning dependencies of target controller_manager_msgs_generate_messages_py[0m
[5.407s] [  0%] Built target controller_manager_msgs_generate_messages_py
[5.417s] [35m[1mScanning dependencies of target baxter_core_msgs_generate_messages_lisp[0m
[5.437s] [  0%] Built target baxter_core_msgs_generate_messages_lisp
[5.449s] [35m[1mScanning dependencies of target tf2_msgs_generate_messages_eus[0m
[5.461s] [  0%] Built target tf2_msgs_generate_messages_eus
[5.492s] [35m[1mScanning dependencies of target tf2_msgs_generate_messages_lisp[0m
[5.509s] [  0%] Built target tf2_msgs_generate_messages_lisp
[5.520s] [35m[1mScanning dependencies of target tf2_msgs_generate_messages_nodejs[0m
[5.529s] [  0%] Built target tf2_msgs_generate_messages_nodejs
[5.541s] [35m[1mScanning dependencies of target dynamic_reconfigure_generate_messages_cpp[0m
[5.551s] [  0%] Built target dynamic_reconfigure_generate_messages_cpp
[5.565s] [35m[1mScanning dependencies of target dynamic_reconfigure_generate_messages_eus[0m
[5.579s] [  0%] Built target dynamic_reconfigure_generate_messages_eus
[5.591s] [35m[1mScanning dependencies of target control_toolbox_gencfg[0m
[5.603s] [  0%] Built target control_toolbox_gencfg
[5.616s] [35m[1mScanning dependencies of target actionlib_generate_messages_py[0m
[5.630s] [  0%] Built target actionlib_generate_messages_py
[5.644s] [35m[1mScanning dependencies of target dynamic_reconfigure_generate_messages_py[0m
[5.657s] [  0%] Built target dynamic_reconfigure_generate_messages_py
[5.671s] [35m[1mScanning dependencies of target controller_manager_msgs_generate_messages_nodejs[0m
[5.687s] [  0%] Built target controller_manager_msgs_generate_messages_nodejs
[5.696s] [35m[1mScanning dependencies of target dynamic_reconfigure_gencfg[0m
[5.709s] [  0%] Built target dynamic_reconfigure_gencfg
[5.723s] [35m[1mScanning dependencies of target gazebo_msgs_generate_messages_py[0m
[5.734s] [  0%] Built target gazebo_msgs_generate_messages_py
[5.744s] [35m[1mScanning dependencies of target trajectory_msgs_generate_messages_eus[0m
[5.758s] [  0%] Built target trajectory_msgs_generate_messages_eus
[5.771s] [35m[1mScanning dependencies of target trajectory_msgs_generate_messages_lisp[0m
[5.795s] [  0%] Built target trajectory_msgs_generate_messages_lisp
[5.805s] [35m[1mScanning dependencies of target trajectory_msgs_generate_messages_nodejs[0m
[5.819s] [  0%] Built target trajectory_msgs_generate_messages_nodejs
[5.833s] [35m[1mScanning dependencies of target trajectory_msgs_generate_messages_py[0m
[5.846s] [  0%] Built target trajectory_msgs_generate_messages_py
[5.862s] [35m[1mScanning dependencies of target std_srvs_generate_messages_eus[0m
[5.876s] [  0%] Built target std_srvs_generate_messages_eus
[5.897s] [35m[1mScanning dependencies of target controller_manager_msgs_generate_messages_cpp[0m
[5.908s] [  0%] Built target controller_manager_msgs_generate_messages_cpp
[5.917s] [35m[1mScanning dependencies of target gazebo_ros_gencfg[0m
[5.926s] [  0%] Built target gazebo_ros_gencfg
[5.940s] [35m[1mScanning dependencies of target controller_manager_msgs_generate_messages_eus[0m
[5.950s] [  0%] Built target controller_manager_msgs_generate_messages_eus
[5.961s] [35m[1mScanning dependencies of target baxter_core_msgs_generate_messages_cpp[0m
[5.974s] [  0%] Built target baxter_core_msgs_generate_messages_cpp
[5.987s] [35m[1mScanning dependencies of target dynamic_reconfigure_generate_messages_lisp[0m
[6.005s] [  0%] Built target dynamic_reconfigure_generate_messages_lisp
[6.017s] [35m[1mScanning dependencies of target control_toolbox_generate_messages_eus[0m
[6.028s] [  0%] Built target control_toolbox_generate_messages_eus
[6.042s] [35m[1mScanning dependencies of target control_toolbox_generate_messages_lisp[0m
[6.054s] [  0%] Built target control_toolbox_generate_messages_lisp
[6.069s] [35m[1mScanning dependencies of target control_msgs_generate_messages_cpp[0m
[6.081s] [  0%] Built target control_msgs_generate_messages_cpp
[6.095s] [35m[1mScanning dependencies of target control_msgs_generate_messages_eus[0m
[6.109s] [  0%] Built target control_msgs_generate_messages_eus
[6.118s] [35m[1mScanning dependencies of target dynamic_reconfigure_generate_messages_nodejs[0m
[6.130s] [  0%] Built target dynamic_reconfigure_generate_messages_nodejs
[6.141s] [35m[1mScanning dependencies of target control_msgs_generate_messages_nodejs[0m
[6.155s] [  0%] Built target control_msgs_generate_messages_nodejs
[6.165s] [35m[1mScanning dependencies of target actionlib_generate_messages_nodejs[0m
[6.177s] [  0%] Built target actionlib_generate_messages_nodejs
[6.198s] [35m[1mScanning dependencies of target control_msgs_generate_messages_py[0m
[6.210s] [  0%] Built target control_msgs_generate_messages_py
[6.225s] [35m[1mScanning dependencies of target controller_manager_msgs_generate_messages_lisp[0m
[6.238s] [  0%] Built target controller_manager_msgs_generate_messages_lisp
[6.248s] [35m[1mScanning dependencies of target baxter_core_msgs_generate_messages_nodejs[0m
[6.263s] [  0%] Built target baxter_core_msgs_generate_messages_nodejs
[6.275s] [35m[1mScanning dependencies of target geometry_msgs_generate_messages_cpp[0m
[6.297s] [  0%] Built target geometry_msgs_generate_messages_cpp
[6.310s] [35m[1mScanning dependencies of target control_msgs_generate_messages_lisp[0m
[6.325s] [  0%] Built target control_msgs_generate_messages_lisp
[6.343s] [35m[1mScanning dependencies of target baxter_gazebo_ros_control[0m
[6.645s] [ 50%] [32mBuilding CXX object CMakeFiles/baxter_gazebo_ros_control.dir/src/baxter_gazebo_ros_control_plugin.cpp.o[0m
[16.943s] [100%] [32m[1mLinking CXX shared library devel/lib/libbaxter_gazebo_ros_control.so[0m
[17.480s] [100%] Built target baxter_gazebo_ros_control
[17.497s] Invoked command in '/home/rick/catkin_ws/src/build/baxter_gazebo' returned '0': CMAKE_PREFIX_PATH=/home/rick/catkin_ws/src/install/baxter_sim_hardware:/home/rick/catkin_ws/src/install/baxter_sim_kinematics:/home/rick/catkin_ws/src/install/baxter_sim_io:/home/rick/catkin_ws/src/install/baxter_sim_controllers:/home/rick/catkin_ws/src/install/baxter_description:/home/rick/catkin_ws/src/install/rethink_ee_description:/home/rick/catkin_ws/src/install/baxter_core_msgs:${CMAKE_PREFIX_PATH} LD_LIBRARY_PATH=/home/rick/catkin_ws/src/install/baxter_sim_kinematics/lib:/home/rick/catkin_ws/src/install/baxter_sim_controllers/lib:${LD_LIBRARY_PATH} PKG_CONFIG_PATH=/home/rick/catkin_ws/src/install/baxter_sim_hardware/lib/x86_64-linux-gnu/pkgconfig:/home/rick/catkin_ws/src/install/baxter_sim_hardware/lib/pkgconfig:/home/rick/catkin_ws/src/install/baxter_sim_kinematics/lib/x86_64-linux-gnu/pkgconfig:/home/rick/catkin_ws/src/install/baxter_sim_kinematics/lib/pkgconfig:/home/rick/catkin_ws/src/install/baxter_sim_io/lib/x86_64-linux-gnu/pkgconfig:/home/rick/catkin_ws/src/install/baxter_sim_io/lib/pkgconfig:/home/rick/catkin_ws/src/install/baxter_sim_controllers/lib/x86_64-linux-gnu/pkgconfig:/home/rick/catkin_ws/src/install/baxter_sim_controllers/lib/pkgconfig:/home/rick/catkin_ws/src/install/baxter_description/lib/x86_64-linux-gnu/pkgconfig:/home/rick/catkin_ws/src/install/baxter_description/lib/pkgconfig:/home/rick/catkin_ws/src/install/rethink_ee_description/lib/x86_64-linux-gnu/pkgconfig:/home/rick/catkin_ws/src/install/rethink_ee_description/lib/pkgconfig:/home/rick/catkin_ws/src/install/baxter_core_msgs/lib/x86_64-linux-gnu/pkgconfig:/home/rick/catkin_ws/src/install/baxter_core_msgs/lib/pkgconfig:${PKG_CONFIG_PATH} PYTHONPATH=/home/rick/catkin_ws/src/install/baxter_core_msgs/lib/python2.7/dist-packages:${PYTHONPATH} ROS_PACKAGE_PATH=/home/rick/catkin_ws/src/install/baxter_sim_hardware/share:/home/rick/catkin_ws/src/install/baxter_sim_kinematics/share:/home/rick/catkin_ws/src/install/baxter_sim_io/share:/home/rick/catkin_ws/src/install/baxter_sim_controllers/share:/home/rick/catkin_ws/src/install/baxter_description/share:/home/rick/catkin_ws/src/install/rethink_ee_description/share:/home/rick/catkin_ws/src/install/baxter_core_msgs/share:${ROS_PACKAGE_PATH} /usr/bin/cmake --build /home/rick/catkin_ws/src/build/baxter_gazebo -- -j2 -l2
[17.648s] Invoking command in '/home/rick/catkin_ws/src/build/baxter_gazebo': CMAKE_PREFIX_PATH=/home/rick/catkin_ws/src/install/baxter_sim_hardware:/home/rick/catkin_ws/src/install/baxter_sim_kinematics:/home/rick/catkin_ws/src/install/baxter_sim_io:/home/rick/catkin_ws/src/install/baxter_sim_controllers:/home/rick/catkin_ws/src/install/baxter_description:/home/rick/catkin_ws/src/install/rethink_ee_description:/home/rick/catkin_ws/src/install/baxter_core_msgs:${CMAKE_PREFIX_PATH} LD_LIBRARY_PATH=/home/rick/catkin_ws/src/install/baxter_sim_kinematics/lib:/home/rick/catkin_ws/src/install/baxter_sim_controllers/lib:${LD_LIBRARY_PATH} PKG_CONFIG_PATH=/home/rick/catkin_ws/src/install/baxter_sim_hardware/lib/x86_64-linux-gnu/pkgconfig:/home/rick/catkin_ws/src/install/baxter_sim_hardware/lib/pkgconfig:/home/rick/catkin_ws/src/install/baxter_sim_kinematics/lib/x86_64-linux-gnu/pkgconfig:/home/rick/catkin_ws/src/install/baxter_sim_kinematics/lib/pkgconfig:/home/rick/catkin_ws/src/install/baxter_sim_io/lib/x86_64-linux-gnu/pkgconfig:/home/rick/catkin_ws/src/install/baxter_sim_io/lib/pkgconfig:/home/rick/catkin_ws/src/install/baxter_sim_controllers/lib/x86_64-linux-gnu/pkgconfig:/home/rick/catkin_ws/src/install/baxter_sim_controllers/lib/pkgconfig:/home/rick/catkin_ws/src/install/baxter_description/lib/x86_64-linux-gnu/pkgconfig:/home/rick/catkin_ws/src/install/baxter_description/lib/pkgconfig:/home/rick/catkin_ws/src/install/rethink_ee_description/lib/x86_64-linux-gnu/pkgconfig:/home/rick/catkin_ws/src/install/rethink_ee_description/lib/pkgconfig:/home/rick/catkin_ws/src/install/baxter_core_msgs/lib/x86_64-linux-gnu/pkgconfig:/home/rick/catkin_ws/src/install/baxter_core_msgs/lib/pkgconfig:${PKG_CONFIG_PATH} PYTHONPATH=/home/rick/catkin_ws/src/install/baxter_core_msgs/lib/python2.7/dist-packages:${PYTHONPATH} ROS_PACKAGE_PATH=/home/rick/catkin_ws/src/install/baxter_sim_hardware/share:/home/rick/catkin_ws/src/install/baxter_sim_kinematics/share:/home/rick/catkin_ws/src/install/baxter_sim_io/share:/home/rick/catkin_ws/src/install/baxter_sim_controllers/share:/home/rick/catkin_ws/src/install/baxter_description/share:/home/rick/catkin_ws/src/install/rethink_ee_description/share:/home/rick/catkin_ws/src/install/baxter_core_msgs/share:${ROS_PACKAGE_PATH} /usr/bin/cmake --build /home/rick/catkin_ws/src/build/baxter_gazebo --target tests -- -j2 -l2
[17.731s] [35m[1mScanning dependencies of target tests[0m
[17.746s] Built target tests
[17.761s] Invoked command in '/home/rick/catkin_ws/src/build/baxter_gazebo' returned '0': CMAKE_PREFIX_PATH=/home/rick/catkin_ws/src/install/baxter_sim_hardware:/home/rick/catkin_ws/src/install/baxter_sim_kinematics:/home/rick/catkin_ws/src/install/baxter_sim_io:/home/rick/catkin_ws/src/install/baxter_sim_controllers:/home/rick/catkin_ws/src/install/baxter_description:/home/rick/catkin_ws/src/install/rethink_ee_description:/home/rick/catkin_ws/src/install/baxter_core_msgs:${CMAKE_PREFIX_PATH} LD_LIBRARY_PATH=/home/rick/catkin_ws/src/install/baxter_sim_kinematics/lib:/home/rick/catkin_ws/src/install/baxter_sim_controllers/lib:${LD_LIBRARY_PATH} PKG_CONFIG_PATH=/home/rick/catkin_ws/src/install/baxter_sim_hardware/lib/x86_64-linux-gnu/pkgconfig:/home/rick/catkin_ws/src/install/baxter_sim_hardware/lib/pkgconfig:/home/rick/catkin_ws/src/install/baxter_sim_kinematics/lib/x86_64-linux-gnu/pkgconfig:/home/rick/catkin_ws/src/install/baxter_sim_kinematics/lib/pkgconfig:/home/rick/catkin_ws/src/install/baxter_sim_io/lib/x86_64-linux-gnu/pkgconfig:/home/rick/catkin_ws/src/install/baxter_sim_io/lib/pkgconfig:/home/rick/catkin_ws/src/install/baxter_sim_controllers/lib/x86_64-linux-gnu/pkgconfig:/home/rick/catkin_ws/src/install/baxter_sim_controllers/lib/pkgconfig:/home/rick/catkin_ws/src/install/baxter_description/lib/x86_64-linux-gnu/pkgconfig:/home/rick/catkin_ws/src/install/baxter_description/lib/pkgconfig:/home/rick/catkin_ws/src/install/rethink_ee_description/lib/x86_64-linux-gnu/pkgconfig:/home/rick/catkin_ws/src/install/rethink_ee_description/lib/pkgconfig:/home/rick/catkin_ws/src/install/baxter_core_msgs/lib/x86_64-linux-gnu/pkgconfig:/home/rick/catkin_ws/src/install/baxter_core_msgs/lib/pkgconfig:${PKG_CONFIG_PATH} PYTHONPATH=/home/rick/catkin_ws/src/install/baxter_core_msgs/lib/python2.7/dist-packages:${PYTHONPATH} ROS_PACKAGE_PATH=/home/rick/catkin_ws/src/install/baxter_sim_hardware/share:/home/rick/catkin_ws/src/install/baxter_sim_kinematics/share:/home/rick/catkin_ws/src/install/baxter_sim_io/share:/home/rick/catkin_ws/src/install/baxter_sim_controllers/share:/home/rick/catkin_ws/src/install/baxter_description/share:/home/rick/catkin_ws/src/install/rethink_ee_description/share:/home/rick/catkin_ws/src/install/baxter_core_msgs/share:${ROS_PACKAGE_PATH} /usr/bin/cmake --build /home/rick/catkin_ws/src/build/baxter_gazebo --target tests -- -j2 -l2
[17.890s] Invoking command in '/home/rick/catkin_ws/src/build/baxter_gazebo': CMAKE_PREFIX_PATH=/home/rick/catkin_ws/src/install/baxter_sim_hardware:/home/rick/catkin_ws/src/install/baxter_sim_kinematics:/home/rick/catkin_ws/src/install/baxter_sim_io:/home/rick/catkin_ws/src/install/baxter_sim_controllers:/home/rick/catkin_ws/src/install/baxter_description:/home/rick/catkin_ws/src/install/rethink_ee_description:/home/rick/catkin_ws/src/install/baxter_core_msgs:${CMAKE_PREFIX_PATH} LD_LIBRARY_PATH=/home/rick/catkin_ws/src/install/baxter_sim_kinematics/lib:/home/rick/catkin_ws/src/install/baxter_sim_controllers/lib:${LD_LIBRARY_PATH} PKG_CONFIG_PATH=/home/rick/catkin_ws/src/install/baxter_sim_hardware/lib/x86_64-linux-gnu/pkgconfig:/home/rick/catkin_ws/src/install/baxter_sim_hardware/lib/pkgconfig:/home/rick/catkin_ws/src/install/baxter_sim_kinematics/lib/x86_64-linux-gnu/pkgconfig:/home/rick/catkin_ws/src/install/baxter_sim_kinematics/lib/pkgconfig:/home/rick/catkin_ws/src/install/baxter_sim_io/lib/x86_64-linux-gnu/pkgconfig:/home/rick/catkin_ws/src/install/baxter_sim_io/lib/pkgconfig:/home/rick/catkin_ws/src/install/baxter_sim_controllers/lib/x86_64-linux-gnu/pkgconfig:/home/rick/catkin_ws/src/install/baxter_sim_controllers/lib/pkgconfig:/home/rick/catkin_ws/src/install/baxter_description/lib/x86_64-linux-gnu/pkgconfig:/home/rick/catkin_ws/src/install/baxter_description/lib/pkgconfig:/home/rick/catkin_ws/src/install/rethink_ee_description/lib/x86_64-linux-gnu/pkgconfig:/home/rick/catkin_ws/src/install/rethink_ee_description/lib/pkgconfig:/home/rick/catkin_ws/src/install/baxter_core_msgs/lib/x86_64-linux-gnu/pkgconfig:/home/rick/catkin_ws/src/install/baxter_core_msgs/lib/pkgconfig:${PKG_CONFIG_PATH} PYTHONPATH=/home/rick/catkin_ws/src/install/baxter_core_msgs/lib/python2.7/dist-packages:${PYTHONPATH} ROS_PACKAGE_PATH=/home/rick/catkin_ws/src/install/baxter_sim_hardware/share:/home/rick/catkin_ws/src/install/baxter_sim_kinematics/share:/home/rick/catkin_ws/src/install/baxter_sim_io/share:/home/rick/catkin_ws/src/install/baxter_sim_controllers/share:/home/rick/catkin_ws/src/install/baxter_description/share:/home/rick/catkin_ws/src/install/rethink_ee_description/share:/home/rick/catkin_ws/src/install/baxter_core_msgs/share:${ROS_PACKAGE_PATH} /usr/bin/cmake --build /home/rick/catkin_ws/src/build/baxter_gazebo --target install -- -j2 -l2
[17.975s] [  0%] Built target baxter_core_msgs_generate_messages_py
[18.003s] [  0%] Built target sensor_msgs_generate_messages_eus
[18.036s] [  0%] Built target actionlib_msgs_generate_messages_cpp
[18.062s] [  0%] Built target actionlib_generate_messages_lisp
[18.089s] [  0%] Built target actionlib_msgs_generate_messages_eus
[18.129s] [  0%] Built target control_toolbox_generate_messages_nodejs
[18.159s] [  0%] Built target control_toolbox_generate_messages_py
[18.186s] [  0%] Built target sensor_msgs_generate_messages_lisp
[18.214s] [  0%] Built target gazebo_msgs_generate_messages_lisp
[18.245s] [  0%] Built target sensor_msgs_generate_messages_cpp
[18.271s] [  0%] Built target roscpp_generate_messages_py
[18.300s] [  0%] Built target tf_generate_messages_lisp
[18.337s] [  0%] Built target actionlib_generate_messages_cpp
[18.361s] [  0%] Built target rosgraph_msgs_generate_messages_py
[18.389s] [  0%] Built target std_srvs_generate_messages_nodejs
[18.424s] [  0%] Built target baxter_core_msgs_generate_messages_eus
[18.446s] [  0%] Built target std_msgs_generate_messages_nodejs
[18.472s] [  0%] Built target gazebo_msgs_generate_messages_cpp
[18.501s] [  0%] Built target tf_generate_messages_cpp
[18.536s] [  0%] Built target gazebo_msgs_generate_messages_nodejs
[18.565s] [  0%] Built target gazebo_msgs_generate_messages_eus
[18.587s] [  0%] Built target geometry_msgs_generate_messages_nodejs
[18.626s] [  0%] Built target geometry_msgs_generate_messages_eus
[18.647s] [  0%] Built target roscpp_generate_messages_cpp
[18.676s] [  0%] Built target std_msgs_generate_messages_cpp
[18.701s] [  0%] Built target sensor_msgs_generate_messages_nodejs
[18.735s] [  0%] Built target trajectory_msgs_generate_messages_cpp
[18.758s] [  0%] Built target tf_generate_messages_nodejs
[18.785s] [  0%] Built target std_srvs_generate_messages_py
[18.810s] [  0%] Built target actionlib_generate_messages_eus
[18.844s] [  0%] Built target std_msgs_generate_messages_eus
[18.866s] [  0%] Built target roscpp_generate_messages_eus
[18.894s] [  0%] Built target std_srvs_generate_messages_lisp
[18.918s] [  0%] Built target std_msgs_generate_messages_lisp
[18.950s] [  0%] Built target rosgraph_msgs_generate_messages_cpp
[18.972s] [  0%] Built target geometry_msgs_generate_messages_py
[18.994s] [  0%] Built target geometry_msgs_generate_messages_lisp
[19.032s] [  0%] Built target control_toolbox_generate_messages_cpp
[19.057s] [  0%] Built target rosgraph_msgs_generate_messages_lisp
[19.082s] [  0%] Built target rosgraph_msgs_generate_messages_nodejs
[19.110s] [  0%] Built target tf_generate_messages_eus
[19.153s] [  0%] Built target std_srvs_generate_messages_cpp
[19.180s] [  0%] Built target sensor_msgs_generate_messages_py
[19.207s] [  0%] Built target roscpp_generate_messages_nodejs
[19.236s] [  0%] Built target rosgraph_msgs_generate_messages_eus
[19.263s] [  0%] Built target std_msgs_generate_messages_py
[19.287s] [  0%] Built target roscpp_generate_messages_lisp
[19.315s] [  0%] Built target actionlib_msgs_generate_messages_lisp
[19.352s] [  0%] Built target actionlib_msgs_generate_messages_nodejs
[19.375s] [  0%] Built target tf2_msgs_generate_messages_py
[19.397s] [  0%] Built target actionlib_msgs_generate_messages_py
[19.420s] [  0%] Built target tf2_msgs_generate_messages_cpp
[19.450s] [  0%] Built target tf_generate_messages_py
[19.470s] [  0%] Built target controller_manager_msgs_generate_messages_py
[19.491s] [  0%] Built target baxter_core_msgs_generate_messages_lisp
[19.524s] [  0%] Built target tf2_msgs_generate_messages_eus
[19.555s] [  0%] Built target tf2_msgs_generate_messages_lisp
[19.581s] [  0%] Built target tf2_msgs_generate_messages_nodejs
[19.607s] [  0%] Built target dynamic_reconfigure_generate_messages_cpp
[19.651s] [  0%] Built target dynamic_reconfigure_generate_messages_eus
[19.671s] [  0%] Built target control_toolbox_gencfg
[19.697s] [  0%] Built target actionlib_generate_messages_py
[19.725s] [  0%] Built target dynamic_reconfigure_generate_messages_py
[19.755s] [  0%] Built target controller_manager_msgs_generate_messages_nodejs
[19.780s] [  0%] Built target dynamic_reconfigure_gencfg
[19.815s] [  0%] Built target gazebo_msgs_generate_messages_py
[19.846s] [  0%] Built target trajectory_msgs_generate_messages_eus
[19.870s] [  0%] Built target trajectory_msgs_generate_messages_lisp
[19.896s] [  0%] Built target trajectory_msgs_generate_messages_nodejs
[19.920s] [  0%] Built target trajectory_msgs_generate_messages_py
[19.953s] [  0%] Built target std_srvs_generate_messages_eus
[19.972s] [  0%] Built target controller_manager_msgs_generate_messages_cpp
[19.997s] [  0%] Built target gazebo_ros_gencfg
[20.027s] [  0%] Built target controller_manager_msgs_generate_messages_eus
[20.045s] [  0%] Built target baxter_core_msgs_generate_messages_cpp
[20.069s] [  0%] Built target dynamic_reconfigure_generate_messages_lisp
[20.098s] [  0%] Built target control_toolbox_generate_messages_eus
[20.138s] [  0%] Built target control_toolbox_generate_messages_lisp
[20.175s] [  0%] Built target control_msgs_generate_messages_cpp
[20.201s] [  0%] Built target control_msgs_generate_messages_eus
[20.237s] [  0%] Built target dynamic_reconfigure_generate_messages_nodejs
[20.267s] [  0%] Built target control_msgs_generate_messages_nodejs
[20.293s] [  0%] Built target actionlib_generate_messages_nodejs
[20.333s] [  0%] Built target control_msgs_generate_messages_py
[20.366s] [  0%] Built target controller_manager_msgs_generate_messages_lisp
[20.394s] [  0%] Built target baxter_core_msgs_generate_messages_nodejs
[20.428s] [  0%] Built target geometry_msgs_generate_messages_cpp
[20.461s] [  0%] Built target control_msgs_generate_messages_lisp
[20.509s] [100%] Built target baxter_gazebo_ros_control
[20.535s] [36mInstall the project...[0m
[20.556s] -- Install configuration: ""
[20.557s] -- Execute custom install script
[20.557s] -- Symlinking: /home/rick/catkin_ws/src/install/baxter_gazebo/lib/pkgconfig/baxter_gazebo.pc
[20.565s] -- Symlinking: /home/rick/catkin_ws/src/install/baxter_gazebo/share/baxter_gazebo/cmake/baxter_gazeboConfig.cmake
[20.571s] -- Symlinking: /home/rick/catkin_ws/src/install/baxter_gazebo/share/baxter_gazebo/cmake/baxter_gazeboConfig-version.cmake
[20.582s] -- Symlinking: /home/rick/catkin_ws/src/install/baxter_gazebo/share/baxter_gazebo/package.xml
[20.589s] -- Symlinking: /home/rick/catkin_ws/src/install/baxter_gazebo/lib/libbaxter_gazebo_ros_control.so
[20.596s] -- Symlinking: /home/rick/catkin_ws/src/install/baxter_gazebo/share/baxter_gazebo/launch/baxter_world.launch
[20.602s] -- Symlinking: /home/rick/catkin_ws/src/install/baxter_gazebo/share/baxter_gazebo/worlds/baxter.world
[20.612s] -- Symlinking: /home/rick/catkin_ws/src/install/baxter_gazebo/share/baxter_gazebo/worlds/baxter_gas_station.world
[20.643s] Invoked command in '/home/rick/catkin_ws/src/build/baxter_gazebo' returned '0': CMAKE_PREFIX_PATH=/home/rick/catkin_ws/src/install/baxter_sim_hardware:/home/rick/catkin_ws/src/install/baxter_sim_kinematics:/home/rick/catkin_ws/src/install/baxter_sim_io:/home/rick/catkin_ws/src/install/baxter_sim_controllers:/home/rick/catkin_ws/src/install/baxter_description:/home/rick/catkin_ws/src/install/rethink_ee_description:/home/rick/catkin_ws/src/install/baxter_core_msgs:${CMAKE_PREFIX_PATH} LD_LIBRARY_PATH=/home/rick/catkin_ws/src/install/baxter_sim_kinematics/lib:/home/rick/catkin_ws/src/install/baxter_sim_controllers/lib:${LD_LIBRARY_PATH} PKG_CONFIG_PATH=/home/rick/catkin_ws/src/install/baxter_sim_hardware/lib/x86_64-linux-gnu/pkgconfig:/home/rick/catkin_ws/src/install/baxter_sim_hardware/lib/pkgconfig:/home/rick/catkin_ws/src/install/baxter_sim_kinematics/lib/x86_64-linux-gnu/pkgconfig:/home/rick/catkin_ws/src/install/baxter_sim_kinematics/lib/pkgconfig:/home/rick/catkin_ws/src/install/baxter_sim_io/lib/x86_64-linux-gnu/pkgconfig:/home/rick/catkin_ws/src/install/baxter_sim_io/lib/pkgconfig:/home/rick/catkin_ws/src/install/baxter_sim_controllers/lib/x86_64-linux-gnu/pkgconfig:/home/rick/catkin_ws/src/install/baxter_sim_controllers/lib/pkgconfig:/home/rick/catkin_ws/src/install/baxter_description/lib/x86_64-linux-gnu/pkgconfig:/home/rick/catkin_ws/src/install/baxter_description/lib/pkgconfig:/home/rick/catkin_ws/src/install/rethink_ee_description/lib/x86_64-linux-gnu/pkgconfig:/home/rick/catkin_ws/src/install/rethink_ee_description/lib/pkgconfig:/home/rick/catkin_ws/src/install/baxter_core_msgs/lib/x86_64-linux-gnu/pkgconfig:/home/rick/catkin_ws/src/install/baxter_core_msgs/lib/pkgconfig:${PKG_CONFIG_PATH} PYTHONPATH=/home/rick/catkin_ws/src/install/baxter_core_msgs/lib/python2.7/dist-packages:${PYTHONPATH} ROS_PACKAGE_PATH=/home/rick/catkin_ws/src/install/baxter_sim_hardware/share:/home/rick/catkin_ws/src/install/baxter_sim_kinematics/share:/home/rick/catkin_ws/src/install/baxter_sim_io/share:/home/rick/catkin_ws/src/install/baxter_sim_controllers/share:/home/rick/catkin_ws/src/install/baxter_description/share:/home/rick/catkin_ws/src/install/rethink_ee_description/share:/home/rick/catkin_ws/src/install/baxter_core_msgs/share:${ROS_PACKAGE_PATH} /usr/bin/cmake --build /home/rick/catkin_ws/src/build/baxter_gazebo --target install -- -j2 -l2
