[0.036s] Invoking command in '/home/rick/catkin_ws/src/build/rethink_ee_description': /usr/bin/cmake /home/rick/catkin_ws/src/baxter_common/rethink_ee_description -DCATKIN_INSTALL_INTO_PREFIX_ROOT=0 -DCATKIN_SYMLINK_INSTALL=ON -DCMAKE_INSTALL_PREFIX=/home/rick/catkin_ws/src/install/rethink_ee_description
[0.361s] -- The C compiler identification is GNU 5.4.0
[0.670s] -- The CXX compiler identification is GNU 5.4.0
[0.696s] -- Check for working C compiler: /usr/bin/cc
[0.796s] -- Check for working C compiler: /usr/bin/cc -- works
[0.798s] -- Detecting C compiler ABI info
[0.889s] -- Detecting C compiler ABI info - done
[0.895s] -- Detecting C compile features
[1.198s] -- Detecting C compile features - done
[1.217s] -- Check for working CXX compiler: /usr/bin/c++
[1.304s] -- Check for working CXX compiler: /usr/bin/c++ -- works
[1.306s] -- Detecting CXX compiler ABI info
[1.439s] -- Detecting CXX compiler ABI info - done
[1.453s] -- Detecting CXX compile features
[1.830s] -- Detecting CXX compile features - done
[1.841s] -- Using CATKIN_DEVEL_PREFIX: /home/rick/catkin_ws/src/build/rethink_ee_description/devel
[1.842s] -- Using CMAKE_PREFIX_PATH: /opt/ros/kinetic
[1.842s] -- This workspace overlays: /opt/ros/kinetic
[1.846s] -- Override CMake install command with custom implementation using symlinks instead of copying resources
[1.875s] -- Found PythonInterp: /usr/bin/python2 (found suitable version "2.7.12", minimum required is "2") 
[1.875s] -- Using PYTHON_EXECUTABLE: /usr/bin/python2
[1.875s] -- Using Debian Python package layout
[1.876s] -- Using empy: /usr/bin/empy
[2.089s] -- Using CATKIN_ENABLE_TESTING: ON
[2.089s] -- Call enable_testing()
[2.099s] -- Using CATKIN_TEST_RESULTS_DIR: /home/rick/catkin_ws/src/build/rethink_ee_description/test_results
[2.168s] -- Found gtest sources under '/usr/src/gmock': gtests will be built
[2.168s] -- Found gmock sources under '/usr/src/gmock': gmock will be built
[2.190s] -- Found PythonInterp: /usr/bin/python2 (found version "2.7.12") 
[2.194s] -- Looking for pthread.h
[2.312s] -- Looking for pthread.h - found
[2.313s] -- Looking for pthread_create
[2.417s] -- Looking for pthread_create - not found
[2.418s] -- Looking for pthread_create in pthreads
[2.492s] -- Looking for pthread_create in pthreads - not found
[2.492s] -- Looking for pthread_create in pthread
[2.583s] -- Looking for pthread_create in pthread - found
[2.587s] -- Found Threads: TRUE  
[2.593s] -- Using Python nosetests: /usr/bin/nosetests-2.7
[2.689s] -- catkin 0.7.20
[2.689s] -- BUILD_SHARED_LIBS is on
[3.073s] -- Configuring done
[3.087s] -- Generating done
[3.090s] -- Build files have been written to: /home/rick/catkin_ws/src/build/rethink_ee_description
[3.100s] Invoked command in '/home/rick/catkin_ws/src/build/rethink_ee_description' returned '0': /usr/bin/cmake /home/rick/catkin_ws/src/baxter_common/rethink_ee_description -DCATKIN_INSTALL_INTO_PREFIX_ROOT=0 -DCATKIN_SYMLINK_INSTALL=ON -DCMAKE_INSTALL_PREFIX=/home/rick/catkin_ws/src/install/rethink_ee_description
[3.102s] Invoking command in '/home/rick/catkin_ws/src/build/rethink_ee_description': /usr/bin/cmake --build /home/rick/catkin_ws/src/build/rethink_ee_description -- -j2 -l2
[3.150s] Invoked command in '/home/rick/catkin_ws/src/build/rethink_ee_description' returned '0': /usr/bin/cmake --build /home/rick/catkin_ws/src/build/rethink_ee_description -- -j2 -l2
[3.193s] Invoking command in '/home/rick/catkin_ws/src/build/rethink_ee_description': /usr/bin/cmake --build /home/rick/catkin_ws/src/build/rethink_ee_description --target tests -- -j2 -l2
[3.258s] [35m[1mScanning dependencies of target tests[0m
[3.276s] Built target tests
[3.286s] Invoked command in '/home/rick/catkin_ws/src/build/rethink_ee_description' returned '0': /usr/bin/cmake --build /home/rick/catkin_ws/src/build/rethink_ee_description --target tests -- -j2 -l2
[3.333s] Invoking command in '/home/rick/catkin_ws/src/build/rethink_ee_description': /usr/bin/cmake --build /home/rick/catkin_ws/src/build/rethink_ee_description --target install -- -j2 -l2
[3.372s] [36mInstall the project...[0m
[3.380s] -- Install configuration: ""
[3.380s] -- Execute custom install script
[3.381s] -- Symlinking: /home/rick/catkin_ws/src/install/rethink_ee_description/lib/pkgconfig/rethink_ee_description.pc
[3.391s] -- Symlinking: /home/rick/catkin_ws/src/install/rethink_ee_description/share/rethink_ee_description/cmake/rethink_ee_descriptionConfig.cmake
[3.404s] -- Symlinking: /home/rick/catkin_ws/src/install/rethink_ee_description/share/rethink_ee_description/cmake/rethink_ee_descriptionConfig-version.cmake
[3.415s] -- Symlinking: /home/rick/catkin_ws/src/install/rethink_ee_description/share/rethink_ee_description/package.xml
[3.423s] -- Symlinking: /home/rick/catkin_ws/src/install/rethink_ee_description/share/rethink_ee_description/meshes/electric_gripper/electric_gripper_base.DAE
[3.430s] -- Symlinking: /home/rick/catkin_ws/src/install/rethink_ee_description/share/rethink_ee_description/meshes/electric_gripper/electric_gripper_base.STL
[3.438s] -- Symlinking: /home/rick/catkin_ws/src/install/rethink_ee_description/share/rethink_ee_description/meshes/electric_gripper/electric_gripper_w_fingers.DAE
[3.445s] -- Symlinking: /home/rick/catkin_ws/src/install/rethink_ee_description/share/rethink_ee_description/meshes/electric_gripper/electric_gripper_w_fingers.STL
[3.452s] -- Symlinking: /home/rick/catkin_ws/src/install/rethink_ee_description/share/rethink_ee_description/meshes/electric_gripper/fingers/basic_hard_tip.DAE
[3.467s] -- Symlinking: /home/rick/catkin_ws/src/install/rethink_ee_description/share/rethink_ee_description/meshes/electric_gripper/fingers/basic_hard_tip.STL
[3.479s] -- Symlinking: /home/rick/catkin_ws/src/install/rethink_ee_description/share/rethink_ee_description/meshes/electric_gripper/fingers/basic_soft_tip.DAE
[3.486s] -- Symlinking: /home/rick/catkin_ws/src/install/rethink_ee_description/share/rethink_ee_description/meshes/electric_gripper/fingers/basic_soft_tip.STL
[3.494s] -- Symlinking: /home/rick/catkin_ws/src/install/rethink_ee_description/share/rethink_ee_description/meshes/electric_gripper/fingers/extended_narrow.DAE
[3.505s] -- Symlinking: /home/rick/catkin_ws/src/install/rethink_ee_description/share/rethink_ee_description/meshes/electric_gripper/fingers/extended_narrow.STL
[3.515s] -- Symlinking: /home/rick/catkin_ws/src/install/rethink_ee_description/share/rethink_ee_description/meshes/electric_gripper/fingers/extended_wide.DAE
[3.526s] -- Symlinking: /home/rick/catkin_ws/src/install/rethink_ee_description/share/rethink_ee_description/meshes/electric_gripper/fingers/extended_wide.STL
[3.538s] -- Symlinking: /home/rick/catkin_ws/src/install/rethink_ee_description/share/rethink_ee_description/meshes/electric_gripper/fingers/half_round_tip.DAE
[3.546s] -- Symlinking: /home/rick/catkin_ws/src/install/rethink_ee_description/share/rethink_ee_description/meshes/electric_gripper/fingers/half_round_tip.STL
[3.559s] -- Symlinking: /home/rick/catkin_ws/src/install/rethink_ee_description/share/rethink_ee_description/meshes/electric_gripper/fingers/limiter.DAE
[3.567s] -- Symlinking: /home/rick/catkin_ws/src/install/rethink_ee_description/share/rethink_ee_description/meshes/electric_gripper/fingers/limiter.STL
[3.573s] -- Symlinking: /home/rick/catkin_ws/src/install/rethink_ee_description/share/rethink_ee_description/meshes/electric_gripper/fingers/paddle_tip.DAE
[3.581s] -- Symlinking: /home/rick/catkin_ws/src/install/rethink_ee_description/share/rethink_ee_description/meshes/electric_gripper/fingers/paddle_tip.STL
[3.591s] -- Symlinking: /home/rick/catkin_ws/src/install/rethink_ee_description/share/rethink_ee_description/meshes/electric_gripper/fingers/standard_narrow.DAE
[3.599s] -- Symlinking: /home/rick/catkin_ws/src/install/rethink_ee_description/share/rethink_ee_description/meshes/electric_gripper/fingers/standard_narrow.STL
[3.611s] -- Symlinking: /home/rick/catkin_ws/src/install/rethink_ee_description/share/rethink_ee_description/meshes/electric_gripper/fingers/standard_wide.DAE
[3.618s] -- Symlinking: /home/rick/catkin_ws/src/install/rethink_ee_description/share/rethink_ee_description/meshes/electric_gripper/fingers/standard_wide.STL
[3.624s] -- Symlinking: /home/rick/catkin_ws/src/install/rethink_ee_description/share/rethink_ee_description/meshes/pneumatic_gripper/archive/pneumatic_gripper.STL
[3.651s] -- Symlinking: /home/rick/catkin_ws/src/install/rethink_ee_description/share/rethink_ee_description/meshes/pneumatic_gripper/archive/pneumatic_gripper_30mm_cup.STL
[3.658s] -- Symlinking: /home/rick/catkin_ws/src/install/rethink_ee_description/share/rethink_ee_description/meshes/pneumatic_gripper/pneumatic_gripper_base.DAE
[3.664s] -- Symlinking: /home/rick/catkin_ws/src/install/rethink_ee_description/share/rethink_ee_description/meshes/pneumatic_gripper/pneumatic_gripper_base.STL
[3.672s] -- Symlinking: /home/rick/catkin_ws/src/install/rethink_ee_description/share/rethink_ee_description/meshes/pneumatic_gripper/pneumatic_gripper_w_cup.DAE
[3.679s] -- Symlinking: /home/rick/catkin_ws/src/install/rethink_ee_description/share/rethink_ee_description/meshes/pneumatic_gripper/pneumatic_gripper_w_cup.STL
[3.689s] -- Symlinking: /home/rick/catkin_ws/src/install/rethink_ee_description/share/rethink_ee_description/urdf/electric_gripper/example_end_effector.urdf.xacro
[3.701s] -- Symlinking: /home/rick/catkin_ws/src/install/rethink_ee_description/share/rethink_ee_description/urdf/electric_gripper/fingers/basic_hard_tip.xacro
[3.713s] -- Symlinking: /home/rick/catkin_ws/src/install/rethink_ee_description/share/rethink_ee_description/urdf/electric_gripper/fingers/basic_soft_tip.xacro
[3.719s] -- Symlinking: /home/rick/catkin_ws/src/install/rethink_ee_description/share/rethink_ee_description/urdf/electric_gripper/fingers/extended_narrow.xacro
[3.740s] -- Symlinking: /home/rick/catkin_ws/src/install/rethink_ee_description/share/rethink_ee_description/urdf/electric_gripper/fingers/extended_wide.xacro
[3.747s] -- Symlinking: /home/rick/catkin_ws/src/install/rethink_ee_description/share/rethink_ee_description/urdf/electric_gripper/fingers/half_round_tip.xacro
[3.761s] -- Symlinking: /home/rick/catkin_ws/src/install/rethink_ee_description/share/rethink_ee_description/urdf/electric_gripper/fingers/none.xacro
[3.772s] -- Symlinking: /home/rick/catkin_ws/src/install/rethink_ee_description/share/rethink_ee_description/urdf/electric_gripper/fingers/paddle_tip.xacro
[3.780s] -- Symlinking: /home/rick/catkin_ws/src/install/rethink_ee_description/share/rethink_ee_description/urdf/electric_gripper/fingers/standard_narrow.xacro
[3.787s] -- Symlinking: /home/rick/catkin_ws/src/install/rethink_ee_description/share/rethink_ee_description/urdf/electric_gripper/fingers/standard_wide.xacro
[3.793s] -- Symlinking: /home/rick/catkin_ws/src/install/rethink_ee_description/share/rethink_ee_description/urdf/electric_gripper/rethink_electric_gripper.xacro
[3.801s] -- Symlinking: /home/rick/catkin_ws/src/install/rethink_ee_description/share/rethink_ee_description/urdf/null_gripper/example_end_effector.urdf.xacro
[3.808s] -- Symlinking: /home/rick/catkin_ws/src/install/rethink_ee_description/share/rethink_ee_description/urdf/null_gripper/null_gripper.xacro
[3.817s] -- Symlinking: /home/rick/catkin_ws/src/install/rethink_ee_description/share/rethink_ee_description/urdf/pneumatic_gripper/example_end_effector.urdf.xacro
[3.824s] -- Symlinking: /home/rick/catkin_ws/src/install/rethink_ee_description/share/rethink_ee_description/urdf/pneumatic_gripper/pneumatic_gripper_base.xacro
[3.830s] -- Symlinking: /home/rick/catkin_ws/src/install/rethink_ee_description/share/rethink_ee_description/urdf/pneumatic_gripper/rethink_pneumatic_gripper.xacro
[3.865s] Invoked command in '/home/rick/catkin_ws/src/build/rethink_ee_description' returned '0': /usr/bin/cmake --build /home/rick/catkin_ws/src/build/rethink_ee_description --target install -- -j2 -l2
