-- The C compiler identification is GNU 5.4.0
-- The CXX compiler identification is GNU 5.4.0
-- Check for working C compiler: /usr/bin/cc
-- Check for working C compiler: /usr/bin/cc -- works
-- Detecting C compiler ABI info
-- Detecting C compiler ABI info - done
-- Detecting C compile features
-- Detecting C compile features - done
-- Check for working CXX compiler: /usr/bin/c++
-- Check for working CXX compiler: /usr/bin/c++ -- works
-- Detecting CXX compiler ABI info
-- Detecting CXX compiler ABI info - done
-- Detecting CXX compile features
-- Detecting CXX compile features - done
-- Using CATKIN_DEVEL_PREFIX: /home/rick/catkin_ws/src/build/baxter_examples/devel
-- Using CMAKE_PREFIX_PATH: /home/rick/catkin_ws/src/install/baxter_interface;/home/rick/catkin_ws/src/install/baxter_core_msgs;/opt/ros/kinetic
-- This workspace overlays: /home/rick/catkin_ws/src/install/baxter_interface;/home/rick/catkin_ws/src/install/baxter_core_msgs;/opt/ros/kinetic
-- Override CMake install command with custom implementation using symlinks instead of copying resources
-- Found PythonInterp: /usr/bin/python2 (found suitable version "2.7.12", minimum required is "2") 
-- Using PYTHON_EXECUTABLE: /usr/bin/python2
-- Using Debian Python package layout
-- Using empy: /usr/bin/empy
-- Using CATKIN_ENABLE_TESTING: ON
-- Call enable_testing()
-- Using CATKIN_TEST_RESULTS_DIR: /home/rick/catkin_ws/src/build/baxter_examples/test_results
-- Found gtest sources under '/usr/src/gmock': gtests will be built
-- Found gmock sources under '/usr/src/gmock': gmock will be built
-- Found PythonInterp: /usr/bin/python2 (found version "2.7.12") 
-- Looking for pthread.h
-- Looking for pthread.h - found
-- Looking for pthread_create
-- Looking for pthread_create - not found
-- Looking for pthread_create in pthreads
-- Looking for pthread_create in pthreads - not found
-- Looking for pthread_create in pthread
-- Looking for pthread_create in pthread - found
-- Found Threads: TRUE  
-- Using Python nosetests: /usr/bin/nosetests-2.7
-- catkin 0.7.20
-- BUILD_SHARED_LIBS is on
-- Using these message generators: gencpp;geneus;genlisp;gennodejs;genpy
-- Configuring done
-- Generating done
-- Build files have been written to: /home/rick/catkin_ws/src/build/baxter_examples
[35m[1mScanning dependencies of target baxter_examples_gencfg[0m
[100%] [34m[1mGenerating dynamic reconfigure files from cfg/JointSpringsExample.cfg: /home/rick/catkin_ws/src/build/baxter_examples/devel/include/baxter_examples/JointSpringsExampleConfig.h /home/rick/catkin_ws/src/build/baxter_examples/devel/lib/python2.7/dist-packages/baxter_examples/cfg/JointSpringsExampleConfig.py[0m
Generating reconfiguration files for JointSpringsExample in joint_torque
Wrote header file in /home/rick/catkin_ws/src/build/baxter_examples/devel/include/baxter_examples/JointSpringsExampleConfig.h
[100%] Built target baxter_examples_gencfg
[35m[1mScanning dependencies of target baxter_examples_xacro_generated_to_devel_space_[0m
[100%] Built target baxter_examples_xacro_generated_to_devel_space_
[35m[1mScanning dependencies of target tests[0m
Built target tests
[100%] Built target baxter_examples_gencfg
[100%] Built target baxter_examples_xacro_generated_to_devel_space_
[36mInstall the project...[0m
-- Install configuration: ""
-- Execute custom install script
-- Symlinking: /home/rick/catkin_ws/src/install/baxter_examples/include/baxter_examples/JointSpringsExampleConfig.h
-- Symlinking: /home/rick/catkin_ws/src/install/baxter_examples/lib/python2.7/dist-packages/baxter_examples/cfg/JointSpringsExampleConfig.py
-- Symlinking: /home/rick/catkin_ws/src/install/baxter_examples/lib/python2.7/dist-packages/baxter_examples/cfg/__init__.py
-- Symlinking: /home/rick/catkin_ws/src/install/baxter_examples/lib/pkgconfig/baxter_examples.pc
-- Symlinking: /home/rick/catkin_ws/src/install/baxter_examples/share/baxter_examples/cmake/baxter_examplesConfig.cmake
-- Symlinking: /home/rick/catkin_ws/src/install/baxter_examples/share/baxter_examples/cmake/baxter_examplesConfig-version.cmake
-- Symlinking: /home/rick/catkin_ws/src/install/baxter_examples/share/baxter_examples/package.xml
+ cd /home/rick/catkin_ws/src/baxter_examples
+ mkdir -p /home/rick/catkin_ws/src/install/baxter_examples/lib/python2.7/dist-packages
+ /usr/bin/env PYTHONPATH=/home/rick/catkin_ws/src/install/baxter_examples/lib/python2.7/dist-packages:/home/rick/catkin_ws/src/build/baxter_examples/lib/python2.7/dist-packages:/home/rick/catkin_ws/src/install/baxter_interface/lib/python2.7/dist-packages:/home/rick/catkin_ws/src/install/baxter_core_msgs/lib/python2.7/dist-packages:/opt/ros/kinetic/lib/python2.7/dist-packages CATKIN_BINARY_DIR=/home/rick/catkin_ws/src/build/baxter_examples /usr/bin/python2 /home/rick/catkin_ws/src/baxter_examples/setup.py build --build-base /home/rick/catkin_ws/src/build/baxter_examples install --install-layout=deb --prefix=/home/rick/catkin_ws/src/install/baxter_examples --install-scripts=/home/rick/catkin_ws/src/install/baxter_examples/bin
running build
running build_py
creating /home/rick/catkin_ws/src/build/baxter_examples/lib.linux-x86_64-2.7
creating /home/rick/catkin_ws/src/build/baxter_examples/lib.linux-x86_64-2.7/baxter_examples
copying src/baxter_examples/recorder.py -> /home/rick/catkin_ws/src/build/baxter_examples/lib.linux-x86_64-2.7/baxter_examples
copying src/baxter_examples/__init__.py -> /home/rick/catkin_ws/src/build/baxter_examples/lib.linux-x86_64-2.7/baxter_examples
creating /home/rick/catkin_ws/src/build/baxter_examples/lib.linux-x86_64-2.7/baxter_external_devices
copying src/baxter_external_devices/joystick.py -> /home/rick/catkin_ws/src/build/baxter_examples/lib.linux-x86_64-2.7/baxter_external_devices
copying src/baxter_external_devices/__init__.py -> /home/rick/catkin_ws/src/build/baxter_examples/lib.linux-x86_64-2.7/baxter_external_devices
copying src/baxter_external_devices/getch.py -> /home/rick/catkin_ws/src/build/baxter_examples/lib.linux-x86_64-2.7/baxter_external_devices
running install
running install_lib
copying /home/rick/catkin_ws/src/build/baxter_examples/lib.linux-x86_64-2.7/baxter_examples/recorder.py -> /home/rick/catkin_ws/src/install/baxter_examples/lib/python2.7/dist-packages/baxter_examples
copying /home/rick/catkin_ws/src/build/baxter_examples/lib.linux-x86_64-2.7/baxter_examples/__init__.py -> /home/rick/catkin_ws/src/install/baxter_examples/lib/python2.7/dist-packages/baxter_examples
creating /home/rick/catkin_ws/src/install/baxter_examples/lib/python2.7/dist-packages/baxter_external_devices
copying /home/rick/catkin_ws/src/build/baxter_examples/lib.linux-x86_64-2.7/baxter_external_devices/joystick.py -> /home/rick/catkin_ws/src/install/baxter_examples/lib/python2.7/dist-packages/baxter_external_devices
copying /home/rick/catkin_ws/src/build/baxter_examples/lib.linux-x86_64-2.7/baxter_external_devices/__init__.py -> /home/rick/catkin_ws/src/install/baxter_examples/lib/python2.7/dist-packages/baxter_external_devices
copying /home/rick/catkin_ws/src/build/baxter_examples/lib.linux-x86_64-2.7/baxter_external_devices/getch.py -> /home/rick/catkin_ws/src/install/baxter_examples/lib/python2.7/dist-packages/baxter_external_devices
byte-compiling /home/rick/catkin_ws/src/install/baxter_examples/lib/python2.7/dist-packages/baxter_examples/recorder.py to recorder.pyc
byte-compiling /home/rick/catkin_ws/src/install/baxter_examples/lib/python2.7/dist-packages/baxter_examples/__init__.py to __init__.pyc
byte-compiling /home/rick/catkin_ws/src/install/baxter_examples/lib/python2.7/dist-packages/baxter_external_devices/joystick.py to joystick.pyc
byte-compiling /home/rick/catkin_ws/src/install/baxter_examples/lib/python2.7/dist-packages/baxter_external_devices/__init__.py to __init__.pyc
byte-compiling /home/rick/catkin_ws/src/install/baxter_examples/lib/python2.7/dist-packages/baxter_external_devices/getch.py to getch.pyc
running install_egg_info
Writing /home/rick/catkin_ws/src/install/baxter_examples/lib/python2.7/dist-packages/baxter_examples-1.2.0.egg-info
Listing /home/rick/catkin_ws/src/build/baxter_examples/devel/lib/python2.7/dist-packages/baxter_examples/cfg ...
Compiling /home/rick/catkin_ws/src/build/baxter_examples/devel/lib/python2.7/dist-packages/baxter_examples/cfg/JointSpringsExampleConfig.py ...
Compiling /home/rick/catkin_ws/src/build/baxter_examples/devel/lib/python2.7/dist-packages/baxter_examples/cfg/__init__.py ...
-- Installing: /home/rick/catkin_ws/src/install/baxter_examples/lib/baxter_examples
-- Installing: /home/rick/catkin_ws/src/install/baxter_examples/lib/baxter_examples/joint_trajectory_client.py
-- Installing: /home/rick/catkin_ws/src/install/baxter_examples/lib/baxter_examples/digital_io_blink.py
-- Installing: /home/rick/catkin_ws/src/install/baxter_examples/lib/baxter_examples/analog_io_rampup.py
-- Installing: /home/rick/catkin_ws/src/install/baxter_examples/lib/baxter_examples/joint_velocity_wobbler.py
-- Installing: /home/rick/catkin_ws/src/install/baxter_examples/lib/baxter_examples/gripper_joystick.py
-- Installing: /home/rick/catkin_ws/src/install/baxter_examples/lib/baxter_examples/head_wobbler.py
-- Installing: /home/rick/catkin_ws/src/install/baxter_examples/lib/baxter_examples/joint_torque_springs.py
-- Installing: /home/rick/catkin_ws/src/install/baxter_examples/lib/baxter_examples/joint_position_waypoints.py
-- Installing: /home/rick/catkin_ws/src/install/baxter_examples/lib/baxter_examples/head_action_client.py
-- Installing: /home/rick/catkin_ws/src/install/baxter_examples/lib/baxter_examples/xdisplay_image.py
-- Installing: /home/rick/catkin_ws/src/install/baxter_examples/lib/baxter_examples/navigator_io.py
-- Installing: /home/rick/catkin_ws/src/install/baxter_examples/lib/baxter_examples/gripper_keyboard.py
-- Installing: /home/rick/catkin_ws/src/install/baxter_examples/lib/baxter_examples/joint_trajectory_file_playback.py
-- Installing: /home/rick/catkin_ws/src/install/baxter_examples/lib/baxter_examples/joint_position_keyboard.py
-- Installing: /home/rick/catkin_ws/src/install/baxter_examples/lib/baxter_examples/joint_recorder.py
-- Installing: /home/rick/catkin_ws/src/install/baxter_examples/lib/baxter_examples/gripper_cuff_control.py
-- Installing: /home/rick/catkin_ws/src/install/baxter_examples/lib/baxter_examples/joint_position_joystick.py
-- Installing: /home/rick/catkin_ws/src/install/baxter_examples/lib/baxter_examples/ik_service_client.py
-- Installing: /home/rick/catkin_ws/src/install/baxter_examples/lib/baxter_examples/joint_velocity_puppet.py
-- Installing: /home/rick/catkin_ws/src/install/baxter_examples/lib/baxter_examples/gripper_action_client.py
-- Installing: /home/rick/catkin_ws/src/install/baxter_examples/lib/baxter_examples/joint_position_file_playback.py
-- Installing: /home/rick/catkin_ws/src/install/baxter_examples/lib/baxter_examples/send_urdf_fragment.py
-- Installing: /home/rick/catkin_ws/src/install/baxter_examples/share/baxter_examples/launch
-- Installing: /home/rick/catkin_ws/src/install/baxter_examples/share/baxter_examples/launch/joint_trajectory_file_playback.launch
-- Installing: /home/rick/catkin_ws/src/install/baxter_examples/share/baxter_examples/launch/joint_position_joystick.launch
-- Installing: /home/rick/catkin_ws/src/install/baxter_examples/share/baxter_examples/launch/gripper_action_client.launch
-- Installing: /home/rick/catkin_ws/src/install/baxter_examples/share/baxter_examples/launch/gripper_joystick.launch
-- Installing: /home/rick/catkin_ws/src/install/baxter_examples/share/baxter_examples/launch/joint_trajectory_client.launch
-- Installing: /home/rick/catkin_ws/src/install/baxter_examples/share/baxter_examples/share
-- Installing: /home/rick/catkin_ws/src/install/baxter_examples/share/baxter_examples/share/images
-- Installing: /home/rick/catkin_ws/src/install/baxter_examples/share/baxter_examples/share/images/baxterworking.png
