[0.053s] Invoking command in '/home/rick/catkin_ws/src/build/baxter_examples': CMAKE_PREFIX_PATH=/home/rick/catkin_ws/src/install/baxter_interface:/home/rick/catkin_ws/src/install/baxter_core_msgs:${CMAKE_PREFIX_PATH} PKG_CONFIG_PATH=/home/rick/catkin_ws/src/install/baxter_interface/lib/x86_64-linux-gnu/pkgconfig:/home/rick/catkin_ws/src/install/baxter_interface/lib/pkgconfig:/home/rick/catkin_ws/src/install/baxter_core_msgs/lib/x86_64-linux-gnu/pkgconfig:/home/rick/catkin_ws/src/install/baxter_core_msgs/lib/pkgconfig:${PKG_CONFIG_PATH} PYTHONPATH=/home/rick/catkin_ws/src/install/baxter_interface/lib/python2.7/dist-packages:/home/rick/catkin_ws/src/install/baxter_core_msgs/lib/python2.7/dist-packages:${PYTHONPATH} ROS_PACKAGE_PATH=/home/rick/catkin_ws/src/install/baxter_interface/share:/home/rick/catkin_ws/src/install/baxter_core_msgs/share:${ROS_PACKAGE_PATH} /usr/bin/cmake /home/rick/catkin_ws/src/baxter_examples -DCATKIN_INSTALL_INTO_PREFIX_ROOT=0 -DCATKIN_SYMLINK_INSTALL=ON -DCMAKE_INSTALL_PREFIX=/home/rick/catkin_ws/src/install/baxter_examples
[0.200s] -- The C compiler identification is GNU 5.4.0
[0.315s] -- The CXX compiler identification is GNU 5.4.0
[0.319s] -- Check for working C compiler: /usr/bin/cc
[0.394s] -- Check for working C compiler: /usr/bin/cc -- works
[0.394s] -- Detecting C compiler ABI info
[0.463s] -- Detecting C compiler ABI info - done
[0.481s] -- Detecting C compile features
[0.756s] -- Detecting C compile features - done
[0.759s] -- Check for working CXX compiler: /usr/bin/c++
[0.899s] -- Check for working CXX compiler: /usr/bin/c++ -- works
[0.899s] -- Detecting CXX compiler ABI info
[0.965s] -- Detecting CXX compiler ABI info - done
[0.973s] -- Detecting CXX compile features
[1.345s] -- Detecting CXX compile features - done
[1.345s] -- Using CATKIN_DEVEL_PREFIX: /home/rick/catkin_ws/src/build/baxter_examples/devel
[1.345s] -- Using CMAKE_PREFIX_PATH: /home/rick/catkin_ws/src/install/baxter_interface;/home/rick/catkin_ws/src/install/baxter_core_msgs;/opt/ros/kinetic
[1.346s] -- This workspace overlays: /home/rick/catkin_ws/src/install/baxter_interface;/home/rick/catkin_ws/src/install/baxter_core_msgs;/opt/ros/kinetic
[1.346s] -- Override CMake install command with custom implementation using symlinks instead of copying resources
[1.368s] -- Found PythonInterp: /usr/bin/python2 (found suitable version "2.7.12", minimum required is "2") 
[1.368s] -- Using PYTHON_EXECUTABLE: /usr/bin/python2
[1.368s] -- Using Debian Python package layout
[1.369s] -- Using empy: /usr/bin/empy
[1.602s] -- Using CATKIN_ENABLE_TESTING: ON
[1.602s] -- Call enable_testing()
[1.604s] -- Using CATKIN_TEST_RESULTS_DIR: /home/rick/catkin_ws/src/build/baxter_examples/test_results
[1.645s] -- Found gtest sources under '/usr/src/gmock': gtests will be built
[1.645s] -- Found gmock sources under '/usr/src/gmock': gmock will be built
[1.668s] -- Found PythonInterp: /usr/bin/python2 (found version "2.7.12") 
[1.669s] -- Looking for pthread.h
[1.768s] -- Looking for pthread.h - found
[1.768s] -- Looking for pthread_create
[1.847s] -- Looking for pthread_create - not found
[1.847s] -- Looking for pthread_create in pthreads
[1.910s] -- Looking for pthread_create in pthreads - not found
[1.910s] -- Looking for pthread_create in pthread
[2.011s] -- Looking for pthread_create in pthread - found
[2.014s] -- Found Threads: TRUE  
[2.025s] -- Using Python nosetests: /usr/bin/nosetests-2.7
[2.062s] -- catkin 0.7.20
[2.062s] -- BUILD_SHARED_LIBS is on
[2.255s] -- Using these message generators: gencpp;geneus;genlisp;gennodejs;genpy
[3.073s] -- Configuring done
[3.126s] -- Generating done
[3.154s] -- Build files have been written to: /home/rick/catkin_ws/src/build/baxter_examples
[3.161s] Invoked command in '/home/rick/catkin_ws/src/build/baxter_examples' returned '0': CMAKE_PREFIX_PATH=/home/rick/catkin_ws/src/install/baxter_interface:/home/rick/catkin_ws/src/install/baxter_core_msgs:${CMAKE_PREFIX_PATH} PKG_CONFIG_PATH=/home/rick/catkin_ws/src/install/baxter_interface/lib/x86_64-linux-gnu/pkgconfig:/home/rick/catkin_ws/src/install/baxter_interface/lib/pkgconfig:/home/rick/catkin_ws/src/install/baxter_core_msgs/lib/x86_64-linux-gnu/pkgconfig:/home/rick/catkin_ws/src/install/baxter_core_msgs/lib/pkgconfig:${PKG_CONFIG_PATH} PYTHONPATH=/home/rick/catkin_ws/src/install/baxter_interface/lib/python2.7/dist-packages:/home/rick/catkin_ws/src/install/baxter_core_msgs/lib/python2.7/dist-packages:${PYTHONPATH} ROS_PACKAGE_PATH=/home/rick/catkin_ws/src/install/baxter_interface/share:/home/rick/catkin_ws/src/install/baxter_core_msgs/share:${ROS_PACKAGE_PATH} /usr/bin/cmake /home/rick/catkin_ws/src/baxter_examples -DCATKIN_INSTALL_INTO_PREFIX_ROOT=0 -DCATKIN_SYMLINK_INSTALL=ON -DCMAKE_INSTALL_PREFIX=/home/rick/catkin_ws/src/install/baxter_examples
[3.162s] Invoking command in '/home/rick/catkin_ws/src/build/baxter_examples': CMAKE_PREFIX_PATH=/home/rick/catkin_ws/src/install/baxter_interface:/home/rick/catkin_ws/src/install/baxter_core_msgs:${CMAKE_PREFIX_PATH} PKG_CONFIG_PATH=/home/rick/catkin_ws/src/install/baxter_interface/lib/x86_64-linux-gnu/pkgconfig:/home/rick/catkin_ws/src/install/baxter_interface/lib/pkgconfig:/home/rick/catkin_ws/src/install/baxter_core_msgs/lib/x86_64-linux-gnu/pkgconfig:/home/rick/catkin_ws/src/install/baxter_core_msgs/lib/pkgconfig:${PKG_CONFIG_PATH} PYTHONPATH=/home/rick/catkin_ws/src/install/baxter_interface/lib/python2.7/dist-packages:/home/rick/catkin_ws/src/install/baxter_core_msgs/lib/python2.7/dist-packages:${PYTHONPATH} ROS_PACKAGE_PATH=/home/rick/catkin_ws/src/install/baxter_interface/share:/home/rick/catkin_ws/src/install/baxter_core_msgs/share:${ROS_PACKAGE_PATH} /usr/bin/cmake --build /home/rick/catkin_ws/src/build/baxter_examples -- -j2 -l2
[3.208s] [35m[1mScanning dependencies of target baxter_examples_gencfg[0m
[3.223s] [100%] [34m[1mGenerating dynamic reconfigure files from cfg/JointSpringsExample.cfg: /home/rick/catkin_ws/src/build/baxter_examples/devel/include/baxter_examples/JointSpringsExampleConfig.h /home/rick/catkin_ws/src/build/baxter_examples/devel/lib/python2.7/dist-packages/baxter_examples/cfg/JointSpringsExampleConfig.py[0m
[3.271s] Generating reconfiguration files for JointSpringsExample in joint_torque
[3.278s] Wrote header file in /home/rick/catkin_ws/src/build/baxter_examples/devel/include/baxter_examples/JointSpringsExampleConfig.h
[3.333s] [100%] Built target baxter_examples_gencfg
[3.347s] [35m[1mScanning dependencies of target baxter_examples_xacro_generated_to_devel_space_[0m
[3.362s] [100%] Built target baxter_examples_xacro_generated_to_devel_space_
[3.377s] Invoked command in '/home/rick/catkin_ws/src/build/baxter_examples' returned '0': CMAKE_PREFIX_PATH=/home/rick/catkin_ws/src/install/baxter_interface:/home/rick/catkin_ws/src/install/baxter_core_msgs:${CMAKE_PREFIX_PATH} PKG_CONFIG_PATH=/home/rick/catkin_ws/src/install/baxter_interface/lib/x86_64-linux-gnu/pkgconfig:/home/rick/catkin_ws/src/install/baxter_interface/lib/pkgconfig:/home/rick/catkin_ws/src/install/baxter_core_msgs/lib/x86_64-linux-gnu/pkgconfig:/home/rick/catkin_ws/src/install/baxter_core_msgs/lib/pkgconfig:${PKG_CONFIG_PATH} PYTHONPATH=/home/rick/catkin_ws/src/install/baxter_interface/lib/python2.7/dist-packages:/home/rick/catkin_ws/src/install/baxter_core_msgs/lib/python2.7/dist-packages:${PYTHONPATH} ROS_PACKAGE_PATH=/home/rick/catkin_ws/src/install/baxter_interface/share:/home/rick/catkin_ws/src/install/baxter_core_msgs/share:${ROS_PACKAGE_PATH} /usr/bin/cmake --build /home/rick/catkin_ws/src/build/baxter_examples -- -j2 -l2
[3.460s] Invoking command in '/home/rick/catkin_ws/src/build/baxter_examples': CMAKE_PREFIX_PATH=/home/rick/catkin_ws/src/install/baxter_interface:/home/rick/catkin_ws/src/install/baxter_core_msgs:${CMAKE_PREFIX_PATH} PKG_CONFIG_PATH=/home/rick/catkin_ws/src/install/baxter_interface/lib/x86_64-linux-gnu/pkgconfig:/home/rick/catkin_ws/src/install/baxter_interface/lib/pkgconfig:/home/rick/catkin_ws/src/install/baxter_core_msgs/lib/x86_64-linux-gnu/pkgconfig:/home/rick/catkin_ws/src/install/baxter_core_msgs/lib/pkgconfig:${PKG_CONFIG_PATH} PYTHONPATH=/home/rick/catkin_ws/src/install/baxter_interface/lib/python2.7/dist-packages:/home/rick/catkin_ws/src/install/baxter_core_msgs/lib/python2.7/dist-packages:${PYTHONPATH} ROS_PACKAGE_PATH=/home/rick/catkin_ws/src/install/baxter_interface/share:/home/rick/catkin_ws/src/install/baxter_core_msgs/share:${ROS_PACKAGE_PATH} /usr/bin/cmake --build /home/rick/catkin_ws/src/build/baxter_examples --target tests -- -j2 -l2
[3.542s] [35m[1mScanning dependencies of target tests[0m
[3.556s] Built target tests
[3.571s] Invoked command in '/home/rick/catkin_ws/src/build/baxter_examples' returned '0': CMAKE_PREFIX_PATH=/home/rick/catkin_ws/src/install/baxter_interface:/home/rick/catkin_ws/src/install/baxter_core_msgs:${CMAKE_PREFIX_PATH} PKG_CONFIG_PATH=/home/rick/catkin_ws/src/install/baxter_interface/lib/x86_64-linux-gnu/pkgconfig:/home/rick/catkin_ws/src/install/baxter_interface/lib/pkgconfig:/home/rick/catkin_ws/src/install/baxter_core_msgs/lib/x86_64-linux-gnu/pkgconfig:/home/rick/catkin_ws/src/install/baxter_core_msgs/lib/pkgconfig:${PKG_CONFIG_PATH} PYTHONPATH=/home/rick/catkin_ws/src/install/baxter_interface/lib/python2.7/dist-packages:/home/rick/catkin_ws/src/install/baxter_core_msgs/lib/python2.7/dist-packages:${PYTHONPATH} ROS_PACKAGE_PATH=/home/rick/catkin_ws/src/install/baxter_interface/share:/home/rick/catkin_ws/src/install/baxter_core_msgs/share:${ROS_PACKAGE_PATH} /usr/bin/cmake --build /home/rick/catkin_ws/src/build/baxter_examples --target tests -- -j2 -l2
[3.669s] Invoking command in '/home/rick/catkin_ws/src/build/baxter_examples': CMAKE_PREFIX_PATH=/home/rick/catkin_ws/src/install/baxter_interface:/home/rick/catkin_ws/src/install/baxter_core_msgs:${CMAKE_PREFIX_PATH} PKG_CONFIG_PATH=/home/rick/catkin_ws/src/install/baxter_interface/lib/x86_64-linux-gnu/pkgconfig:/home/rick/catkin_ws/src/install/baxter_interface/lib/pkgconfig:/home/rick/catkin_ws/src/install/baxter_core_msgs/lib/x86_64-linux-gnu/pkgconfig:/home/rick/catkin_ws/src/install/baxter_core_msgs/lib/pkgconfig:${PKG_CONFIG_PATH} PYTHONPATH=/home/rick/catkin_ws/src/install/baxter_interface/lib/python2.7/dist-packages:/home/rick/catkin_ws/src/install/baxter_core_msgs/lib/python2.7/dist-packages:${PYTHONPATH} ROS_PACKAGE_PATH=/home/rick/catkin_ws/src/install/baxter_interface/share:/home/rick/catkin_ws/src/install/baxter_core_msgs/share:${ROS_PACKAGE_PATH} /usr/bin/cmake --build /home/rick/catkin_ws/src/build/baxter_examples --target install -- -j2 -l2
[3.751s] [100%] Built target baxter_examples_gencfg
[3.766s] [100%] Built target baxter_examples_xacro_generated_to_devel_space_
[3.782s] [36mInstall the project...[0m
[3.788s] -- Install configuration: ""
[3.789s] -- Execute custom install script
[3.790s] -- Symlinking: /home/rick/catkin_ws/src/install/baxter_examples/include/baxter_examples/JointSpringsExampleConfig.h
[3.799s] -- Symlinking: /home/rick/catkin_ws/src/install/baxter_examples/lib/python2.7/dist-packages/baxter_examples/cfg/JointSpringsExampleConfig.py
[3.835s] -- Symlinking: /home/rick/catkin_ws/src/install/baxter_examples/lib/python2.7/dist-packages/baxter_examples/cfg/__init__.py
[3.849s] -- Symlinking: /home/rick/catkin_ws/src/install/baxter_examples/lib/pkgconfig/baxter_examples.pc
[3.858s] -- Symlinking: /home/rick/catkin_ws/src/install/baxter_examples/share/baxter_examples/cmake/baxter_examplesConfig.cmake
[3.864s] -- Symlinking: /home/rick/catkin_ws/src/install/baxter_examples/share/baxter_examples/cmake/baxter_examplesConfig-version.cmake
[3.872s] -- Symlinking: /home/rick/catkin_ws/src/install/baxter_examples/share/baxter_examples/package.xml
[3.879s] + cd /home/rick/catkin_ws/src/baxter_examples
[3.879s] + mkdir -p /home/rick/catkin_ws/src/install/baxter_examples/lib/python2.7/dist-packages
[3.881s] + /usr/bin/env PYTHONPATH=/home/rick/catkin_ws/src/install/baxter_examples/lib/python2.7/dist-packages:/home/rick/catkin_ws/src/build/baxter_examples/lib/python2.7/dist-packages:/home/rick/catkin_ws/src/install/baxter_interface/lib/python2.7/dist-packages:/home/rick/catkin_ws/src/install/baxter_core_msgs/lib/python2.7/dist-packages:/opt/ros/kinetic/lib/python2.7/dist-packages CATKIN_BINARY_DIR=/home/rick/catkin_ws/src/build/baxter_examples /usr/bin/python2 /home/rick/catkin_ws/src/baxter_examples/setup.py build --build-base /home/rick/catkin_ws/src/build/baxter_examples install --install-layout=deb --prefix=/home/rick/catkin_ws/src/install/baxter_examples --install-scripts=/home/rick/catkin_ws/src/install/baxter_examples/bin
[3.938s] running build
[3.939s] running build_py
[3.940s] creating /home/rick/catkin_ws/src/build/baxter_examples/lib.linux-x86_64-2.7
[3.941s] creating /home/rick/catkin_ws/src/build/baxter_examples/lib.linux-x86_64-2.7/baxter_examples
[3.941s] copying src/baxter_examples/recorder.py -> /home/rick/catkin_ws/src/build/baxter_examples/lib.linux-x86_64-2.7/baxter_examples
[3.945s] copying src/baxter_examples/__init__.py -> /home/rick/catkin_ws/src/build/baxter_examples/lib.linux-x86_64-2.7/baxter_examples
[3.946s] creating /home/rick/catkin_ws/src/build/baxter_examples/lib.linux-x86_64-2.7/baxter_external_devices
[3.947s] copying src/baxter_external_devices/joystick.py -> /home/rick/catkin_ws/src/build/baxter_examples/lib.linux-x86_64-2.7/baxter_external_devices
[3.948s] copying src/baxter_external_devices/__init__.py -> /home/rick/catkin_ws/src/build/baxter_examples/lib.linux-x86_64-2.7/baxter_external_devices
[3.948s] copying src/baxter_external_devices/getch.py -> /home/rick/catkin_ws/src/build/baxter_examples/lib.linux-x86_64-2.7/baxter_external_devices
[3.949s] running install
[3.950s] running install_lib
[3.952s] copying /home/rick/catkin_ws/src/build/baxter_examples/lib.linux-x86_64-2.7/baxter_examples/recorder.py -> /home/rick/catkin_ws/src/install/baxter_examples/lib/python2.7/dist-packages/baxter_examples
[3.953s] copying /home/rick/catkin_ws/src/build/baxter_examples/lib.linux-x86_64-2.7/baxter_examples/__init__.py -> /home/rick/catkin_ws/src/install/baxter_examples/lib/python2.7/dist-packages/baxter_examples
[3.953s] creating /home/rick/catkin_ws/src/install/baxter_examples/lib/python2.7/dist-packages/baxter_external_devices
[3.954s] copying /home/rick/catkin_ws/src/build/baxter_examples/lib.linux-x86_64-2.7/baxter_external_devices/joystick.py -> /home/rick/catkin_ws/src/install/baxter_examples/lib/python2.7/dist-packages/baxter_external_devices
[3.954s] copying /home/rick/catkin_ws/src/build/baxter_examples/lib.linux-x86_64-2.7/baxter_external_devices/__init__.py -> /home/rick/catkin_ws/src/install/baxter_examples/lib/python2.7/dist-packages/baxter_external_devices
[3.955s] copying /home/rick/catkin_ws/src/build/baxter_examples/lib.linux-x86_64-2.7/baxter_external_devices/getch.py -> /home/rick/catkin_ws/src/install/baxter_examples/lib/python2.7/dist-packages/baxter_external_devices
[3.955s] byte-compiling /home/rick/catkin_ws/src/install/baxter_examples/lib/python2.7/dist-packages/baxter_examples/recorder.py to recorder.pyc
[3.959s] byte-compiling /home/rick/catkin_ws/src/install/baxter_examples/lib/python2.7/dist-packages/baxter_examples/__init__.py to __init__.pyc
[3.960s] byte-compiling /home/rick/catkin_ws/src/install/baxter_examples/lib/python2.7/dist-packages/baxter_external_devices/joystick.py to joystick.pyc
[3.963s] byte-compiling /home/rick/catkin_ws/src/install/baxter_examples/lib/python2.7/dist-packages/baxter_external_devices/__init__.py to __init__.pyc
[3.964s] byte-compiling /home/rick/catkin_ws/src/install/baxter_examples/lib/python2.7/dist-packages/baxter_external_devices/getch.py to getch.pyc
[3.964s] running install_egg_info
[3.966s] Writing /home/rick/catkin_ws/src/install/baxter_examples/lib/python2.7/dist-packages/baxter_examples-1.2.0.egg-info
[3.985s] Listing /home/rick/catkin_ws/src/build/baxter_examples/devel/lib/python2.7/dist-packages/baxter_examples/cfg ...
[3.985s] Compiling /home/rick/catkin_ws/src/build/baxter_examples/devel/lib/python2.7/dist-packages/baxter_examples/cfg/JointSpringsExampleConfig.py ...
[3.985s] Compiling /home/rick/catkin_ws/src/build/baxter_examples/devel/lib/python2.7/dist-packages/baxter_examples/cfg/__init__.py ...
[3.987s] -- Installing: /home/rick/catkin_ws/src/install/baxter_examples/lib/baxter_examples
[3.987s] -- Installing: /home/rick/catkin_ws/src/install/baxter_examples/lib/baxter_examples/joint_trajectory_client.py
[3.988s] -- Installing: /home/rick/catkin_ws/src/install/baxter_examples/lib/baxter_examples/digital_io_blink.py
[3.989s] -- Installing: /home/rick/catkin_ws/src/install/baxter_examples/lib/baxter_examples/analog_io_rampup.py
[3.990s] -- Installing: /home/rick/catkin_ws/src/install/baxter_examples/lib/baxter_examples/joint_velocity_wobbler.py
[3.990s] -- Installing: /home/rick/catkin_ws/src/install/baxter_examples/lib/baxter_examples/gripper_joystick.py
[3.991s] -- Installing: /home/rick/catkin_ws/src/install/baxter_examples/lib/baxter_examples/head_wobbler.py
[3.991s] -- Installing: /home/rick/catkin_ws/src/install/baxter_examples/lib/baxter_examples/joint_torque_springs.py
[3.992s] -- Installing: /home/rick/catkin_ws/src/install/baxter_examples/lib/baxter_examples/joint_position_waypoints.py
[3.993s] -- Installing: /home/rick/catkin_ws/src/install/baxter_examples/lib/baxter_examples/head_action_client.py
[3.994s] -- Installing: /home/rick/catkin_ws/src/install/baxter_examples/lib/baxter_examples/xdisplay_image.py
[3.994s] -- Installing: /home/rick/catkin_ws/src/install/baxter_examples/lib/baxter_examples/navigator_io.py
[3.995s] -- Installing: /home/rick/catkin_ws/src/install/baxter_examples/lib/baxter_examples/gripper_keyboard.py
[3.997s] -- Installing: /home/rick/catkin_ws/src/install/baxter_examples/lib/baxter_examples/joint_trajectory_file_playback.py
[3.997s] -- Installing: /home/rick/catkin_ws/src/install/baxter_examples/lib/baxter_examples/joint_position_keyboard.py
[3.997s] -- Installing: /home/rick/catkin_ws/src/install/baxter_examples/lib/baxter_examples/joint_recorder.py
[3.998s] -- Installing: /home/rick/catkin_ws/src/install/baxter_examples/lib/baxter_examples/gripper_cuff_control.py
[3.998s] -- Installing: /home/rick/catkin_ws/src/install/baxter_examples/lib/baxter_examples/joint_position_joystick.py
[3.998s] -- Installing: /home/rick/catkin_ws/src/install/baxter_examples/lib/baxter_examples/ik_service_client.py
[3.998s] -- Installing: /home/rick/catkin_ws/src/install/baxter_examples/lib/baxter_examples/joint_velocity_puppet.py
[3.998s] -- Installing: /home/rick/catkin_ws/src/install/baxter_examples/lib/baxter_examples/gripper_action_client.py
[3.999s] -- Installing: /home/rick/catkin_ws/src/install/baxter_examples/lib/baxter_examples/joint_position_file_playback.py
[3.999s] -- Installing: /home/rick/catkin_ws/src/install/baxter_examples/lib/baxter_examples/send_urdf_fragment.py
[3.999s] -- Installing: /home/rick/catkin_ws/src/install/baxter_examples/share/baxter_examples/launch
[3.999s] -- Installing: /home/rick/catkin_ws/src/install/baxter_examples/share/baxter_examples/launch/joint_trajectory_file_playback.launch
[3.999s] -- Installing: /home/rick/catkin_ws/src/install/baxter_examples/share/baxter_examples/launch/joint_position_joystick.launch
[4.000s] -- Installing: /home/rick/catkin_ws/src/install/baxter_examples/share/baxter_examples/launch/gripper_action_client.launch
[4.003s] -- Installing: /home/rick/catkin_ws/src/install/baxter_examples/share/baxter_examples/launch/gripper_joystick.launch
[4.010s] -- Installing: /home/rick/catkin_ws/src/install/baxter_examples/share/baxter_examples/launch/joint_trajectory_client.launch
[4.011s] -- Installing: /home/rick/catkin_ws/src/install/baxter_examples/share/baxter_examples/share
[4.011s] -- Installing: /home/rick/catkin_ws/src/install/baxter_examples/share/baxter_examples/share/images
[4.017s] -- Installing: /home/rick/catkin_ws/src/install/baxter_examples/share/baxter_examples/share/images/baxterworking.png
[4.038s] Invoked command in '/home/rick/catkin_ws/src/build/baxter_examples' returned '0': CMAKE_PREFIX_PATH=/home/rick/catkin_ws/src/install/baxter_interface:/home/rick/catkin_ws/src/install/baxter_core_msgs:${CMAKE_PREFIX_PATH} PKG_CONFIG_PATH=/home/rick/catkin_ws/src/install/baxter_interface/lib/x86_64-linux-gnu/pkgconfig:/home/rick/catkin_ws/src/install/baxter_interface/lib/pkgconfig:/home/rick/catkin_ws/src/install/baxter_core_msgs/lib/x86_64-linux-gnu/pkgconfig:/home/rick/catkin_ws/src/install/baxter_core_msgs/lib/pkgconfig:${PKG_CONFIG_PATH} PYTHONPATH=/home/rick/catkin_ws/src/install/baxter_interface/lib/python2.7/dist-packages:/home/rick/catkin_ws/src/install/baxter_core_msgs/lib/python2.7/dist-packages:${PYTHONPATH} ROS_PACKAGE_PATH=/home/rick/catkin_ws/src/install/baxter_interface/share:/home/rick/catkin_ws/src/install/baxter_core_msgs/share:${ROS_PACKAGE_PATH} /usr/bin/cmake --build /home/rick/catkin_ws/src/build/baxter_examples --target install -- -j2 -l2
