[0.398s] DEBUG:colcon:Command line arguments: ['/usr/bin/colcon', 'build', '--symlink-install', '--packages-select', 'ros1_bridge', '--cmake-force-configure']
[0.399s] DEBUG:colcon:Parsed command line arguments: Namespace(ament_cmake_args=None, base_paths=['.'], build_base='build', catkin_cmake_args=None, catkin_skip_building_tests=False, cmake_args=None, cmake_clean_cache=False, cmake_clean_first=False, cmake_force_configure=True, cmake_target=None, cmake_target_skip_unavailable=False, continue_on_error=False, event_handlers=None, executor='parallel', ignore_user_meta=False, install_base='install', log_base=None, log_level=None, main=<bound method BuildVerb.main of <colcon_core.verb.build.BuildVerb object at 0x7ffb2a2653c8>>, merge_install=False, metas=['./colcon.meta'], packages_above=None, packages_above_and_dependencies=None, packages_above_depth=None, packages_end=None, packages_ignore=None, packages_ignore_regex=None, packages_select=['ros1_bridge'], packages_select_build_failed=False, packages_select_by_dep=None, packages_select_regex=None, packages_select_test_failures=False, packages_skip=None, packages_skip_build_finished=False, packages_skip_by_dep=None, packages_skip_regex=None, packages_skip_test_passed=False, packages_skip_up_to=None, packages_start=None, packages_up_to=None, packages_up_to_regex=None, parallel_workers=2, paths=None, symlink_install=True, test_result_base=None, verb_extension=<colcon_core.verb.build.BuildVerb object at 0x7ffb2a2653c8>, verb_name='build', verb_parser=<colcon_defaults.argument_parser.defaults.DefaultArgumentsDecorator object at 0x7ffb2a265780>)
[0.439s] Level 1:colcon.colcon_core.package_discovery:discover_packages(colcon_meta) check parameters
[0.439s] Level 1:colcon.colcon_core.package_discovery:discover_packages(recursive) check parameters
[0.439s] Level 1:colcon.colcon_core.package_discovery:discover_packages(ignore) check parameters
[0.439s] Level 1:colcon.colcon_core.package_discovery:discover_packages(path) check parameters
[0.440s] Level 1:colcon.colcon_core.package_discovery:discover_packages(colcon_meta) discover
[0.440s] Level 1:colcon.colcon_core.package_discovery:discover_packages(recursive) discover
[0.440s] INFO:colcon.colcon_core.package_discovery:Crawling recursively for packages in '/home/rick/catkin_ws/src'
[0.440s] Level 1:colcon.colcon_core.package_identification:_identify(.) by extensions ['ignore', 'ignore_ament_install']
[0.441s] Level 1:colcon.colcon_core.package_identification:_identify(.) by extension 'ignore'
[0.441s] Level 1:colcon.colcon_core.package_identification:_identify(.) by extension 'ignore_ament_install'
[0.441s] Level 1:colcon.colcon_core.package_identification:_identify(.) by extensions ['colcon_pkg']
[0.441s] Level 1:colcon.colcon_core.package_identification:_identify(.) by extension 'colcon_pkg'
[0.441s] Level 1:colcon.colcon_core.package_identification:_identify(.) by extensions ['colcon_meta']
[0.441s] Level 1:colcon.colcon_core.package_identification:_identify(.) by extension 'colcon_meta'
[0.441s] Level 1:colcon.colcon_core.package_identification:_identify(.) by extensions ['ros']
[0.441s] Level 1:colcon.colcon_core.package_identification:_identify(.) by extension 'ros'
[0.456s] Level 1:colcon.colcon_core.package_identification:_identify(.) by extensions ['cmake', 'python']
[0.456s] Level 1:colcon.colcon_core.package_identification:_identify(.) by extension 'cmake'
[0.825s] ERROR:colcon.colcon_core.package_identification:Exception in package identification extension 'cmake' in '.': Failed to extract project name from 'CMakeLists.txt'
Traceback (most recent call last):
  File "/usr/lib/python3/dist-packages/colcon_core/package_identification/__init__.py", line 143, in _identify
    retval = extension.identify(_reused_descriptor_instance)
  File "/usr/lib/python3/dist-packages/colcon_cmake/package_identification/cmake.py", line 34, in identify
    "Failed to extract project name from '%s'" % cmakelists_txt)
RuntimeError: Failed to extract project name from 'CMakeLists.txt'

[0.826s] Level 1:colcon.colcon_core.package_identification:_identify(.) by extension 'python'
[0.826s] Level 1:colcon.colcon_core.package_identification:_identify(.) by extensions ['python_setup_py']
[0.826s] Level 1:colcon.colcon_core.package_identification:_identify(.) by extension 'python_setup_py'
[0.826s] Level 1:colcon.colcon_core.package_identification:_identify(baxter) by extensions ['ignore', 'ignore_ament_install']
[0.826s] Level 1:colcon.colcon_core.package_identification:_identify(baxter) by extension 'ignore'
[0.826s] Level 1:colcon.colcon_core.package_identification:_identify(baxter) by extension 'ignore_ament_install'
[0.826s] Level 1:colcon.colcon_core.package_identification:_identify(baxter) by extensions ['colcon_pkg']
[0.826s] Level 1:colcon.colcon_core.package_identification:_identify(baxter) by extension 'colcon_pkg'
[0.826s] Level 1:colcon.colcon_core.package_identification:_identify(baxter) by extensions ['colcon_meta']
[0.826s] Level 1:colcon.colcon_core.package_identification:_identify(baxter) by extension 'colcon_meta'
[0.826s] Level 1:colcon.colcon_core.package_identification:_identify(baxter) by extensions ['ros']
[0.826s] Level 1:colcon.colcon_core.package_identification:_identify(baxter) by extension 'ros'
[0.827s] Level 1:colcon.colcon_core.package_identification:_identify(baxter) by extensions ['cmake', 'python']
[0.827s] Level 1:colcon.colcon_core.package_identification:_identify(baxter) by extension 'cmake'
[0.827s] Level 1:colcon.colcon_core.package_identification:_identify(baxter) by extension 'python'
[0.827s] Level 1:colcon.colcon_core.package_identification:_identify(baxter) by extensions ['python_setup_py']
[0.827s] Level 1:colcon.colcon_core.package_identification:_identify(baxter) by extension 'python_setup_py'
[0.827s] Level 1:colcon.colcon_core.package_identification:_identify(baxter/baxter_sdk) by extensions ['ignore', 'ignore_ament_install']
[0.827s] Level 1:colcon.colcon_core.package_identification:_identify(baxter/baxter_sdk) by extension 'ignore'
[0.827s] Level 1:colcon.colcon_core.package_identification:_identify(baxter/baxter_sdk) by extension 'ignore_ament_install'
[0.827s] Level 1:colcon.colcon_core.package_identification:_identify(baxter/baxter_sdk) by extensions ['colcon_pkg']
[0.827s] Level 1:colcon.colcon_core.package_identification:_identify(baxter/baxter_sdk) by extension 'colcon_pkg'
[0.827s] Level 1:colcon.colcon_core.package_identification:_identify(baxter/baxter_sdk) by extensions ['colcon_meta']
[0.827s] Level 1:colcon.colcon_core.package_identification:_identify(baxter/baxter_sdk) by extension 'colcon_meta'
[0.827s] Level 1:colcon.colcon_core.package_identification:_identify(baxter/baxter_sdk) by extensions ['ros']
[0.827s] Level 1:colcon.colcon_core.package_identification:_identify(baxter/baxter_sdk) by extension 'ros'
[0.830s] DEBUG:colcon.colcon_core.package_identification:Package 'baxter/baxter_sdk' with type 'ros.catkin' and name 'baxter_sdk'
[0.830s] Level 1:colcon.colcon_core.package_identification:_identify(baxter_common) by extensions ['ignore', 'ignore_ament_install']
[0.830s] Level 1:colcon.colcon_core.package_identification:_identify(baxter_common) by extension 'ignore'
[0.830s] Level 1:colcon.colcon_core.package_identification:_identify(baxter_common) by extension 'ignore_ament_install'
[0.830s] Level 1:colcon.colcon_core.package_identification:_identify(baxter_common) by extensions ['colcon_pkg']
[0.830s] Level 1:colcon.colcon_core.package_identification:_identify(baxter_common) by extension 'colcon_pkg'
[0.830s] Level 1:colcon.colcon_core.package_identification:_identify(baxter_common) by extensions ['colcon_meta']
[0.830s] Level 1:colcon.colcon_core.package_identification:_identify(baxter_common) by extension 'colcon_meta'
[0.830s] Level 1:colcon.colcon_core.package_identification:_identify(baxter_common) by extensions ['ros']
[0.830s] Level 1:colcon.colcon_core.package_identification:_identify(baxter_common) by extension 'ros'
[0.830s] Level 1:colcon.colcon_core.package_identification:_identify(baxter_common) by extensions ['cmake', 'python']
[0.830s] Level 1:colcon.colcon_core.package_identification:_identify(baxter_common) by extension 'cmake'
[0.830s] Level 1:colcon.colcon_core.package_identification:_identify(baxter_common) by extension 'python'
[0.830s] Level 1:colcon.colcon_core.package_identification:_identify(baxter_common) by extensions ['python_setup_py']
[0.830s] Level 1:colcon.colcon_core.package_identification:_identify(baxter_common) by extension 'python_setup_py'
[0.830s] Level 1:colcon.colcon_core.package_identification:_identify(baxter_common/baxter_common) by extensions ['ignore', 'ignore_ament_install']
[0.831s] Level 1:colcon.colcon_core.package_identification:_identify(baxter_common/baxter_common) by extension 'ignore'
[0.831s] Level 1:colcon.colcon_core.package_identification:_identify(baxter_common/baxter_common) by extension 'ignore_ament_install'
[0.831s] Level 1:colcon.colcon_core.package_identification:_identify(baxter_common/baxter_common) by extensions ['colcon_pkg']
[0.831s] Level 1:colcon.colcon_core.package_identification:_identify(baxter_common/baxter_common) by extension 'colcon_pkg'
[0.831s] Level 1:colcon.colcon_core.package_identification:_identify(baxter_common/baxter_common) by extensions ['colcon_meta']
[0.831s] Level 1:colcon.colcon_core.package_identification:_identify(baxter_common/baxter_common) by extension 'colcon_meta'
[0.831s] Level 1:colcon.colcon_core.package_identification:_identify(baxter_common/baxter_common) by extensions ['ros']
[0.831s] Level 1:colcon.colcon_core.package_identification:_identify(baxter_common/baxter_common) by extension 'ros'
[0.832s] DEBUG:colcon.colcon_core.package_identification:Package 'baxter_common/baxter_common' with type 'ros.catkin' and name 'baxter_common'
[0.832s] Level 1:colcon.colcon_core.package_identification:_identify(baxter_common/baxter_core_msgs) by extensions ['ignore', 'ignore_ament_install']
[0.832s] Level 1:colcon.colcon_core.package_identification:_identify(baxter_common/baxter_core_msgs) by extension 'ignore'
[0.832s] Level 1:colcon.colcon_core.package_identification:_identify(baxter_common/baxter_core_msgs) by extension 'ignore_ament_install'
[0.832s] Level 1:colcon.colcon_core.package_identification:_identify(baxter_common/baxter_core_msgs) by extensions ['colcon_pkg']
[0.832s] Level 1:colcon.colcon_core.package_identification:_identify(baxter_common/baxter_core_msgs) by extension 'colcon_pkg'
[0.832s] Level 1:colcon.colcon_core.package_identification:_identify(baxter_common/baxter_core_msgs) by extensions ['colcon_meta']
[0.832s] Level 1:colcon.colcon_core.package_identification:_identify(baxter_common/baxter_core_msgs) by extension 'colcon_meta'
[0.832s] Level 1:colcon.colcon_core.package_identification:_identify(baxter_common/baxter_core_msgs) by extensions ['ros']
[0.832s] Level 1:colcon.colcon_core.package_identification:_identify(baxter_common/baxter_core_msgs) by extension 'ros'
[0.833s] DEBUG:colcon.colcon_core.package_identification:Package 'baxter_common/baxter_core_msgs' with type 'ros.catkin' and name 'baxter_core_msgs'
[0.833s] Level 1:colcon.colcon_core.package_identification:_identify(baxter_common/baxter_description) by extensions ['ignore', 'ignore_ament_install']
[0.833s] Level 1:colcon.colcon_core.package_identification:_identify(baxter_common/baxter_description) by extension 'ignore'
[0.833s] Level 1:colcon.colcon_core.package_identification:_identify(baxter_common/baxter_description) by extension 'ignore_ament_install'
[0.833s] Level 1:colcon.colcon_core.package_identification:_identify(baxter_common/baxter_description) by extensions ['colcon_pkg']
[0.833s] Level 1:colcon.colcon_core.package_identification:_identify(baxter_common/baxter_description) by extension 'colcon_pkg'
[0.833s] Level 1:colcon.colcon_core.package_identification:_identify(baxter_common/baxter_description) by extensions ['colcon_meta']
[0.833s] Level 1:colcon.colcon_core.package_identification:_identify(baxter_common/baxter_description) by extension 'colcon_meta'
[0.834s] Level 1:colcon.colcon_core.package_identification:_identify(baxter_common/baxter_description) by extensions ['ros']
[0.834s] Level 1:colcon.colcon_core.package_identification:_identify(baxter_common/baxter_description) by extension 'ros'
[0.834s] DEBUG:colcon.colcon_core.package_identification:Package 'baxter_common/baxter_description' with type 'ros.catkin' and name 'baxter_description'
[0.834s] Level 1:colcon.colcon_core.package_identification:_identify(baxter_common/baxter_maintenance_msgs) by extensions ['ignore', 'ignore_ament_install']
[0.834s] Level 1:colcon.colcon_core.package_identification:_identify(baxter_common/baxter_maintenance_msgs) by extension 'ignore'
[0.834s] Level 1:colcon.colcon_core.package_identification:_identify(baxter_common/baxter_maintenance_msgs) by extension 'ignore_ament_install'
[0.834s] Level 1:colcon.colcon_core.package_identification:_identify(baxter_common/baxter_maintenance_msgs) by extensions ['colcon_pkg']
[0.834s] Level 1:colcon.colcon_core.package_identification:_identify(baxter_common/baxter_maintenance_msgs) by extension 'colcon_pkg'
[0.834s] Level 1:colcon.colcon_core.package_identification:_identify(baxter_common/baxter_maintenance_msgs) by extensions ['colcon_meta']
[0.835s] Level 1:colcon.colcon_core.package_identification:_identify(baxter_common/baxter_maintenance_msgs) by extension 'colcon_meta'
[0.835s] Level 1:colcon.colcon_core.package_identification:_identify(baxter_common/baxter_maintenance_msgs) by extensions ['ros']
[0.835s] Level 1:colcon.colcon_core.package_identification:_identify(baxter_common/baxter_maintenance_msgs) by extension 'ros'
[0.835s] DEBUG:colcon.colcon_core.package_identification:Package 'baxter_common/baxter_maintenance_msgs' with type 'ros.catkin' and name 'baxter_maintenance_msgs'
[0.835s] Level 1:colcon.colcon_core.package_identification:_identify(baxter_common/rethink_ee_description) by extensions ['ignore', 'ignore_ament_install']
[0.835s] Level 1:colcon.colcon_core.package_identification:_identify(baxter_common/rethink_ee_description) by extension 'ignore'
[0.835s] Level 1:colcon.colcon_core.package_identification:_identify(baxter_common/rethink_ee_description) by extension 'ignore_ament_install'
[0.836s] Level 1:colcon.colcon_core.package_identification:_identify(baxter_common/rethink_ee_description) by extensions ['colcon_pkg']
[0.836s] Level 1:colcon.colcon_core.package_identification:_identify(baxter_common/rethink_ee_description) by extension 'colcon_pkg'
[0.836s] Level 1:colcon.colcon_core.package_identification:_identify(baxter_common/rethink_ee_description) by extensions ['colcon_meta']
[0.836s] Level 1:colcon.colcon_core.package_identification:_identify(baxter_common/rethink_ee_description) by extension 'colcon_meta'
[0.836s] Level 1:colcon.colcon_core.package_identification:_identify(baxter_common/rethink_ee_description) by extensions ['ros']
[0.836s] Level 1:colcon.colcon_core.package_identification:_identify(baxter_common/rethink_ee_description) by extension 'ros'
[0.837s] DEBUG:colcon.colcon_core.package_identification:Package 'baxter_common/rethink_ee_description' with type 'ros.catkin' and name 'rethink_ee_description'
[0.837s] Level 1:colcon.colcon_core.package_identification:_identify(baxter_examples) by extensions ['ignore', 'ignore_ament_install']
[0.837s] Level 1:colcon.colcon_core.package_identification:_identify(baxter_examples) by extension 'ignore'
[0.837s] Level 1:colcon.colcon_core.package_identification:_identify(baxter_examples) by extension 'ignore_ament_install'
[0.837s] Level 1:colcon.colcon_core.package_identification:_identify(baxter_examples) by extensions ['colcon_pkg']
[0.837s] Level 1:colcon.colcon_core.package_identification:_identify(baxter_examples) by extension 'colcon_pkg'
[0.837s] Level 1:colcon.colcon_core.package_identification:_identify(baxter_examples) by extensions ['colcon_meta']
[0.837s] Level 1:colcon.colcon_core.package_identification:_identify(baxter_examples) by extension 'colcon_meta'
[0.837s] Level 1:colcon.colcon_core.package_identification:_identify(baxter_examples) by extensions ['ros']
[0.837s] Level 1:colcon.colcon_core.package_identification:_identify(baxter_examples) by extension 'ros'
[0.839s] DEBUG:colcon.colcon_core.package_identification:Package 'baxter_examples' with type 'ros.catkin' and name 'baxter_examples'
[0.839s] Level 1:colcon.colcon_core.package_identification:_identify(baxter_interface) by extensions ['ignore', 'ignore_ament_install']
[0.839s] Level 1:colcon.colcon_core.package_identification:_identify(baxter_interface) by extension 'ignore'
[0.839s] Level 1:colcon.colcon_core.package_identification:_identify(baxter_interface) by extension 'ignore_ament_install'
[0.839s] Level 1:colcon.colcon_core.package_identification:_identify(baxter_interface) by extensions ['colcon_pkg']
[0.839s] Level 1:colcon.colcon_core.package_identification:_identify(baxter_interface) by extension 'colcon_pkg'
[0.839s] Level 1:colcon.colcon_core.package_identification:_identify(baxter_interface) by extensions ['colcon_meta']
[0.839s] Level 1:colcon.colcon_core.package_identification:_identify(baxter_interface) by extension 'colcon_meta'
[0.839s] Level 1:colcon.colcon_core.package_identification:_identify(baxter_interface) by extensions ['ros']
[0.839s] Level 1:colcon.colcon_core.package_identification:_identify(baxter_interface) by extension 'ros'
[0.840s] DEBUG:colcon.colcon_core.package_identification:Package 'baxter_interface' with type 'ros.catkin' and name 'baxter_interface'
[0.840s] Level 1:colcon.colcon_core.package_identification:_identify(baxter_simulator) by extensions ['ignore', 'ignore_ament_install']
[0.840s] Level 1:colcon.colcon_core.package_identification:_identify(baxter_simulator) by extension 'ignore'
[0.840s] Level 1:colcon.colcon_core.package_identification:_identify(baxter_simulator) by extension 'ignore_ament_install'
[0.841s] Level 1:colcon.colcon_core.package_identification:_identify(baxter_simulator) by extensions ['colcon_pkg']
[0.841s] Level 1:colcon.colcon_core.package_identification:_identify(baxter_simulator) by extension 'colcon_pkg'
[0.841s] Level 1:colcon.colcon_core.package_identification:_identify(baxter_simulator) by extensions ['colcon_meta']
[0.841s] Level 1:colcon.colcon_core.package_identification:_identify(baxter_simulator) by extension 'colcon_meta'
[0.841s] Level 1:colcon.colcon_core.package_identification:_identify(baxter_simulator) by extensions ['ros']
[0.841s] Level 1:colcon.colcon_core.package_identification:_identify(baxter_simulator) by extension 'ros'
[0.841s] Level 1:colcon.colcon_core.package_identification:_identify(baxter_simulator) by extensions ['cmake', 'python']
[0.841s] Level 1:colcon.colcon_core.package_identification:_identify(baxter_simulator) by extension 'cmake'
[0.841s] Level 1:colcon.colcon_core.package_identification:_identify(baxter_simulator) by extension 'python'
[0.841s] Level 1:colcon.colcon_core.package_identification:_identify(baxter_simulator) by extensions ['python_setup_py']
[0.841s] Level 1:colcon.colcon_core.package_identification:_identify(baxter_simulator) by extension 'python_setup_py'
[0.841s] Level 1:colcon.colcon_core.package_identification:_identify(baxter_simulator/baxter_gazebo) by extensions ['ignore', 'ignore_ament_install']
[0.841s] Level 1:colcon.colcon_core.package_identification:_identify(baxter_simulator/baxter_gazebo) by extension 'ignore'
[0.841s] Level 1:colcon.colcon_core.package_identification:_identify(baxter_simulator/baxter_gazebo) by extension 'ignore_ament_install'
[0.841s] Level 1:colcon.colcon_core.package_identification:_identify(baxter_simulator/baxter_gazebo) by extensions ['colcon_pkg']
[0.841s] Level 1:colcon.colcon_core.package_identification:_identify(baxter_simulator/baxter_gazebo) by extension 'colcon_pkg'
[0.841s] Level 1:colcon.colcon_core.package_identification:_identify(baxter_simulator/baxter_gazebo) by extensions ['colcon_meta']
[0.842s] Level 1:colcon.colcon_core.package_identification:_identify(baxter_simulator/baxter_gazebo) by extension 'colcon_meta'
[0.842s] Level 1:colcon.colcon_core.package_identification:_identify(baxter_simulator/baxter_gazebo) by extensions ['ros']
[0.842s] Level 1:colcon.colcon_core.package_identification:_identify(baxter_simulator/baxter_gazebo) by extension 'ros'
[0.843s] DEBUG:colcon.colcon_core.package_identification:Package 'baxter_simulator/baxter_gazebo' with type 'ros.catkin' and name 'baxter_gazebo'
[0.843s] Level 1:colcon.colcon_core.package_identification:_identify(baxter_simulator/baxter_sim_controllers) by extensions ['ignore', 'ignore_ament_install']
[0.843s] Level 1:colcon.colcon_core.package_identification:_identify(baxter_simulator/baxter_sim_controllers) by extension 'ignore'
[0.843s] Level 1:colcon.colcon_core.package_identification:_identify(baxter_simulator/baxter_sim_controllers) by extension 'ignore_ament_install'
[0.843s] Level 1:colcon.colcon_core.package_identification:_identify(baxter_simulator/baxter_sim_controllers) by extensions ['colcon_pkg']
[0.843s] Level 1:colcon.colcon_core.package_identification:_identify(baxter_simulator/baxter_sim_controllers) by extension 'colcon_pkg'
[0.843s] Level 1:colcon.colcon_core.package_identification:_identify(baxter_simulator/baxter_sim_controllers) by extensions ['colcon_meta']
[0.843s] Level 1:colcon.colcon_core.package_identification:_identify(baxter_simulator/baxter_sim_controllers) by extension 'colcon_meta'
[0.843s] Level 1:colcon.colcon_core.package_identification:_identify(baxter_simulator/baxter_sim_controllers) by extensions ['ros']
[0.844s] Level 1:colcon.colcon_core.package_identification:_identify(baxter_simulator/baxter_sim_controllers) by extension 'ros'
[0.847s] DEBUG:colcon.colcon_core.package_identification:Package 'baxter_simulator/baxter_sim_controllers' with type 'ros.catkin' and name 'baxter_sim_controllers'
[0.847s] Level 1:colcon.colcon_core.package_identification:_identify(baxter_simulator/baxter_sim_examples) by extensions ['ignore', 'ignore_ament_install']
[0.847s] Level 1:colcon.colcon_core.package_identification:_identify(baxter_simulator/baxter_sim_examples) by extension 'ignore'
[0.847s] Level 1:colcon.colcon_core.package_identification:_identify(baxter_simulator/baxter_sim_examples) by extension 'ignore_ament_install'
[0.848s] Level 1:colcon.colcon_core.package_identification:_identify(baxter_simulator/baxter_sim_examples) by extensions ['colcon_pkg']
[0.848s] Level 1:colcon.colcon_core.package_identification:_identify(baxter_simulator/baxter_sim_examples) by extension 'colcon_pkg'
[0.848s] Level 1:colcon.colcon_core.package_identification:_identify(baxter_simulator/baxter_sim_examples) by extensions ['colcon_meta']
[0.848s] Level 1:colcon.colcon_core.package_identification:_identify(baxter_simulator/baxter_sim_examples) by extension 'colcon_meta'
[0.848s] Level 1:colcon.colcon_core.package_identification:_identify(baxter_simulator/baxter_sim_examples) by extensions ['ros']
[0.848s] Level 1:colcon.colcon_core.package_identification:_identify(baxter_simulator/baxter_sim_examples) by extension 'ros'
[0.849s] DEBUG:colcon.colcon_core.package_identification:Package 'baxter_simulator/baxter_sim_examples' with type 'ros.catkin' and name 'baxter_sim_examples'
[0.849s] Level 1:colcon.colcon_core.package_identification:_identify(baxter_simulator/baxter_sim_hardware) by extensions ['ignore', 'ignore_ament_install']
[0.849s] Level 1:colcon.colcon_core.package_identification:_identify(baxter_simulator/baxter_sim_hardware) by extension 'ignore'
[0.849s] Level 1:colcon.colcon_core.package_identification:_identify(baxter_simulator/baxter_sim_hardware) by extension 'ignore_ament_install'
[0.849s] Level 1:colcon.colcon_core.package_identification:_identify(baxter_simulator/baxter_sim_hardware) by extensions ['colcon_pkg']
[0.849s] Level 1:colcon.colcon_core.package_identification:_identify(baxter_simulator/baxter_sim_hardware) by extension 'colcon_pkg'
[0.849s] Level 1:colcon.colcon_core.package_identification:_identify(baxter_simulator/baxter_sim_hardware) by extensions ['colcon_meta']
[0.849s] Level 1:colcon.colcon_core.package_identification:_identify(baxter_simulator/baxter_sim_hardware) by extension 'colcon_meta'
[0.849s] Level 1:colcon.colcon_core.package_identification:_identify(baxter_simulator/baxter_sim_hardware) by extensions ['ros']
[0.849s] Level 1:colcon.colcon_core.package_identification:_identify(baxter_simulator/baxter_sim_hardware) by extension 'ros'
[0.851s] DEBUG:colcon.colcon_core.package_identification:Package 'baxter_simulator/baxter_sim_hardware' with type 'ros.catkin' and name 'baxter_sim_hardware'
[0.851s] Level 1:colcon.colcon_core.package_identification:_identify(baxter_simulator/baxter_sim_io) by extensions ['ignore', 'ignore_ament_install']
[0.851s] Level 1:colcon.colcon_core.package_identification:_identify(baxter_simulator/baxter_sim_io) by extension 'ignore'
[0.851s] Level 1:colcon.colcon_core.package_identification:_identify(baxter_simulator/baxter_sim_io) by extension 'ignore_ament_install'
[0.851s] Level 1:colcon.colcon_core.package_identification:_identify(baxter_simulator/baxter_sim_io) by extensions ['colcon_pkg']
[0.851s] Level 1:colcon.colcon_core.package_identification:_identify(baxter_simulator/baxter_sim_io) by extension 'colcon_pkg'
[0.851s] Level 1:colcon.colcon_core.package_identification:_identify(baxter_simulator/baxter_sim_io) by extensions ['colcon_meta']
[0.851s] Level 1:colcon.colcon_core.package_identification:_identify(baxter_simulator/baxter_sim_io) by extension 'colcon_meta'
[0.851s] Level 1:colcon.colcon_core.package_identification:_identify(baxter_simulator/baxter_sim_io) by extensions ['ros']
[0.851s] Level 1:colcon.colcon_core.package_identification:_identify(baxter_simulator/baxter_sim_io) by extension 'ros'
[0.852s] DEBUG:colcon.colcon_core.package_identification:Package 'baxter_simulator/baxter_sim_io' with type 'ros.catkin' and name 'baxter_sim_io'
[0.852s] Level 1:colcon.colcon_core.package_identification:_identify(baxter_simulator/baxter_sim_kinematics) by extensions ['ignore', 'ignore_ament_install']
[0.853s] Level 1:colcon.colcon_core.package_identification:_identify(baxter_simulator/baxter_sim_kinematics) by extension 'ignore'
[0.853s] Level 1:colcon.colcon_core.package_identification:_identify(baxter_simulator/baxter_sim_kinematics) by extension 'ignore_ament_install'
[0.853s] Level 1:colcon.colcon_core.package_identification:_identify(baxter_simulator/baxter_sim_kinematics) by extensions ['colcon_pkg']
[0.853s] Level 1:colcon.colcon_core.package_identification:_identify(baxter_simulator/baxter_sim_kinematics) by extension 'colcon_pkg'
[0.853s] Level 1:colcon.colcon_core.package_identification:_identify(baxter_simulator/baxter_sim_kinematics) by extensions ['colcon_meta']
[0.853s] Level 1:colcon.colcon_core.package_identification:_identify(baxter_simulator/baxter_sim_kinematics) by extension 'colcon_meta'
[0.854s] Level 1:colcon.colcon_core.package_identification:_identify(baxter_simulator/baxter_sim_kinematics) by extensions ['ros']
[0.854s] Level 1:colcon.colcon_core.package_identification:_identify(baxter_simulator/baxter_sim_kinematics) by extension 'ros'
[0.855s] DEBUG:colcon.colcon_core.package_identification:Package 'baxter_simulator/baxter_sim_kinematics' with type 'ros.catkin' and name 'baxter_sim_kinematics'
[0.855s] Level 1:colcon.colcon_core.package_identification:_identify(baxter_simulator/baxter_simulator) by extensions ['ignore', 'ignore_ament_install']
[0.855s] Level 1:colcon.colcon_core.package_identification:_identify(baxter_simulator/baxter_simulator) by extension 'ignore'
[0.855s] Level 1:colcon.colcon_core.package_identification:_identify(baxter_simulator/baxter_simulator) by extension 'ignore_ament_install'
[0.855s] Level 1:colcon.colcon_core.package_identification:_identify(baxter_simulator/baxter_simulator) by extensions ['colcon_pkg']
[0.855s] Level 1:colcon.colcon_core.package_identification:_identify(baxter_simulator/baxter_simulator) by extension 'colcon_pkg'
[0.855s] Level 1:colcon.colcon_core.package_identification:_identify(baxter_simulator/baxter_simulator) by extensions ['colcon_meta']
[0.855s] Level 1:colcon.colcon_core.package_identification:_identify(baxter_simulator/baxter_simulator) by extension 'colcon_meta'
[0.855s] Level 1:colcon.colcon_core.package_identification:_identify(baxter_simulator/baxter_simulator) by extensions ['ros']
[0.855s] Level 1:colcon.colcon_core.package_identification:_identify(baxter_simulator/baxter_simulator) by extension 'ros'
[0.856s] DEBUG:colcon.colcon_core.package_identification:Package 'baxter_simulator/baxter_simulator' with type 'ros.catkin' and name 'baxter_simulator'
[0.856s] Level 1:colcon.colcon_core.package_identification:_identify(baxter_tools) by extensions ['ignore', 'ignore_ament_install']
[0.857s] Level 1:colcon.colcon_core.package_identification:_identify(baxter_tools) by extension 'ignore'
[0.857s] Level 1:colcon.colcon_core.package_identification:_identify(baxter_tools) by extension 'ignore_ament_install'
[0.857s] Level 1:colcon.colcon_core.package_identification:_identify(baxter_tools) by extensions ['colcon_pkg']
[0.857s] Level 1:colcon.colcon_core.package_identification:_identify(baxter_tools) by extension 'colcon_pkg'
[0.857s] Level 1:colcon.colcon_core.package_identification:_identify(baxter_tools) by extensions ['colcon_meta']
[0.857s] Level 1:colcon.colcon_core.package_identification:_identify(baxter_tools) by extension 'colcon_meta'
[0.857s] Level 1:colcon.colcon_core.package_identification:_identify(baxter_tools) by extensions ['ros']
[0.857s] Level 1:colcon.colcon_core.package_identification:_identify(baxter_tools) by extension 'ros'
[0.859s] DEBUG:colcon.colcon_core.package_identification:Package 'baxter_tools' with type 'ros.catkin' and name 'baxter_tools'
[0.859s] Level 1:colcon.colcon_core.package_identification:_identify(build) by extensions ['ignore', 'ignore_ament_install']
[0.859s] Level 1:colcon.colcon_core.package_identification:_identify(build) by extension 'ignore'
[0.859s] Level 1:colcon.colcon_core.package_identification:_identify(build) ignored
[0.859s] Level 1:colcon.colcon_core.package_identification:_identify(install) by extensions ['ignore', 'ignore_ament_install']
[0.860s] Level 1:colcon.colcon_core.package_identification:_identify(install) by extension 'ignore'
[0.860s] Level 1:colcon.colcon_core.package_identification:_identify(install) ignored
[0.860s] Level 1:colcon.colcon_core.package_identification:_identify(log) by extensions ['ignore', 'ignore_ament_install']
[0.860s] Level 1:colcon.colcon_core.package_identification:_identify(log) by extension 'ignore'
[0.860s] Level 1:colcon.colcon_core.package_identification:_identify(log) ignored
[0.860s] Level 1:colcon.colcon_core.package_identification:_identify(ros1_bridge) by extensions ['ignore', 'ignore_ament_install']
[0.861s] Level 1:colcon.colcon_core.package_identification:_identify(ros1_bridge) by extension 'ignore'
[0.861s] Level 1:colcon.colcon_core.package_identification:_identify(ros1_bridge) by extension 'ignore_ament_install'
[0.861s] Level 1:colcon.colcon_core.package_identification:_identify(ros1_bridge) by extensions ['colcon_pkg']
[0.861s] Level 1:colcon.colcon_core.package_identification:_identify(ros1_bridge) by extension 'colcon_pkg'
[0.861s] Level 1:colcon.colcon_core.package_identification:_identify(ros1_bridge) by extensions ['colcon_meta']
[0.861s] Level 1:colcon.colcon_core.package_identification:_identify(ros1_bridge) by extension 'colcon_meta'
[0.861s] Level 1:colcon.colcon_core.package_identification:_identify(ros1_bridge) by extensions ['ros']
[0.861s] Level 1:colcon.colcon_core.package_identification:_identify(ros1_bridge) by extension 'ros'
[0.864s] DEBUG:colcon.colcon_core.package_identification:Package 'ros1_bridge' with type 'ros.ament_cmake' and name 'ros1_bridge'
[0.864s] Level 1:colcon.colcon_core.package_discovery:discover_packages(recursive) using defaults
[0.865s] Level 1:colcon.colcon_core.package_discovery:discover_packages(ignore) discover
[0.865s] Level 1:colcon.colcon_core.package_discovery:discover_packages(ignore) using defaults
[0.865s] Level 1:colcon.colcon_core.package_discovery:discover_packages(path) discover
[0.865s] Level 1:colcon.colcon_core.package_discovery:discover_packages(path) using defaults
[0.870s] INFO:colcon.colcon_core.package_selection:Skipping not selected package 'baxter_core_msgs' in 'baxter_common/baxter_core_msgs'
[0.870s] INFO:colcon.colcon_core.package_selection:Skipping not selected package 'baxter_maintenance_msgs' in 'baxter_common/baxter_maintenance_msgs'
[0.870s] INFO:colcon.colcon_core.package_selection:Skipping not selected package 'rethink_ee_description' in 'baxter_common/rethink_ee_description'
[0.870s] INFO:colcon.colcon_core.package_selection:Skipping not selected package 'baxter_description' in 'baxter_common/baxter_description'
[0.870s] INFO:colcon.colcon_core.package_selection:Skipping not selected package 'baxter_interface' in 'baxter_interface'
[0.870s] INFO:colcon.colcon_core.package_selection:Skipping not selected package 'baxter_sim_controllers' in 'baxter_simulator/baxter_sim_controllers'
[0.870s] INFO:colcon.colcon_core.package_selection:Skipping not selected package 'baxter_sim_io' in 'baxter_simulator/baxter_sim_io'
[0.870s] INFO:colcon.colcon_core.package_selection:Skipping not selected package 'baxter_sim_kinematics' in 'baxter_simulator/baxter_sim_kinematics'
[0.870s] INFO:colcon.colcon_core.package_selection:Skipping not selected package 'baxter_common' in 'baxter_common/baxter_common'
[0.870s] INFO:colcon.colcon_core.package_selection:Skipping not selected package 'baxter_examples' in 'baxter_examples'
[0.870s] INFO:colcon.colcon_core.package_selection:Skipping not selected package 'baxter_sim_hardware' in 'baxter_simulator/baxter_sim_hardware'
[0.870s] INFO:colcon.colcon_core.package_selection:Skipping not selected package 'baxter_tools' in 'baxter_tools'
[0.870s] INFO:colcon.colcon_core.package_selection:Skipping not selected package 'baxter_gazebo' in 'baxter_simulator/baxter_gazebo'
[0.871s] INFO:colcon.colcon_core.package_selection:Skipping not selected package 'baxter_sdk' in 'baxter/baxter_sdk'
[0.871s] INFO:colcon.colcon_core.package_selection:Skipping not selected package 'baxter_sim_examples' in 'baxter_simulator/baxter_sim_examples'
[0.871s] INFO:colcon.colcon_core.package_selection:Skipping not selected package 'baxter_simulator' in 'baxter_simulator/baxter_simulator'
[0.873s] Level 5:colcon.colcon_core.verb:set package 'ros1_bridge' build argument 'cmake_args' from command line to 'None'
[0.874s] Level 5:colcon.colcon_core.verb:set package 'ros1_bridge' build argument 'cmake_target' from command line to 'None'
[0.874s] Level 5:colcon.colcon_core.verb:set package 'ros1_bridge' build argument 'cmake_target_skip_unavailable' from command line to 'False'
[0.874s] Level 5:colcon.colcon_core.verb:set package 'ros1_bridge' build argument 'cmake_clean_cache' from command line to 'False'
[0.874s] Level 5:colcon.colcon_core.verb:set package 'ros1_bridge' build argument 'cmake_clean_first' from command line to 'False'
[0.874s] Level 5:colcon.colcon_core.verb:set package 'ros1_bridge' build argument 'cmake_force_configure' from command line to 'True'
[0.874s] Level 5:colcon.colcon_core.verb:set package 'ros1_bridge' build argument 'ament_cmake_args' from command line to 'None'
[0.874s] Level 5:colcon.colcon_core.verb:set package 'ros1_bridge' build argument 'catkin_cmake_args' from command line to 'None'
[0.874s] Level 5:colcon.colcon_core.verb:set package 'ros1_bridge' build argument 'catkin_skip_building_tests' from command line to 'False'
[0.874s] DEBUG:colcon.colcon_core.verb:Building package 'ros1_bridge' with the following arguments: {'ament_cmake_args': None, 'build_base': '/home/rick/catkin_ws/src/build/ros1_bridge', 'catkin_cmake_args': None, 'catkin_skip_building_tests': False, 'cmake_args': None, 'cmake_clean_cache': False, 'cmake_clean_first': False, 'cmake_force_configure': True, 'cmake_target': None, 'cmake_target_skip_unavailable': False, 'install_base': '/home/rick/catkin_ws/src/install/ros1_bridge', 'merge_install': False, 'path': '/home/rick/catkin_ws/src/ros1_bridge', 'symlink_install': True, 'test_result_base': None}
[0.874s] INFO:colcon.colcon_core.executor:Executing jobs using 'parallel' executor
[0.878s] DEBUG:colcon.colcon_parallel_executor.executor.parallel:run_until_complete
[0.878s] INFO:colcon.colcon_ros.task.ament_cmake.build:Building ROS package in '/home/rick/catkin_ws/src/ros1_bridge' with build type 'ament_cmake'
[0.886s] INFO:colcon.colcon_core.plugin_system:Skipping extension 'colcon_core.shell.bat': Not used on non-Windows systems
[0.887s] INFO:colcon.colcon_cmake.task.cmake.build:Building CMake package in '/home/rick/catkin_ws/src/ros1_bridge'
[0.888s] INFO:colcon.colcon_core.shell:Skip shell extension 'powershell' for command environment: Not usable outside of PowerShell
[0.888s] DEBUG:colcon.colcon_core.shell:Skip shell extension 'dsv' for command environment
[0.892s] DEBUG:colcon.colcon_core.shell:Ignoring prefix path '/opt/ros/kinetic'
[0.906s] DEBUG:colcon.colcon_core.event_handler.log_command:Invoking command in '/home/rick/catkin_ws/src/build/ros1_bridge': /usr/bin/cmake /home/rick/catkin_ws/src/ros1_bridge -DAMENT_CMAKE_SYMLINK_INSTALL=1 -DCMAKE_INSTALL_PREFIX=/home/rick/catkin_ws/src/install/ros1_bridge
[2.273s] DEBUG:colcon.colcon_core.event_handler.log_command:Invoked command in '/home/rick/catkin_ws/src/build/ros1_bridge' returned '1': /usr/bin/cmake /home/rick/catkin_ws/src/ros1_bridge -DAMENT_CMAKE_SYMLINK_INSTALL=1 -DCMAKE_INSTALL_PREFIX=/home/rick/catkin_ws/src/install/ros1_bridge
[2.283s] DEBUG:colcon.colcon_parallel_executor.executor.parallel:closing loop
[2.283s] DEBUG:colcon.colcon_parallel_executor.executor.parallel:loop closed
[2.284s] DEBUG:colcon.colcon_parallel_executor.executor.parallel:run_until_complete finished with '1'
[2.284s] DEBUG:colcon.colcon_core.event_reactor:joining thread
[2.290s] INFO:colcon.colcon_core.plugin_system:Skipping extension 'colcon_notification.desktop_notification.terminal_notifier': Not used on non-Darwin systems
[2.290s] INFO:colcon.colcon_core.plugin_system:Skipping extension 'colcon_notification.desktop_notification.win32': Not used on non-Windows systems
[2.295s] INFO:colcon.colcon_notification.desktop_notification:Sending desktop notification using 'notify2'
[2.341s] DEBUG:colcon.colcon_core.event_reactor:joined thread
[2.342s] INFO:colcon.colcon_core.shell:Creating prefix script '/home/rick/catkin_ws/src/install/local_setup.ps1'
[2.343s] INFO:colcon.colcon_core.shell:Creating prefix util module '/home/rick/catkin_ws/src/install/_local_setup_util_ps1.py'
[2.349s] INFO:colcon.colcon_core.shell:Creating prefix chain script '/home/rick/catkin_ws/src/install/setup.ps1'
[2.359s] INFO:colcon.colcon_core.shell:Creating prefix script '/home/rick/catkin_ws/src/install/local_setup.sh'
[2.361s] INFO:colcon.colcon_core.shell:Creating prefix util module '/home/rick/catkin_ws/src/install/_local_setup_util_sh.py'
[2.362s] INFO:colcon.colcon_core.shell:Creating prefix chain script '/home/rick/catkin_ws/src/install/setup.sh'
[2.368s] INFO:colcon.colcon_core.shell:Creating prefix script '/home/rick/catkin_ws/src/install/local_setup.bash'
[2.369s] INFO:colcon.colcon_core.shell:Creating prefix chain script '/home/rick/catkin_ws/src/install/setup.bash'
[2.377s] INFO:colcon.colcon_core.shell:Creating prefix script '/home/rick/catkin_ws/src/install/local_setup.zsh'
[2.378s] INFO:colcon.colcon_core.shell:Creating prefix chain script '/home/rick/catkin_ws/src/install/setup.zsh'
