-- The C compiler identification is GNU 5.4.0
-- The CXX compiler identification is GNU 5.4.0
-- Check for working C compiler: /usr/bin/cc
-- Check for working C compiler: /usr/bin/cc -- works
-- Detecting C compiler ABI info
-- Detecting C compiler ABI info - done
-- Detecting C compile features
-- Detecting C compile features - done
-- Check for working CXX compiler: /usr/bin/c++
-- Check for working CXX compiler: /usr/bin/c++ -- works
-- Detecting CXX compiler ABI info
-- Detecting CXX compiler ABI info - done
-- Detecting CXX compile features
-- Detecting CXX compile features - done
-- Using CATKIN_DEVEL_PREFIX: /home/rick/catkin_ws/src/build/baxter_core_msgs/devel
-- Using CMAKE_PREFIX_PATH: /opt/ros/kinetic
-- This workspace overlays: /opt/ros/kinetic
-- Override CMake install command with custom implementation using symlinks instead of copying resources
-- Found PythonInterp: /usr/bin/python2 (found suitable version "2.7.12", minimum required is "2") 
-- Using PYTHON_EXECUTABLE: /usr/bin/python2
-- Using Debian Python package layout
-- Using empy: /usr/bin/empy
-- Using CATKIN_ENABLE_TESTING: ON
-- Call enable_testing()
-- Using CATKIN_TEST_RESULTS_DIR: /home/rick/catkin_ws/src/build/baxter_core_msgs/test_results
-- Found gtest sources under '/usr/src/gmock': gtests will be built
-- Found gmock sources under '/usr/src/gmock': gmock will be built
-- Found PythonInterp: /usr/bin/python2 (found version "2.7.12") 
-- Looking for pthread.h
-- Looking for pthread.h - found
-- Looking for pthread_create
-- Looking for pthread_create - not found
-- Looking for pthread_create in pthreads
-- Looking for pthread_create in pthreads - not found
-- Looking for pthread_create in pthread
-- Looking for pthread_create in pthread - found
-- Found Threads: TRUE  
-- Using Python nosetests: /usr/bin/nosetests-2.7
-- catkin 0.7.20
-- BUILD_SHARED_LIBS is on
-- Using these message generators: gencpp;geneus;genlisp;gennodejs;genpy
-- baxter_core_msgs: 25 messages, 4 services
-- Configuring done
-- Generating done
-- Build files have been written to: /home/rick/catkin_ws/src/build/baxter_core_msgs
[35m[1mScanning dependencies of target _baxter_core_msgs_generate_messages_check_deps_DigitalIOStates[0m
[35m[1mScanning dependencies of target _baxter_core_msgs_generate_messages_check_deps_NavigatorState[0m
[  0%] Built target _baxter_core_msgs_generate_messages_check_deps_NavigatorState
[  0%] Built target _baxter_core_msgs_generate_messages_check_deps_DigitalIOStates
[35m[1mScanning dependencies of target _baxter_core_msgs_generate_messages_check_deps_ListCameras[0m
[35m[1mScanning dependencies of target _baxter_core_msgs_generate_messages_check_deps_AnalogOutputCommand[0m
[  0%] Built target _baxter_core_msgs_generate_messages_check_deps_ListCameras
[  0%] Built target _baxter_core_msgs_generate_messages_check_deps_AnalogOutputCommand
[35m[1mScanning dependencies of target _baxter_core_msgs_generate_messages_check_deps_URDFConfiguration[0m
[35m[1mScanning dependencies of target _baxter_core_msgs_generate_messages_check_deps_AssemblyStates[0m
[  0%] Built target _baxter_core_msgs_generate_messages_check_deps_AssemblyStates
[  0%] Built target _baxter_core_msgs_generate_messages_check_deps_URDFConfiguration
[35m[1mScanning dependencies of target _baxter_core_msgs_generate_messages_check_deps_EndEffectorState[0m
[35m[1mScanning dependencies of target _baxter_core_msgs_generate_messages_check_deps_EndEffectorCommand[0m
[  0%] Built target _baxter_core_msgs_generate_messages_check_deps_EndEffectorState
[  0%] Built target _baxter_core_msgs_generate_messages_check_deps_EndEffectorCommand
[35m[1mScanning dependencies of target sensor_msgs_generate_messages_py[0m
[35m[1mScanning dependencies of target _baxter_core_msgs_generate_messages_check_deps_DigitalOutputCommand[0m
[  0%] Built target sensor_msgs_generate_messages_py
[35m[1mScanning dependencies of target _baxter_core_msgs_generate_messages_check_deps_HeadState[0m
[  0%] Built target _baxter_core_msgs_generate_messages_check_deps_DigitalOutputCommand
[35m[1mScanning dependencies of target _baxter_core_msgs_generate_messages_check_deps_CloseCamera[0m
[  0%] Built target _baxter_core_msgs_generate_messages_check_deps_HeadState
[35m[1mScanning dependencies of target _baxter_core_msgs_generate_messages_check_deps_NavigatorStates[0m
[  0%] Built target _baxter_core_msgs_generate_messages_check_deps_CloseCamera
[35m[1mScanning dependencies of target geometry_msgs_generate_messages_py[0m
[  0%] Built target _baxter_core_msgs_generate_messages_check_deps_NavigatorStates
[  0%] Built target geometry_msgs_generate_messages_py
[35m[1mScanning dependencies of target std_msgs_generate_messages_py[0m
[  0%] Built target std_msgs_generate_messages_py
[35m[1mScanning dependencies of target _baxter_core_msgs_generate_messages_check_deps_CollisionAvoidanceState[0m
[35m[1mScanning dependencies of target _baxter_core_msgs_generate_messages_check_deps_JointCommand[0m
[  0%] Built target _baxter_core_msgs_generate_messages_check_deps_CollisionAvoidanceState
[  0%] Built target _baxter_core_msgs_generate_messages_check_deps_JointCommand
[35m[1mScanning dependencies of target _baxter_core_msgs_generate_messages_check_deps_AssemblyState[0m
[35m[1mScanning dependencies of target _baxter_core_msgs_generate_messages_check_deps_EndEffectorProperties[0m
[  0%] Built target _baxter_core_msgs_generate_messages_check_deps_AssemblyState
[35m[1mScanning dependencies of target _baxter_core_msgs_generate_messages_check_deps_SolvePositionIK[0m
[  0%] Built target _baxter_core_msgs_generate_messages_check_deps_EndEffectorProperties
[35m[1mScanning dependencies of target _baxter_core_msgs_generate_messages_check_deps_AnalogIOStates[0m
[  0%] Built target _baxter_core_msgs_generate_messages_check_deps_SolvePositionIK
[35m[1mScanning dependencies of target _baxter_core_msgs_generate_messages_check_deps_CameraControl[0m
[  0%] Built target _baxter_core_msgs_generate_messages_check_deps_AnalogIOStates
[35m[1mScanning dependencies of target _baxter_core_msgs_generate_messages_check_deps_SEAJointState[0m
[  0%] Built target _baxter_core_msgs_generate_messages_check_deps_CameraControl
[35m[1mScanning dependencies of target _baxter_core_msgs_generate_messages_check_deps_CameraSettings[0m
[  0%] Built target _baxter_core_msgs_generate_messages_check_deps_SEAJointState
[  0%] Built target _baxter_core_msgs_generate_messages_check_deps_CameraSettings
[35m[1mScanning dependencies of target _baxter_core_msgs_generate_messages_check_deps_AnalogIOState[0m
[35m[1mScanning dependencies of target _baxter_core_msgs_generate_messages_check_deps_HeadPanCommand[0m
[  0%] Built target _baxter_core_msgs_generate_messages_check_deps_AnalogIOState
[  0%] Built target _baxter_core_msgs_generate_messages_check_deps_HeadPanCommand
[35m[1mScanning dependencies of target _baxter_core_msgs_generate_messages_check_deps_EndpointState[0m
[35m[1mScanning dependencies of target _baxter_core_msgs_generate_messages_check_deps_DigitalIOState[0m
[  0%] Built target _baxter_core_msgs_generate_messages_check_deps_EndpointState
[  0%] Built target _baxter_core_msgs_generate_messages_check_deps_DigitalIOState
[35m[1mScanning dependencies of target _baxter_core_msgs_generate_messages_check_deps_OpenCamera[0m
[35m[1mScanning dependencies of target _baxter_core_msgs_generate_messages_check_deps_RobustControllerStatus[0m
[  0%] Built target _baxter_core_msgs_generate_messages_check_deps_RobustControllerStatus
[  0%] Built target _baxter_core_msgs_generate_messages_check_deps_OpenCamera
[35m[1mScanning dependencies of target _baxter_core_msgs_generate_messages_check_deps_CollisionDetectionState[0m
[35m[1mScanning dependencies of target _baxter_core_msgs_generate_messages_check_deps_EndpointStates[0m
[  0%] Built target _baxter_core_msgs_generate_messages_check_deps_CollisionDetectionState
[35m[1mScanning dependencies of target sensor_msgs_generate_messages_nodejs[0m
[  0%] Built target sensor_msgs_generate_messages_nodejs
[  0%] Built target _baxter_core_msgs_generate_messages_check_deps_EndpointStates
[35m[1mScanning dependencies of target std_msgs_generate_messages_nodejs[0m
[35m[1mScanning dependencies of target geometry_msgs_generate_messages_nodejs[0m
[  0%] Built target std_msgs_generate_messages_nodejs
[  0%] Built target geometry_msgs_generate_messages_nodejs
[35m[1mScanning dependencies of target geometry_msgs_generate_messages_cpp[0m
[35m[1mScanning dependencies of target sensor_msgs_generate_messages_cpp[0m
[  0%] Built target geometry_msgs_generate_messages_cpp
[35m[1mScanning dependencies of target std_msgs_generate_messages_cpp[0m
[  0%] Built target sensor_msgs_generate_messages_cpp
[  0%] Built target std_msgs_generate_messages_cpp
[35m[1mScanning dependencies of target geometry_msgs_generate_messages_lisp[0m
[35m[1mScanning dependencies of target std_msgs_generate_messages_lisp[0m
[  0%] Built target geometry_msgs_generate_messages_lisp
[  0%] Built target std_msgs_generate_messages_lisp
[35m[1mScanning dependencies of target sensor_msgs_generate_messages_lisp[0m
[  0%] Built target sensor_msgs_generate_messages_lisp
[35m[1mScanning dependencies of target geometry_msgs_generate_messages_eus[0m
[  0%] Built target geometry_msgs_generate_messages_eus
[35m[1mScanning dependencies of target sensor_msgs_generate_messages_eus[0m
[35m[1mScanning dependencies of target std_msgs_generate_messages_eus[0m
[  0%] Built target sensor_msgs_generate_messages_eus
[  0%] Built target std_msgs_generate_messages_eus
[35m[1mScanning dependencies of target baxter_core_msgs_generate_messages_nodejs[0m
[35m[1mScanning dependencies of target baxter_core_msgs_generate_messages_py[0m
[  0%] [34m[1mGenerating Javascript code from baxter_core_msgs/EndEffectorCommand.msg[0m
[  1%] [34m[1mGenerating Python from MSG baxter_core_msgs/EndEffectorCommand[0m
[  2%] [34m[1mGenerating Javascript code from baxter_core_msgs/CollisionAvoidanceState.msg[0m
[  3%] [34m[1mGenerating Javascript code from baxter_core_msgs/CameraControl.msg[0m
[  3%] [34m[1mGenerating Javascript code from baxter_core_msgs/EndEffectorProperties.msg[0m
[  3%] [34m[1mGenerating Python from MSG baxter_core_msgs/CollisionAvoidanceState[0m
[  4%] [34m[1mGenerating Javascript code from baxter_core_msgs/EndEffectorState.msg[0m
[  5%] [34m[1mGenerating Javascript code from baxter_core_msgs/SEAJointState.msg[0m
[  6%] [34m[1mGenerating Python from MSG baxter_core_msgs/CameraControl[0m
[  6%] [34m[1mGenerating Javascript code from baxter_core_msgs/HeadState.msg[0m
[  7%] [34m[1mGenerating Javascript code from baxter_core_msgs/DigitalOutputCommand.msg[0m
[  8%] [34m[1mGenerating Python from MSG baxter_core_msgs/EndEffectorProperties[0m
[  9%] [34m[1mGenerating Javascript code from baxter_core_msgs/CameraSettings.msg[0m
[  9%] [34m[1mGenerating Javascript code from baxter_core_msgs/NavigatorStates.msg[0m
[  9%] [34m[1mGenerating Python from MSG baxter_core_msgs/EndEffectorState[0m
[ 10%] [34m[1mGenerating Javascript code from baxter_core_msgs/EndpointState.msg[0m
[ 10%] [34m[1mGenerating Javascript code from baxter_core_msgs/DigitalIOState.msg[0m
[ 11%] [34m[1mGenerating Python from MSG baxter_core_msgs/SEAJointState[0m
[ 12%] [34m[1mGenerating Javascript code from baxter_core_msgs/AssemblyState.msg[0m
[ 13%] [34m[1mGenerating Javascript code from baxter_core_msgs/DigitalIOStates.msg[0m
[ 13%] [34m[1mGenerating Python from MSG baxter_core_msgs/HeadState[0m
[ 13%] [34m[1mGenerating Javascript code from baxter_core_msgs/AnalogIOStates.msg[0m
[ 15%] [34m[1mGenerating Python from MSG baxter_core_msgs/DigitalOutputCommand[0m
[ 16%] [34m[1mGenerating Javascript code from baxter_core_msgs/HeadPanCommand.msg[0m
[ 17%] [34m[1mGenerating Javascript code from baxter_core_msgs/CollisionDetectionState.msg[0m
[ 17%] [34m[1mGenerating Javascript code from baxter_core_msgs/NavigatorState.msg[0m
[ 18%] [34m[1mGenerating Python from MSG baxter_core_msgs/CameraSettings[0m
[ 19%] [34m[1mGenerating Javascript code from baxter_core_msgs/JointCommand.msg[0m
[ 19%] [34m[1mGenerating Javascript code from baxter_core_msgs/AnalogIOState.msg[0m
[ 19%] [34m[1mGenerating Python from MSG baxter_core_msgs/NavigatorStates[0m
[ 20%] [34m[1mGenerating Javascript code from baxter_core_msgs/EndpointStates.msg[0m
[ 21%] [34m[1mGenerating Javascript code from baxter_core_msgs/RobustControllerStatus.msg[0m
[ 22%] [34m[1mGenerating Python from MSG baxter_core_msgs/EndpointState[0m
[ 22%] [34m[1mGenerating Javascript code from baxter_core_msgs/AssemblyStates.msg[0m
[ 23%] [34m[1mGenerating Python from MSG baxter_core_msgs/DigitalIOState[0m
[ 24%] [34m[1mGenerating Javascript code from baxter_core_msgs/URDFConfiguration.msg[0m
[ 25%] [34m[1mGenerating Javascript code from baxter_core_msgs/AnalogOutputCommand.msg[0m
[ 25%] [34m[1mGenerating Python from MSG baxter_core_msgs/AssemblyState[0m
[ 25%] [34m[1mGenerating Javascript code from baxter_core_msgs/OpenCamera.srv[0m
[ 26%] [34m[1mGenerating Python from MSG baxter_core_msgs/DigitalIOStates[0m
[ 27%] [34m[1mGenerating Javascript code from baxter_core_msgs/CloseCamera.srv[0m
[ 29%] [34m[1mGenerating Python from MSG baxter_core_msgs/AnalogIOStates[0m
[ 29%] [34m[1mGenerating Javascript code from baxter_core_msgs/ListCameras.srv[0m
[ 29%] [34m[1mGenerating Python from MSG baxter_core_msgs/HeadPanCommand[0m
[ 30%] [34m[1mGenerating Javascript code from baxter_core_msgs/SolvePositionIK.srv[0m
[ 31%] [34m[1mGenerating Python from MSG baxter_core_msgs/CollisionDetectionState[0m
[ 31%] Built target baxter_core_msgs_generate_messages_nodejs
[ 31%] [34m[1mGenerating Python from MSG baxter_core_msgs/NavigatorState[0m
[35m[1mScanning dependencies of target baxter_core_msgs_generate_messages_cpp[0m
[ 31%] [34m[1mGenerating C++ code from baxter_core_msgs/EndEffectorCommand.msg[0m
[ 32%] [34m[1mGenerating Python from MSG baxter_core_msgs/JointCommand[0m
[ 33%] [34m[1mGenerating C++ code from baxter_core_msgs/CollisionAvoidanceState.msg[0m
[ 34%] [34m[1mGenerating Python from MSG baxter_core_msgs/AnalogIOState[0m
[ 34%] [34m[1mGenerating C++ code from baxter_core_msgs/CameraControl.msg[0m
[ 34%] [34m[1mGenerating Python from MSG baxter_core_msgs/EndpointStates[0m
[ 35%] [34m[1mGenerating C++ code from baxter_core_msgs/EndEffectorProperties.msg[0m
[ 36%] [34m[1mGenerating Python from MSG baxter_core_msgs/RobustControllerStatus[0m
[ 37%] [34m[1mGenerating C++ code from baxter_core_msgs/EndEffectorState.msg[0m
[ 38%] [34m[1mGenerating Python from MSG baxter_core_msgs/AssemblyStates[0m
[ 38%] [34m[1mGenerating C++ code from baxter_core_msgs/SEAJointState.msg[0m
[ 38%] [34m[1mGenerating Python from MSG baxter_core_msgs/URDFConfiguration[0m
[ 39%] [34m[1mGenerating C++ code from baxter_core_msgs/HeadState.msg[0m
[ 40%] [34m[1mGenerating Python from MSG baxter_core_msgs/AnalogOutputCommand[0m
[ 41%] [34m[1mGenerating C++ code from baxter_core_msgs/DigitalOutputCommand.msg[0m
[ 41%] [34m[1mGenerating Python code from SRV baxter_core_msgs/OpenCamera[0m
[ 41%] [34m[1mGenerating C++ code from baxter_core_msgs/CameraSettings.msg[0m
[ 43%] [34m[1mGenerating Python code from SRV baxter_core_msgs/CloseCamera[0m
[ 44%] [34m[1mGenerating C++ code from baxter_core_msgs/NavigatorStates.msg[0m
[ 45%] [34m[1mGenerating Python code from SRV baxter_core_msgs/ListCameras[0m
[ 45%] [34m[1mGenerating C++ code from baxter_core_msgs/EndpointState.msg[0m
[ 45%] [34m[1mGenerating Python code from SRV baxter_core_msgs/SolvePositionIK[0m
[ 46%] [34m[1mGenerating C++ code from baxter_core_msgs/DigitalIOState.msg[0m
[ 47%] [34m[1mGenerating Python msg __init__.py for baxter_core_msgs[0m
[ 48%] [34m[1mGenerating C++ code from baxter_core_msgs/AssemblyState.msg[0m
[ 49%] [34m[1mGenerating Python srv __init__.py for baxter_core_msgs[0m
[ 49%] Built target baxter_core_msgs_generate_messages_py
[ 49%] [34m[1mGenerating C++ code from baxter_core_msgs/DigitalIOStates.msg[0m
[35m[1mScanning dependencies of target baxter_core_msgs_generate_messages_lisp[0m
[ 49%] [34m[1mGenerating Lisp code from baxter_core_msgs/EndEffectorCommand.msg[0m
[ 50%] [34m[1mGenerating Lisp code from baxter_core_msgs/CollisionAvoidanceState.msg[0m
[ 51%] [34m[1mGenerating C++ code from baxter_core_msgs/AnalogIOStates.msg[0m
[ 51%] [34m[1mGenerating Lisp code from baxter_core_msgs/CameraControl.msg[0m
[ 52%] [34m[1mGenerating Lisp code from baxter_core_msgs/EndEffectorProperties.msg[0m
[ 53%] [34m[1mGenerating C++ code from baxter_core_msgs/HeadPanCommand.msg[0m
[ 54%] [34m[1mGenerating Lisp code from baxter_core_msgs/EndEffectorState.msg[0m
[ 54%] [34m[1mGenerating Lisp code from baxter_core_msgs/SEAJointState.msg[0m
[ 55%] [34m[1mGenerating Lisp code from baxter_core_msgs/HeadState.msg[0m
[ 55%] [34m[1mGenerating C++ code from baxter_core_msgs/CollisionDetectionState.msg[0m
[ 56%] [34m[1mGenerating Lisp code from baxter_core_msgs/DigitalOutputCommand.msg[0m
[ 56%] [34m[1mGenerating Lisp code from baxter_core_msgs/CameraSettings.msg[0m
[ 58%] [34m[1mGenerating C++ code from baxter_core_msgs/NavigatorState.msg[0m
[ 59%] [34m[1mGenerating Lisp code from baxter_core_msgs/NavigatorStates.msg[0m
[ 59%] [34m[1mGenerating C++ code from baxter_core_msgs/JointCommand.msg[0m
[ 60%] [34m[1mGenerating Lisp code from baxter_core_msgs/EndpointState.msg[0m
[ 60%] [34m[1mGenerating Lisp code from baxter_core_msgs/DigitalIOState.msg[0m
[ 61%] [34m[1mGenerating C++ code from baxter_core_msgs/AnalogIOState.msg[0m
[ 62%] [34m[1mGenerating Lisp code from baxter_core_msgs/AssemblyState.msg[0m
[ 63%] [34m[1mGenerating C++ code from baxter_core_msgs/EndpointStates.msg[0m
[ 63%] [34m[1mGenerating Lisp code from baxter_core_msgs/DigitalIOStates.msg[0m
[ 64%] [34m[1mGenerating Lisp code from baxter_core_msgs/AnalogIOStates.msg[0m
[ 65%] [34m[1mGenerating Lisp code from baxter_core_msgs/HeadPanCommand.msg[0m
[ 65%] [34m[1mGenerating C++ code from baxter_core_msgs/RobustControllerStatus.msg[0m
[ 65%] [34m[1mGenerating Lisp code from baxter_core_msgs/CollisionDetectionState.msg[0m
[ 66%] [34m[1mGenerating Lisp code from baxter_core_msgs/NavigatorState.msg[0m
[ 67%] [34m[1mGenerating C++ code from baxter_core_msgs/AssemblyStates.msg[0m
[ 68%] [34m[1mGenerating Lisp code from baxter_core_msgs/JointCommand.msg[0m
[ 68%] [34m[1mGenerating Lisp code from baxter_core_msgs/AnalogIOState.msg[0m
[ 69%] [34m[1mGenerating C++ code from baxter_core_msgs/URDFConfiguration.msg[0m
[ 70%] [34m[1mGenerating Lisp code from baxter_core_msgs/EndpointStates.msg[0m
[ 70%] [34m[1mGenerating Lisp code from baxter_core_msgs/RobustControllerStatus.msg[0m
[ 70%] [34m[1mGenerating C++ code from baxter_core_msgs/AnalogOutputCommand.msg[0m
[ 72%] [34m[1mGenerating Lisp code from baxter_core_msgs/AssemblyStates.msg[0m
[ 73%] [34m[1mGenerating Lisp code from baxter_core_msgs/URDFConfiguration.msg[0m
[ 74%] [34m[1mGenerating C++ code from baxter_core_msgs/OpenCamera.srv[0m
[ 74%] [34m[1mGenerating Lisp code from baxter_core_msgs/AnalogOutputCommand.msg[0m
[ 75%] [34m[1mGenerating Lisp code from baxter_core_msgs/OpenCamera.srv[0m
[ 76%] [34m[1mGenerating Lisp code from baxter_core_msgs/CloseCamera.srv[0m
[ 76%] [34m[1mGenerating Lisp code from baxter_core_msgs/ListCameras.srv[0m
[ 76%] [34m[1mGenerating C++ code from baxter_core_msgs/CloseCamera.srv[0m
[ 77%] [34m[1mGenerating Lisp code from baxter_core_msgs/SolvePositionIK.srv[0m
[ 77%] Built target baxter_core_msgs_generate_messages_lisp
[35m[1mScanning dependencies of target baxter_core_msgs_generate_messages_eus[0m
[ 77%] [34m[1mGenerating EusLisp code from baxter_core_msgs/EndEffectorCommand.msg[0m
[ 78%] [34m[1mGenerating EusLisp code from baxter_core_msgs/CollisionAvoidanceState.msg[0m
[ 79%] [34m[1mGenerating C++ code from baxter_core_msgs/ListCameras.srv[0m
[ 80%] [34m[1mGenerating EusLisp code from baxter_core_msgs/CameraControl.msg[0m
[ 80%] [34m[1mGenerating EusLisp code from baxter_core_msgs/EndEffectorProperties.msg[0m
[ 81%] [34m[1mGenerating EusLisp code from baxter_core_msgs/EndEffectorState.msg[0m
[ 82%] [34m[1mGenerating C++ code from baxter_core_msgs/SolvePositionIK.srv[0m
[ 83%] [34m[1mGenerating EusLisp code from baxter_core_msgs/SEAJointState.msg[0m
[ 83%] [34m[1mGenerating EusLisp code from baxter_core_msgs/HeadState.msg[0m
[ 84%] [34m[1mGenerating EusLisp code from baxter_core_msgs/DigitalOutputCommand.msg[0m
[ 84%] Built target baxter_core_msgs_generate_messages_cpp
[ 84%] [34m[1mGenerating EusLisp code from baxter_core_msgs/CameraSettings.msg[0m
[ 86%] [34m[1mGenerating EusLisp code from baxter_core_msgs/NavigatorStates.msg[0m
[ 86%] [34m[1mGenerating EusLisp code from baxter_core_msgs/DigitalIOState.msg[0m
[ 87%] [34m[1mGenerating EusLisp code from baxter_core_msgs/EndpointState.msg[0m
[ 88%] [34m[1mGenerating EusLisp code from baxter_core_msgs/AssemblyState.msg[0m
[ 89%] [34m[1mGenerating EusLisp code from baxter_core_msgs/DigitalIOStates.msg[0m
[ 89%] [34m[1mGenerating EusLisp code from baxter_core_msgs/AnalogIOStates.msg[0m
[ 90%] [34m[1mGenerating EusLisp code from baxter_core_msgs/HeadPanCommand.msg[0m
[ 90%] [34m[1mGenerating EusLisp code from baxter_core_msgs/CollisionDetectionState.msg[0m
[ 91%] [34m[1mGenerating EusLisp code from baxter_core_msgs/NavigatorState.msg[0m
[ 92%] [34m[1mGenerating EusLisp code from baxter_core_msgs/JointCommand.msg[0m
[ 92%] [34m[1mGenerating EusLisp code from baxter_core_msgs/AnalogIOState.msg[0m
[ 93%] [34m[1mGenerating EusLisp code from baxter_core_msgs/EndpointStates.msg[0m
[ 94%] [34m[1mGenerating EusLisp code from baxter_core_msgs/RobustControllerStatus.msg[0m
[ 94%] [34m[1mGenerating EusLisp code from baxter_core_msgs/AssemblyStates.msg[0m
[ 95%] [34m[1mGenerating EusLisp code from baxter_core_msgs/URDFConfiguration.msg[0m
[ 95%] [34m[1mGenerating EusLisp code from baxter_core_msgs/AnalogOutputCommand.msg[0m
[ 96%] [34m[1mGenerating EusLisp code from baxter_core_msgs/OpenCamera.srv[0m
[ 97%] [34m[1mGenerating EusLisp code from baxter_core_msgs/CloseCamera.srv[0m
[ 97%] [34m[1mGenerating EusLisp code from baxter_core_msgs/ListCameras.srv[0m
[ 98%] [34m[1mGenerating EusLisp code from baxter_core_msgs/SolvePositionIK.srv[0m
[100%] [34m[1mGenerating EusLisp manifest code for baxter_core_msgs[0m
[100%] Built target baxter_core_msgs_generate_messages_eus
[35m[1mScanning dependencies of target baxter_core_msgs_generate_messages[0m
[100%] Built target baxter_core_msgs_generate_messages
[35m[1mScanning dependencies of target tests[0m
Built target tests
[  0%] Built target _baxter_core_msgs_generate_messages_check_deps_NavigatorState
[  0%] Built target _baxter_core_msgs_generate_messages_check_deps_DigitalIOStates
[  0%] Built target _baxter_core_msgs_generate_messages_check_deps_AnalogOutputCommand
[  0%] Built target _baxter_core_msgs_generate_messages_check_deps_ListCameras
[  0%] Built target _baxter_core_msgs_generate_messages_check_deps_URDFConfiguration
[  0%] Built target _baxter_core_msgs_generate_messages_check_deps_AssemblyStates
[  0%] Built target _baxter_core_msgs_generate_messages_check_deps_EndEffectorState
[  0%] Built target sensor_msgs_generate_messages_py
[  0%] Built target _baxter_core_msgs_generate_messages_check_deps_EndEffectorCommand
[  0%] Built target _baxter_core_msgs_generate_messages_check_deps_DigitalOutputCommand
[  0%] Built target _baxter_core_msgs_generate_messages_check_deps_HeadState
[  0%] Built target _baxter_core_msgs_generate_messages_check_deps_CloseCamera
[  0%] Built target _baxter_core_msgs_generate_messages_check_deps_NavigatorStates
[  0%] Built target geometry_msgs_generate_messages_py
[  0%] Built target std_msgs_generate_messages_py
[  0%] Built target _baxter_core_msgs_generate_messages_check_deps_CollisionAvoidanceState
[  0%] Built target _baxter_core_msgs_generate_messages_check_deps_JointCommand
[  0%] Built target _baxter_core_msgs_generate_messages_check_deps_AssemblyState
[  0%] Built target _baxter_core_msgs_generate_messages_check_deps_EndEffectorProperties
[  0%] Built target _baxter_core_msgs_generate_messages_check_deps_SolvePositionIK
[  0%] Built target _baxter_core_msgs_generate_messages_check_deps_AnalogIOStates
[  0%] Built target _baxter_core_msgs_generate_messages_check_deps_CameraControl
[  0%] Built target _baxter_core_msgs_generate_messages_check_deps_CameraSettings
[  0%] Built target _baxter_core_msgs_generate_messages_check_deps_SEAJointState
[  0%] Built target _baxter_core_msgs_generate_messages_check_deps_HeadPanCommand
[  0%] Built target _baxter_core_msgs_generate_messages_check_deps_AnalogIOState
[  0%] Built target _baxter_core_msgs_generate_messages_check_deps_DigitalIOState
[  0%] Built target _baxter_core_msgs_generate_messages_check_deps_EndpointState
[  0%] Built target _baxter_core_msgs_generate_messages_check_deps_OpenCamera
[  0%] Built target _baxter_core_msgs_generate_messages_check_deps_RobustControllerStatus
[  0%] Built target _baxter_core_msgs_generate_messages_check_deps_CollisionDetectionState
[  0%] Built target _baxter_core_msgs_generate_messages_check_deps_EndpointStates
[  0%] Built target geometry_msgs_generate_messages_nodejs
[  0%] Built target sensor_msgs_generate_messages_nodejs
[  0%] Built target std_msgs_generate_messages_nodejs
[  0%] Built target geometry_msgs_generate_messages_cpp
[  0%] Built target sensor_msgs_generate_messages_cpp
[  0%] Built target std_msgs_generate_messages_cpp
[  0%] Built target std_msgs_generate_messages_lisp
[  0%] Built target geometry_msgs_generate_messages_lisp
[  0%] Built target sensor_msgs_generate_messages_lisp
[  0%] Built target geometry_msgs_generate_messages_eus
[  0%] Built target std_msgs_generate_messages_eus
[  0%] Built target sensor_msgs_generate_messages_eus
[ 21%] Built target baxter_core_msgs_generate_messages_py
[ 40%] Built target baxter_core_msgs_generate_messages_cpp
[ 60%] Built target baxter_core_msgs_generate_messages_nodejs
[ 79%] Built target baxter_core_msgs_generate_messages_lisp
[100%] Built target baxter_core_msgs_generate_messages_eus
[100%] Built target baxter_core_msgs_generate_messages
[36mInstall the project...[0m
-- Install configuration: ""
-- Execute custom install script
-- Symlinking: /home/rick/catkin_ws/src/install/baxter_core_msgs/share/baxter_core_msgs/msg/AnalogIOState.msg
-- Symlinking: /home/rick/catkin_ws/src/install/baxter_core_msgs/share/baxter_core_msgs/msg/AnalogIOStates.msg
-- Symlinking: /home/rick/catkin_ws/src/install/baxter_core_msgs/share/baxter_core_msgs/msg/AnalogOutputCommand.msg
-- Symlinking: /home/rick/catkin_ws/src/install/baxter_core_msgs/share/baxter_core_msgs/msg/AssemblyState.msg
-- Symlinking: /home/rick/catkin_ws/src/install/baxter_core_msgs/share/baxter_core_msgs/msg/AssemblyStates.msg
-- Symlinking: /home/rick/catkin_ws/src/install/baxter_core_msgs/share/baxter_core_msgs/msg/CameraControl.msg
-- Symlinking: /home/rick/catkin_ws/src/install/baxter_core_msgs/share/baxter_core_msgs/msg/CameraSettings.msg
-- Symlinking: /home/rick/catkin_ws/src/install/baxter_core_msgs/share/baxter_core_msgs/msg/CollisionAvoidanceState.msg
-- Symlinking: /home/rick/catkin_ws/src/install/baxter_core_msgs/share/baxter_core_msgs/msg/CollisionDetectionState.msg
-- Symlinking: /home/rick/catkin_ws/src/install/baxter_core_msgs/share/baxter_core_msgs/msg/DigitalIOState.msg
-- Symlinking: /home/rick/catkin_ws/src/install/baxter_core_msgs/share/baxter_core_msgs/msg/DigitalIOStates.msg
-- Symlinking: /home/rick/catkin_ws/src/install/baxter_core_msgs/share/baxter_core_msgs/msg/DigitalOutputCommand.msg
-- Symlinking: /home/rick/catkin_ws/src/install/baxter_core_msgs/share/baxter_core_msgs/msg/EndEffectorCommand.msg
-- Symlinking: /home/rick/catkin_ws/src/install/baxter_core_msgs/share/baxter_core_msgs/msg/EndEffectorProperties.msg
-- Symlinking: /home/rick/catkin_ws/src/install/baxter_core_msgs/share/baxter_core_msgs/msg/EndEffectorState.msg
-- Symlinking: /home/rick/catkin_ws/src/install/baxter_core_msgs/share/baxter_core_msgs/msg/EndpointState.msg
-- Symlinking: /home/rick/catkin_ws/src/install/baxter_core_msgs/share/baxter_core_msgs/msg/EndpointStates.msg
-- Symlinking: /home/rick/catkin_ws/src/install/baxter_core_msgs/share/baxter_core_msgs/msg/HeadPanCommand.msg
-- Symlinking: /home/rick/catkin_ws/src/install/baxter_core_msgs/share/baxter_core_msgs/msg/HeadState.msg
-- Symlinking: /home/rick/catkin_ws/src/install/baxter_core_msgs/share/baxter_core_msgs/msg/JointCommand.msg
-- Symlinking: /home/rick/catkin_ws/src/install/baxter_core_msgs/share/baxter_core_msgs/msg/NavigatorState.msg
-- Symlinking: /home/rick/catkin_ws/src/install/baxter_core_msgs/share/baxter_core_msgs/msg/NavigatorStates.msg
-- Symlinking: /home/rick/catkin_ws/src/install/baxter_core_msgs/share/baxter_core_msgs/msg/RobustControllerStatus.msg
-- Symlinking: /home/rick/catkin_ws/src/install/baxter_core_msgs/share/baxter_core_msgs/msg/SEAJointState.msg
-- Symlinking: /home/rick/catkin_ws/src/install/baxter_core_msgs/share/baxter_core_msgs/msg/URDFConfiguration.msg
-- Symlinking: /home/rick/catkin_ws/src/install/baxter_core_msgs/share/baxter_core_msgs/srv/CloseCamera.srv
-- Symlinking: /home/rick/catkin_ws/src/install/baxter_core_msgs/share/baxter_core_msgs/srv/ListCameras.srv
-- Symlinking: /home/rick/catkin_ws/src/install/baxter_core_msgs/share/baxter_core_msgs/srv/OpenCamera.srv
-- Symlinking: /home/rick/catkin_ws/src/install/baxter_core_msgs/share/baxter_core_msgs/srv/SolvePositionIK.srv
-- Symlinking: /home/rick/catkin_ws/src/install/baxter_core_msgs/share/baxter_core_msgs/cmake/baxter_core_msgs-msg-paths.cmake
-- Symlinking: /home/rick/catkin_ws/src/install/baxter_core_msgs/include/baxter_core_msgs/AnalogIOState.h
-- Symlinking: /home/rick/catkin_ws/src/install/baxter_core_msgs/include/baxter_core_msgs/AnalogIOStates.h
-- Symlinking: /home/rick/catkin_ws/src/install/baxter_core_msgs/include/baxter_core_msgs/AnalogOutputCommand.h
-- Symlinking: /home/rick/catkin_ws/src/install/baxter_core_msgs/include/baxter_core_msgs/AssemblyState.h
-- Symlinking: /home/rick/catkin_ws/src/install/baxter_core_msgs/include/baxter_core_msgs/AssemblyStates.h
-- Symlinking: /home/rick/catkin_ws/src/install/baxter_core_msgs/include/baxter_core_msgs/CameraControl.h
-- Symlinking: /home/rick/catkin_ws/src/install/baxter_core_msgs/include/baxter_core_msgs/CameraSettings.h
-- Symlinking: /home/rick/catkin_ws/src/install/baxter_core_msgs/include/baxter_core_msgs/CloseCamera.h
-- Symlinking: /home/rick/catkin_ws/src/install/baxter_core_msgs/include/baxter_core_msgs/CloseCameraRequest.h
-- Symlinking: /home/rick/catkin_ws/src/install/baxter_core_msgs/include/baxter_core_msgs/CloseCameraResponse.h
-- Symlinking: /home/rick/catkin_ws/src/install/baxter_core_msgs/include/baxter_core_msgs/CollisionAvoidanceState.h
-- Symlinking: /home/rick/catkin_ws/src/install/baxter_core_msgs/include/baxter_core_msgs/CollisionDetectionState.h
-- Symlinking: /home/rick/catkin_ws/src/install/baxter_core_msgs/include/baxter_core_msgs/DigitalIOState.h
-- Symlinking: /home/rick/catkin_ws/src/install/baxter_core_msgs/include/baxter_core_msgs/DigitalIOStates.h
-- Symlinking: /home/rick/catkin_ws/src/install/baxter_core_msgs/include/baxter_core_msgs/DigitalOutputCommand.h
-- Symlinking: /home/rick/catkin_ws/src/install/baxter_core_msgs/include/baxter_core_msgs/EndEffectorCommand.h
-- Symlinking: /home/rick/catkin_ws/src/install/baxter_core_msgs/include/baxter_core_msgs/EndEffectorProperties.h
-- Symlinking: /home/rick/catkin_ws/src/install/baxter_core_msgs/include/baxter_core_msgs/EndEffectorState.h
-- Symlinking: /home/rick/catkin_ws/src/install/baxter_core_msgs/include/baxter_core_msgs/EndpointState.h
-- Symlinking: /home/rick/catkin_ws/src/install/baxter_core_msgs/include/baxter_core_msgs/EndpointStates.h
-- Symlinking: /home/rick/catkin_ws/src/install/baxter_core_msgs/include/baxter_core_msgs/HeadPanCommand.h
-- Symlinking: /home/rick/catkin_ws/src/install/baxter_core_msgs/include/baxter_core_msgs/HeadState.h
-- Symlinking: /home/rick/catkin_ws/src/install/baxter_core_msgs/include/baxter_core_msgs/JointCommand.h
-- Symlinking: /home/rick/catkin_ws/src/install/baxter_core_msgs/include/baxter_core_msgs/ListCameras.h
-- Symlinking: /home/rick/catkin_ws/src/install/baxter_core_msgs/include/baxter_core_msgs/ListCamerasRequest.h
-- Symlinking: /home/rick/catkin_ws/src/install/baxter_core_msgs/include/baxter_core_msgs/ListCamerasResponse.h
-- Symlinking: /home/rick/catkin_ws/src/install/baxter_core_msgs/include/baxter_core_msgs/NavigatorState.h
-- Symlinking: /home/rick/catkin_ws/src/install/baxter_core_msgs/include/baxter_core_msgs/NavigatorStates.h
-- Symlinking: /home/rick/catkin_ws/src/install/baxter_core_msgs/include/baxter_core_msgs/OpenCamera.h
-- Symlinking: /home/rick/catkin_ws/src/install/baxter_core_msgs/include/baxter_core_msgs/OpenCameraRequest.h
-- Symlinking: /home/rick/catkin_ws/src/install/baxter_core_msgs/include/baxter_core_msgs/OpenCameraResponse.h
-- Symlinking: /home/rick/catkin_ws/src/install/baxter_core_msgs/include/baxter_core_msgs/RobustControllerStatus.h
-- Symlinking: /home/rick/catkin_ws/src/install/baxter_core_msgs/include/baxter_core_msgs/SEAJointState.h
-- Symlinking: /home/rick/catkin_ws/src/install/baxter_core_msgs/include/baxter_core_msgs/SolvePositionIK.h
-- Symlinking: /home/rick/catkin_ws/src/install/baxter_core_msgs/include/baxter_core_msgs/SolvePositionIKRequest.h
-- Symlinking: /home/rick/catkin_ws/src/install/baxter_core_msgs/include/baxter_core_msgs/SolvePositionIKResponse.h
-- Symlinking: /home/rick/catkin_ws/src/install/baxter_core_msgs/include/baxter_core_msgs/URDFConfiguration.h
-- Symlinking: /home/rick/catkin_ws/src/install/baxter_core_msgs/share/roseus/ros/baxter_core_msgs/manifest.l
-- Symlinking: /home/rick/catkin_ws/src/install/baxter_core_msgs/share/roseus/ros/baxter_core_msgs/msg/AnalogIOState.l
-- Symlinking: /home/rick/catkin_ws/src/install/baxter_core_msgs/share/roseus/ros/baxter_core_msgs/msg/AnalogIOStates.l
-- Symlinking: /home/rick/catkin_ws/src/install/baxter_core_msgs/share/roseus/ros/baxter_core_msgs/msg/AnalogOutputCommand.l
-- Symlinking: /home/rick/catkin_ws/src/install/baxter_core_msgs/share/roseus/ros/baxter_core_msgs/msg/AssemblyState.l
-- Symlinking: /home/rick/catkin_ws/src/install/baxter_core_msgs/share/roseus/ros/baxter_core_msgs/msg/AssemblyStates.l
-- Symlinking: /home/rick/catkin_ws/src/install/baxter_core_msgs/share/roseus/ros/baxter_core_msgs/msg/CameraControl.l
-- Symlinking: /home/rick/catkin_ws/src/install/baxter_core_msgs/share/roseus/ros/baxter_core_msgs/msg/CameraSettings.l
-- Symlinking: /home/rick/catkin_ws/src/install/baxter_core_msgs/share/roseus/ros/baxter_core_msgs/msg/CollisionAvoidanceState.l
-- Symlinking: /home/rick/catkin_ws/src/install/baxter_core_msgs/share/roseus/ros/baxter_core_msgs/msg/CollisionDetectionState.l
-- Symlinking: /home/rick/catkin_ws/src/install/baxter_core_msgs/share/roseus/ros/baxter_core_msgs/msg/DigitalIOState.l
-- Symlinking: /home/rick/catkin_ws/src/install/baxter_core_msgs/share/roseus/ros/baxter_core_msgs/msg/DigitalIOStates.l
-- Symlinking: /home/rick/catkin_ws/src/install/baxter_core_msgs/share/roseus/ros/baxter_core_msgs/msg/DigitalOutputCommand.l
-- Symlinking: /home/rick/catkin_ws/src/install/baxter_core_msgs/share/roseus/ros/baxter_core_msgs/msg/EndEffectorCommand.l
-- Symlinking: /home/rick/catkin_ws/src/install/baxter_core_msgs/share/roseus/ros/baxter_core_msgs/msg/EndEffectorProperties.l
-- Symlinking: /home/rick/catkin_ws/src/install/baxter_core_msgs/share/roseus/ros/baxter_core_msgs/msg/EndEffectorState.l
-- Symlinking: /home/rick/catkin_ws/src/install/baxter_core_msgs/share/roseus/ros/baxter_core_msgs/msg/EndpointState.l
-- Symlinking: /home/rick/catkin_ws/src/install/baxter_core_msgs/share/roseus/ros/baxter_core_msgs/msg/EndpointStates.l
-- Symlinking: /home/rick/catkin_ws/src/install/baxter_core_msgs/share/roseus/ros/baxter_core_msgs/msg/HeadPanCommand.l
-- Symlinking: /home/rick/catkin_ws/src/install/baxter_core_msgs/share/roseus/ros/baxter_core_msgs/msg/HeadState.l
-- Symlinking: /home/rick/catkin_ws/src/install/baxter_core_msgs/share/roseus/ros/baxter_core_msgs/msg/JointCommand.l
-- Symlinking: /home/rick/catkin_ws/src/install/baxter_core_msgs/share/roseus/ros/baxter_core_msgs/msg/NavigatorState.l
-- Symlinking: /home/rick/catkin_ws/src/install/baxter_core_msgs/share/roseus/ros/baxter_core_msgs/msg/NavigatorStates.l
-- Symlinking: /home/rick/catkin_ws/src/install/baxter_core_msgs/share/roseus/ros/baxter_core_msgs/msg/RobustControllerStatus.l
-- Symlinking: /home/rick/catkin_ws/src/install/baxter_core_msgs/share/roseus/ros/baxter_core_msgs/msg/SEAJointState.l
-- Symlinking: /home/rick/catkin_ws/src/install/baxter_core_msgs/share/roseus/ros/baxter_core_msgs/msg/URDFConfiguration.l
-- Symlinking: /home/rick/catkin_ws/src/install/baxter_core_msgs/share/roseus/ros/baxter_core_msgs/srv/CloseCamera.l
-- Symlinking: /home/rick/catkin_ws/src/install/baxter_core_msgs/share/roseus/ros/baxter_core_msgs/srv/ListCameras.l
-- Symlinking: /home/rick/catkin_ws/src/install/baxter_core_msgs/share/roseus/ros/baxter_core_msgs/srv/OpenCamera.l
-- Symlinking: /home/rick/catkin_ws/src/install/baxter_core_msgs/share/roseus/ros/baxter_core_msgs/srv/SolvePositionIK.l
-- Symlinking: /home/rick/catkin_ws/src/install/baxter_core_msgs/share/common-lisp/ros/baxter_core_msgs/msg/AnalogIOState.lisp
-- Symlinking: /home/rick/catkin_ws/src/install/baxter_core_msgs/share/common-lisp/ros/baxter_core_msgs/msg/AnalogIOStates.lisp
-- Symlinking: /home/rick/catkin_ws/src/install/baxter_core_msgs/share/common-lisp/ros/baxter_core_msgs/msg/AnalogOutputCommand.lisp
-- Symlinking: /home/rick/catkin_ws/src/install/baxter_core_msgs/share/common-lisp/ros/baxter_core_msgs/msg/AssemblyState.lisp
-- Symlinking: /home/rick/catkin_ws/src/install/baxter_core_msgs/share/common-lisp/ros/baxter_core_msgs/msg/AssemblyStates.lisp
-- Symlinking: /home/rick/catkin_ws/src/install/baxter_core_msgs/share/common-lisp/ros/baxter_core_msgs/msg/CameraControl.lisp
-- Symlinking: /home/rick/catkin_ws/src/install/baxter_core_msgs/share/common-lisp/ros/baxter_core_msgs/msg/CameraSettings.lisp
-- Symlinking: /home/rick/catkin_ws/src/install/baxter_core_msgs/share/common-lisp/ros/baxter_core_msgs/msg/CollisionAvoidanceState.lisp
-- Symlinking: /home/rick/catkin_ws/src/install/baxter_core_msgs/share/common-lisp/ros/baxter_core_msgs/msg/CollisionDetectionState.lisp
-- Symlinking: /home/rick/catkin_ws/src/install/baxter_core_msgs/share/common-lisp/ros/baxter_core_msgs/msg/DigitalIOState.lisp
-- Symlinking: /home/rick/catkin_ws/src/install/baxter_core_msgs/share/common-lisp/ros/baxter_core_msgs/msg/DigitalIOStates.lisp
-- Symlinking: /home/rick/catkin_ws/src/install/baxter_core_msgs/share/common-lisp/ros/baxter_core_msgs/msg/DigitalOutputCommand.lisp
-- Symlinking: /home/rick/catkin_ws/src/install/baxter_core_msgs/share/common-lisp/ros/baxter_core_msgs/msg/EndEffectorCommand.lisp
-- Symlinking: /home/rick/catkin_ws/src/install/baxter_core_msgs/share/common-lisp/ros/baxter_core_msgs/msg/EndEffectorProperties.lisp
-- Symlinking: /home/rick/catkin_ws/src/install/baxter_core_msgs/share/common-lisp/ros/baxter_core_msgs/msg/EndEffectorState.lisp
-- Symlinking: /home/rick/catkin_ws/src/install/baxter_core_msgs/share/common-lisp/ros/baxter_core_msgs/msg/EndpointState.lisp
-- Symlinking: /home/rick/catkin_ws/src/install/baxter_core_msgs/share/common-lisp/ros/baxter_core_msgs/msg/EndpointStates.lisp
-- Symlinking: /home/rick/catkin_ws/src/install/baxter_core_msgs/share/common-lisp/ros/baxter_core_msgs/msg/HeadPanCommand.lisp
-- Symlinking: /home/rick/catkin_ws/src/install/baxter_core_msgs/share/common-lisp/ros/baxter_core_msgs/msg/HeadState.lisp
-- Symlinking: /home/rick/catkin_ws/src/install/baxter_core_msgs/share/common-lisp/ros/baxter_core_msgs/msg/JointCommand.lisp
-- Symlinking: /home/rick/catkin_ws/src/install/baxter_core_msgs/share/common-lisp/ros/baxter_core_msgs/msg/NavigatorState.lisp
-- Symlinking: /home/rick/catkin_ws/src/install/baxter_core_msgs/share/common-lisp/ros/baxter_core_msgs/msg/NavigatorStates.lisp
-- Symlinking: /home/rick/catkin_ws/src/install/baxter_core_msgs/share/common-lisp/ros/baxter_core_msgs/msg/RobustControllerStatus.lisp
-- Symlinking: /home/rick/catkin_ws/src/install/baxter_core_msgs/share/common-lisp/ros/baxter_core_msgs/msg/SEAJointState.lisp
-- Symlinking: /home/rick/catkin_ws/src/install/baxter_core_msgs/share/common-lisp/ros/baxter_core_msgs/msg/URDFConfiguration.lisp
-- Symlinking: /home/rick/catkin_ws/src/install/baxter_core_msgs/share/common-lisp/ros/baxter_core_msgs/msg/_package.lisp
-- Symlinking: /home/rick/catkin_ws/src/install/baxter_core_msgs/share/common-lisp/ros/baxter_core_msgs/msg/_package_AnalogIOState.lisp
-- Symlinking: /home/rick/catkin_ws/src/install/baxter_core_msgs/share/common-lisp/ros/baxter_core_msgs/msg/_package_AnalogIOStates.lisp
-- Symlinking: /home/rick/catkin_ws/src/install/baxter_core_msgs/share/common-lisp/ros/baxter_core_msgs/msg/_package_AnalogOutputCommand.lisp
-- Symlinking: /home/rick/catkin_ws/src/install/baxter_core_msgs/share/common-lisp/ros/baxter_core_msgs/msg/_package_AssemblyState.lisp
-- Symlinking: /home/rick/catkin_ws/src/install/baxter_core_msgs/share/common-lisp/ros/baxter_core_msgs/msg/_package_AssemblyStates.lisp
-- Symlinking: /home/rick/catkin_ws/src/install/baxter_core_msgs/share/common-lisp/ros/baxter_core_msgs/msg/_package_CameraControl.lisp
-- Symlinking: /home/rick/catkin_ws/src/install/baxter_core_msgs/share/common-lisp/ros/baxter_core_msgs/msg/_package_CameraSettings.lisp
-- Symlinking: /home/rick/catkin_ws/src/install/baxter_core_msgs/share/common-lisp/ros/baxter_core_msgs/msg/_package_CollisionAvoidanceState.lisp
-- Symlinking: /home/rick/catkin_ws/src/install/baxter_core_msgs/share/common-lisp/ros/baxter_core_msgs/msg/_package_CollisionDetectionState.lisp
-- Symlinking: /home/rick/catkin_ws/src/install/baxter_core_msgs/share/common-lisp/ros/baxter_core_msgs/msg/_package_DigitalIOState.lisp
-- Symlinking: /home/rick/catkin_ws/src/install/baxter_core_msgs/share/common-lisp/ros/baxter_core_msgs/msg/_package_DigitalIOStates.lisp
-- Symlinking: /home/rick/catkin_ws/src/install/baxter_core_msgs/share/common-lisp/ros/baxter_core_msgs/msg/_package_DigitalOutputCommand.lisp
-- Symlinking: /home/rick/catkin_ws/src/install/baxter_core_msgs/share/common-lisp/ros/baxter_core_msgs/msg/_package_EndEffectorCommand.lisp
-- Symlinking: /home/rick/catkin_ws/src/install/baxter_core_msgs/share/common-lisp/ros/baxter_core_msgs/msg/_package_EndEffectorProperties.lisp
-- Symlinking: /home/rick/catkin_ws/src/install/baxter_core_msgs/share/common-lisp/ros/baxter_core_msgs/msg/_package_EndEffectorState.lisp
-- Symlinking: /home/rick/catkin_ws/src/install/baxter_core_msgs/share/common-lisp/ros/baxter_core_msgs/msg/_package_EndpointState.lisp
-- Symlinking: /home/rick/catkin_ws/src/install/baxter_core_msgs/share/common-lisp/ros/baxter_core_msgs/msg/_package_EndpointStates.lisp
-- Symlinking: /home/rick/catkin_ws/src/install/baxter_core_msgs/share/common-lisp/ros/baxter_core_msgs/msg/_package_HeadPanCommand.lisp
-- Symlinking: /home/rick/catkin_ws/src/install/baxter_core_msgs/share/common-lisp/ros/baxter_core_msgs/msg/_package_HeadState.lisp
-- Symlinking: /home/rick/catkin_ws/src/install/baxter_core_msgs/share/common-lisp/ros/baxter_core_msgs/msg/_package_JointCommand.lisp
-- Symlinking: /home/rick/catkin_ws/src/install/baxter_core_msgs/share/common-lisp/ros/baxter_core_msgs/msg/_package_NavigatorState.lisp
-- Symlinking: /home/rick/catkin_ws/src/install/baxter_core_msgs/share/common-lisp/ros/baxter_core_msgs/msg/_package_NavigatorStates.lisp
-- Symlinking: /home/rick/catkin_ws/src/install/baxter_core_msgs/share/common-lisp/ros/baxter_core_msgs/msg/_package_RobustControllerStatus.lisp
-- Symlinking: /home/rick/catkin_ws/src/install/baxter_core_msgs/share/common-lisp/ros/baxter_core_msgs/msg/_package_SEAJointState.lisp
-- Symlinking: /home/rick/catkin_ws/src/install/baxter_core_msgs/share/common-lisp/ros/baxter_core_msgs/msg/_package_URDFConfiguration.lisp
-- Symlinking: /home/rick/catkin_ws/src/install/baxter_core_msgs/share/common-lisp/ros/baxter_core_msgs/msg/baxter_core_msgs-msg.asd
-- Symlinking: /home/rick/catkin_ws/src/install/baxter_core_msgs/share/common-lisp/ros/baxter_core_msgs/srv/CloseCamera.lisp
-- Symlinking: /home/rick/catkin_ws/src/install/baxter_core_msgs/share/common-lisp/ros/baxter_core_msgs/srv/ListCameras.lisp
-- Symlinking: /home/rick/catkin_ws/src/install/baxter_core_msgs/share/common-lisp/ros/baxter_core_msgs/srv/OpenCamera.lisp
-- Symlinking: /home/rick/catkin_ws/src/install/baxter_core_msgs/share/common-lisp/ros/baxter_core_msgs/srv/SolvePositionIK.lisp
-- Symlinking: /home/rick/catkin_ws/src/install/baxter_core_msgs/share/common-lisp/ros/baxter_core_msgs/srv/_package.lisp
-- Symlinking: /home/rick/catkin_ws/src/install/baxter_core_msgs/share/common-lisp/ros/baxter_core_msgs/srv/_package_CloseCamera.lisp
-- Symlinking: /home/rick/catkin_ws/src/install/baxter_core_msgs/share/common-lisp/ros/baxter_core_msgs/srv/_package_ListCameras.lisp
-- Symlinking: /home/rick/catkin_ws/src/install/baxter_core_msgs/share/common-lisp/ros/baxter_core_msgs/srv/_package_OpenCamera.lisp
-- Symlinking: /home/rick/catkin_ws/src/install/baxter_core_msgs/share/common-lisp/ros/baxter_core_msgs/srv/_package_SolvePositionIK.lisp
-- Symlinking: /home/rick/catkin_ws/src/install/baxter_core_msgs/share/common-lisp/ros/baxter_core_msgs/srv/baxter_core_msgs-srv.asd
-- Symlinking: /home/rick/catkin_ws/src/install/baxter_core_msgs/share/gennodejs/ros/baxter_core_msgs/_index.js
-- Symlinking: /home/rick/catkin_ws/src/install/baxter_core_msgs/share/gennodejs/ros/baxter_core_msgs/msg/AnalogIOState.js
-- Symlinking: /home/rick/catkin_ws/src/install/baxter_core_msgs/share/gennodejs/ros/baxter_core_msgs/msg/AnalogIOStates.js
-- Symlinking: /home/rick/catkin_ws/src/install/baxter_core_msgs/share/gennodejs/ros/baxter_core_msgs/msg/AnalogOutputCommand.js
-- Symlinking: /home/rick/catkin_ws/src/install/baxter_core_msgs/share/gennodejs/ros/baxter_core_msgs/msg/AssemblyState.js
-- Symlinking: /home/rick/catkin_ws/src/install/baxter_core_msgs/share/gennodejs/ros/baxter_core_msgs/msg/AssemblyStates.js
-- Symlinking: /home/rick/catkin_ws/src/install/baxter_core_msgs/share/gennodejs/ros/baxter_core_msgs/msg/CameraControl.js
-- Symlinking: /home/rick/catkin_ws/src/install/baxter_core_msgs/share/gennodejs/ros/baxter_core_msgs/msg/CameraSettings.js
-- Symlinking: /home/rick/catkin_ws/src/install/baxter_core_msgs/share/gennodejs/ros/baxter_core_msgs/msg/CollisionAvoidanceState.js
-- Symlinking: /home/rick/catkin_ws/src/install/baxter_core_msgs/share/gennodejs/ros/baxter_core_msgs/msg/CollisionDetectionState.js
-- Symlinking: /home/rick/catkin_ws/src/install/baxter_core_msgs/share/gennodejs/ros/baxter_core_msgs/msg/DigitalIOState.js
-- Symlinking: /home/rick/catkin_ws/src/install/baxter_core_msgs/share/gennodejs/ros/baxter_core_msgs/msg/DigitalIOStates.js
-- Symlinking: /home/rick/catkin_ws/src/install/baxter_core_msgs/share/gennodejs/ros/baxter_core_msgs/msg/DigitalOutputCommand.js
-- Symlinking: /home/rick/catkin_ws/src/install/baxter_core_msgs/share/gennodejs/ros/baxter_core_msgs/msg/EndEffectorCommand.js
-- Symlinking: /home/rick/catkin_ws/src/install/baxter_core_msgs/share/gennodejs/ros/baxter_core_msgs/msg/EndEffectorProperties.js
-- Symlinking: /home/rick/catkin_ws/src/install/baxter_core_msgs/share/gennodejs/ros/baxter_core_msgs/msg/EndEffectorState.js
-- Symlinking: /home/rick/catkin_ws/src/install/baxter_core_msgs/share/gennodejs/ros/baxter_core_msgs/msg/EndpointState.js
-- Symlinking: /home/rick/catkin_ws/src/install/baxter_core_msgs/share/gennodejs/ros/baxter_core_msgs/msg/EndpointStates.js
-- Symlinking: /home/rick/catkin_ws/src/install/baxter_core_msgs/share/gennodejs/ros/baxter_core_msgs/msg/HeadPanCommand.js
-- Symlinking: /home/rick/catkin_ws/src/install/baxter_core_msgs/share/gennodejs/ros/baxter_core_msgs/msg/HeadState.js
-- Symlinking: /home/rick/catkin_ws/src/install/baxter_core_msgs/share/gennodejs/ros/baxter_core_msgs/msg/JointCommand.js
-- Symlinking: /home/rick/catkin_ws/src/install/baxter_core_msgs/share/gennodejs/ros/baxter_core_msgs/msg/NavigatorState.js
-- Symlinking: /home/rick/catkin_ws/src/install/baxter_core_msgs/share/gennodejs/ros/baxter_core_msgs/msg/NavigatorStates.js
-- Symlinking: /home/rick/catkin_ws/src/install/baxter_core_msgs/share/gennodejs/ros/baxter_core_msgs/msg/RobustControllerStatus.js
-- Symlinking: /home/rick/catkin_ws/src/install/baxter_core_msgs/share/gennodejs/ros/baxter_core_msgs/msg/SEAJointState.js
-- Symlinking: /home/rick/catkin_ws/src/install/baxter_core_msgs/share/gennodejs/ros/baxter_core_msgs/msg/URDFConfiguration.js
-- Symlinking: /home/rick/catkin_ws/src/install/baxter_core_msgs/share/gennodejs/ros/baxter_core_msgs/msg/_index.js
-- Symlinking: /home/rick/catkin_ws/src/install/baxter_core_msgs/share/gennodejs/ros/baxter_core_msgs/srv/CloseCamera.js
-- Symlinking: /home/rick/catkin_ws/src/install/baxter_core_msgs/share/gennodejs/ros/baxter_core_msgs/srv/ListCameras.js
-- Symlinking: /home/rick/catkin_ws/src/install/baxter_core_msgs/share/gennodejs/ros/baxter_core_msgs/srv/OpenCamera.js
-- Symlinking: /home/rick/catkin_ws/src/install/baxter_core_msgs/share/gennodejs/ros/baxter_core_msgs/srv/SolvePositionIK.js
-- Symlinking: /home/rick/catkin_ws/src/install/baxter_core_msgs/share/gennodejs/ros/baxter_core_msgs/srv/_index.js
-- Symlinking: /home/rick/catkin_ws/src/install/baxter_core_msgs/lib/python2.7/dist-packages/baxter_core_msgs/__init__.py
-- Symlinking: /home/rick/catkin_ws/src/install/baxter_core_msgs/lib/python2.7/dist-packages/baxter_core_msgs/msg/_AnalogIOState.py
-- Symlinking: /home/rick/catkin_ws/src/install/baxter_core_msgs/lib/python2.7/dist-packages/baxter_core_msgs/msg/_AnalogIOStates.py
-- Symlinking: /home/rick/catkin_ws/src/install/baxter_core_msgs/lib/python2.7/dist-packages/baxter_core_msgs/msg/_AnalogOutputCommand.py
-- Symlinking: /home/rick/catkin_ws/src/install/baxter_core_msgs/lib/python2.7/dist-packages/baxter_core_msgs/msg/_AssemblyState.py
-- Symlinking: /home/rick/catkin_ws/src/install/baxter_core_msgs/lib/python2.7/dist-packages/baxter_core_msgs/msg/_AssemblyStates.py
-- Symlinking: /home/rick/catkin_ws/src/install/baxter_core_msgs/lib/python2.7/dist-packages/baxter_core_msgs/msg/_CameraControl.py
-- Symlinking: /home/rick/catkin_ws/src/install/baxter_core_msgs/lib/python2.7/dist-packages/baxter_core_msgs/msg/_CameraSettings.py
-- Symlinking: /home/rick/catkin_ws/src/install/baxter_core_msgs/lib/python2.7/dist-packages/baxter_core_msgs/msg/_CollisionAvoidanceState.py
-- Symlinking: /home/rick/catkin_ws/src/install/baxter_core_msgs/lib/python2.7/dist-packages/baxter_core_msgs/msg/_CollisionDetectionState.py
-- Symlinking: /home/rick/catkin_ws/src/install/baxter_core_msgs/lib/python2.7/dist-packages/baxter_core_msgs/msg/_DigitalIOState.py
-- Symlinking: /home/rick/catkin_ws/src/install/baxter_core_msgs/lib/python2.7/dist-packages/baxter_core_msgs/msg/_DigitalIOStates.py
-- Symlinking: /home/rick/catkin_ws/src/install/baxter_core_msgs/lib/python2.7/dist-packages/baxter_core_msgs/msg/_DigitalOutputCommand.py
-- Symlinking: /home/rick/catkin_ws/src/install/baxter_core_msgs/lib/python2.7/dist-packages/baxter_core_msgs/msg/_EndEffectorCommand.py
-- Symlinking: /home/rick/catkin_ws/src/install/baxter_core_msgs/lib/python2.7/dist-packages/baxter_core_msgs/msg/_EndEffectorProperties.py
-- Symlinking: /home/rick/catkin_ws/src/install/baxter_core_msgs/lib/python2.7/dist-packages/baxter_core_msgs/msg/_EndEffectorState.py
-- Symlinking: /home/rick/catkin_ws/src/install/baxter_core_msgs/lib/python2.7/dist-packages/baxter_core_msgs/msg/_EndpointState.py
-- Symlinking: /home/rick/catkin_ws/src/install/baxter_core_msgs/lib/python2.7/dist-packages/baxter_core_msgs/msg/_EndpointStates.py
-- Symlinking: /home/rick/catkin_ws/src/install/baxter_core_msgs/lib/python2.7/dist-packages/baxter_core_msgs/msg/_HeadPanCommand.py
-- Symlinking: /home/rick/catkin_ws/src/install/baxter_core_msgs/lib/python2.7/dist-packages/baxter_core_msgs/msg/_HeadState.py
-- Symlinking: /home/rick/catkin_ws/src/install/baxter_core_msgs/lib/python2.7/dist-packages/baxter_core_msgs/msg/_JointCommand.py
-- Symlinking: /home/rick/catkin_ws/src/install/baxter_core_msgs/lib/python2.7/dist-packages/baxter_core_msgs/msg/_NavigatorState.py
-- Symlinking: /home/rick/catkin_ws/src/install/baxter_core_msgs/lib/python2.7/dist-packages/baxter_core_msgs/msg/_NavigatorStates.py
-- Symlinking: /home/rick/catkin_ws/src/install/baxter_core_msgs/lib/python2.7/dist-packages/baxter_core_msgs/msg/_RobustControllerStatus.py
-- Symlinking: /home/rick/catkin_ws/src/install/baxter_core_msgs/lib/python2.7/dist-packages/baxter_core_msgs/msg/_SEAJointState.py
-- Symlinking: /home/rick/catkin_ws/src/install/baxter_core_msgs/lib/python2.7/dist-packages/baxter_core_msgs/msg/_URDFConfiguration.py
-- Symlinking: /home/rick/catkin_ws/src/install/baxter_core_msgs/lib/python2.7/dist-packages/baxter_core_msgs/msg/__init__.py
-- Symlinking: /home/rick/catkin_ws/src/install/baxter_core_msgs/lib/python2.7/dist-packages/baxter_core_msgs/srv/_CloseCamera.py
-- Symlinking: /home/rick/catkin_ws/src/install/baxter_core_msgs/lib/python2.7/dist-packages/baxter_core_msgs/srv/_ListCameras.py
-- Symlinking: /home/rick/catkin_ws/src/install/baxter_core_msgs/lib/python2.7/dist-packages/baxter_core_msgs/srv/_OpenCamera.py
-- Symlinking: /home/rick/catkin_ws/src/install/baxter_core_msgs/lib/python2.7/dist-packages/baxter_core_msgs/srv/_SolvePositionIK.py
-- Symlinking: /home/rick/catkin_ws/src/install/baxter_core_msgs/lib/python2.7/dist-packages/baxter_core_msgs/srv/__init__.py
-- Symlinking: /home/rick/catkin_ws/src/install/baxter_core_msgs/lib/pkgconfig/baxter_core_msgs.pc
-- Symlinking: /home/rick/catkin_ws/src/install/baxter_core_msgs/share/baxter_core_msgs/cmake/baxter_core_msgs-msg-extras.cmake
-- Symlinking: /home/rick/catkin_ws/src/install/baxter_core_msgs/share/baxter_core_msgs/cmake/baxter_core_msgsConfig.cmake
-- Symlinking: /home/rick/catkin_ws/src/install/baxter_core_msgs/share/baxter_core_msgs/cmake/baxter_core_msgsConfig-version.cmake
-- Symlinking: /home/rick/catkin_ws/src/install/baxter_core_msgs/share/baxter_core_msgs/package.xml
Listing /home/rick/catkin_ws/src/build/baxter_core_msgs/devel/lib/python2.7/dist-packages/baxter_core_msgs ...
Compiling /home/rick/catkin_ws/src/build/baxter_core_msgs/devel/lib/python2.7/dist-packages/baxter_core_msgs/__init__.py ...
Listing /home/rick/catkin_ws/src/build/baxter_core_msgs/devel/lib/python2.7/dist-packages/baxter_core_msgs/msg ...
Compiling /home/rick/catkin_ws/src/build/baxter_core_msgs/devel/lib/python2.7/dist-packages/baxter_core_msgs/msg/_AnalogIOState.py ...
Compiling /home/rick/catkin_ws/src/build/baxter_core_msgs/devel/lib/python2.7/dist-packages/baxter_core_msgs/msg/_AnalogIOStates.py ...
Compiling /home/rick/catkin_ws/src/build/baxter_core_msgs/devel/lib/python2.7/dist-packages/baxter_core_msgs/msg/_AnalogOutputCommand.py ...
Compiling /home/rick/catkin_ws/src/build/baxter_core_msgs/devel/lib/python2.7/dist-packages/baxter_core_msgs/msg/_AssemblyState.py ...
Compiling /home/rick/catkin_ws/src/build/baxter_core_msgs/devel/lib/python2.7/dist-packages/baxter_core_msgs/msg/_AssemblyStates.py ...
Compiling /home/rick/catkin_ws/src/build/baxter_core_msgs/devel/lib/python2.7/dist-packages/baxter_core_msgs/msg/_CameraControl.py ...
Compiling /home/rick/catkin_ws/src/build/baxter_core_msgs/devel/lib/python2.7/dist-packages/baxter_core_msgs/msg/_CameraSettings.py ...
Compiling /home/rick/catkin_ws/src/build/baxter_core_msgs/devel/lib/python2.7/dist-packages/baxter_core_msgs/msg/_CollisionAvoidanceState.py ...
Compiling /home/rick/catkin_ws/src/build/baxter_core_msgs/devel/lib/python2.7/dist-packages/baxter_core_msgs/msg/_CollisionDetectionState.py ...
Compiling /home/rick/catkin_ws/src/build/baxter_core_msgs/devel/lib/python2.7/dist-packages/baxter_core_msgs/msg/_DigitalIOState.py ...
Compiling /home/rick/catkin_ws/src/build/baxter_core_msgs/devel/lib/python2.7/dist-packages/baxter_core_msgs/msg/_DigitalIOStates.py ...
Compiling /home/rick/catkin_ws/src/build/baxter_core_msgs/devel/lib/python2.7/dist-packages/baxter_core_msgs/msg/_DigitalOutputCommand.py ...
Compiling /home/rick/catkin_ws/src/build/baxter_core_msgs/devel/lib/python2.7/dist-packages/baxter_core_msgs/msg/_EndEffectorCommand.py ...
Compiling /home/rick/catkin_ws/src/build/baxter_core_msgs/devel/lib/python2.7/dist-packages/baxter_core_msgs/msg/_EndEffectorProperties.py ...
Compiling /home/rick/catkin_ws/src/build/baxter_core_msgs/devel/lib/python2.7/dist-packages/baxter_core_msgs/msg/_EndEffectorState.py ...
Compiling /home/rick/catkin_ws/src/build/baxter_core_msgs/devel/lib/python2.7/dist-packages/baxter_core_msgs/msg/_EndpointState.py ...
Compiling /home/rick/catkin_ws/src/build/baxter_core_msgs/devel/lib/python2.7/dist-packages/baxter_core_msgs/msg/_EndpointStates.py ...
Compiling /home/rick/catkin_ws/src/build/baxter_core_msgs/devel/lib/python2.7/dist-packages/baxter_core_msgs/msg/_HeadPanCommand.py ...
Compiling /home/rick/catkin_ws/src/build/baxter_core_msgs/devel/lib/python2.7/dist-packages/baxter_core_msgs/msg/_HeadState.py ...
Compiling /home/rick/catkin_ws/src/build/baxter_core_msgs/devel/lib/python2.7/dist-packages/baxter_core_msgs/msg/_JointCommand.py ...
Compiling /home/rick/catkin_ws/src/build/baxter_core_msgs/devel/lib/python2.7/dist-packages/baxter_core_msgs/msg/_NavigatorState.py ...
Compiling /home/rick/catkin_ws/src/build/baxter_core_msgs/devel/lib/python2.7/dist-packages/baxter_core_msgs/msg/_NavigatorStates.py ...
Compiling /home/rick/catkin_ws/src/build/baxter_core_msgs/devel/lib/python2.7/dist-packages/baxter_core_msgs/msg/_RobustControllerStatus.py ...
Compiling /home/rick/catkin_ws/src/build/baxter_core_msgs/devel/lib/python2.7/dist-packages/baxter_core_msgs/msg/_SEAJointState.py ...
Compiling /home/rick/catkin_ws/src/build/baxter_core_msgs/devel/lib/python2.7/dist-packages/baxter_core_msgs/msg/_URDFConfiguration.py ...
Compiling /home/rick/catkin_ws/src/build/baxter_core_msgs/devel/lib/python2.7/dist-packages/baxter_core_msgs/msg/__init__.py ...
Listing /home/rick/catkin_ws/src/build/baxter_core_msgs/devel/lib/python2.7/dist-packages/baxter_core_msgs/srv ...
Compiling /home/rick/catkin_ws/src/build/baxter_core_msgs/devel/lib/python2.7/dist-packages/baxter_core_msgs/srv/_CloseCamera.py ...
Compiling /home/rick/catkin_ws/src/build/baxter_core_msgs/devel/lib/python2.7/dist-packages/baxter_core_msgs/srv/_ListCameras.py ...
Compiling /home/rick/catkin_ws/src/build/baxter_core_msgs/devel/lib/python2.7/dist-packages/baxter_core_msgs/srv/_OpenCamera.py ...
Compiling /home/rick/catkin_ws/src/build/baxter_core_msgs/devel/lib/python2.7/dist-packages/baxter_core_msgs/srv/_SolvePositionIK.py ...
Compiling /home/rick/catkin_ws/src/build/baxter_core_msgs/devel/lib/python2.7/dist-packages/baxter_core_msgs/srv/__init__.py ...
