[0.035s] Invoking command in '/home/rick/catkin_ws/src/build/baxter_core_msgs': /usr/bin/cmake /home/rick/catkin_ws/src/baxter_common/baxter_core_msgs -DCATKIN_INSTALL_INTO_PREFIX_ROOT=0 -DCATKIN_SYMLINK_INSTALL=ON -DCMAKE_INSTALL_PREFIX=/home/rick/catkin_ws/src/install/baxter_core_msgs
[0.391s] -- The C compiler identification is GNU 5.4.0
[0.701s] -- The CXX compiler identification is GNU 5.4.0
[0.720s] -- Check for working C compiler: /usr/bin/cc
[0.820s] -- Check for working C compiler: /usr/bin/cc -- works
[0.822s] -- Detecting C compiler ABI info
[0.923s] -- Detecting C compiler ABI info - done
[0.931s] -- Detecting C compile features
[1.223s] -- Detecting C compile features - done
[1.232s] -- Check for working CXX compiler: /usr/bin/c++
[1.324s] -- Check for working CXX compiler: /usr/bin/c++ -- works
[1.325s] -- Detecting CXX compiler ABI info
[1.425s] -- Detecting CXX compiler ABI info - done
[1.448s] -- Detecting CXX compile features
[1.808s] -- Detecting CXX compile features - done
[1.817s] -- Using CATKIN_DEVEL_PREFIX: /home/rick/catkin_ws/src/build/baxter_core_msgs/devel
[1.817s] -- Using CMAKE_PREFIX_PATH: /opt/ros/kinetic
[1.818s] -- This workspace overlays: /opt/ros/kinetic
[1.849s] -- Override CMake install command with custom implementation using symlinks instead of copying resources
[1.898s] -- Found PythonInterp: /usr/bin/python2 (found suitable version "2.7.12", minimum required is "2") 
[1.898s] -- Using PYTHON_EXECUTABLE: /usr/bin/python2
[1.899s] -- Using Debian Python package layout
[1.900s] -- Using empy: /usr/bin/empy
[2.113s] -- Using CATKIN_ENABLE_TESTING: ON
[2.113s] -- Call enable_testing()
[2.123s] -- Using CATKIN_TEST_RESULTS_DIR: /home/rick/catkin_ws/src/build/baxter_core_msgs/test_results
[2.188s] -- Found gtest sources under '/usr/src/gmock': gtests will be built
[2.189s] -- Found gmock sources under '/usr/src/gmock': gmock will be built
[2.213s] -- Found PythonInterp: /usr/bin/python2 (found version "2.7.12") 
[2.218s] -- Looking for pthread.h
[2.370s] -- Looking for pthread.h - found
[2.370s] -- Looking for pthread_create
[2.467s] -- Looking for pthread_create - not found
[2.467s] -- Looking for pthread_create in pthreads
[2.537s] -- Looking for pthread_create in pthreads - not found
[2.537s] -- Looking for pthread_create in pthread
[2.626s] -- Looking for pthread_create in pthread - found
[2.630s] -- Found Threads: TRUE  
[2.634s] -- Using Python nosetests: /usr/bin/nosetests-2.7
[2.712s] -- catkin 0.7.20
[2.712s] -- BUILD_SHARED_LIBS is on
[2.908s] -- Using these message generators: gencpp;geneus;genlisp;gennodejs;genpy
[3.420s] -- baxter_core_msgs: 25 messages, 4 services
[3.629s] -- Configuring done
[3.711s] -- Generating done
[3.722s] -- Build files have been written to: /home/rick/catkin_ws/src/build/baxter_core_msgs
[3.731s] Invoked command in '/home/rick/catkin_ws/src/build/baxter_core_msgs' returned '0': /usr/bin/cmake /home/rick/catkin_ws/src/baxter_common/baxter_core_msgs -DCATKIN_INSTALL_INTO_PREFIX_ROOT=0 -DCATKIN_SYMLINK_INSTALL=ON -DCMAKE_INSTALL_PREFIX=/home/rick/catkin_ws/src/install/baxter_core_msgs
[3.732s] Invoking command in '/home/rick/catkin_ws/src/build/baxter_core_msgs': /usr/bin/cmake --build /home/rick/catkin_ws/src/build/baxter_core_msgs -- -j2 -l2
[3.788s] [35m[1mScanning dependencies of target _baxter_core_msgs_generate_messages_check_deps_DigitalIOStates[0m
[3.789s] [35m[1mScanning dependencies of target _baxter_core_msgs_generate_messages_check_deps_NavigatorState[0m
[3.872s] [  0%] Built target _baxter_core_msgs_generate_messages_check_deps_NavigatorState
[3.891s] [  0%] Built target _baxter_core_msgs_generate_messages_check_deps_DigitalIOStates
[3.900s] [35m[1mScanning dependencies of target _baxter_core_msgs_generate_messages_check_deps_ListCameras[0m
[3.905s] [35m[1mScanning dependencies of target _baxter_core_msgs_generate_messages_check_deps_AnalogOutputCommand[0m
[4.006s] [  0%] Built target _baxter_core_msgs_generate_messages_check_deps_ListCameras
[4.015s] [  0%] Built target _baxter_core_msgs_generate_messages_check_deps_AnalogOutputCommand
[4.027s] [35m[1mScanning dependencies of target _baxter_core_msgs_generate_messages_check_deps_URDFConfiguration[0m
[4.039s] [35m[1mScanning dependencies of target _baxter_core_msgs_generate_messages_check_deps_AssemblyStates[0m
[4.118s] [  0%] Built target _baxter_core_msgs_generate_messages_check_deps_AssemblyStates
[4.123s] [  0%] Built target _baxter_core_msgs_generate_messages_check_deps_URDFConfiguration
[4.130s] [35m[1mScanning dependencies of target _baxter_core_msgs_generate_messages_check_deps_EndEffectorState[0m
[4.141s] [35m[1mScanning dependencies of target _baxter_core_msgs_generate_messages_check_deps_EndEffectorCommand[0m
[4.191s] [  0%] Built target _baxter_core_msgs_generate_messages_check_deps_EndEffectorState
[4.218s] [  0%] Built target _baxter_core_msgs_generate_messages_check_deps_EndEffectorCommand
[4.218s] [35m[1mScanning dependencies of target sensor_msgs_generate_messages_py[0m
[4.233s] [35m[1mScanning dependencies of target _baxter_core_msgs_generate_messages_check_deps_DigitalOutputCommand[0m
[4.236s] [  0%] Built target sensor_msgs_generate_messages_py
[4.244s] [35m[1mScanning dependencies of target _baxter_core_msgs_generate_messages_check_deps_HeadState[0m
[4.276s] [  0%] Built target _baxter_core_msgs_generate_messages_check_deps_DigitalOutputCommand
[4.297s] [35m[1mScanning dependencies of target _baxter_core_msgs_generate_messages_check_deps_CloseCamera[0m
[4.332s] [  0%] Built target _baxter_core_msgs_generate_messages_check_deps_HeadState
[4.347s] [35m[1mScanning dependencies of target _baxter_core_msgs_generate_messages_check_deps_NavigatorStates[0m
[4.353s] [  0%] Built target _baxter_core_msgs_generate_messages_check_deps_CloseCamera
[4.372s] [35m[1mScanning dependencies of target geometry_msgs_generate_messages_py[0m
[4.390s] [  0%] Built target _baxter_core_msgs_generate_messages_check_deps_NavigatorStates
[4.391s] [  0%] Built target geometry_msgs_generate_messages_py
[4.399s] [35m[1mScanning dependencies of target std_msgs_generate_messages_py[0m
[4.410s] [  0%] Built target std_msgs_generate_messages_py
[4.412s] [35m[1mScanning dependencies of target _baxter_core_msgs_generate_messages_check_deps_CollisionAvoidanceState[0m
[4.419s] [35m[1mScanning dependencies of target _baxter_core_msgs_generate_messages_check_deps_JointCommand[0m
[4.476s] [  0%] Built target _baxter_core_msgs_generate_messages_check_deps_CollisionAvoidanceState
[4.484s] [  0%] Built target _baxter_core_msgs_generate_messages_check_deps_JointCommand
[4.490s] [35m[1mScanning dependencies of target _baxter_core_msgs_generate_messages_check_deps_AssemblyState[0m
[4.501s] [35m[1mScanning dependencies of target _baxter_core_msgs_generate_messages_check_deps_EndEffectorProperties[0m
[4.552s] [  0%] Built target _baxter_core_msgs_generate_messages_check_deps_AssemblyState
[4.579s] [35m[1mScanning dependencies of target _baxter_core_msgs_generate_messages_check_deps_SolvePositionIK[0m
[4.583s] [  0%] Built target _baxter_core_msgs_generate_messages_check_deps_EndEffectorProperties
[4.592s] [35m[1mScanning dependencies of target _baxter_core_msgs_generate_messages_check_deps_AnalogIOStates[0m
[4.627s] [  0%] Built target _baxter_core_msgs_generate_messages_check_deps_SolvePositionIK
[4.642s] [35m[1mScanning dependencies of target _baxter_core_msgs_generate_messages_check_deps_CameraControl[0m
[4.658s] [  0%] Built target _baxter_core_msgs_generate_messages_check_deps_AnalogIOStates
[4.695s] [35m[1mScanning dependencies of target _baxter_core_msgs_generate_messages_check_deps_SEAJointState[0m
[4.702s] [  0%] Built target _baxter_core_msgs_generate_messages_check_deps_CameraControl
[4.720s] [35m[1mScanning dependencies of target _baxter_core_msgs_generate_messages_check_deps_CameraSettings[0m
[4.761s] [  0%] Built target _baxter_core_msgs_generate_messages_check_deps_SEAJointState
[4.783s] [  0%] Built target _baxter_core_msgs_generate_messages_check_deps_CameraSettings
[4.799s] [35m[1mScanning dependencies of target _baxter_core_msgs_generate_messages_check_deps_AnalogIOState[0m
[4.807s] [35m[1mScanning dependencies of target _baxter_core_msgs_generate_messages_check_deps_HeadPanCommand[0m
[4.855s] [  0%] Built target _baxter_core_msgs_generate_messages_check_deps_AnalogIOState
[4.865s] [  0%] Built target _baxter_core_msgs_generate_messages_check_deps_HeadPanCommand
[4.875s] [35m[1mScanning dependencies of target _baxter_core_msgs_generate_messages_check_deps_EndpointState[0m
[4.893s] [35m[1mScanning dependencies of target _baxter_core_msgs_generate_messages_check_deps_DigitalIOState[0m
[4.948s] [  0%] Built target _baxter_core_msgs_generate_messages_check_deps_EndpointState
[4.962s] [  0%] Built target _baxter_core_msgs_generate_messages_check_deps_DigitalIOState
[4.979s] [35m[1mScanning dependencies of target _baxter_core_msgs_generate_messages_check_deps_OpenCamera[0m
[4.986s] [35m[1mScanning dependencies of target _baxter_core_msgs_generate_messages_check_deps_RobustControllerStatus[0m
[5.043s] [  0%] Built target _baxter_core_msgs_generate_messages_check_deps_RobustControllerStatus
[5.051s] [  0%] Built target _baxter_core_msgs_generate_messages_check_deps_OpenCamera
[5.061s] [35m[1mScanning dependencies of target _baxter_core_msgs_generate_messages_check_deps_CollisionDetectionState[0m
[5.080s] [35m[1mScanning dependencies of target _baxter_core_msgs_generate_messages_check_deps_EndpointStates[0m
[5.123s] [  0%] Built target _baxter_core_msgs_generate_messages_check_deps_CollisionDetectionState
[5.148s] [35m[1mScanning dependencies of target sensor_msgs_generate_messages_nodejs[0m
[5.164s] [  0%] Built target sensor_msgs_generate_messages_nodejs
[5.181s] [  0%] Built target _baxter_core_msgs_generate_messages_check_deps_EndpointStates
[5.201s] [35m[1mScanning dependencies of target std_msgs_generate_messages_nodejs[0m
[5.205s] [35m[1mScanning dependencies of target geometry_msgs_generate_messages_nodejs[0m
[5.218s] [  0%] Built target std_msgs_generate_messages_nodejs
[5.219s] [  0%] Built target geometry_msgs_generate_messages_nodejs
[5.231s] [35m[1mScanning dependencies of target geometry_msgs_generate_messages_cpp[0m
[5.237s] [35m[1mScanning dependencies of target sensor_msgs_generate_messages_cpp[0m
[5.248s] [  0%] Built target geometry_msgs_generate_messages_cpp
[5.256s] [35m[1mScanning dependencies of target std_msgs_generate_messages_cpp[0m
[5.280s] [  0%] Built target sensor_msgs_generate_messages_cpp
[5.293s] [  0%] Built target std_msgs_generate_messages_cpp
[5.302s] [35m[1mScanning dependencies of target geometry_msgs_generate_messages_lisp[0m
[5.306s] [35m[1mScanning dependencies of target std_msgs_generate_messages_lisp[0m
[5.318s] [  0%] Built target geometry_msgs_generate_messages_lisp
[5.324s] [  0%] Built target std_msgs_generate_messages_lisp
[5.329s] [35m[1mScanning dependencies of target sensor_msgs_generate_messages_lisp[0m
[5.343s] [  0%] Built target sensor_msgs_generate_messages_lisp
[5.344s] [35m[1mScanning dependencies of target geometry_msgs_generate_messages_eus[0m
[5.361s] [  0%] Built target geometry_msgs_generate_messages_eus
[5.362s] [35m[1mScanning dependencies of target sensor_msgs_generate_messages_eus[0m
[5.395s] [35m[1mScanning dependencies of target std_msgs_generate_messages_eus[0m
[5.397s] [  0%] Built target sensor_msgs_generate_messages_eus
[5.406s] [  0%] Built target std_msgs_generate_messages_eus
[5.417s] [35m[1mScanning dependencies of target baxter_core_msgs_generate_messages_nodejs[0m
[5.431s] [35m[1mScanning dependencies of target baxter_core_msgs_generate_messages_py[0m
[5.445s] [  0%] [34m[1mGenerating Javascript code from baxter_core_msgs/EndEffectorCommand.msg[0m
[5.458s] [  1%] [34m[1mGenerating Python from MSG baxter_core_msgs/EndEffectorCommand[0m
[5.528s] [  2%] [34m[1mGenerating Javascript code from baxter_core_msgs/CollisionAvoidanceState.msg[0m
[5.663s] [  3%] [34m[1mGenerating Javascript code from baxter_core_msgs/CameraControl.msg[0m
[5.726s] [  3%] [34m[1mGenerating Javascript code from baxter_core_msgs/EndEffectorProperties.msg[0m
[5.759s] [  3%] [34m[1mGenerating Python from MSG baxter_core_msgs/CollisionAvoidanceState[0m
[5.807s] [  4%] [34m[1mGenerating Javascript code from baxter_core_msgs/EndEffectorState.msg[0m
[5.903s] [  5%] [34m[1mGenerating Javascript code from baxter_core_msgs/SEAJointState.msg[0m
[5.915s] [  6%] [34m[1mGenerating Python from MSG baxter_core_msgs/CameraControl[0m
[5.983s] [  6%] [34m[1mGenerating Javascript code from baxter_core_msgs/HeadState.msg[0m
[6.093s] [  7%] [34m[1mGenerating Javascript code from baxter_core_msgs/DigitalOutputCommand.msg[0m
[6.102s] [  8%] [34m[1mGenerating Python from MSG baxter_core_msgs/EndEffectorProperties[0m
[6.175s] [  9%] [34m[1mGenerating Javascript code from baxter_core_msgs/CameraSettings.msg[0m
[6.264s] [  9%] [34m[1mGenerating Javascript code from baxter_core_msgs/NavigatorStates.msg[0m
[6.266s] [  9%] [34m[1mGenerating Python from MSG baxter_core_msgs/EndEffectorState[0m
[6.317s] [ 10%] [34m[1mGenerating Javascript code from baxter_core_msgs/EndpointState.msg[0m
[6.400s] [ 10%] [34m[1mGenerating Javascript code from baxter_core_msgs/DigitalIOState.msg[0m
[6.442s] [ 11%] [34m[1mGenerating Python from MSG baxter_core_msgs/SEAJointState[0m
[6.464s] [ 12%] [34m[1mGenerating Javascript code from baxter_core_msgs/AssemblyState.msg[0m
[6.547s] [ 13%] [34m[1mGenerating Javascript code from baxter_core_msgs/DigitalIOStates.msg[0m
[6.566s] [ 13%] [34m[1mGenerating Python from MSG baxter_core_msgs/HeadState[0m
[6.648s] [ 13%] [34m[1mGenerating Javascript code from baxter_core_msgs/AnalogIOStates.msg[0m
[6.729s] [ 15%] [34m[1mGenerating Python from MSG baxter_core_msgs/DigitalOutputCommand[0m
[6.738s] [ 16%] [34m[1mGenerating Javascript code from baxter_core_msgs/HeadPanCommand.msg[0m
[6.832s] [ 17%] [34m[1mGenerating Javascript code from baxter_core_msgs/CollisionDetectionState.msg[0m
[6.907s] [ 17%] [34m[1mGenerating Javascript code from baxter_core_msgs/NavigatorState.msg[0m
[6.934s] [ 18%] [34m[1mGenerating Python from MSG baxter_core_msgs/CameraSettings[0m
[7.008s] [ 19%] [34m[1mGenerating Javascript code from baxter_core_msgs/JointCommand.msg[0m
[7.087s] [ 19%] [34m[1mGenerating Javascript code from baxter_core_msgs/AnalogIOState.msg[0m
[7.167s] [ 19%] [34m[1mGenerating Python from MSG baxter_core_msgs/NavigatorStates[0m
[7.183s] [ 20%] [34m[1mGenerating Javascript code from baxter_core_msgs/EndpointStates.msg[0m
[7.240s] [ 21%] [34m[1mGenerating Javascript code from baxter_core_msgs/RobustControllerStatus.msg[0m
[7.334s] [ 22%] [34m[1mGenerating Python from MSG baxter_core_msgs/EndpointState[0m
[7.344s] [ 22%] [34m[1mGenerating Javascript code from baxter_core_msgs/AssemblyStates.msg[0m
[7.449s] [ 23%] [34m[1mGenerating Python from MSG baxter_core_msgs/DigitalIOState[0m
[7.449s] [ 24%] [34m[1mGenerating Javascript code from baxter_core_msgs/URDFConfiguration.msg[0m
[7.528s] [ 25%] [34m[1mGenerating Javascript code from baxter_core_msgs/AnalogOutputCommand.msg[0m
[7.616s] [ 25%] [34m[1mGenerating Python from MSG baxter_core_msgs/AssemblyState[0m
[7.656s] [ 25%] [34m[1mGenerating Javascript code from baxter_core_msgs/OpenCamera.srv[0m
[7.713s] [ 26%] [34m[1mGenerating Python from MSG baxter_core_msgs/DigitalIOStates[0m
[7.789s] [ 27%] [34m[1mGenerating Javascript code from baxter_core_msgs/CloseCamera.srv[0m
[7.847s] [ 29%] [34m[1mGenerating Python from MSG baxter_core_msgs/AnalogIOStates[0m
[7.888s] [ 29%] [34m[1mGenerating Javascript code from baxter_core_msgs/ListCameras.srv[0m
[8.032s] [ 29%] [34m[1mGenerating Python from MSG baxter_core_msgs/HeadPanCommand[0m
[8.054s] [ 30%] [34m[1mGenerating Javascript code from baxter_core_msgs/SolvePositionIK.srv[0m
[8.156s] [ 31%] [34m[1mGenerating Python from MSG baxter_core_msgs/CollisionDetectionState[0m
[8.211s] [ 31%] Built target baxter_core_msgs_generate_messages_nodejs
[8.234s] [ 31%] [34m[1mGenerating Python from MSG baxter_core_msgs/NavigatorState[0m
[8.311s] [35m[1mScanning dependencies of target baxter_core_msgs_generate_messages_cpp[0m
[8.342s] [ 31%] [34m[1mGenerating C++ code from baxter_core_msgs/EndEffectorCommand.msg[0m
[8.448s] [ 32%] [34m[1mGenerating Python from MSG baxter_core_msgs/JointCommand[0m
[8.562s] [ 33%] [34m[1mGenerating C++ code from baxter_core_msgs/CollisionAvoidanceState.msg[0m
[8.843s] [ 34%] [34m[1mGenerating Python from MSG baxter_core_msgs/AnalogIOState[0m
[8.979s] [ 34%] [34m[1mGenerating C++ code from baxter_core_msgs/CameraControl.msg[0m
[9.155s] [ 34%] [34m[1mGenerating Python from MSG baxter_core_msgs/EndpointStates[0m
[9.286s] [ 35%] [34m[1mGenerating C++ code from baxter_core_msgs/EndEffectorProperties.msg[0m
[9.402s] [ 36%] [34m[1mGenerating Python from MSG baxter_core_msgs/RobustControllerStatus[0m
[9.696s] [ 37%] [34m[1mGenerating C++ code from baxter_core_msgs/EndEffectorState.msg[0m
[9.771s] [ 38%] [34m[1mGenerating Python from MSG baxter_core_msgs/AssemblyStates[0m
[9.978s] [ 38%] [34m[1mGenerating C++ code from baxter_core_msgs/SEAJointState.msg[0m
[10.025s] [ 38%] [34m[1mGenerating Python from MSG baxter_core_msgs/URDFConfiguration[0m
[10.284s] [ 39%] [34m[1mGenerating C++ code from baxter_core_msgs/HeadState.msg[0m
[10.336s] [ 40%] [34m[1mGenerating Python from MSG baxter_core_msgs/AnalogOutputCommand[0m
[10.552s] [ 41%] [34m[1mGenerating C++ code from baxter_core_msgs/DigitalOutputCommand.msg[0m
[10.665s] [ 41%] [34m[1mGenerating Python code from SRV baxter_core_msgs/OpenCamera[0m
[10.832s] [ 41%] [34m[1mGenerating C++ code from baxter_core_msgs/CameraSettings.msg[0m
[10.903s] [ 43%] [34m[1mGenerating Python code from SRV baxter_core_msgs/CloseCamera[0m
[11.045s] [ 44%] [34m[1mGenerating C++ code from baxter_core_msgs/NavigatorStates.msg[0m
[11.175s] [ 45%] [34m[1mGenerating Python code from SRV baxter_core_msgs/ListCameras[0m
[11.314s] [ 45%] [34m[1mGenerating C++ code from baxter_core_msgs/EndpointState.msg[0m
[11.397s] [ 45%] [34m[1mGenerating Python code from SRV baxter_core_msgs/SolvePositionIK[0m
[11.499s] [ 46%] [34m[1mGenerating C++ code from baxter_core_msgs/DigitalIOState.msg[0m
[11.615s] [ 47%] [34m[1mGenerating Python msg __init__.py for baxter_core_msgs[0m
[11.774s] [ 48%] [34m[1mGenerating C++ code from baxter_core_msgs/AssemblyState.msg[0m
[11.799s] [ 49%] [34m[1mGenerating Python srv __init__.py for baxter_core_msgs[0m
[12.035s] [ 49%] Built target baxter_core_msgs_generate_messages_py
[12.071s] [ 49%] [34m[1mGenerating C++ code from baxter_core_msgs/DigitalIOStates.msg[0m
[12.104s] [35m[1mScanning dependencies of target baxter_core_msgs_generate_messages_lisp[0m
[12.162s] [ 49%] [34m[1mGenerating Lisp code from baxter_core_msgs/EndEffectorCommand.msg[0m
[12.297s] [ 50%] [34m[1mGenerating Lisp code from baxter_core_msgs/CollisionAvoidanceState.msg[0m
[12.326s] [ 51%] [34m[1mGenerating C++ code from baxter_core_msgs/AnalogIOStates.msg[0m
[12.402s] [ 51%] [34m[1mGenerating Lisp code from baxter_core_msgs/CameraControl.msg[0m
[12.541s] [ 52%] [34m[1mGenerating Lisp code from baxter_core_msgs/EndEffectorProperties.msg[0m
[12.582s] [ 53%] [34m[1mGenerating C++ code from baxter_core_msgs/HeadPanCommand.msg[0m
[12.683s] [ 54%] [34m[1mGenerating Lisp code from baxter_core_msgs/EndEffectorState.msg[0m
[12.803s] [ 54%] [34m[1mGenerating Lisp code from baxter_core_msgs/SEAJointState.msg[0m
[12.986s] [ 55%] [34m[1mGenerating Lisp code from baxter_core_msgs/HeadState.msg[0m
[13.002s] [ 55%] [34m[1mGenerating C++ code from baxter_core_msgs/CollisionDetectionState.msg[0m
[13.194s] [ 56%] [34m[1mGenerating Lisp code from baxter_core_msgs/DigitalOutputCommand.msg[0m
[13.350s] [ 56%] [34m[1mGenerating Lisp code from baxter_core_msgs/CameraSettings.msg[0m
[13.386s] [ 58%] [34m[1mGenerating C++ code from baxter_core_msgs/NavigatorState.msg[0m
[13.508s] [ 59%] [34m[1mGenerating Lisp code from baxter_core_msgs/NavigatorStates.msg[0m
[13.522s] [ 59%] [34m[1mGenerating C++ code from baxter_core_msgs/JointCommand.msg[0m
[13.591s] [ 60%] [34m[1mGenerating Lisp code from baxter_core_msgs/EndpointState.msg[0m
[13.747s] [ 60%] [34m[1mGenerating Lisp code from baxter_core_msgs/DigitalIOState.msg[0m
[13.767s] [ 61%] [34m[1mGenerating C++ code from baxter_core_msgs/AnalogIOState.msg[0m
[13.900s] [ 62%] [34m[1mGenerating Lisp code from baxter_core_msgs/AssemblyState.msg[0m
[14.011s] [ 63%] [34m[1mGenerating C++ code from baxter_core_msgs/EndpointStates.msg[0m
[14.034s] [ 63%] [34m[1mGenerating Lisp code from baxter_core_msgs/DigitalIOStates.msg[0m
[14.121s] [ 64%] [34m[1mGenerating Lisp code from baxter_core_msgs/AnalogIOStates.msg[0m
[14.189s] [ 65%] [34m[1mGenerating Lisp code from baxter_core_msgs/HeadPanCommand.msg[0m
[14.202s] [ 65%] [34m[1mGenerating C++ code from baxter_core_msgs/RobustControllerStatus.msg[0m
[14.243s] [ 65%] [34m[1mGenerating Lisp code from baxter_core_msgs/CollisionDetectionState.msg[0m
[14.334s] [ 66%] [34m[1mGenerating Lisp code from baxter_core_msgs/NavigatorState.msg[0m
[14.388s] [ 67%] [34m[1mGenerating C++ code from baxter_core_msgs/AssemblyStates.msg[0m
[14.437s] [ 68%] [34m[1mGenerating Lisp code from baxter_core_msgs/JointCommand.msg[0m
[14.489s] [ 68%] [34m[1mGenerating Lisp code from baxter_core_msgs/AnalogIOState.msg[0m
[14.544s] [ 69%] [34m[1mGenerating C++ code from baxter_core_msgs/URDFConfiguration.msg[0m
[14.550s] [ 70%] [34m[1mGenerating Lisp code from baxter_core_msgs/EndpointStates.msg[0m
[14.651s] [ 70%] [34m[1mGenerating Lisp code from baxter_core_msgs/RobustControllerStatus.msg[0m
[14.732s] [ 70%] [34m[1mGenerating C++ code from baxter_core_msgs/AnalogOutputCommand.msg[0m
[14.740s] [ 72%] [34m[1mGenerating Lisp code from baxter_core_msgs/AssemblyStates.msg[0m
[14.852s] [ 73%] [34m[1mGenerating Lisp code from baxter_core_msgs/URDFConfiguration.msg[0m
[14.940s] [ 74%] [34m[1mGenerating C++ code from baxter_core_msgs/OpenCamera.srv[0m
[14.975s] [ 74%] [34m[1mGenerating Lisp code from baxter_core_msgs/AnalogOutputCommand.msg[0m
[15.079s] [ 75%] [34m[1mGenerating Lisp code from baxter_core_msgs/OpenCamera.srv[0m
[15.206s] [ 76%] [34m[1mGenerating Lisp code from baxter_core_msgs/CloseCamera.srv[0m
[15.283s] [ 76%] [34m[1mGenerating Lisp code from baxter_core_msgs/ListCameras.srv[0m
[15.337s] [ 76%] [34m[1mGenerating C++ code from baxter_core_msgs/CloseCamera.srv[0m
[15.381s] [ 77%] [34m[1mGenerating Lisp code from baxter_core_msgs/SolvePositionIK.srv[0m
[15.463s] [ 77%] Built target baxter_core_msgs_generate_messages_lisp
[15.501s] [35m[1mScanning dependencies of target baxter_core_msgs_generate_messages_eus[0m
[15.526s] [ 77%] [34m[1mGenerating EusLisp code from baxter_core_msgs/EndEffectorCommand.msg[0m
[15.640s] [ 78%] [34m[1mGenerating EusLisp code from baxter_core_msgs/CollisionAvoidanceState.msg[0m
[15.667s] [ 79%] [34m[1mGenerating C++ code from baxter_core_msgs/ListCameras.srv[0m
[15.774s] [ 80%] [34m[1mGenerating EusLisp code from baxter_core_msgs/CameraControl.msg[0m
[15.889s] [ 80%] [34m[1mGenerating EusLisp code from baxter_core_msgs/EndEffectorProperties.msg[0m
[16.002s] [ 81%] [34m[1mGenerating EusLisp code from baxter_core_msgs/EndEffectorState.msg[0m
[16.012s] [ 82%] [34m[1mGenerating C++ code from baxter_core_msgs/SolvePositionIK.srv[0m
[16.101s] [ 83%] [34m[1mGenerating EusLisp code from baxter_core_msgs/SEAJointState.msg[0m
[16.255s] [ 83%] [34m[1mGenerating EusLisp code from baxter_core_msgs/HeadState.msg[0m
[16.349s] [ 84%] [34m[1mGenerating EusLisp code from baxter_core_msgs/DigitalOutputCommand.msg[0m
[16.357s] [ 84%] Built target baxter_core_msgs_generate_messages_cpp
[16.385s] [ 84%] [34m[1mGenerating EusLisp code from baxter_core_msgs/CameraSettings.msg[0m
[16.428s] [ 86%] [34m[1mGenerating EusLisp code from baxter_core_msgs/NavigatorStates.msg[0m
[16.501s] [ 86%] [34m[1mGenerating EusLisp code from baxter_core_msgs/DigitalIOState.msg[0m
[16.503s] [ 87%] [34m[1mGenerating EusLisp code from baxter_core_msgs/EndpointState.msg[0m
[16.576s] [ 88%] [34m[1mGenerating EusLisp code from baxter_core_msgs/AssemblyState.msg[0m
[16.611s] [ 89%] [34m[1mGenerating EusLisp code from baxter_core_msgs/DigitalIOStates.msg[0m
[16.678s] [ 89%] [34m[1mGenerating EusLisp code from baxter_core_msgs/AnalogIOStates.msg[0m
[16.706s] [ 90%] [34m[1mGenerating EusLisp code from baxter_core_msgs/HeadPanCommand.msg[0m
[16.805s] [ 90%] [34m[1mGenerating EusLisp code from baxter_core_msgs/CollisionDetectionState.msg[0m
[16.817s] [ 91%] [34m[1mGenerating EusLisp code from baxter_core_msgs/NavigatorState.msg[0m
[16.925s] [ 92%] [34m[1mGenerating EusLisp code from baxter_core_msgs/JointCommand.msg[0m
[16.926s] [ 92%] [34m[1mGenerating EusLisp code from baxter_core_msgs/AnalogIOState.msg[0m
[17.001s] [ 93%] [34m[1mGenerating EusLisp code from baxter_core_msgs/EndpointStates.msg[0m
[17.036s] [ 94%] [34m[1mGenerating EusLisp code from baxter_core_msgs/RobustControllerStatus.msg[0m
[17.118s] [ 94%] [34m[1mGenerating EusLisp code from baxter_core_msgs/AssemblyStates.msg[0m
[17.126s] [ 95%] [34m[1mGenerating EusLisp code from baxter_core_msgs/URDFConfiguration.msg[0m
[17.198s] [ 95%] [34m[1mGenerating EusLisp code from baxter_core_msgs/AnalogOutputCommand.msg[0m
[17.236s] [ 96%] [34m[1mGenerating EusLisp code from baxter_core_msgs/OpenCamera.srv[0m
[17.354s] [ 97%] [34m[1mGenerating EusLisp code from baxter_core_msgs/CloseCamera.srv[0m
[17.386s] [ 97%] [34m[1mGenerating EusLisp code from baxter_core_msgs/ListCameras.srv[0m
[17.464s] [ 98%] [34m[1mGenerating EusLisp code from baxter_core_msgs/SolvePositionIK.srv[0m
[17.516s] [100%] [34m[1mGenerating EusLisp manifest code for baxter_core_msgs[0m
[18.893s] [100%] Built target baxter_core_msgs_generate_messages_eus
[18.922s] [35m[1mScanning dependencies of target baxter_core_msgs_generate_messages[0m
[18.943s] [100%] Built target baxter_core_msgs_generate_messages
[18.990s] Invoked command in '/home/rick/catkin_ws/src/build/baxter_core_msgs' returned '0': /usr/bin/cmake --build /home/rick/catkin_ws/src/build/baxter_core_msgs -- -j2 -l2
[19.168s] Invoking command in '/home/rick/catkin_ws/src/build/baxter_core_msgs': /usr/bin/cmake --build /home/rick/catkin_ws/src/build/baxter_core_msgs --target tests -- -j2 -l2
[19.273s] [35m[1mScanning dependencies of target tests[0m
[19.284s] Built target tests
[19.302s] Invoked command in '/home/rick/catkin_ws/src/build/baxter_core_msgs' returned '0': /usr/bin/cmake --build /home/rick/catkin_ws/src/build/baxter_core_msgs --target tests -- -j2 -l2
[19.408s] Invoking command in '/home/rick/catkin_ws/src/build/baxter_core_msgs': /usr/bin/cmake --build /home/rick/catkin_ws/src/build/baxter_core_msgs --target install -- -j2 -l2
[19.561s] [  0%] Built target _baxter_core_msgs_generate_messages_check_deps_NavigatorState
[19.623s] [  0%] Built target _baxter_core_msgs_generate_messages_check_deps_DigitalIOStates
[19.636s] [  0%] Built target _baxter_core_msgs_generate_messages_check_deps_AnalogOutputCommand
[19.702s] [  0%] Built target _baxter_core_msgs_generate_messages_check_deps_ListCameras
[19.708s] [  0%] Built target _baxter_core_msgs_generate_messages_check_deps_URDFConfiguration
[19.784s] [  0%] Built target _baxter_core_msgs_generate_messages_check_deps_AssemblyStates
[19.791s] [  0%] Built target _baxter_core_msgs_generate_messages_check_deps_EndEffectorState
[19.820s] [  0%] Built target sensor_msgs_generate_messages_py
[19.883s] [  0%] Built target _baxter_core_msgs_generate_messages_check_deps_EndEffectorCommand
[19.932s] [  0%] Built target _baxter_core_msgs_generate_messages_check_deps_DigitalOutputCommand
[19.960s] [  0%] Built target _baxter_core_msgs_generate_messages_check_deps_HeadState
[20.041s] [  0%] Built target _baxter_core_msgs_generate_messages_check_deps_CloseCamera
[20.047s] [  0%] Built target _baxter_core_msgs_generate_messages_check_deps_NavigatorStates
[20.079s] [  0%] Built target geometry_msgs_generate_messages_py
[20.080s] [  0%] Built target std_msgs_generate_messages_py
[20.186s] [  0%] Built target _baxter_core_msgs_generate_messages_check_deps_CollisionAvoidanceState
[20.201s] [  0%] Built target _baxter_core_msgs_generate_messages_check_deps_JointCommand
[20.272s] [  0%] Built target _baxter_core_msgs_generate_messages_check_deps_AssemblyState
[20.293s] [  0%] Built target _baxter_core_msgs_generate_messages_check_deps_EndEffectorProperties
[20.378s] [  0%] Built target _baxter_core_msgs_generate_messages_check_deps_SolvePositionIK
[20.446s] [  0%] Built target _baxter_core_msgs_generate_messages_check_deps_AnalogIOStates
[20.461s] [  0%] Built target _baxter_core_msgs_generate_messages_check_deps_CameraControl
[20.520s] [  0%] Built target _baxter_core_msgs_generate_messages_check_deps_CameraSettings
[20.542s] [  0%] Built target _baxter_core_msgs_generate_messages_check_deps_SEAJointState
[20.589s] [  0%] Built target _baxter_core_msgs_generate_messages_check_deps_HeadPanCommand
[20.607s] [  0%] Built target _baxter_core_msgs_generate_messages_check_deps_AnalogIOState
[20.695s] [  0%] Built target _baxter_core_msgs_generate_messages_check_deps_DigitalIOState
[20.696s] [  0%] Built target _baxter_core_msgs_generate_messages_check_deps_EndpointState
[20.779s] [  0%] Built target _baxter_core_msgs_generate_messages_check_deps_OpenCamera
[20.779s] [  0%] Built target _baxter_core_msgs_generate_messages_check_deps_RobustControllerStatus
[20.862s] [  0%] Built target _baxter_core_msgs_generate_messages_check_deps_CollisionDetectionState
[20.868s] [  0%] Built target _baxter_core_msgs_generate_messages_check_deps_EndpointStates
[20.890s] [  0%] Built target geometry_msgs_generate_messages_nodejs
[20.902s] [  0%] Built target sensor_msgs_generate_messages_nodejs
[20.939s] [  0%] Built target std_msgs_generate_messages_nodejs
[20.951s] [  0%] Built target geometry_msgs_generate_messages_cpp
[20.962s] [  0%] Built target sensor_msgs_generate_messages_cpp
[20.990s] [  0%] Built target std_msgs_generate_messages_cpp
[20.995s] [  0%] Built target std_msgs_generate_messages_lisp
[21.027s] [  0%] Built target geometry_msgs_generate_messages_lisp
[21.034s] [  0%] Built target sensor_msgs_generate_messages_lisp
[21.054s] [  0%] Built target geometry_msgs_generate_messages_eus
[21.072s] [  0%] Built target std_msgs_generate_messages_eus
[21.089s] [  0%] Built target sensor_msgs_generate_messages_eus
[21.093s] [ 21%] Built target baxter_core_msgs_generate_messages_py
[21.133s] [ 40%] Built target baxter_core_msgs_generate_messages_cpp
[21.143s] [ 60%] Built target baxter_core_msgs_generate_messages_nodejs
[21.160s] [ 79%] Built target baxter_core_msgs_generate_messages_lisp
[21.176s] [100%] Built target baxter_core_msgs_generate_messages_eus
[21.199s] [100%] Built target baxter_core_msgs_generate_messages
[21.235s] [36mInstall the project...[0m
[21.247s] -- Install configuration: ""
[21.248s] -- Execute custom install script
[21.248s] -- Symlinking: /home/rick/catkin_ws/src/install/baxter_core_msgs/share/baxter_core_msgs/msg/AnalogIOState.msg
[21.255s] -- Symlinking: /home/rick/catkin_ws/src/install/baxter_core_msgs/share/baxter_core_msgs/msg/AnalogIOStates.msg
[21.263s] -- Symlinking: /home/rick/catkin_ws/src/install/baxter_core_msgs/share/baxter_core_msgs/msg/AnalogOutputCommand.msg
[21.270s] -- Symlinking: /home/rick/catkin_ws/src/install/baxter_core_msgs/share/baxter_core_msgs/msg/AssemblyState.msg
[21.276s] -- Symlinking: /home/rick/catkin_ws/src/install/baxter_core_msgs/share/baxter_core_msgs/msg/AssemblyStates.msg
[21.283s] -- Symlinking: /home/rick/catkin_ws/src/install/baxter_core_msgs/share/baxter_core_msgs/msg/CameraControl.msg
[21.296s] -- Symlinking: /home/rick/catkin_ws/src/install/baxter_core_msgs/share/baxter_core_msgs/msg/CameraSettings.msg
[21.309s] -- Symlinking: /home/rick/catkin_ws/src/install/baxter_core_msgs/share/baxter_core_msgs/msg/CollisionAvoidanceState.msg
[21.319s] -- Symlinking: /home/rick/catkin_ws/src/install/baxter_core_msgs/share/baxter_core_msgs/msg/CollisionDetectionState.msg
[21.332s] -- Symlinking: /home/rick/catkin_ws/src/install/baxter_core_msgs/share/baxter_core_msgs/msg/DigitalIOState.msg
[21.350s] -- Symlinking: /home/rick/catkin_ws/src/install/baxter_core_msgs/share/baxter_core_msgs/msg/DigitalIOStates.msg
[21.357s] -- Symlinking: /home/rick/catkin_ws/src/install/baxter_core_msgs/share/baxter_core_msgs/msg/DigitalOutputCommand.msg
[21.364s] -- Symlinking: /home/rick/catkin_ws/src/install/baxter_core_msgs/share/baxter_core_msgs/msg/EndEffectorCommand.msg
[21.377s] -- Symlinking: /home/rick/catkin_ws/src/install/baxter_core_msgs/share/baxter_core_msgs/msg/EndEffectorProperties.msg
[21.387s] -- Symlinking: /home/rick/catkin_ws/src/install/baxter_core_msgs/share/baxter_core_msgs/msg/EndEffectorState.msg
[21.398s] -- Symlinking: /home/rick/catkin_ws/src/install/baxter_core_msgs/share/baxter_core_msgs/msg/EndpointState.msg
[21.407s] -- Symlinking: /home/rick/catkin_ws/src/install/baxter_core_msgs/share/baxter_core_msgs/msg/EndpointStates.msg
[21.416s] -- Symlinking: /home/rick/catkin_ws/src/install/baxter_core_msgs/share/baxter_core_msgs/msg/HeadPanCommand.msg
[21.437s] -- Symlinking: /home/rick/catkin_ws/src/install/baxter_core_msgs/share/baxter_core_msgs/msg/HeadState.msg
[21.449s] -- Symlinking: /home/rick/catkin_ws/src/install/baxter_core_msgs/share/baxter_core_msgs/msg/JointCommand.msg
[21.458s] -- Symlinking: /home/rick/catkin_ws/src/install/baxter_core_msgs/share/baxter_core_msgs/msg/NavigatorState.msg
[21.469s] -- Symlinking: /home/rick/catkin_ws/src/install/baxter_core_msgs/share/baxter_core_msgs/msg/NavigatorStates.msg
[21.479s] -- Symlinking: /home/rick/catkin_ws/src/install/baxter_core_msgs/share/baxter_core_msgs/msg/RobustControllerStatus.msg
[21.487s] -- Symlinking: /home/rick/catkin_ws/src/install/baxter_core_msgs/share/baxter_core_msgs/msg/SEAJointState.msg
[21.499s] -- Symlinking: /home/rick/catkin_ws/src/install/baxter_core_msgs/share/baxter_core_msgs/msg/URDFConfiguration.msg
[21.512s] -- Symlinking: /home/rick/catkin_ws/src/install/baxter_core_msgs/share/baxter_core_msgs/srv/CloseCamera.srv
[21.522s] -- Symlinking: /home/rick/catkin_ws/src/install/baxter_core_msgs/share/baxter_core_msgs/srv/ListCameras.srv
[21.534s] -- Symlinking: /home/rick/catkin_ws/src/install/baxter_core_msgs/share/baxter_core_msgs/srv/OpenCamera.srv
[21.541s] -- Symlinking: /home/rick/catkin_ws/src/install/baxter_core_msgs/share/baxter_core_msgs/srv/SolvePositionIK.srv
[21.548s] -- Symlinking: /home/rick/catkin_ws/src/install/baxter_core_msgs/share/baxter_core_msgs/cmake/baxter_core_msgs-msg-paths.cmake
[21.563s] -- Symlinking: /home/rick/catkin_ws/src/install/baxter_core_msgs/include/baxter_core_msgs/AnalogIOState.h
[21.570s] -- Symlinking: /home/rick/catkin_ws/src/install/baxter_core_msgs/include/baxter_core_msgs/AnalogIOStates.h
[21.576s] -- Symlinking: /home/rick/catkin_ws/src/install/baxter_core_msgs/include/baxter_core_msgs/AnalogOutputCommand.h
[21.583s] -- Symlinking: /home/rick/catkin_ws/src/install/baxter_core_msgs/include/baxter_core_msgs/AssemblyState.h
[21.589s] -- Symlinking: /home/rick/catkin_ws/src/install/baxter_core_msgs/include/baxter_core_msgs/AssemblyStates.h
[21.595s] -- Symlinking: /home/rick/catkin_ws/src/install/baxter_core_msgs/include/baxter_core_msgs/CameraControl.h
[21.604s] -- Symlinking: /home/rick/catkin_ws/src/install/baxter_core_msgs/include/baxter_core_msgs/CameraSettings.h
[21.616s] -- Symlinking: /home/rick/catkin_ws/src/install/baxter_core_msgs/include/baxter_core_msgs/CloseCamera.h
[21.627s] -- Symlinking: /home/rick/catkin_ws/src/install/baxter_core_msgs/include/baxter_core_msgs/CloseCameraRequest.h
[21.639s] -- Symlinking: /home/rick/catkin_ws/src/install/baxter_core_msgs/include/baxter_core_msgs/CloseCameraResponse.h
[21.650s] -- Symlinking: /home/rick/catkin_ws/src/install/baxter_core_msgs/include/baxter_core_msgs/CollisionAvoidanceState.h
[21.662s] -- Symlinking: /home/rick/catkin_ws/src/install/baxter_core_msgs/include/baxter_core_msgs/CollisionDetectionState.h
[21.669s] -- Symlinking: /home/rick/catkin_ws/src/install/baxter_core_msgs/include/baxter_core_msgs/DigitalIOState.h
[21.682s] -- Symlinking: /home/rick/catkin_ws/src/install/baxter_core_msgs/include/baxter_core_msgs/DigitalIOStates.h
[21.690s] -- Symlinking: /home/rick/catkin_ws/src/install/baxter_core_msgs/include/baxter_core_msgs/DigitalOutputCommand.h
[21.699s] -- Symlinking: /home/rick/catkin_ws/src/install/baxter_core_msgs/include/baxter_core_msgs/EndEffectorCommand.h
[21.711s] -- Symlinking: /home/rick/catkin_ws/src/install/baxter_core_msgs/include/baxter_core_msgs/EndEffectorProperties.h
[21.718s] -- Symlinking: /home/rick/catkin_ws/src/install/baxter_core_msgs/include/baxter_core_msgs/EndEffectorState.h
[21.727s] -- Symlinking: /home/rick/catkin_ws/src/install/baxter_core_msgs/include/baxter_core_msgs/EndpointState.h
[21.742s] -- Symlinking: /home/rick/catkin_ws/src/install/baxter_core_msgs/include/baxter_core_msgs/EndpointStates.h
[21.754s] -- Symlinking: /home/rick/catkin_ws/src/install/baxter_core_msgs/include/baxter_core_msgs/HeadPanCommand.h
[21.765s] -- Symlinking: /home/rick/catkin_ws/src/install/baxter_core_msgs/include/baxter_core_msgs/HeadState.h
[21.778s] -- Symlinking: /home/rick/catkin_ws/src/install/baxter_core_msgs/include/baxter_core_msgs/JointCommand.h
[21.786s] -- Symlinking: /home/rick/catkin_ws/src/install/baxter_core_msgs/include/baxter_core_msgs/ListCameras.h
[21.798s] -- Symlinking: /home/rick/catkin_ws/src/install/baxter_core_msgs/include/baxter_core_msgs/ListCamerasRequest.h
[21.811s] -- Symlinking: /home/rick/catkin_ws/src/install/baxter_core_msgs/include/baxter_core_msgs/ListCamerasResponse.h
[21.820s] -- Symlinking: /home/rick/catkin_ws/src/install/baxter_core_msgs/include/baxter_core_msgs/NavigatorState.h
[21.842s] -- Symlinking: /home/rick/catkin_ws/src/install/baxter_core_msgs/include/baxter_core_msgs/NavigatorStates.h
[21.856s] -- Symlinking: /home/rick/catkin_ws/src/install/baxter_core_msgs/include/baxter_core_msgs/OpenCamera.h
[21.869s] -- Symlinking: /home/rick/catkin_ws/src/install/baxter_core_msgs/include/baxter_core_msgs/OpenCameraRequest.h
[21.881s] -- Symlinking: /home/rick/catkin_ws/src/install/baxter_core_msgs/include/baxter_core_msgs/OpenCameraResponse.h
[21.892s] -- Symlinking: /home/rick/catkin_ws/src/install/baxter_core_msgs/include/baxter_core_msgs/RobustControllerStatus.h
[21.901s] -- Symlinking: /home/rick/catkin_ws/src/install/baxter_core_msgs/include/baxter_core_msgs/SEAJointState.h
[21.912s] -- Symlinking: /home/rick/catkin_ws/src/install/baxter_core_msgs/include/baxter_core_msgs/SolvePositionIK.h
[21.922s] -- Symlinking: /home/rick/catkin_ws/src/install/baxter_core_msgs/include/baxter_core_msgs/SolvePositionIKRequest.h
[21.932s] -- Symlinking: /home/rick/catkin_ws/src/install/baxter_core_msgs/include/baxter_core_msgs/SolvePositionIKResponse.h
[21.950s] -- Symlinking: /home/rick/catkin_ws/src/install/baxter_core_msgs/include/baxter_core_msgs/URDFConfiguration.h
[21.965s] -- Symlinking: /home/rick/catkin_ws/src/install/baxter_core_msgs/share/roseus/ros/baxter_core_msgs/manifest.l
[21.976s] -- Symlinking: /home/rick/catkin_ws/src/install/baxter_core_msgs/share/roseus/ros/baxter_core_msgs/msg/AnalogIOState.l
[21.987s] -- Symlinking: /home/rick/catkin_ws/src/install/baxter_core_msgs/share/roseus/ros/baxter_core_msgs/msg/AnalogIOStates.l
[21.999s] -- Symlinking: /home/rick/catkin_ws/src/install/baxter_core_msgs/share/roseus/ros/baxter_core_msgs/msg/AnalogOutputCommand.l
[22.011s] -- Symlinking: /home/rick/catkin_ws/src/install/baxter_core_msgs/share/roseus/ros/baxter_core_msgs/msg/AssemblyState.l
[22.021s] -- Symlinking: /home/rick/catkin_ws/src/install/baxter_core_msgs/share/roseus/ros/baxter_core_msgs/msg/AssemblyStates.l
[22.028s] -- Symlinking: /home/rick/catkin_ws/src/install/baxter_core_msgs/share/roseus/ros/baxter_core_msgs/msg/CameraControl.l
[22.047s] -- Symlinking: /home/rick/catkin_ws/src/install/baxter_core_msgs/share/roseus/ros/baxter_core_msgs/msg/CameraSettings.l
[22.054s] -- Symlinking: /home/rick/catkin_ws/src/install/baxter_core_msgs/share/roseus/ros/baxter_core_msgs/msg/CollisionAvoidanceState.l
[22.060s] -- Symlinking: /home/rick/catkin_ws/src/install/baxter_core_msgs/share/roseus/ros/baxter_core_msgs/msg/CollisionDetectionState.l
[22.067s] -- Symlinking: /home/rick/catkin_ws/src/install/baxter_core_msgs/share/roseus/ros/baxter_core_msgs/msg/DigitalIOState.l
[22.073s] -- Symlinking: /home/rick/catkin_ws/src/install/baxter_core_msgs/share/roseus/ros/baxter_core_msgs/msg/DigitalIOStates.l
[22.084s] -- Symlinking: /home/rick/catkin_ws/src/install/baxter_core_msgs/share/roseus/ros/baxter_core_msgs/msg/DigitalOutputCommand.l
[22.091s] -- Symlinking: /home/rick/catkin_ws/src/install/baxter_core_msgs/share/roseus/ros/baxter_core_msgs/msg/EndEffectorCommand.l
[22.098s] -- Symlinking: /home/rick/catkin_ws/src/install/baxter_core_msgs/share/roseus/ros/baxter_core_msgs/msg/EndEffectorProperties.l
[22.109s] -- Symlinking: /home/rick/catkin_ws/src/install/baxter_core_msgs/share/roseus/ros/baxter_core_msgs/msg/EndEffectorState.l
[22.115s] -- Symlinking: /home/rick/catkin_ws/src/install/baxter_core_msgs/share/roseus/ros/baxter_core_msgs/msg/EndpointState.l
[22.123s] -- Symlinking: /home/rick/catkin_ws/src/install/baxter_core_msgs/share/roseus/ros/baxter_core_msgs/msg/EndpointStates.l
[22.139s] -- Symlinking: /home/rick/catkin_ws/src/install/baxter_core_msgs/share/roseus/ros/baxter_core_msgs/msg/HeadPanCommand.l
[22.152s] -- Symlinking: /home/rick/catkin_ws/src/install/baxter_core_msgs/share/roseus/ros/baxter_core_msgs/msg/HeadState.l
[22.163s] -- Symlinking: /home/rick/catkin_ws/src/install/baxter_core_msgs/share/roseus/ros/baxter_core_msgs/msg/JointCommand.l
[22.169s] -- Symlinking: /home/rick/catkin_ws/src/install/baxter_core_msgs/share/roseus/ros/baxter_core_msgs/msg/NavigatorState.l
[22.176s] -- Symlinking: /home/rick/catkin_ws/src/install/baxter_core_msgs/share/roseus/ros/baxter_core_msgs/msg/NavigatorStates.l
[22.184s] -- Symlinking: /home/rick/catkin_ws/src/install/baxter_core_msgs/share/roseus/ros/baxter_core_msgs/msg/RobustControllerStatus.l
[22.194s] -- Symlinking: /home/rick/catkin_ws/src/install/baxter_core_msgs/share/roseus/ros/baxter_core_msgs/msg/SEAJointState.l
[22.208s] -- Symlinking: /home/rick/catkin_ws/src/install/baxter_core_msgs/share/roseus/ros/baxter_core_msgs/msg/URDFConfiguration.l
[22.218s] -- Symlinking: /home/rick/catkin_ws/src/install/baxter_core_msgs/share/roseus/ros/baxter_core_msgs/srv/CloseCamera.l
[22.235s] -- Symlinking: /home/rick/catkin_ws/src/install/baxter_core_msgs/share/roseus/ros/baxter_core_msgs/srv/ListCameras.l
[22.248s] -- Symlinking: /home/rick/catkin_ws/src/install/baxter_core_msgs/share/roseus/ros/baxter_core_msgs/srv/OpenCamera.l
[22.255s] -- Symlinking: /home/rick/catkin_ws/src/install/baxter_core_msgs/share/roseus/ros/baxter_core_msgs/srv/SolvePositionIK.l
[22.266s] -- Symlinking: /home/rick/catkin_ws/src/install/baxter_core_msgs/share/common-lisp/ros/baxter_core_msgs/msg/AnalogIOState.lisp
[22.278s] -- Symlinking: /home/rick/catkin_ws/src/install/baxter_core_msgs/share/common-lisp/ros/baxter_core_msgs/msg/AnalogIOStates.lisp
[22.287s] -- Symlinking: /home/rick/catkin_ws/src/install/baxter_core_msgs/share/common-lisp/ros/baxter_core_msgs/msg/AnalogOutputCommand.lisp
[22.299s] -- Symlinking: /home/rick/catkin_ws/src/install/baxter_core_msgs/share/common-lisp/ros/baxter_core_msgs/msg/AssemblyState.lisp
[22.307s] -- Symlinking: /home/rick/catkin_ws/src/install/baxter_core_msgs/share/common-lisp/ros/baxter_core_msgs/msg/AssemblyStates.lisp
[22.314s] -- Symlinking: /home/rick/catkin_ws/src/install/baxter_core_msgs/share/common-lisp/ros/baxter_core_msgs/msg/CameraControl.lisp
[22.321s] -- Symlinking: /home/rick/catkin_ws/src/install/baxter_core_msgs/share/common-lisp/ros/baxter_core_msgs/msg/CameraSettings.lisp
[22.327s] -- Symlinking: /home/rick/catkin_ws/src/install/baxter_core_msgs/share/common-lisp/ros/baxter_core_msgs/msg/CollisionAvoidanceState.lisp
[22.338s] -- Symlinking: /home/rick/catkin_ws/src/install/baxter_core_msgs/share/common-lisp/ros/baxter_core_msgs/msg/CollisionDetectionState.lisp
[22.345s] -- Symlinking: /home/rick/catkin_ws/src/install/baxter_core_msgs/share/common-lisp/ros/baxter_core_msgs/msg/DigitalIOState.lisp
[22.354s] -- Symlinking: /home/rick/catkin_ws/src/install/baxter_core_msgs/share/common-lisp/ros/baxter_core_msgs/msg/DigitalIOStates.lisp
[22.360s] -- Symlinking: /home/rick/catkin_ws/src/install/baxter_core_msgs/share/common-lisp/ros/baxter_core_msgs/msg/DigitalOutputCommand.lisp
[22.366s] -- Symlinking: /home/rick/catkin_ws/src/install/baxter_core_msgs/share/common-lisp/ros/baxter_core_msgs/msg/EndEffectorCommand.lisp
[22.373s] -- Symlinking: /home/rick/catkin_ws/src/install/baxter_core_msgs/share/common-lisp/ros/baxter_core_msgs/msg/EndEffectorProperties.lisp
[22.379s] -- Symlinking: /home/rick/catkin_ws/src/install/baxter_core_msgs/share/common-lisp/ros/baxter_core_msgs/msg/EndEffectorState.lisp
[22.387s] -- Symlinking: /home/rick/catkin_ws/src/install/baxter_core_msgs/share/common-lisp/ros/baxter_core_msgs/msg/EndpointState.lisp
[22.393s] -- Symlinking: /home/rick/catkin_ws/src/install/baxter_core_msgs/share/common-lisp/ros/baxter_core_msgs/msg/EndpointStates.lisp
[22.401s] -- Symlinking: /home/rick/catkin_ws/src/install/baxter_core_msgs/share/common-lisp/ros/baxter_core_msgs/msg/HeadPanCommand.lisp
[22.408s] -- Symlinking: /home/rick/catkin_ws/src/install/baxter_core_msgs/share/common-lisp/ros/baxter_core_msgs/msg/HeadState.lisp
[22.415s] -- Symlinking: /home/rick/catkin_ws/src/install/baxter_core_msgs/share/common-lisp/ros/baxter_core_msgs/msg/JointCommand.lisp
[22.421s] -- Symlinking: /home/rick/catkin_ws/src/install/baxter_core_msgs/share/common-lisp/ros/baxter_core_msgs/msg/NavigatorState.lisp
[22.428s] -- Symlinking: /home/rick/catkin_ws/src/install/baxter_core_msgs/share/common-lisp/ros/baxter_core_msgs/msg/NavigatorStates.lisp
[22.435s] -- Symlinking: /home/rick/catkin_ws/src/install/baxter_core_msgs/share/common-lisp/ros/baxter_core_msgs/msg/RobustControllerStatus.lisp
[22.442s] -- Symlinking: /home/rick/catkin_ws/src/install/baxter_core_msgs/share/common-lisp/ros/baxter_core_msgs/msg/SEAJointState.lisp
[22.459s] -- Symlinking: /home/rick/catkin_ws/src/install/baxter_core_msgs/share/common-lisp/ros/baxter_core_msgs/msg/URDFConfiguration.lisp
[22.468s] -- Symlinking: /home/rick/catkin_ws/src/install/baxter_core_msgs/share/common-lisp/ros/baxter_core_msgs/msg/_package.lisp
[22.481s] -- Symlinking: /home/rick/catkin_ws/src/install/baxter_core_msgs/share/common-lisp/ros/baxter_core_msgs/msg/_package_AnalogIOState.lisp
[22.487s] -- Symlinking: /home/rick/catkin_ws/src/install/baxter_core_msgs/share/common-lisp/ros/baxter_core_msgs/msg/_package_AnalogIOStates.lisp
[22.494s] -- Symlinking: /home/rick/catkin_ws/src/install/baxter_core_msgs/share/common-lisp/ros/baxter_core_msgs/msg/_package_AnalogOutputCommand.lisp
[22.504s] -- Symlinking: /home/rick/catkin_ws/src/install/baxter_core_msgs/share/common-lisp/ros/baxter_core_msgs/msg/_package_AssemblyState.lisp
[22.517s] -- Symlinking: /home/rick/catkin_ws/src/install/baxter_core_msgs/share/common-lisp/ros/baxter_core_msgs/msg/_package_AssemblyStates.lisp
[22.524s] -- Symlinking: /home/rick/catkin_ws/src/install/baxter_core_msgs/share/common-lisp/ros/baxter_core_msgs/msg/_package_CameraControl.lisp
[22.531s] -- Symlinking: /home/rick/catkin_ws/src/install/baxter_core_msgs/share/common-lisp/ros/baxter_core_msgs/msg/_package_CameraSettings.lisp
[22.548s] -- Symlinking: /home/rick/catkin_ws/src/install/baxter_core_msgs/share/common-lisp/ros/baxter_core_msgs/msg/_package_CollisionAvoidanceState.lisp
[22.555s] -- Symlinking: /home/rick/catkin_ws/src/install/baxter_core_msgs/share/common-lisp/ros/baxter_core_msgs/msg/_package_CollisionDetectionState.lisp
[22.562s] -- Symlinking: /home/rick/catkin_ws/src/install/baxter_core_msgs/share/common-lisp/ros/baxter_core_msgs/msg/_package_DigitalIOState.lisp
[22.569s] -- Symlinking: /home/rick/catkin_ws/src/install/baxter_core_msgs/share/common-lisp/ros/baxter_core_msgs/msg/_package_DigitalIOStates.lisp
[22.575s] -- Symlinking: /home/rick/catkin_ws/src/install/baxter_core_msgs/share/common-lisp/ros/baxter_core_msgs/msg/_package_DigitalOutputCommand.lisp
[22.582s] -- Symlinking: /home/rick/catkin_ws/src/install/baxter_core_msgs/share/common-lisp/ros/baxter_core_msgs/msg/_package_EndEffectorCommand.lisp
[22.589s] -- Symlinking: /home/rick/catkin_ws/src/install/baxter_core_msgs/share/common-lisp/ros/baxter_core_msgs/msg/_package_EndEffectorProperties.lisp
[22.595s] -- Symlinking: /home/rick/catkin_ws/src/install/baxter_core_msgs/share/common-lisp/ros/baxter_core_msgs/msg/_package_EndEffectorState.lisp
[22.603s] -- Symlinking: /home/rick/catkin_ws/src/install/baxter_core_msgs/share/common-lisp/ros/baxter_core_msgs/msg/_package_EndpointState.lisp
[22.610s] -- Symlinking: /home/rick/catkin_ws/src/install/baxter_core_msgs/share/common-lisp/ros/baxter_core_msgs/msg/_package_EndpointStates.lisp
[22.616s] -- Symlinking: /home/rick/catkin_ws/src/install/baxter_core_msgs/share/common-lisp/ros/baxter_core_msgs/msg/_package_HeadPanCommand.lisp
[22.623s] -- Symlinking: /home/rick/catkin_ws/src/install/baxter_core_msgs/share/common-lisp/ros/baxter_core_msgs/msg/_package_HeadState.lisp
[22.629s] -- Symlinking: /home/rick/catkin_ws/src/install/baxter_core_msgs/share/common-lisp/ros/baxter_core_msgs/msg/_package_JointCommand.lisp
[22.642s] -- Symlinking: /home/rick/catkin_ws/src/install/baxter_core_msgs/share/common-lisp/ros/baxter_core_msgs/msg/_package_NavigatorState.lisp
[22.658s] -- Symlinking: /home/rick/catkin_ws/src/install/baxter_core_msgs/share/common-lisp/ros/baxter_core_msgs/msg/_package_NavigatorStates.lisp
[22.669s] -- Symlinking: /home/rick/catkin_ws/src/install/baxter_core_msgs/share/common-lisp/ros/baxter_core_msgs/msg/_package_RobustControllerStatus.lisp
[22.675s] -- Symlinking: /home/rick/catkin_ws/src/install/baxter_core_msgs/share/common-lisp/ros/baxter_core_msgs/msg/_package_SEAJointState.lisp
[22.683s] -- Symlinking: /home/rick/catkin_ws/src/install/baxter_core_msgs/share/common-lisp/ros/baxter_core_msgs/msg/_package_URDFConfiguration.lisp
[22.689s] -- Symlinking: /home/rick/catkin_ws/src/install/baxter_core_msgs/share/common-lisp/ros/baxter_core_msgs/msg/baxter_core_msgs-msg.asd
[22.697s] -- Symlinking: /home/rick/catkin_ws/src/install/baxter_core_msgs/share/common-lisp/ros/baxter_core_msgs/srv/CloseCamera.lisp
[22.703s] -- Symlinking: /home/rick/catkin_ws/src/install/baxter_core_msgs/share/common-lisp/ros/baxter_core_msgs/srv/ListCameras.lisp
[22.712s] -- Symlinking: /home/rick/catkin_ws/src/install/baxter_core_msgs/share/common-lisp/ros/baxter_core_msgs/srv/OpenCamera.lisp
[22.724s] -- Symlinking: /home/rick/catkin_ws/src/install/baxter_core_msgs/share/common-lisp/ros/baxter_core_msgs/srv/SolvePositionIK.lisp
[22.734s] -- Symlinking: /home/rick/catkin_ws/src/install/baxter_core_msgs/share/common-lisp/ros/baxter_core_msgs/srv/_package.lisp
[22.741s] -- Symlinking: /home/rick/catkin_ws/src/install/baxter_core_msgs/share/common-lisp/ros/baxter_core_msgs/srv/_package_CloseCamera.lisp
[22.748s] -- Symlinking: /home/rick/catkin_ws/src/install/baxter_core_msgs/share/common-lisp/ros/baxter_core_msgs/srv/_package_ListCameras.lisp
[22.754s] -- Symlinking: /home/rick/catkin_ws/src/install/baxter_core_msgs/share/common-lisp/ros/baxter_core_msgs/srv/_package_OpenCamera.lisp
[22.761s] -- Symlinking: /home/rick/catkin_ws/src/install/baxter_core_msgs/share/common-lisp/ros/baxter_core_msgs/srv/_package_SolvePositionIK.lisp
[22.771s] -- Symlinking: /home/rick/catkin_ws/src/install/baxter_core_msgs/share/common-lisp/ros/baxter_core_msgs/srv/baxter_core_msgs-srv.asd
[22.786s] -- Symlinking: /home/rick/catkin_ws/src/install/baxter_core_msgs/share/gennodejs/ros/baxter_core_msgs/_index.js
[22.793s] -- Symlinking: /home/rick/catkin_ws/src/install/baxter_core_msgs/share/gennodejs/ros/baxter_core_msgs/msg/AnalogIOState.js
[22.804s] -- Symlinking: /home/rick/catkin_ws/src/install/baxter_core_msgs/share/gennodejs/ros/baxter_core_msgs/msg/AnalogIOStates.js
[22.813s] -- Symlinking: /home/rick/catkin_ws/src/install/baxter_core_msgs/share/gennodejs/ros/baxter_core_msgs/msg/AnalogOutputCommand.js
[22.822s] -- Symlinking: /home/rick/catkin_ws/src/install/baxter_core_msgs/share/gennodejs/ros/baxter_core_msgs/msg/AssemblyState.js
[22.832s] -- Symlinking: /home/rick/catkin_ws/src/install/baxter_core_msgs/share/gennodejs/ros/baxter_core_msgs/msg/AssemblyStates.js
[22.845s] -- Symlinking: /home/rick/catkin_ws/src/install/baxter_core_msgs/share/gennodejs/ros/baxter_core_msgs/msg/CameraControl.js
[22.857s] -- Symlinking: /home/rick/catkin_ws/src/install/baxter_core_msgs/share/gennodejs/ros/baxter_core_msgs/msg/CameraSettings.js
[22.863s] -- Symlinking: /home/rick/catkin_ws/src/install/baxter_core_msgs/share/gennodejs/ros/baxter_core_msgs/msg/CollisionAvoidanceState.js
[22.875s] -- Symlinking: /home/rick/catkin_ws/src/install/baxter_core_msgs/share/gennodejs/ros/baxter_core_msgs/msg/CollisionDetectionState.js
[22.885s] -- Symlinking: /home/rick/catkin_ws/src/install/baxter_core_msgs/share/gennodejs/ros/baxter_core_msgs/msg/DigitalIOState.js
[22.893s] -- Symlinking: /home/rick/catkin_ws/src/install/baxter_core_msgs/share/gennodejs/ros/baxter_core_msgs/msg/DigitalIOStates.js
[22.905s] -- Symlinking: /home/rick/catkin_ws/src/install/baxter_core_msgs/share/gennodejs/ros/baxter_core_msgs/msg/DigitalOutputCommand.js
[22.918s] -- Symlinking: /home/rick/catkin_ws/src/install/baxter_core_msgs/share/gennodejs/ros/baxter_core_msgs/msg/EndEffectorCommand.js
[22.930s] -- Symlinking: /home/rick/catkin_ws/src/install/baxter_core_msgs/share/gennodejs/ros/baxter_core_msgs/msg/EndEffectorProperties.js
[22.941s] -- Symlinking: /home/rick/catkin_ws/src/install/baxter_core_msgs/share/gennodejs/ros/baxter_core_msgs/msg/EndEffectorState.js
[22.951s] -- Symlinking: /home/rick/catkin_ws/src/install/baxter_core_msgs/share/gennodejs/ros/baxter_core_msgs/msg/EndpointState.js
[22.962s] -- Symlinking: /home/rick/catkin_ws/src/install/baxter_core_msgs/share/gennodejs/ros/baxter_core_msgs/msg/EndpointStates.js
[22.971s] -- Symlinking: /home/rick/catkin_ws/src/install/baxter_core_msgs/share/gennodejs/ros/baxter_core_msgs/msg/HeadPanCommand.js
[22.980s] -- Symlinking: /home/rick/catkin_ws/src/install/baxter_core_msgs/share/gennodejs/ros/baxter_core_msgs/msg/HeadState.js
[22.987s] -- Symlinking: /home/rick/catkin_ws/src/install/baxter_core_msgs/share/gennodejs/ros/baxter_core_msgs/msg/JointCommand.js
[22.994s] -- Symlinking: /home/rick/catkin_ws/src/install/baxter_core_msgs/share/gennodejs/ros/baxter_core_msgs/msg/NavigatorState.js
[23.000s] -- Symlinking: /home/rick/catkin_ws/src/install/baxter_core_msgs/share/gennodejs/ros/baxter_core_msgs/msg/NavigatorStates.js
[23.007s] -- Symlinking: /home/rick/catkin_ws/src/install/baxter_core_msgs/share/gennodejs/ros/baxter_core_msgs/msg/RobustControllerStatus.js
[23.018s] -- Symlinking: /home/rick/catkin_ws/src/install/baxter_core_msgs/share/gennodejs/ros/baxter_core_msgs/msg/SEAJointState.js
[23.025s] -- Symlinking: /home/rick/catkin_ws/src/install/baxter_core_msgs/share/gennodejs/ros/baxter_core_msgs/msg/URDFConfiguration.js
[23.037s] -- Symlinking: /home/rick/catkin_ws/src/install/baxter_core_msgs/share/gennodejs/ros/baxter_core_msgs/msg/_index.js
[23.049s] -- Symlinking: /home/rick/catkin_ws/src/install/baxter_core_msgs/share/gennodejs/ros/baxter_core_msgs/srv/CloseCamera.js
[23.056s] -- Symlinking: /home/rick/catkin_ws/src/install/baxter_core_msgs/share/gennodejs/ros/baxter_core_msgs/srv/ListCameras.js
[23.067s] -- Symlinking: /home/rick/catkin_ws/src/install/baxter_core_msgs/share/gennodejs/ros/baxter_core_msgs/srv/OpenCamera.js
[23.074s] -- Symlinking: /home/rick/catkin_ws/src/install/baxter_core_msgs/share/gennodejs/ros/baxter_core_msgs/srv/SolvePositionIK.js
[23.081s] -- Symlinking: /home/rick/catkin_ws/src/install/baxter_core_msgs/share/gennodejs/ros/baxter_core_msgs/srv/_index.js
[23.089s] -- Symlinking: /home/rick/catkin_ws/src/install/baxter_core_msgs/lib/python2.7/dist-packages/baxter_core_msgs/__init__.py
[23.095s] -- Symlinking: /home/rick/catkin_ws/src/install/baxter_core_msgs/lib/python2.7/dist-packages/baxter_core_msgs/msg/_AnalogIOState.py
[23.107s] -- Symlinking: /home/rick/catkin_ws/src/install/baxter_core_msgs/lib/python2.7/dist-packages/baxter_core_msgs/msg/_AnalogIOStates.py
[23.118s] -- Symlinking: /home/rick/catkin_ws/src/install/baxter_core_msgs/lib/python2.7/dist-packages/baxter_core_msgs/msg/_AnalogOutputCommand.py
[23.125s] -- Symlinking: /home/rick/catkin_ws/src/install/baxter_core_msgs/lib/python2.7/dist-packages/baxter_core_msgs/msg/_AssemblyState.py
[23.137s] -- Symlinking: /home/rick/catkin_ws/src/install/baxter_core_msgs/lib/python2.7/dist-packages/baxter_core_msgs/msg/_AssemblyStates.py
[23.149s] -- Symlinking: /home/rick/catkin_ws/src/install/baxter_core_msgs/lib/python2.7/dist-packages/baxter_core_msgs/msg/_CameraControl.py
[23.158s] -- Symlinking: /home/rick/catkin_ws/src/install/baxter_core_msgs/lib/python2.7/dist-packages/baxter_core_msgs/msg/_CameraSettings.py
[23.170s] -- Symlinking: /home/rick/catkin_ws/src/install/baxter_core_msgs/lib/python2.7/dist-packages/baxter_core_msgs/msg/_CollisionAvoidanceState.py
[23.180s] -- Symlinking: /home/rick/catkin_ws/src/install/baxter_core_msgs/lib/python2.7/dist-packages/baxter_core_msgs/msg/_CollisionDetectionState.py
[23.187s] -- Symlinking: /home/rick/catkin_ws/src/install/baxter_core_msgs/lib/python2.7/dist-packages/baxter_core_msgs/msg/_DigitalIOState.py
[23.194s] -- Symlinking: /home/rick/catkin_ws/src/install/baxter_core_msgs/lib/python2.7/dist-packages/baxter_core_msgs/msg/_DigitalIOStates.py
[23.203s] -- Symlinking: /home/rick/catkin_ws/src/install/baxter_core_msgs/lib/python2.7/dist-packages/baxter_core_msgs/msg/_DigitalOutputCommand.py
[23.214s] -- Symlinking: /home/rick/catkin_ws/src/install/baxter_core_msgs/lib/python2.7/dist-packages/baxter_core_msgs/msg/_EndEffectorCommand.py
[23.221s] -- Symlinking: /home/rick/catkin_ws/src/install/baxter_core_msgs/lib/python2.7/dist-packages/baxter_core_msgs/msg/_EndEffectorProperties.py
[23.229s] -- Symlinking: /home/rick/catkin_ws/src/install/baxter_core_msgs/lib/python2.7/dist-packages/baxter_core_msgs/msg/_EndEffectorState.py
[23.242s] -- Symlinking: /home/rick/catkin_ws/src/install/baxter_core_msgs/lib/python2.7/dist-packages/baxter_core_msgs/msg/_EndpointState.py
[23.249s] -- Symlinking: /home/rick/catkin_ws/src/install/baxter_core_msgs/lib/python2.7/dist-packages/baxter_core_msgs/msg/_EndpointStates.py
[23.257s] -- Symlinking: /home/rick/catkin_ws/src/install/baxter_core_msgs/lib/python2.7/dist-packages/baxter_core_msgs/msg/_HeadPanCommand.py
[23.268s] -- Symlinking: /home/rick/catkin_ws/src/install/baxter_core_msgs/lib/python2.7/dist-packages/baxter_core_msgs/msg/_HeadState.py
[23.275s] -- Symlinking: /home/rick/catkin_ws/src/install/baxter_core_msgs/lib/python2.7/dist-packages/baxter_core_msgs/msg/_JointCommand.py
[23.281s] -- Symlinking: /home/rick/catkin_ws/src/install/baxter_core_msgs/lib/python2.7/dist-packages/baxter_core_msgs/msg/_NavigatorState.py
[23.289s] -- Symlinking: /home/rick/catkin_ws/src/install/baxter_core_msgs/lib/python2.7/dist-packages/baxter_core_msgs/msg/_NavigatorStates.py
[23.295s] -- Symlinking: /home/rick/catkin_ws/src/install/baxter_core_msgs/lib/python2.7/dist-packages/baxter_core_msgs/msg/_RobustControllerStatus.py
[23.302s] -- Symlinking: /home/rick/catkin_ws/src/install/baxter_core_msgs/lib/python2.7/dist-packages/baxter_core_msgs/msg/_SEAJointState.py
[23.308s] -- Symlinking: /home/rick/catkin_ws/src/install/baxter_core_msgs/lib/python2.7/dist-packages/baxter_core_msgs/msg/_URDFConfiguration.py
[23.316s] -- Symlinking: /home/rick/catkin_ws/src/install/baxter_core_msgs/lib/python2.7/dist-packages/baxter_core_msgs/msg/__init__.py
[23.323s] -- Symlinking: /home/rick/catkin_ws/src/install/baxter_core_msgs/lib/python2.7/dist-packages/baxter_core_msgs/srv/_CloseCamera.py
[23.330s] -- Symlinking: /home/rick/catkin_ws/src/install/baxter_core_msgs/lib/python2.7/dist-packages/baxter_core_msgs/srv/_ListCameras.py
[23.337s] -- Symlinking: /home/rick/catkin_ws/src/install/baxter_core_msgs/lib/python2.7/dist-packages/baxter_core_msgs/srv/_OpenCamera.py
[23.347s] -- Symlinking: /home/rick/catkin_ws/src/install/baxter_core_msgs/lib/python2.7/dist-packages/baxter_core_msgs/srv/_SolvePositionIK.py
[23.359s] -- Symlinking: /home/rick/catkin_ws/src/install/baxter_core_msgs/lib/python2.7/dist-packages/baxter_core_msgs/srv/__init__.py
[23.366s] -- Symlinking: /home/rick/catkin_ws/src/install/baxter_core_msgs/lib/pkgconfig/baxter_core_msgs.pc
[23.372s] -- Symlinking: /home/rick/catkin_ws/src/install/baxter_core_msgs/share/baxter_core_msgs/cmake/baxter_core_msgs-msg-extras.cmake
[23.379s] -- Symlinking: /home/rick/catkin_ws/src/install/baxter_core_msgs/share/baxter_core_msgs/cmake/baxter_core_msgsConfig.cmake
[23.385s] -- Symlinking: /home/rick/catkin_ws/src/install/baxter_core_msgs/share/baxter_core_msgs/cmake/baxter_core_msgsConfig-version.cmake
[23.392s] -- Symlinking: /home/rick/catkin_ws/src/install/baxter_core_msgs/share/baxter_core_msgs/package.xml
[23.445s] Listing /home/rick/catkin_ws/src/build/baxter_core_msgs/devel/lib/python2.7/dist-packages/baxter_core_msgs ...
[23.445s] Compiling /home/rick/catkin_ws/src/build/baxter_core_msgs/devel/lib/python2.7/dist-packages/baxter_core_msgs/__init__.py ...
[23.446s] Listing /home/rick/catkin_ws/src/build/baxter_core_msgs/devel/lib/python2.7/dist-packages/baxter_core_msgs/msg ...
[23.446s] Compiling /home/rick/catkin_ws/src/build/baxter_core_msgs/devel/lib/python2.7/dist-packages/baxter_core_msgs/msg/_AnalogIOState.py ...
[23.446s] Compiling /home/rick/catkin_ws/src/build/baxter_core_msgs/devel/lib/python2.7/dist-packages/baxter_core_msgs/msg/_AnalogIOStates.py ...
[23.446s] Compiling /home/rick/catkin_ws/src/build/baxter_core_msgs/devel/lib/python2.7/dist-packages/baxter_core_msgs/msg/_AnalogOutputCommand.py ...
[23.446s] Compiling /home/rick/catkin_ws/src/build/baxter_core_msgs/devel/lib/python2.7/dist-packages/baxter_core_msgs/msg/_AssemblyState.py ...
[23.447s] Compiling /home/rick/catkin_ws/src/build/baxter_core_msgs/devel/lib/python2.7/dist-packages/baxter_core_msgs/msg/_AssemblyStates.py ...
[23.447s] Compiling /home/rick/catkin_ws/src/build/baxter_core_msgs/devel/lib/python2.7/dist-packages/baxter_core_msgs/msg/_CameraControl.py ...
[23.447s] Compiling /home/rick/catkin_ws/src/build/baxter_core_msgs/devel/lib/python2.7/dist-packages/baxter_core_msgs/msg/_CameraSettings.py ...
[23.447s] Compiling /home/rick/catkin_ws/src/build/baxter_core_msgs/devel/lib/python2.7/dist-packages/baxter_core_msgs/msg/_CollisionAvoidanceState.py ...
[23.447s] Compiling /home/rick/catkin_ws/src/build/baxter_core_msgs/devel/lib/python2.7/dist-packages/baxter_core_msgs/msg/_CollisionDetectionState.py ...
[23.447s] Compiling /home/rick/catkin_ws/src/build/baxter_core_msgs/devel/lib/python2.7/dist-packages/baxter_core_msgs/msg/_DigitalIOState.py ...
[23.448s] Compiling /home/rick/catkin_ws/src/build/baxter_core_msgs/devel/lib/python2.7/dist-packages/baxter_core_msgs/msg/_DigitalIOStates.py ...
[23.448s] Compiling /home/rick/catkin_ws/src/build/baxter_core_msgs/devel/lib/python2.7/dist-packages/baxter_core_msgs/msg/_DigitalOutputCommand.py ...
[23.448s] Compiling /home/rick/catkin_ws/src/build/baxter_core_msgs/devel/lib/python2.7/dist-packages/baxter_core_msgs/msg/_EndEffectorCommand.py ...
[23.448s] Compiling /home/rick/catkin_ws/src/build/baxter_core_msgs/devel/lib/python2.7/dist-packages/baxter_core_msgs/msg/_EndEffectorProperties.py ...
[23.448s] Compiling /home/rick/catkin_ws/src/build/baxter_core_msgs/devel/lib/python2.7/dist-packages/baxter_core_msgs/msg/_EndEffectorState.py ...
[23.449s] Compiling /home/rick/catkin_ws/src/build/baxter_core_msgs/devel/lib/python2.7/dist-packages/baxter_core_msgs/msg/_EndpointState.py ...
[23.449s] Compiling /home/rick/catkin_ws/src/build/baxter_core_msgs/devel/lib/python2.7/dist-packages/baxter_core_msgs/msg/_EndpointStates.py ...
[23.449s] Compiling /home/rick/catkin_ws/src/build/baxter_core_msgs/devel/lib/python2.7/dist-packages/baxter_core_msgs/msg/_HeadPanCommand.py ...
[23.449s] Compiling /home/rick/catkin_ws/src/build/baxter_core_msgs/devel/lib/python2.7/dist-packages/baxter_core_msgs/msg/_HeadState.py ...
[23.449s] Compiling /home/rick/catkin_ws/src/build/baxter_core_msgs/devel/lib/python2.7/dist-packages/baxter_core_msgs/msg/_JointCommand.py ...
[23.450s] Compiling /home/rick/catkin_ws/src/build/baxter_core_msgs/devel/lib/python2.7/dist-packages/baxter_core_msgs/msg/_NavigatorState.py ...
[23.450s] Compiling /home/rick/catkin_ws/src/build/baxter_core_msgs/devel/lib/python2.7/dist-packages/baxter_core_msgs/msg/_NavigatorStates.py ...
[23.450s] Compiling /home/rick/catkin_ws/src/build/baxter_core_msgs/devel/lib/python2.7/dist-packages/baxter_core_msgs/msg/_RobustControllerStatus.py ...
[23.450s] Compiling /home/rick/catkin_ws/src/build/baxter_core_msgs/devel/lib/python2.7/dist-packages/baxter_core_msgs/msg/_SEAJointState.py ...
[23.450s] Compiling /home/rick/catkin_ws/src/build/baxter_core_msgs/devel/lib/python2.7/dist-packages/baxter_core_msgs/msg/_URDFConfiguration.py ...
[23.455s] Compiling /home/rick/catkin_ws/src/build/baxter_core_msgs/devel/lib/python2.7/dist-packages/baxter_core_msgs/msg/__init__.py ...
[23.455s] Listing /home/rick/catkin_ws/src/build/baxter_core_msgs/devel/lib/python2.7/dist-packages/baxter_core_msgs/srv ...
[23.455s] Compiling /home/rick/catkin_ws/src/build/baxter_core_msgs/devel/lib/python2.7/dist-packages/baxter_core_msgs/srv/_CloseCamera.py ...
[23.455s] Compiling /home/rick/catkin_ws/src/build/baxter_core_msgs/devel/lib/python2.7/dist-packages/baxter_core_msgs/srv/_ListCameras.py ...
[23.455s] Compiling /home/rick/catkin_ws/src/build/baxter_core_msgs/devel/lib/python2.7/dist-packages/baxter_core_msgs/srv/_OpenCamera.py ...
[23.455s] Compiling /home/rick/catkin_ws/src/build/baxter_core_msgs/devel/lib/python2.7/dist-packages/baxter_core_msgs/srv/_SolvePositionIK.py ...
[23.456s] Compiling /home/rick/catkin_ws/src/build/baxter_core_msgs/devel/lib/python2.7/dist-packages/baxter_core_msgs/srv/__init__.py ...
[23.460s] Invoked command in '/home/rick/catkin_ws/src/build/baxter_core_msgs' returned '0': /usr/bin/cmake --build /home/rick/catkin_ws/src/build/baxter_core_msgs --target install -- -j2 -l2
