[0.028s] Invoking command in '/home/rick/catkin_ws/src/build/ros1_bridge': /usr/bin/cmake /home/rick/catkin_ws/src/ros1_bridge -DAMENT_CMAKE_SYMLINK_INSTALL=1 -DCMAKE_INSTALL_PREFIX=/home/rick/catkin_ws/src/install/ros1_bridge
[0.134s] -- The C compiler identification is GNU 5.4.0
[0.241s] -- The CXX compiler identification is GNU 5.4.0
[0.249s] -- Check for working C compiler: /usr/bin/cc
[0.338s] -- Check for working C compiler: /usr/bin/cc -- works
[0.339s] -- Detecting C compiler ABI info
[0.447s] -- Detecting C compiler ABI info - done
[0.452s] -- Detecting C compile features
[0.762s] -- Detecting C compile features - done
[0.768s] -- Check for working CXX compiler: /usr/bin/c++
[0.884s] -- Check for working CXX compiler: /usr/bin/c++ -- works
[0.886s] -- Detecting CXX compiler ABI info
[0.991s] -- Detecting CXX compiler ABI info - done
[1.006s] -- Detecting CXX compile features
[1.375s] -- Detecting CXX compile features - done
[1.385s] CMake Error at CMakeLists.txt:13 (find_package):
[1.385s]   By not providing "Findrmw.cmake" in CMAKE_MODULE_PATH this project has
[1.385s]   asked CMake to find a package configuration file provided by "rmw", but
[1.385s]   CMake did not find one.
[1.386s] 
[1.386s]   Could not find a package configuration file provided by "rmw" with any of
[1.386s]   the following names:
[1.386s] 
[1.386s]     rmwConfig.cmake
[1.387s]     rmw-config.cmake
[1.387s] 
[1.387s]   Add the installation prefix of "rmw" to CMAKE_PREFIX_PATH or set "rmw_DIR"
[1.387s]   to a directory containing one of the above files.  If "rmw" provides a
[1.387s]   separate development package or SDK, be sure it has been installed.
[1.387s] 
[1.388s] 
[1.389s] -- Configuring incomplete, errors occurred!
[1.389s] See also "/home/rick/catkin_ws/src/build/ros1_bridge/CMakeFiles/CMakeOutput.log".
[1.394s] Invoked command in '/home/rick/catkin_ws/src/build/ros1_bridge' returned '1': /usr/bin/cmake /home/rick/catkin_ws/src/ros1_bridge -DAMENT_CMAKE_SYMLINK_INSTALL=1 -DCMAKE_INSTALL_PREFIX=/home/rick/catkin_ws/src/install/ros1_bridge
