[0.038s] Invoking command in '/home/rick/catkin_ws/src/build/baxter_sim_kinematics': CMAKE_PREFIX_PATH=/home/rick/catkin_ws/src/install/baxter_core_msgs:${CMAKE_PREFIX_PATH} PKG_CONFIG_PATH=/home/rick/catkin_ws/src/install/baxter_core_msgs/lib/x86_64-linux-gnu/pkgconfig:/home/rick/catkin_ws/src/install/baxter_core_msgs/lib/pkgconfig:${PKG_CONFIG_PATH} PYTHONPATH=/home/rick/catkin_ws/src/install/baxter_core_msgs/lib/python2.7/dist-packages:${PYTHONPATH} ROS_PACKAGE_PATH=/home/rick/catkin_ws/src/install/baxter_core_msgs/share:${ROS_PACKAGE_PATH} /usr/bin/cmake /home/rick/catkin_ws/src/baxter_simulator/baxter_sim_kinematics -DCATKIN_INSTALL_INTO_PREFIX_ROOT=0 -DCATKIN_SYMLINK_INSTALL=ON -DCMAKE_INSTALL_PREFIX=/home/rick/catkin_ws/src/install/baxter_sim_kinematics
[0.152s] -- The C compiler identification is GNU 5.4.0
[0.249s] -- The CXX compiler identification is GNU 5.4.0
[0.252s] -- Check for working C compiler: /usr/bin/cc
[0.334s] -- Check for working C compiler: /usr/bin/cc -- works
[0.338s] -- Detecting C compiler ABI info
[0.409s] -- Detecting C compiler ABI info - done
[0.418s] -- Detecting C compile features
[0.671s] -- Detecting C compile features - done
[0.674s] -- Check for working CXX compiler: /usr/bin/c++
[0.783s] -- Check for working CXX compiler: /usr/bin/c++ -- works
[0.784s] -- Detecting CXX compiler ABI info
[0.898s] -- Detecting CXX compiler ABI info - done
[0.925s] -- Detecting CXX compile features
[1.287s] -- Detecting CXX compile features - done
[1.289s] -- Using CATKIN_DEVEL_PREFIX: /home/rick/catkin_ws/src/build/baxter_sim_kinematics/devel
[1.289s] -- Using CMAKE_PREFIX_PATH: /home/rick/catkin_ws/src/install/baxter_core_msgs;/opt/ros/kinetic
[1.290s] -- This workspace overlays: /home/rick/catkin_ws/src/install/baxter_core_msgs;/opt/ros/kinetic
[1.296s] -- Override CMake install command with custom implementation using symlinks instead of copying resources
[1.326s] -- Found PythonInterp: /usr/bin/python2 (found suitable version "2.7.12", minimum required is "2") 
[1.326s] -- Using PYTHON_EXECUTABLE: /usr/bin/python2
[1.326s] -- Using Debian Python package layout
[1.326s] -- Using empy: /usr/bin/empy
[1.523s] -- Using CATKIN_ENABLE_TESTING: ON
[1.523s] -- Call enable_testing()
[1.523s] -- Using CATKIN_TEST_RESULTS_DIR: /home/rick/catkin_ws/src/build/baxter_sim_kinematics/test_results
[1.557s] -- Found gtest sources under '/usr/src/gmock': gtests will be built
[1.558s] -- Found gmock sources under '/usr/src/gmock': gmock will be built
[1.575s] -- Found PythonInterp: /usr/bin/python2 (found version "2.7.12") 
[1.575s] -- Looking for pthread.h
[1.673s] -- Looking for pthread.h - found
[1.674s] -- Looking for pthread_create
[1.776s] -- Looking for pthread_create - not found
[1.776s] -- Looking for pthread_create in pthreads
[1.845s] -- Looking for pthread_create in pthreads - not found
[1.846s] -- Looking for pthread_create in pthread
[1.917s] -- Looking for pthread_create in pthread - found
[1.928s] -- Found Threads: TRUE  
[1.932s] -- Using Python nosetests: /usr/bin/nosetests-2.7
[1.967s] -- catkin 0.7.20
[1.967s] -- BUILD_SHARED_LIBS is on
[2.264s] -- Using these message generators: gencpp;geneus;genlisp;gennodejs;genpy
[2.715s] -- Configuring done
[2.778s] -- Generating done
[2.785s] -- Build files have been written to: /home/rick/catkin_ws/src/build/baxter_sim_kinematics
[2.797s] Invoked command in '/home/rick/catkin_ws/src/build/baxter_sim_kinematics' returned '0': CMAKE_PREFIX_PATH=/home/rick/catkin_ws/src/install/baxter_core_msgs:${CMAKE_PREFIX_PATH} PKG_CONFIG_PATH=/home/rick/catkin_ws/src/install/baxter_core_msgs/lib/x86_64-linux-gnu/pkgconfig:/home/rick/catkin_ws/src/install/baxter_core_msgs/lib/pkgconfig:${PKG_CONFIG_PATH} PYTHONPATH=/home/rick/catkin_ws/src/install/baxter_core_msgs/lib/python2.7/dist-packages:${PYTHONPATH} ROS_PACKAGE_PATH=/home/rick/catkin_ws/src/install/baxter_core_msgs/share:${ROS_PACKAGE_PATH} /usr/bin/cmake /home/rick/catkin_ws/src/baxter_simulator/baxter_sim_kinematics -DCATKIN_INSTALL_INTO_PREFIX_ROOT=0 -DCATKIN_SYMLINK_INSTALL=ON -DCMAKE_INSTALL_PREFIX=/home/rick/catkin_ws/src/install/baxter_sim_kinematics
[2.800s] Invoking command in '/home/rick/catkin_ws/src/build/baxter_sim_kinematics': CMAKE_PREFIX_PATH=/home/rick/catkin_ws/src/install/baxter_core_msgs:${CMAKE_PREFIX_PATH} PKG_CONFIG_PATH=/home/rick/catkin_ws/src/install/baxter_core_msgs/lib/x86_64-linux-gnu/pkgconfig:/home/rick/catkin_ws/src/install/baxter_core_msgs/lib/pkgconfig:${PKG_CONFIG_PATH} PYTHONPATH=/home/rick/catkin_ws/src/install/baxter_core_msgs/lib/python2.7/dist-packages:${PYTHONPATH} ROS_PACKAGE_PATH=/home/rick/catkin_ws/src/install/baxter_core_msgs/share:${ROS_PACKAGE_PATH} /usr/bin/cmake --build /home/rick/catkin_ws/src/build/baxter_sim_kinematics -- -j2 -l2
[2.844s] [35m[1mScanning dependencies of target actionlib_generate_messages_py[0m
[2.854s] [  0%] Built target actionlib_generate_messages_py
[2.865s] [35m[1mScanning dependencies of target std_srvs_generate_messages_cpp[0m
[2.879s] [  0%] Built target std_srvs_generate_messages_cpp
[2.887s] [35m[1mScanning dependencies of target trajectory_msgs_generate_messages_py[0m
[2.900s] [  0%] Built target trajectory_msgs_generate_messages_py
[2.908s] [35m[1mScanning dependencies of target trajectory_msgs_generate_messages_nodejs[0m
[2.916s] [  0%] Built target trajectory_msgs_generate_messages_nodejs
[2.924s] [35m[1mScanning dependencies of target trajectory_msgs_generate_messages_lisp[0m
[2.940s] [  0%] Built target trajectory_msgs_generate_messages_lisp
[2.948s] [35m[1mScanning dependencies of target trajectory_msgs_generate_messages_eus[0m
[2.956s] [  0%] Built target trajectory_msgs_generate_messages_eus
[2.964s] [35m[1mScanning dependencies of target gazebo_msgs_generate_messages_py[0m
[2.972s] [  0%] Built target gazebo_msgs_generate_messages_py
[2.986s] [35m[1mScanning dependencies of target tf2_msgs_generate_messages_nodejs[0m
[2.995s] [  0%] Built target tf2_msgs_generate_messages_nodejs
[3.002s] [35m[1mScanning dependencies of target tf2_msgs_generate_messages_lisp[0m
[3.010s] [  0%] Built target tf2_msgs_generate_messages_lisp
[3.018s] [35m[1mScanning dependencies of target tf2_msgs_generate_messages_eus[0m
[3.029s] [  0%] Built target tf2_msgs_generate_messages_eus
[3.047s] [35m[1mScanning dependencies of target actionlib_msgs_generate_messages_py[0m
[3.054s] [  0%] Built target actionlib_msgs_generate_messages_py
[3.064s] [35m[1mScanning dependencies of target tf2_msgs_generate_messages_py[0m
[3.074s] [  0%] Built target tf2_msgs_generate_messages_py
[3.082s] [35m[1mScanning dependencies of target actionlib_msgs_generate_messages_nodejs[0m
[3.091s] [  0%] Built target actionlib_msgs_generate_messages_nodejs
[3.098s] [35m[1mScanning dependencies of target actionlib_msgs_generate_messages_lisp[0m
[3.107s] [  0%] Built target actionlib_msgs_generate_messages_lisp
[3.129s] [35m[1mScanning dependencies of target std_srvs_generate_messages_py[0m
[3.146s] [  0%] Built target std_srvs_generate_messages_py
[3.160s] [35m[1mScanning dependencies of target std_msgs_generate_messages_eus[0m
[3.167s] [  0%] Built target std_msgs_generate_messages_eus
[3.177s] [35m[1mScanning dependencies of target roscpp_generate_messages_lisp[0m
[3.192s] [  0%] Built target roscpp_generate_messages_lisp
[3.200s] [35m[1mScanning dependencies of target std_msgs_generate_messages_py[0m
[3.212s] [  0%] Built target std_msgs_generate_messages_py
[3.226s] [35m[1mScanning dependencies of target rosgraph_msgs_generate_messages_lisp[0m
[3.243s] [  0%] Built target rosgraph_msgs_generate_messages_lisp
[3.257s] [35m[1mScanning dependencies of target std_srvs_generate_messages_nodejs[0m
[3.269s] [  0%] Built target std_srvs_generate_messages_nodejs
[3.289s] [35m[1mScanning dependencies of target roscpp_generate_messages_nodejs[0m
[3.300s] [  0%] Built target roscpp_generate_messages_nodejs
[3.314s] [35m[1mScanning dependencies of target tf_generate_messages_eus[0m
[3.329s] [  0%] Built target tf_generate_messages_eus
[3.359s] [35m[1mScanning dependencies of target rosgraph_msgs_generate_messages_nodejs[0m
[3.378s] [  0%] Built target rosgraph_msgs_generate_messages_nodejs
[3.387s] [35m[1mScanning dependencies of target gazebo_msgs_generate_messages_eus[0m
[3.401s] [  0%] Built target gazebo_msgs_generate_messages_eus
[3.412s] [35m[1mScanning dependencies of target rosgraph_msgs_generate_messages_eus[0m
[3.424s] [  0%] Built target rosgraph_msgs_generate_messages_eus
[3.441s] [35m[1mScanning dependencies of target rosgraph_msgs_generate_messages_cpp[0m
[3.461s] [  0%] Built target rosgraph_msgs_generate_messages_cpp
[3.474s] [35m[1mScanning dependencies of target std_msgs_generate_messages_lisp[0m
[3.484s] [  0%] Built target std_msgs_generate_messages_lisp
[3.492s] [35m[1mScanning dependencies of target std_srvs_generate_messages_lisp[0m
[3.504s] [  0%] Built target std_srvs_generate_messages_lisp
[3.516s] [35m[1mScanning dependencies of target geometry_msgs_generate_messages_lisp[0m
[3.542s] [  0%] Built target geometry_msgs_generate_messages_lisp
[3.555s] [35m[1mScanning dependencies of target tf2_msgs_generate_messages_cpp[0m
[3.566s] [  0%] Built target tf2_msgs_generate_messages_cpp
[3.577s] [35m[1mScanning dependencies of target baxter_core_msgs_generate_messages_lisp[0m
[3.585s] [  0%] Built target baxter_core_msgs_generate_messages_lisp
[3.592s] [35m[1mScanning dependencies of target roscpp_generate_messages_eus[0m
[3.600s] [  0%] Built target roscpp_generate_messages_eus
[3.608s] [35m[1mScanning dependencies of target roscpp_generate_messages_cpp[0m
[3.621s] [  0%] Built target roscpp_generate_messages_cpp
[3.640s] [35m[1mScanning dependencies of target geometry_msgs_generate_messages_eus[0m
[3.649s] [  0%] Built target geometry_msgs_generate_messages_eus
[3.661s] [35m[1mScanning dependencies of target geometry_msgs_generate_messages_nodejs[0m
[3.674s] [  0%] Built target geometry_msgs_generate_messages_nodejs
[3.690s] [35m[1mScanning dependencies of target std_srvs_generate_messages_eus[0m
[3.698s] [  0%] Built target std_srvs_generate_messages_eus
[3.710s] [35m[1mScanning dependencies of target baxter_core_msgs_generate_messages_eus[0m
[3.720s] [  0%] Built target baxter_core_msgs_generate_messages_eus
[3.742s] [35m[1mScanning dependencies of target tf_generate_messages_cpp[0m
[3.749s] [  0%] Built target tf_generate_messages_cpp
[3.763s] [35m[1mScanning dependencies of target baxter_core_msgs_generate_messages_cpp[0m
[3.771s] [  0%] Built target baxter_core_msgs_generate_messages_cpp
[3.785s] [35m[1mScanning dependencies of target actionlib_generate_messages_eus[0m
[3.796s] [  0%] Built target actionlib_generate_messages_eus
[3.803s] [35m[1mScanning dependencies of target baxter_core_msgs_generate_messages_nodejs[0m
[3.815s] [  0%] Built target baxter_core_msgs_generate_messages_nodejs
[3.824s] [35m[1mScanning dependencies of target baxter_core_msgs_generate_messages_py[0m
[3.832s] [  0%] Built target baxter_core_msgs_generate_messages_py
[3.859s] [35m[1mScanning dependencies of target trajectory_msgs_generate_messages_cpp[0m
[3.873s] [  0%] Built target trajectory_msgs_generate_messages_cpp
[3.887s] [35m[1mScanning dependencies of target geometry_msgs_generate_messages_cpp[0m
[3.916s] [  0%] Built target geometry_msgs_generate_messages_cpp
[3.931s] [35m[1mScanning dependencies of target sensor_msgs_generate_messages_nodejs[0m
[3.950s] [  0%] Built target sensor_msgs_generate_messages_nodejs
[3.960s] [35m[1mScanning dependencies of target gazebo_msgs_generate_messages_nodejs[0m
[3.970s] [  0%] Built target gazebo_msgs_generate_messages_nodejs
[3.986s] [35m[1mScanning dependencies of target gazebo_msgs_generate_messages_cpp[0m
[3.995s] [  0%] Built target gazebo_msgs_generate_messages_cpp
[4.010s] [35m[1mScanning dependencies of target std_msgs_generate_messages_nodejs[0m
[4.017s] [  0%] Built target std_msgs_generate_messages_nodejs
[4.025s] [35m[1mScanning dependencies of target geometry_msgs_generate_messages_py[0m
[4.036s] [  0%] Built target geometry_msgs_generate_messages_py
[4.055s] [35m[1mScanning dependencies of target sensor_msgs_generate_messages_cpp[0m
[4.062s] [  0%] Built target sensor_msgs_generate_messages_cpp
[4.075s] [35m[1mScanning dependencies of target gazebo_msgs_generate_messages_lisp[0m
[4.082s] [  0%] Built target gazebo_msgs_generate_messages_lisp
[4.090s] [35m[1mScanning dependencies of target sensor_msgs_generate_messages_lisp[0m
[4.098s] [  0%] Built target sensor_msgs_generate_messages_lisp
[4.107s] [35m[1mScanning dependencies of target rosgraph_msgs_generate_messages_py[0m
[4.115s] [  0%] Built target rosgraph_msgs_generate_messages_py
[4.124s] [35m[1mScanning dependencies of target tf_generate_messages_lisp[0m
[4.150s] [  0%] Built target tf_generate_messages_lisp
[4.167s] [35m[1mScanning dependencies of target roscpp_generate_messages_py[0m
[4.178s] [  0%] Built target roscpp_generate_messages_py
[4.192s] [35m[1mScanning dependencies of target tf_generate_messages_nodejs[0m
[4.207s] [  0%] Built target tf_generate_messages_nodejs
[4.222s] [35m[1mScanning dependencies of target tf_generate_messages_py[0m
[4.237s] [  0%] Built target tf_generate_messages_py
[4.257s] [35m[1mScanning dependencies of target sensor_msgs_generate_messages_py[0m
[4.270s] [  0%] Built target sensor_msgs_generate_messages_py
[4.283s] [35m[1mScanning dependencies of target actionlib_generate_messages_cpp[0m
[4.294s] [  0%] Built target actionlib_generate_messages_cpp
[4.308s] [35m[1mScanning dependencies of target actionlib_msgs_generate_messages_eus[0m
[4.316s] [  0%] Built target actionlib_msgs_generate_messages_eus
[4.324s] [35m[1mScanning dependencies of target actionlib_generate_messages_lisp[0m
[4.332s] [  0%] Built target actionlib_generate_messages_lisp
[4.352s] [35m[1mScanning dependencies of target actionlib_msgs_generate_messages_cpp[0m
[4.356s] [  0%] Built target actionlib_msgs_generate_messages_cpp
[4.365s] [35m[1mScanning dependencies of target std_msgs_generate_messages_cpp[0m
[4.375s] [  0%] Built target std_msgs_generate_messages_cpp
[4.389s] [35m[1mScanning dependencies of target sensor_msgs_generate_messages_eus[0m
[4.403s] [  0%] Built target sensor_msgs_generate_messages_eus
[4.411s] [35m[1mScanning dependencies of target actionlib_generate_messages_nodejs[0m
[4.426s] [  0%] Built target actionlib_generate_messages_nodejs
[4.450s] [35m[1mScanning dependencies of target baxter_sim_kinematics[0m
[4.636s] [ 25%] [32mBuilding CXX object CMakeFiles/baxter_sim_kinematics.dir/src/arm_kinematics.cpp.o[0m
[10.068s] [ 50%] [32m[1mLinking CXX shared library devel/lib/libbaxter_sim_kinematics.so[0m
[10.296s] [ 50%] Built target baxter_sim_kinematics
[10.310s] [35m[1mScanning dependencies of target kinematics[0m
[10.377s] [ 75%] [32mBuilding CXX object CMakeFiles/kinematics.dir/src/position_kinematics.cpp.o[0m
[15.542s] [100%] [32m[1mLinking CXX executable devel/lib/baxter_sim_kinematics/kinematics[0m
[15.833s] [100%] Built target kinematics
[15.849s] Invoked command in '/home/rick/catkin_ws/src/build/baxter_sim_kinematics' returned '0': CMAKE_PREFIX_PATH=/home/rick/catkin_ws/src/install/baxter_core_msgs:${CMAKE_PREFIX_PATH} PKG_CONFIG_PATH=/home/rick/catkin_ws/src/install/baxter_core_msgs/lib/x86_64-linux-gnu/pkgconfig:/home/rick/catkin_ws/src/install/baxter_core_msgs/lib/pkgconfig:${PKG_CONFIG_PATH} PYTHONPATH=/home/rick/catkin_ws/src/install/baxter_core_msgs/lib/python2.7/dist-packages:${PYTHONPATH} ROS_PACKAGE_PATH=/home/rick/catkin_ws/src/install/baxter_core_msgs/share:${ROS_PACKAGE_PATH} /usr/bin/cmake --build /home/rick/catkin_ws/src/build/baxter_sim_kinematics -- -j2 -l2
[15.983s] Invoking command in '/home/rick/catkin_ws/src/build/baxter_sim_kinematics': CMAKE_PREFIX_PATH=/home/rick/catkin_ws/src/install/baxter_core_msgs:${CMAKE_PREFIX_PATH} PKG_CONFIG_PATH=/home/rick/catkin_ws/src/install/baxter_core_msgs/lib/x86_64-linux-gnu/pkgconfig:/home/rick/catkin_ws/src/install/baxter_core_msgs/lib/pkgconfig:${PKG_CONFIG_PATH} PYTHONPATH=/home/rick/catkin_ws/src/install/baxter_core_msgs/lib/python2.7/dist-packages:${PYTHONPATH} ROS_PACKAGE_PATH=/home/rick/catkin_ws/src/install/baxter_core_msgs/share:${ROS_PACKAGE_PATH} /usr/bin/cmake --build /home/rick/catkin_ws/src/build/baxter_sim_kinematics --target tests -- -j2 -l2
[16.049s] [35m[1mScanning dependencies of target tests[0m
[16.065s] Built target tests
[16.083s] Invoked command in '/home/rick/catkin_ws/src/build/baxter_sim_kinematics' returned '0': CMAKE_PREFIX_PATH=/home/rick/catkin_ws/src/install/baxter_core_msgs:${CMAKE_PREFIX_PATH} PKG_CONFIG_PATH=/home/rick/catkin_ws/src/install/baxter_core_msgs/lib/x86_64-linux-gnu/pkgconfig:/home/rick/catkin_ws/src/install/baxter_core_msgs/lib/pkgconfig:${PKG_CONFIG_PATH} PYTHONPATH=/home/rick/catkin_ws/src/install/baxter_core_msgs/lib/python2.7/dist-packages:${PYTHONPATH} ROS_PACKAGE_PATH=/home/rick/catkin_ws/src/install/baxter_core_msgs/share:${ROS_PACKAGE_PATH} /usr/bin/cmake --build /home/rick/catkin_ws/src/build/baxter_sim_kinematics --target tests -- -j2 -l2
[16.208s] Invoking command in '/home/rick/catkin_ws/src/build/baxter_sim_kinematics': CMAKE_PREFIX_PATH=/home/rick/catkin_ws/src/install/baxter_core_msgs:${CMAKE_PREFIX_PATH} PKG_CONFIG_PATH=/home/rick/catkin_ws/src/install/baxter_core_msgs/lib/x86_64-linux-gnu/pkgconfig:/home/rick/catkin_ws/src/install/baxter_core_msgs/lib/pkgconfig:${PKG_CONFIG_PATH} PYTHONPATH=/home/rick/catkin_ws/src/install/baxter_core_msgs/lib/python2.7/dist-packages:${PYTHONPATH} ROS_PACKAGE_PATH=/home/rick/catkin_ws/src/install/baxter_core_msgs/share:${ROS_PACKAGE_PATH} /usr/bin/cmake --build /home/rick/catkin_ws/src/build/baxter_sim_kinematics --target install -- -j2 -l2
[16.292s] [  0%] Built target actionlib_generate_messages_py
[16.312s] [  0%] Built target std_srvs_generate_messages_cpp
[16.333s] [  0%] Built target trajectory_msgs_generate_messages_py
[16.353s] [  0%] Built target trajectory_msgs_generate_messages_nodejs
[16.387s] [  0%] Built target trajectory_msgs_generate_messages_lisp
[16.416s] [  0%] Built target trajectory_msgs_generate_messages_eus
[16.440s] [  0%] Built target gazebo_msgs_generate_messages_py
[16.478s] [  0%] Built target tf2_msgs_generate_messages_nodejs
[16.500s] [  0%] Built target tf2_msgs_generate_messages_lisp
[16.534s] [  0%] Built target tf2_msgs_generate_messages_eus
[16.559s] [  0%] Built target actionlib_msgs_generate_messages_py
[16.600s] [  0%] Built target tf2_msgs_generate_messages_py
[16.630s] [  0%] Built target actionlib_msgs_generate_messages_nodejs
[16.658s] [  0%] Built target actionlib_msgs_generate_messages_lisp
[16.681s] [  0%] Built target std_srvs_generate_messages_py
[16.708s] [  0%] Built target std_msgs_generate_messages_eus
[16.735s] [  0%] Built target roscpp_generate_messages_lisp
[16.766s] [  0%] Built target std_msgs_generate_messages_py
[16.794s] [  0%] Built target rosgraph_msgs_generate_messages_lisp
[16.822s] [  0%] Built target std_srvs_generate_messages_nodejs
[16.844s] [  0%] Built target roscpp_generate_messages_nodejs
[16.876s] [  0%] Built target tf_generate_messages_eus
[16.900s] [  0%] Built target rosgraph_msgs_generate_messages_nodejs
[16.924s] [  0%] Built target gazebo_msgs_generate_messages_eus
[16.953s] [  0%] Built target rosgraph_msgs_generate_messages_eus
[16.985s] [  0%] Built target rosgraph_msgs_generate_messages_cpp
[17.012s] [  0%] Built target std_msgs_generate_messages_lisp
[17.034s] [  0%] Built target std_srvs_generate_messages_lisp
[17.066s] [  0%] Built target geometry_msgs_generate_messages_lisp
[17.093s] [  0%] Built target tf2_msgs_generate_messages_cpp
[17.113s] [  0%] Built target baxter_core_msgs_generate_messages_lisp
[17.141s] [  0%] Built target roscpp_generate_messages_eus
[17.171s] [  0%] Built target roscpp_generate_messages_cpp
[17.197s] [  0%] Built target geometry_msgs_generate_messages_eus
[17.232s] [  0%] Built target geometry_msgs_generate_messages_nodejs
[17.257s] [  0%] Built target std_srvs_generate_messages_eus
[17.286s] [  0%] Built target baxter_core_msgs_generate_messages_eus
[17.310s] [  0%] Built target tf_generate_messages_cpp
[17.340s] [  0%] Built target baxter_core_msgs_generate_messages_cpp
[17.361s] [  0%] Built target actionlib_generate_messages_eus
[17.395s] [  0%] Built target baxter_core_msgs_generate_messages_nodejs
[17.418s] [  0%] Built target baxter_core_msgs_generate_messages_py
[17.447s] [  0%] Built target trajectory_msgs_generate_messages_cpp
[17.489s] [  0%] Built target geometry_msgs_generate_messages_cpp
[17.515s] [  0%] Built target sensor_msgs_generate_messages_nodejs
[17.544s] [  0%] Built target gazebo_msgs_generate_messages_nodejs
[17.577s] [  0%] Built target gazebo_msgs_generate_messages_cpp
[17.605s] [  0%] Built target std_msgs_generate_messages_nodejs
[17.627s] [  0%] Built target geometry_msgs_generate_messages_py
[17.655s] [  0%] Built target sensor_msgs_generate_messages_cpp
[17.688s] [  0%] Built target gazebo_msgs_generate_messages_lisp
[17.716s] [  0%] Built target sensor_msgs_generate_messages_lisp
[17.739s] [  0%] Built target rosgraph_msgs_generate_messages_py
[17.778s] [  0%] Built target tf_generate_messages_lisp
[17.807s] [  0%] Built target roscpp_generate_messages_py
[17.840s] [  0%] Built target tf_generate_messages_nodejs
[17.860s] [  0%] Built target tf_generate_messages_py
[17.890s] [  0%] Built target sensor_msgs_generate_messages_py
[17.917s] [  0%] Built target actionlib_generate_messages_cpp
[17.940s] [  0%] Built target actionlib_msgs_generate_messages_eus
[17.961s] [  0%] Built target actionlib_generate_messages_lisp
[17.989s] [  0%] Built target actionlib_msgs_generate_messages_cpp
[18.010s] [  0%] Built target std_msgs_generate_messages_cpp
[18.033s] [  0%] Built target sensor_msgs_generate_messages_eus
[18.051s] [  0%] Built target actionlib_generate_messages_nodejs
[18.092s] [ 50%] Built target baxter_sim_kinematics
[18.142s] [100%] Built target kinematics
[18.180s] [36mInstall the project...[0m
[18.195s] -- Install configuration: ""
[18.195s] -- Execute custom install script
[18.195s] -- Symlinking: /home/rick/catkin_ws/src/install/baxter_sim_kinematics/lib/pkgconfig/baxter_sim_kinematics.pc
[18.208s] -- Symlinking: /home/rick/catkin_ws/src/install/baxter_sim_kinematics/share/baxter_sim_kinematics/cmake/baxter_sim_kinematicsConfig.cmake
[18.222s] -- Symlinking: /home/rick/catkin_ws/src/install/baxter_sim_kinematics/share/baxter_sim_kinematics/cmake/baxter_sim_kinematicsConfig-version.cmake
[18.230s] -- Symlinking: /home/rick/catkin_ws/src/install/baxter_sim_kinematics/share/baxter_sim_kinematics/package.xml
[18.240s] -- Symlinking: /home/rick/catkin_ws/src/install/baxter_sim_kinematics/lib/libbaxter_sim_kinematics.so
[18.255s] -- Symlinking: /home/rick/catkin_ws/src/install/baxter_sim_kinematics/lib/baxter_sim_kinematics/kinematics
[18.263s] -- Symlinking: /home/rick/catkin_ws/src/install/baxter_sim_kinematics/share/baxter_sim_kinematics/launch/baxter_sim_kinematics.launch
[18.288s] -- Symlinking: /home/rick/catkin_ws/src/install/baxter_sim_kinematics/include/baxter_sim_kinematics/arm_kinematics.h
[18.305s] -- Symlinking: /home/rick/catkin_ws/src/install/baxter_sim_kinematics/include/baxter_sim_kinematics/position_kinematics.h
[18.327s] Invoked command in '/home/rick/catkin_ws/src/build/baxter_sim_kinematics' returned '0': CMAKE_PREFIX_PATH=/home/rick/catkin_ws/src/install/baxter_core_msgs:${CMAKE_PREFIX_PATH} PKG_CONFIG_PATH=/home/rick/catkin_ws/src/install/baxter_core_msgs/lib/x86_64-linux-gnu/pkgconfig:/home/rick/catkin_ws/src/install/baxter_core_msgs/lib/pkgconfig:${PKG_CONFIG_PATH} PYTHONPATH=/home/rick/catkin_ws/src/install/baxter_core_msgs/lib/python2.7/dist-packages:${PYTHONPATH} ROS_PACKAGE_PATH=/home/rick/catkin_ws/src/install/baxter_core_msgs/share:${ROS_PACKAGE_PATH} /usr/bin/cmake --build /home/rick/catkin_ws/src/build/baxter_sim_kinematics --target install -- -j2 -l2
