[0.054s] Invoking command in '/home/rick/catkin_ws/src/build/baxter_examples': CMAKE_PREFIX_PATH=/home/rick/catkin_ws/src/install/baxter_interface:/home/rick/catkin_ws/src/install/baxter_core_msgs:${CMAKE_PREFIX_PATH} PKG_CONFIG_PATH=/home/rick/catkin_ws/src/install/baxter_interface/lib/x86_64-linux-gnu/pkgconfig:/home/rick/catkin_ws/src/install/baxter_interface/lib/pkgconfig:/home/rick/catkin_ws/src/install/baxter_core_msgs/lib/x86_64-linux-gnu/pkgconfig:/home/rick/catkin_ws/src/install/baxter_core_msgs/lib/pkgconfig:${PKG_CONFIG_PATH} PYTHONPATH=/home/rick/catkin_ws/src/install/baxter_interface/lib/python2.7/dist-packages:/home/rick/catkin_ws/src/install/baxter_core_msgs/lib/python2.7/dist-packages:${PYTHONPATH} ROS_PACKAGE_PATH=/home/rick/catkin_ws/src/install/baxter_interface/share:/home/rick/catkin_ws/src/install/baxter_core_msgs/share:${ROS_PACKAGE_PATH} /usr/bin/cmake --build /home/rick/catkin_ws/src/build/baxter_examples -- -j2 -l2
[0.165s] [  0%] Built target baxter_examples_xacro_generated_to_devel_space_
[0.169s] [100%] Built target baxter_examples_gencfg
[0.187s] Invoked command in '/home/rick/catkin_ws/src/build/baxter_examples' returned '0': CMAKE_PREFIX_PATH=/home/rick/catkin_ws/src/install/baxter_interface:/home/rick/catkin_ws/src/install/baxter_core_msgs:${CMAKE_PREFIX_PATH} PKG_CONFIG_PATH=/home/rick/catkin_ws/src/install/baxter_interface/lib/x86_64-linux-gnu/pkgconfig:/home/rick/catkin_ws/src/install/baxter_interface/lib/pkgconfig:/home/rick/catkin_ws/src/install/baxter_core_msgs/lib/x86_64-linux-gnu/pkgconfig:/home/rick/catkin_ws/src/install/baxter_core_msgs/lib/pkgconfig:${PKG_CONFIG_PATH} PYTHONPATH=/home/rick/catkin_ws/src/install/baxter_interface/lib/python2.7/dist-packages:/home/rick/catkin_ws/src/install/baxter_core_msgs/lib/python2.7/dist-packages:${PYTHONPATH} ROS_PACKAGE_PATH=/home/rick/catkin_ws/src/install/baxter_interface/share:/home/rick/catkin_ws/src/install/baxter_core_msgs/share:${ROS_PACKAGE_PATH} /usr/bin/cmake --build /home/rick/catkin_ws/src/build/baxter_examples -- -j2 -l2
[0.285s] Invoking command in '/home/rick/catkin_ws/src/build/baxter_examples': CMAKE_PREFIX_PATH=/home/rick/catkin_ws/src/install/baxter_interface:/home/rick/catkin_ws/src/install/baxter_core_msgs:${CMAKE_PREFIX_PATH} PKG_CONFIG_PATH=/home/rick/catkin_ws/src/install/baxter_interface/lib/x86_64-linux-gnu/pkgconfig:/home/rick/catkin_ws/src/install/baxter_interface/lib/pkgconfig:/home/rick/catkin_ws/src/install/baxter_core_msgs/lib/x86_64-linux-gnu/pkgconfig:/home/rick/catkin_ws/src/install/baxter_core_msgs/lib/pkgconfig:${PKG_CONFIG_PATH} PYTHONPATH=/home/rick/catkin_ws/src/install/baxter_interface/lib/python2.7/dist-packages:/home/rick/catkin_ws/src/install/baxter_core_msgs/lib/python2.7/dist-packages:${PYTHONPATH} ROS_PACKAGE_PATH=/home/rick/catkin_ws/src/install/baxter_interface/share:/home/rick/catkin_ws/src/install/baxter_core_msgs/share:${ROS_PACKAGE_PATH} /usr/bin/cmake --build /home/rick/catkin_ws/src/build/baxter_examples --target tests -- -j2 -l2
[0.402s] Built target tests
[0.425s] Invoked command in '/home/rick/catkin_ws/src/build/baxter_examples' returned '0': CMAKE_PREFIX_PATH=/home/rick/catkin_ws/src/install/baxter_interface:/home/rick/catkin_ws/src/install/baxter_core_msgs:${CMAKE_PREFIX_PATH} PKG_CONFIG_PATH=/home/rick/catkin_ws/src/install/baxter_interface/lib/x86_64-linux-gnu/pkgconfig:/home/rick/catkin_ws/src/install/baxter_interface/lib/pkgconfig:/home/rick/catkin_ws/src/install/baxter_core_msgs/lib/x86_64-linux-gnu/pkgconfig:/home/rick/catkin_ws/src/install/baxter_core_msgs/lib/pkgconfig:${PKG_CONFIG_PATH} PYTHONPATH=/home/rick/catkin_ws/src/install/baxter_interface/lib/python2.7/dist-packages:/home/rick/catkin_ws/src/install/baxter_core_msgs/lib/python2.7/dist-packages:${PYTHONPATH} ROS_PACKAGE_PATH=/home/rick/catkin_ws/src/install/baxter_interface/share:/home/rick/catkin_ws/src/install/baxter_core_msgs/share:${ROS_PACKAGE_PATH} /usr/bin/cmake --build /home/rick/catkin_ws/src/build/baxter_examples --target tests -- -j2 -l2
[0.652s] Invoking command in '/home/rick/catkin_ws/src/build/baxter_examples': CMAKE_PREFIX_PATH=/home/rick/catkin_ws/src/install/baxter_interface:/home/rick/catkin_ws/src/install/baxter_core_msgs:${CMAKE_PREFIX_PATH} PKG_CONFIG_PATH=/home/rick/catkin_ws/src/install/baxter_interface/lib/x86_64-linux-gnu/pkgconfig:/home/rick/catkin_ws/src/install/baxter_interface/lib/pkgconfig:/home/rick/catkin_ws/src/install/baxter_core_msgs/lib/x86_64-linux-gnu/pkgconfig:/home/rick/catkin_ws/src/install/baxter_core_msgs/lib/pkgconfig:${PKG_CONFIG_PATH} PYTHONPATH=/home/rick/catkin_ws/src/install/baxter_interface/lib/python2.7/dist-packages:/home/rick/catkin_ws/src/install/baxter_core_msgs/lib/python2.7/dist-packages:${PYTHONPATH} ROS_PACKAGE_PATH=/home/rick/catkin_ws/src/install/baxter_interface/share:/home/rick/catkin_ws/src/install/baxter_core_msgs/share:${ROS_PACKAGE_PATH} /usr/bin/cmake --build /home/rick/catkin_ws/src/build/baxter_examples --target install -- -j2 -l2
[0.732s] [  0%] Built target baxter_examples_xacro_generated_to_devel_space_
[0.743s] [100%] Built target baxter_examples_gencfg
[0.783s] [36mInstall the project...[0m
[0.801s] -- Install configuration: ""
[0.802s] -- Execute custom install script
[0.803s] -- Up-to-date symlink: /home/rick/catkin_ws/src/install/baxter_examples/include/baxter_examples/JointSpringsExampleConfig.h
[0.804s] -- Up-to-date symlink: /home/rick/catkin_ws/src/install/baxter_examples/lib/python2.7/dist-packages/baxter_examples/cfg/JointSpringsExampleConfig.py
[0.805s] -- Symlinking: /home/rick/catkin_ws/src/install/baxter_examples/lib/python2.7/dist-packages/baxter_examples/cfg/JointSpringsExampleConfig.pyc
[0.813s] -- Up-to-date symlink: /home/rick/catkin_ws/src/install/baxter_examples/lib/python2.7/dist-packages/baxter_examples/cfg/__init__.py
[0.814s] -- Symlinking: /home/rick/catkin_ws/src/install/baxter_examples/lib/python2.7/dist-packages/baxter_examples/cfg/__init__.pyc
[0.822s] -- Up-to-date symlink: /home/rick/catkin_ws/src/install/baxter_examples/lib/pkgconfig/baxter_examples.pc
[0.822s] -- Up-to-date symlink: /home/rick/catkin_ws/src/install/baxter_examples/share/baxter_examples/cmake/baxter_examplesConfig.cmake
[0.823s] -- Up-to-date symlink: /home/rick/catkin_ws/src/install/baxter_examples/share/baxter_examples/cmake/baxter_examplesConfig-version.cmake
[0.824s] -- Up-to-date symlink: /home/rick/catkin_ws/src/install/baxter_examples/share/baxter_examples/package.xml
[0.827s] + cd /home/rick/catkin_ws/src/baxter_examples
[0.827s] + mkdir -p /home/rick/catkin_ws/src/install/baxter_examples/lib/python2.7/dist-packages
[0.833s] + /usr/bin/env PYTHONPATH=/home/rick/catkin_ws/src/install/baxter_examples/lib/python2.7/dist-packages:/home/rick/catkin_ws/src/build/baxter_examples/lib/python2.7/dist-packages:/home/rick/catkin_ws/src/install/baxter_interface/lib/python2.7/dist-packages:/home/rick/catkin_ws/src/install/baxter_core_msgs/lib/python2.7/dist-packages:/opt/ros/kinetic/lib/python2.7/dist-packages CATKIN_BINARY_DIR=/home/rick/catkin_ws/src/build/baxter_examples /usr/bin/python2 /home/rick/catkin_ws/src/baxter_examples/setup.py build --build-base /home/rick/catkin_ws/src/build/baxter_examples install --install-layout=deb --prefix=/home/rick/catkin_ws/src/install/baxter_examples --install-scripts=/home/rick/catkin_ws/src/install/baxter_examples/bin
[0.903s] running build
[0.903s] running build_py
[0.905s] running install
[0.906s] running install_lib
[0.909s] running install_egg_info
[0.910s] Removing /home/rick/catkin_ws/src/install/baxter_examples/lib/python2.7/dist-packages/baxter_examples-1.2.0.egg-info
[0.910s] Writing /home/rick/catkin_ws/src/install/baxter_examples/lib/python2.7/dist-packages/baxter_examples-1.2.0.egg-info
[0.948s] Listing /home/rick/catkin_ws/src/build/baxter_examples/devel/lib/python2.7/dist-packages/baxter_examples/cfg ...
[0.958s] -- Up-to-date: /home/rick/catkin_ws/src/install/baxter_examples/lib/baxter_examples
[0.958s] -- Up-to-date: /home/rick/catkin_ws/src/install/baxter_examples/lib/baxter_examples/joint_trajectory_client.py
[0.959s] -- Up-to-date: /home/rick/catkin_ws/src/install/baxter_examples/lib/baxter_examples/digital_io_blink.py
[0.959s] -- Up-to-date: /home/rick/catkin_ws/src/install/baxter_examples/lib/baxter_examples/analog_io_rampup.py
[0.959s] -- Up-to-date: /home/rick/catkin_ws/src/install/baxter_examples/lib/baxter_examples/joint_velocity_wobbler.py
[0.959s] -- Up-to-date: /home/rick/catkin_ws/src/install/baxter_examples/lib/baxter_examples/gripper_joystick.py
[0.959s] -- Up-to-date: /home/rick/catkin_ws/src/install/baxter_examples/lib/baxter_examples/head_wobbler.py
[0.960s] -- Up-to-date: /home/rick/catkin_ws/src/install/baxter_examples/lib/baxter_examples/joint_torque_springs.py
[0.960s] -- Up-to-date: /home/rick/catkin_ws/src/install/baxter_examples/lib/baxter_examples/joint_position_waypoints.py
[0.960s] -- Up-to-date: /home/rick/catkin_ws/src/install/baxter_examples/lib/baxter_examples/head_action_client.py
[0.960s] -- Up-to-date: /home/rick/catkin_ws/src/install/baxter_examples/lib/baxter_examples/xdisplay_image.py
[0.960s] -- Up-to-date: /home/rick/catkin_ws/src/install/baxter_examples/lib/baxter_examples/navigator_io.py
[0.961s] -- Up-to-date: /home/rick/catkin_ws/src/install/baxter_examples/lib/baxter_examples/gripper_keyboard.py
[0.990s] -- Up-to-date: /home/rick/catkin_ws/src/install/baxter_examples/lib/baxter_examples/joint_trajectory_file_playback.py
[0.990s] -- Up-to-date: /home/rick/catkin_ws/src/install/baxter_examples/lib/baxter_examples/joint_position_keyboard.py
[0.990s] -- Up-to-date: /home/rick/catkin_ws/src/install/baxter_examples/lib/baxter_examples/joint_recorder.py
[0.990s] -- Up-to-date: /home/rick/catkin_ws/src/install/baxter_examples/lib/baxter_examples/gripper_cuff_control.py
[0.991s] -- Up-to-date: /home/rick/catkin_ws/src/install/baxter_examples/lib/baxter_examples/joint_position_joystick.py
[0.991s] -- Up-to-date: /home/rick/catkin_ws/src/install/baxter_examples/lib/baxter_examples/ik_service_client.py
[0.991s] -- Up-to-date: /home/rick/catkin_ws/src/install/baxter_examples/lib/baxter_examples/joint_velocity_puppet.py
[0.991s] -- Up-to-date: /home/rick/catkin_ws/src/install/baxter_examples/lib/baxter_examples/gripper_action_client.py
[0.991s] -- Up-to-date: /home/rick/catkin_ws/src/install/baxter_examples/lib/baxter_examples/joint_position_file_playback.py
[0.992s] -- Up-to-date: /home/rick/catkin_ws/src/install/baxter_examples/lib/baxter_examples/send_urdf_fragment.py
[0.992s] -- Up-to-date: /home/rick/catkin_ws/src/install/baxter_examples/share/baxter_examples/launch
[0.992s] -- Up-to-date: /home/rick/catkin_ws/src/install/baxter_examples/share/baxter_examples/launch/joint_trajectory_file_playback.launch
[0.992s] -- Up-to-date: /home/rick/catkin_ws/src/install/baxter_examples/share/baxter_examples/launch/joint_position_joystick.launch
[0.992s] -- Up-to-date: /home/rick/catkin_ws/src/install/baxter_examples/share/baxter_examples/launch/gripper_action_client.launch
[0.993s] -- Up-to-date: /home/rick/catkin_ws/src/install/baxter_examples/share/baxter_examples/launch/gripper_joystick.launch
[0.993s] -- Up-to-date: /home/rick/catkin_ws/src/install/baxter_examples/share/baxter_examples/launch/joint_trajectory_client.launch
[0.993s] -- Up-to-date: /home/rick/catkin_ws/src/install/baxter_examples/share/baxter_examples/share
[0.993s] -- Up-to-date: /home/rick/catkin_ws/src/install/baxter_examples/share/baxter_examples/share/images
[0.993s] -- Up-to-date: /home/rick/catkin_ws/src/install/baxter_examples/share/baxter_examples/share/images/baxterworking.png
[0.994s] Invoked command in '/home/rick/catkin_ws/src/build/baxter_examples' returned '0': CMAKE_PREFIX_PATH=/home/rick/catkin_ws/src/install/baxter_interface:/home/rick/catkin_ws/src/install/baxter_core_msgs:${CMAKE_PREFIX_PATH} PKG_CONFIG_PATH=/home/rick/catkin_ws/src/install/baxter_interface/lib/x86_64-linux-gnu/pkgconfig:/home/rick/catkin_ws/src/install/baxter_interface/lib/pkgconfig:/home/rick/catkin_ws/src/install/baxter_core_msgs/lib/x86_64-linux-gnu/pkgconfig:/home/rick/catkin_ws/src/install/baxter_core_msgs/lib/pkgconfig:${PKG_CONFIG_PATH} PYTHONPATH=/home/rick/catkin_ws/src/install/baxter_interface/lib/python2.7/dist-packages:/home/rick/catkin_ws/src/install/baxter_core_msgs/lib/python2.7/dist-packages:${PYTHONPATH} ROS_PACKAGE_PATH=/home/rick/catkin_ws/src/install/baxter_interface/share:/home/rick/catkin_ws/src/install/baxter_core_msgs/share:${ROS_PACKAGE_PATH} /usr/bin/cmake --build /home/rick/catkin_ws/src/build/baxter_examples --target install -- -j2 -l2
