[0.022s] Invoking command in '/home/rick/catkin_ws/src/build/baxter_sim_kinematics': CMAKE_PREFIX_PATH=/home/rick/catkin_ws/src/install/baxter_core_msgs:${CMAKE_PREFIX_PATH} PKG_CONFIG_PATH=/home/rick/catkin_ws/src/install/baxter_core_msgs/lib/x86_64-linux-gnu/pkgconfig:/home/rick/catkin_ws/src/install/baxter_core_msgs/lib/pkgconfig:${PKG_CONFIG_PATH} PYTHONPATH=/home/rick/catkin_ws/src/install/baxter_core_msgs/lib/python2.7/dist-packages:${PYTHONPATH} ROS_PACKAGE_PATH=/home/rick/catkin_ws/src/install/baxter_core_msgs/share:${ROS_PACKAGE_PATH} /usr/bin/cmake --build /home/rick/catkin_ws/src/build/baxter_sim_kinematics -- -j2 -l2
[0.124s] [  0%] Built target actionlib_generate_messages_py
[0.140s] [  0%] Built target std_srvs_generate_messages_cpp
[0.182s] [  0%] Built target trajectory_msgs_generate_messages_py
[0.190s] [  0%] Built target trajectory_msgs_generate_messages_nodejs
[0.222s] [  0%] Built target trajectory_msgs_generate_messages_lisp
[0.229s] [  0%] Built target trajectory_msgs_generate_messages_eus
[0.261s] [  0%] Built target tf2_msgs_generate_messages_nodejs
[0.275s] [  0%] Built target gazebo_msgs_generate_messages_py
[0.305s] [  0%] Built target tf2_msgs_generate_messages_lisp
[0.312s] [  0%] Built target tf2_msgs_generate_messages_eus
[0.354s] [  0%] Built target actionlib_msgs_generate_messages_py
[0.367s] [  0%] Built target tf2_msgs_generate_messages_py
[0.402s] [  0%] Built target actionlib_msgs_generate_messages_nodejs
[0.406s] [  0%] Built target actionlib_msgs_generate_messages_lisp
[0.454s] [  0%] Built target std_msgs_generate_messages_eus
[0.465s] [  0%] Built target std_srvs_generate_messages_py
[0.510s] [  0%] Built target roscpp_generate_messages_lisp
[0.524s] [  0%] Built target std_msgs_generate_messages_py
[0.538s] [  0%] Built target rosgraph_msgs_generate_messages_lisp
[0.571s] [  0%] Built target roscpp_generate_messages_nodejs
[0.573s] [  0%] Built target std_srvs_generate_messages_nodejs
[0.597s] [  0%] Built target rosgraph_msgs_generate_messages_nodejs
[0.613s] [  0%] Built target tf_generate_messages_eus
[0.623s] [  0%] Built target gazebo_msgs_generate_messages_eus
[0.664s] [  0%] Built target rosgraph_msgs_generate_messages_eus
[0.677s] [  0%] Built target rosgraph_msgs_generate_messages_cpp
[0.707s] [  0%] Built target std_srvs_generate_messages_lisp
[0.723s] [  0%] Built target std_msgs_generate_messages_lisp
[0.758s] [  0%] Built target geometry_msgs_generate_messages_lisp
[0.786s] [  0%] Built target tf2_msgs_generate_messages_cpp
[0.809s] [  0%] Built target baxter_core_msgs_generate_messages_lisp
[0.825s] [  0%] Built target roscpp_generate_messages_eus
[0.846s] [  0%] Built target roscpp_generate_messages_cpp
[0.881s] [  0%] Built target geometry_msgs_generate_messages_eus
[0.883s] [  0%] Built target geometry_msgs_generate_messages_nodejs
[0.902s] [  0%] Built target std_srvs_generate_messages_eus
[0.909s] [  0%] Built target baxter_core_msgs_generate_messages_eus
[0.924s] [  0%] Built target tf_generate_messages_cpp
[0.944s] [  0%] Built target baxter_core_msgs_generate_messages_cpp
[0.963s] [  0%] Built target actionlib_generate_messages_eus
[0.973s] [  0%] Built target baxter_core_msgs_generate_messages_nodejs
[0.991s] [  0%] Built target trajectory_msgs_generate_messages_cpp
[0.994s] [  0%] Built target baxter_core_msgs_generate_messages_py
[1.011s] [  0%] Built target sensor_msgs_generate_messages_nodejs
[1.015s] [  0%] Built target geometry_msgs_generate_messages_cpp
[1.052s] [  0%] Built target gazebo_msgs_generate_messages_nodejs
[1.061s] [  0%] Built target gazebo_msgs_generate_messages_cpp
[1.082s] [  0%] Built target geometry_msgs_generate_messages_py
[1.103s] [  0%] Built target std_msgs_generate_messages_nodejs
[1.125s] [  0%] Built target sensor_msgs_generate_messages_cpp
[1.132s] [  0%] Built target gazebo_msgs_generate_messages_lisp
[1.171s] [  0%] Built target sensor_msgs_generate_messages_lisp
[1.174s] [  0%] Built target rosgraph_msgs_generate_messages_py
[1.201s] [  0%] Built target roscpp_generate_messages_py
[1.201s] [  0%] Built target tf_generate_messages_lisp
[1.222s] [  0%] Built target tf_generate_messages_nodejs
[1.227s] [  0%] Built target tf_generate_messages_py
[1.250s] [  0%] Built target actionlib_generate_messages_cpp
[1.263s] [  0%] Built target sensor_msgs_generate_messages_py
[1.287s] [  0%] Built target actionlib_generate_messages_lisp
[1.288s] [  0%] Built target actionlib_msgs_generate_messages_eus
[1.315s] [  0%] Built target actionlib_msgs_generate_messages_cpp
[1.325s] [  0%] Built target std_msgs_generate_messages_cpp
[1.360s] [  0%] Built target sensor_msgs_generate_messages_eus
[1.362s] [  0%] Built target actionlib_generate_messages_nodejs
[1.407s] [ 50%] Built target baxter_sim_kinematics
[1.447s] [100%] Built target kinematics
[1.467s] Invoked command in '/home/rick/catkin_ws/src/build/baxter_sim_kinematics' returned '0': CMAKE_PREFIX_PATH=/home/rick/catkin_ws/src/install/baxter_core_msgs:${CMAKE_PREFIX_PATH} PKG_CONFIG_PATH=/home/rick/catkin_ws/src/install/baxter_core_msgs/lib/x86_64-linux-gnu/pkgconfig:/home/rick/catkin_ws/src/install/baxter_core_msgs/lib/pkgconfig:${PKG_CONFIG_PATH} PYTHONPATH=/home/rick/catkin_ws/src/install/baxter_core_msgs/lib/python2.7/dist-packages:${PYTHONPATH} ROS_PACKAGE_PATH=/home/rick/catkin_ws/src/install/baxter_core_msgs/share:${ROS_PACKAGE_PATH} /usr/bin/cmake --build /home/rick/catkin_ws/src/build/baxter_sim_kinematics -- -j2 -l2
[1.587s] Invoking command in '/home/rick/catkin_ws/src/build/baxter_sim_kinematics': CMAKE_PREFIX_PATH=/home/rick/catkin_ws/src/install/baxter_core_msgs:${CMAKE_PREFIX_PATH} PKG_CONFIG_PATH=/home/rick/catkin_ws/src/install/baxter_core_msgs/lib/x86_64-linux-gnu/pkgconfig:/home/rick/catkin_ws/src/install/baxter_core_msgs/lib/pkgconfig:${PKG_CONFIG_PATH} PYTHONPATH=/home/rick/catkin_ws/src/install/baxter_core_msgs/lib/python2.7/dist-packages:${PYTHONPATH} ROS_PACKAGE_PATH=/home/rick/catkin_ws/src/install/baxter_core_msgs/share:${ROS_PACKAGE_PATH} /usr/bin/cmake --build /home/rick/catkin_ws/src/build/baxter_sim_kinematics --target tests -- -j2 -l2
[1.670s] Built target tests
[1.696s] Invoked command in '/home/rick/catkin_ws/src/build/baxter_sim_kinematics' returned '0': CMAKE_PREFIX_PATH=/home/rick/catkin_ws/src/install/baxter_core_msgs:${CMAKE_PREFIX_PATH} PKG_CONFIG_PATH=/home/rick/catkin_ws/src/install/baxter_core_msgs/lib/x86_64-linux-gnu/pkgconfig:/home/rick/catkin_ws/src/install/baxter_core_msgs/lib/pkgconfig:${PKG_CONFIG_PATH} PYTHONPATH=/home/rick/catkin_ws/src/install/baxter_core_msgs/lib/python2.7/dist-packages:${PYTHONPATH} ROS_PACKAGE_PATH=/home/rick/catkin_ws/src/install/baxter_core_msgs/share:${ROS_PACKAGE_PATH} /usr/bin/cmake --build /home/rick/catkin_ws/src/build/baxter_sim_kinematics --target tests -- -j2 -l2
[1.788s] Invoking command in '/home/rick/catkin_ws/src/build/baxter_sim_kinematics': CMAKE_PREFIX_PATH=/home/rick/catkin_ws/src/install/baxter_core_msgs:${CMAKE_PREFIX_PATH} PKG_CONFIG_PATH=/home/rick/catkin_ws/src/install/baxter_core_msgs/lib/x86_64-linux-gnu/pkgconfig:/home/rick/catkin_ws/src/install/baxter_core_msgs/lib/pkgconfig:${PKG_CONFIG_PATH} PYTHONPATH=/home/rick/catkin_ws/src/install/baxter_core_msgs/lib/python2.7/dist-packages:${PYTHONPATH} ROS_PACKAGE_PATH=/home/rick/catkin_ws/src/install/baxter_core_msgs/share:${ROS_PACKAGE_PATH} /usr/bin/cmake --build /home/rick/catkin_ws/src/build/baxter_sim_kinematics --target install -- -j2 -l2
[1.859s] [  0%] Built target actionlib_generate_messages_py
[1.860s] [  0%] Built target std_srvs_generate_messages_cpp
[1.878s] [  0%] Built target trajectory_msgs_generate_messages_nodejs
[1.893s] [  0%] Built target trajectory_msgs_generate_messages_lisp
[1.905s] [  0%] Built target trajectory_msgs_generate_messages_py
[1.921s] [  0%] Built target trajectory_msgs_generate_messages_eus
[1.941s] [  0%] Built target gazebo_msgs_generate_messages_py
[1.976s] [  0%] Built target tf2_msgs_generate_messages_nodejs
[1.980s] [  0%] Built target tf2_msgs_generate_messages_lisp
[2.001s] [  0%] Built target actionlib_msgs_generate_messages_py
[2.007s] [  0%] Built target tf2_msgs_generate_messages_eus
[2.048s] [  0%] Built target actionlib_msgs_generate_messages_nodejs
[2.067s] [  0%] Built target tf2_msgs_generate_messages_py
[2.087s] [  0%] Built target actionlib_msgs_generate_messages_lisp
[2.118s] [  0%] Built target std_srvs_generate_messages_py
[2.156s] [  0%] Built target std_msgs_generate_messages_eus
[2.172s] [  0%] Built target roscpp_generate_messages_lisp
[2.192s] [  0%] Built target std_msgs_generate_messages_py
[2.206s] [  0%] Built target rosgraph_msgs_generate_messages_lisp
[2.223s] [  0%] Built target std_srvs_generate_messages_nodejs
[2.239s] [  0%] Built target tf_generate_messages_eus
[2.246s] [  0%] Built target roscpp_generate_messages_nodejs
[2.289s] [  0%] Built target rosgraph_msgs_generate_messages_nodejs
[2.311s] [  0%] Built target gazebo_msgs_generate_messages_eus
[2.317s] [  0%] Built target rosgraph_msgs_generate_messages_eus
[2.340s] [  0%] Built target std_msgs_generate_messages_lisp
[2.345s] [  0%] Built target rosgraph_msgs_generate_messages_cpp
[2.386s] [  0%] Built target std_srvs_generate_messages_lisp
[2.392s] [  0%] Built target geometry_msgs_generate_messages_lisp
[2.409s] [  0%] Built target tf2_msgs_generate_messages_cpp
[2.424s] [  0%] Built target baxter_core_msgs_generate_messages_lisp
[2.441s] [  0%] Built target roscpp_generate_messages_eus
[2.479s] [  0%] Built target geometry_msgs_generate_messages_eus
[2.481s] [  0%] Built target roscpp_generate_messages_cpp
[2.507s] [  0%] Built target std_srvs_generate_messages_eus
[2.511s] [  0%] Built target geometry_msgs_generate_messages_nodejs
[2.527s] [  0%] Built target baxter_core_msgs_generate_messages_eus
[2.529s] [  0%] Built target tf_generate_messages_cpp
[2.556s] [  0%] Built target actionlib_generate_messages_eus
[2.568s] [  0%] Built target baxter_core_msgs_generate_messages_cpp
[2.591s] [  0%] Built target baxter_core_msgs_generate_messages_nodejs
[2.600s] [  0%] Built target baxter_core_msgs_generate_messages_py
[2.633s] [  0%] Built target trajectory_msgs_generate_messages_cpp
[2.641s] [  0%] Built target geometry_msgs_generate_messages_cpp
[2.674s] [  0%] Built target sensor_msgs_generate_messages_nodejs
[2.679s] [  0%] Built target gazebo_msgs_generate_messages_nodejs
[2.710s] [  0%] Built target gazebo_msgs_generate_messages_cpp
[2.711s] [  0%] Built target std_msgs_generate_messages_nodejs
[2.745s] [  0%] Built target geometry_msgs_generate_messages_py
[2.766s] [  0%] Built target sensor_msgs_generate_messages_cpp
[2.786s] [  0%] Built target gazebo_msgs_generate_messages_lisp
[2.795s] [  0%] Built target sensor_msgs_generate_messages_lisp
[2.811s] [  0%] Built target rosgraph_msgs_generate_messages_py
[2.835s] [  0%] Built target roscpp_generate_messages_py
[2.842s] [  0%] Built target tf_generate_messages_lisp
[2.872s] [  0%] Built target tf_generate_messages_py
[2.873s] [  0%] Built target tf_generate_messages_nodejs
[2.929s] [  0%] Built target actionlib_generate_messages_cpp
[2.934s] [  0%] Built target actionlib_msgs_generate_messages_eus
[2.968s] [  0%] Built target sensor_msgs_generate_messages_py
[2.980s] [  0%] Built target actionlib_generate_messages_lisp
[3.034s] [  0%] Built target actionlib_msgs_generate_messages_cpp
[3.058s] [  0%] Built target std_msgs_generate_messages_cpp
[3.085s] [  0%] Built target sensor_msgs_generate_messages_eus
[3.091s] [  0%] Built target actionlib_generate_messages_nodejs
[3.122s] [ 50%] Built target baxter_sim_kinematics
[3.174s] [100%] Built target kinematics
[3.206s] [36mInstall the project...[0m
[3.220s] -- Install configuration: ""
[3.222s] -- Execute custom install script
[3.223s] -- Up-to-date symlink: /home/rick/catkin_ws/src/install/baxter_sim_kinematics/lib/pkgconfig/baxter_sim_kinematics.pc
[3.225s] -- Up-to-date symlink: /home/rick/catkin_ws/src/install/baxter_sim_kinematics/share/baxter_sim_kinematics/cmake/baxter_sim_kinematicsConfig.cmake
[3.226s] -- Up-to-date symlink: /home/rick/catkin_ws/src/install/baxter_sim_kinematics/share/baxter_sim_kinematics/cmake/baxter_sim_kinematicsConfig-version.cmake
[3.227s] -- Up-to-date symlink: /home/rick/catkin_ws/src/install/baxter_sim_kinematics/share/baxter_sim_kinematics/package.xml
[3.228s] -- Up-to-date symlink: /home/rick/catkin_ws/src/install/baxter_sim_kinematics/lib/libbaxter_sim_kinematics.so
[3.230s] -- Up-to-date symlink: /home/rick/catkin_ws/src/install/baxter_sim_kinematics/lib/baxter_sim_kinematics/kinematics
[3.232s] -- Up-to-date symlink: /home/rick/catkin_ws/src/install/baxter_sim_kinematics/share/baxter_sim_kinematics/launch/baxter_sim_kinematics.launch
[3.234s] -- Up-to-date symlink: /home/rick/catkin_ws/src/install/baxter_sim_kinematics/include/baxter_sim_kinematics/arm_kinematics.h
[3.235s] -- Up-to-date symlink: /home/rick/catkin_ws/src/install/baxter_sim_kinematics/include/baxter_sim_kinematics/position_kinematics.h
[3.243s] Invoked command in '/home/rick/catkin_ws/src/build/baxter_sim_kinematics' returned '0': CMAKE_PREFIX_PATH=/home/rick/catkin_ws/src/install/baxter_core_msgs:${CMAKE_PREFIX_PATH} PKG_CONFIG_PATH=/home/rick/catkin_ws/src/install/baxter_core_msgs/lib/x86_64-linux-gnu/pkgconfig:/home/rick/catkin_ws/src/install/baxter_core_msgs/lib/pkgconfig:${PKG_CONFIG_PATH} PYTHONPATH=/home/rick/catkin_ws/src/install/baxter_core_msgs/lib/python2.7/dist-packages:${PYTHONPATH} ROS_PACKAGE_PATH=/home/rick/catkin_ws/src/install/baxter_core_msgs/share:${ROS_PACKAGE_PATH} /usr/bin/cmake --build /home/rick/catkin_ws/src/build/baxter_sim_kinematics --target install -- -j2 -l2
