[0.067s] Invoking command in '/home/rick/catkin_ws/src/build/baxter_core_msgs': /usr/bin/cmake --build /home/rick/catkin_ws/src/build/baxter_core_msgs -- -j2 -l2
[0.309s] [  0%] Built target _baxter_core_msgs_generate_messages_check_deps_DigitalIOStates
[0.336s] [  0%] Built target _baxter_core_msgs_generate_messages_check_deps_NavigatorState
[0.393s] [  0%] Built target _baxter_core_msgs_generate_messages_check_deps_ListCameras
[0.397s] [  0%] Built target _baxter_core_msgs_generate_messages_check_deps_AnalogOutputCommand
[0.451s] [  0%] Built target _baxter_core_msgs_generate_messages_check_deps_AssemblyStates
[0.462s] [  0%] Built target _baxter_core_msgs_generate_messages_check_deps_URDFConfiguration
[0.503s] [  0%] Built target _baxter_core_msgs_generate_messages_check_deps_EndEffectorState
[0.543s] [  0%] Built target sensor_msgs_generate_messages_py
[0.580s] [  0%] Built target _baxter_core_msgs_generate_messages_check_deps_EndEffectorCommand
[0.635s] [  0%] Built target _baxter_core_msgs_generate_messages_check_deps_DigitalOutputCommand
[0.673s] [  0%] Built target _baxter_core_msgs_generate_messages_check_deps_HeadState
[0.679s] [  0%] Built target _baxter_core_msgs_generate_messages_check_deps_CloseCamera
[0.705s] [  0%] Built target geometry_msgs_generate_messages_py
[0.743s] [  0%] Built target _baxter_core_msgs_generate_messages_check_deps_NavigatorStates
[0.746s] [  0%] Built target std_msgs_generate_messages_py
[0.795s] [  0%] Built target _baxter_core_msgs_generate_messages_check_deps_CollisionAvoidanceState
[0.817s] [  0%] Built target _baxter_core_msgs_generate_messages_check_deps_JointCommand
[0.851s] [  0%] Built target _baxter_core_msgs_generate_messages_check_deps_AssemblyState
[0.929s] [  0%] Built target _baxter_core_msgs_generate_messages_check_deps_EndEffectorProperties
[0.958s] [  0%] Built target _baxter_core_msgs_generate_messages_check_deps_SolvePositionIK
[1.067s] [  0%] Built target _baxter_core_msgs_generate_messages_check_deps_CameraControl
[1.115s] [  0%] Built target _baxter_core_msgs_generate_messages_check_deps_AnalogIOStates
[1.178s] [  0%] Built target _baxter_core_msgs_generate_messages_check_deps_SEAJointState
[1.221s] [  0%] Built target _baxter_core_msgs_generate_messages_check_deps_CameraSettings
[1.309s] [  0%] Built target _baxter_core_msgs_generate_messages_check_deps_HeadPanCommand
[1.318s] [  0%] Built target _baxter_core_msgs_generate_messages_check_deps_AnalogIOState
[1.417s] [  0%] Built target _baxter_core_msgs_generate_messages_check_deps_EndpointState
[1.465s] [  0%] Built target _baxter_core_msgs_generate_messages_check_deps_DigitalIOState
[1.527s] [  0%] Built target _baxter_core_msgs_generate_messages_check_deps_OpenCamera
[1.536s] [  0%] Built target _baxter_core_msgs_generate_messages_check_deps_RobustControllerStatus
[1.627s] [  0%] Built target _baxter_core_msgs_generate_messages_check_deps_CollisionDetectionState
[1.636s] [  0%] Built target _baxter_core_msgs_generate_messages_check_deps_EndpointStates
[1.661s] [  0%] Built target geometry_msgs_generate_messages_nodejs
[1.667s] [  0%] Built target sensor_msgs_generate_messages_nodejs
[1.688s] [  0%] Built target std_msgs_generate_messages_nodejs
[1.706s] [  0%] Built target geometry_msgs_generate_messages_cpp
[1.709s] [  0%] Built target sensor_msgs_generate_messages_cpp
[1.738s] [  0%] Built target std_msgs_generate_messages_cpp
[1.754s] [  0%] Built target std_msgs_generate_messages_lisp
[1.765s] [  0%] Built target geometry_msgs_generate_messages_lisp
[1.791s] [  0%] Built target geometry_msgs_generate_messages_eus
[1.798s] [  0%] Built target sensor_msgs_generate_messages_lisp
[1.815s] [  0%] Built target sensor_msgs_generate_messages_eus
[1.834s] [  0%] Built target std_msgs_generate_messages_eus
[1.853s] [ 21%] Built target baxter_core_msgs_generate_messages_py
[1.885s] [ 40%] Built target baxter_core_msgs_generate_messages_nodejs
[1.893s] [ 60%] Built target baxter_core_msgs_generate_messages_cpp
[1.930s] [ 79%] Built target baxter_core_msgs_generate_messages_lisp
[1.932s] [100%] Built target baxter_core_msgs_generate_messages_eus
[1.960s] [100%] Built target baxter_core_msgs_generate_messages
[1.978s] Invoked command in '/home/rick/catkin_ws/src/build/baxter_core_msgs' returned '0': /usr/bin/cmake --build /home/rick/catkin_ws/src/build/baxter_core_msgs -- -j2 -l2
[2.055s] Invoking command in '/home/rick/catkin_ws/src/build/baxter_core_msgs': /usr/bin/cmake --build /home/rick/catkin_ws/src/build/baxter_core_msgs --target tests -- -j2 -l2
[2.143s] Built target tests
[2.167s] Invoked command in '/home/rick/catkin_ws/src/build/baxter_core_msgs' returned '0': /usr/bin/cmake --build /home/rick/catkin_ws/src/build/baxter_core_msgs --target tests -- -j2 -l2
[2.295s] Invoking command in '/home/rick/catkin_ws/src/build/baxter_core_msgs': /usr/bin/cmake --build /home/rick/catkin_ws/src/build/baxter_core_msgs --target install -- -j2 -l2
[2.418s] [  0%] Built target _baxter_core_msgs_generate_messages_check_deps_DigitalIOStates
[2.429s] [  0%] Built target _baxter_core_msgs_generate_messages_check_deps_NavigatorState
[2.503s] [  0%] Built target _baxter_core_msgs_generate_messages_check_deps_AnalogOutputCommand
[2.543s] [  0%] Built target _baxter_core_msgs_generate_messages_check_deps_ListCameras
[2.593s] [  0%] Built target _baxter_core_msgs_generate_messages_check_deps_URDFConfiguration
[2.657s] [  0%] Built target _baxter_core_msgs_generate_messages_check_deps_EndEffectorState
[2.670s] [  0%] Built target _baxter_core_msgs_generate_messages_check_deps_AssemblyStates
[2.696s] [  0%] Built target sensor_msgs_generate_messages_py
[2.737s] [  0%] Built target _baxter_core_msgs_generate_messages_check_deps_EndEffectorCommand
[2.809s] [  0%] Built target _baxter_core_msgs_generate_messages_check_deps_DigitalOutputCommand
[2.824s] [  0%] Built target _baxter_core_msgs_generate_messages_check_deps_HeadState
[2.888s] [  0%] Built target _baxter_core_msgs_generate_messages_check_deps_NavigatorStates
[2.916s] [  0%] Built target geometry_msgs_generate_messages_py
[2.916s] [  0%] Built target _baxter_core_msgs_generate_messages_check_deps_CloseCamera
[2.967s] [  0%] Built target std_msgs_generate_messages_py
[3.000s] [  0%] Built target _baxter_core_msgs_generate_messages_check_deps_CollisionAvoidanceState
[3.054s] [  0%] Built target _baxter_core_msgs_generate_messages_check_deps_JointCommand
[3.114s] [  0%] Built target _baxter_core_msgs_generate_messages_check_deps_EndEffectorProperties
[3.122s] [  0%] Built target _baxter_core_msgs_generate_messages_check_deps_AssemblyState
[3.192s] [  0%] Built target _baxter_core_msgs_generate_messages_check_deps_SolvePositionIK
[3.205s] [  0%] Built target _baxter_core_msgs_generate_messages_check_deps_AnalogIOStates
[3.276s] [  0%] Built target _baxter_core_msgs_generate_messages_check_deps_CameraControl
[3.293s] [  0%] Built target _baxter_core_msgs_generate_messages_check_deps_SEAJointState
[3.342s] [  0%] Built target _baxter_core_msgs_generate_messages_check_deps_CameraSettings
[3.345s] [  0%] Built target _baxter_core_msgs_generate_messages_check_deps_HeadPanCommand
[3.393s] [  0%] Built target _baxter_core_msgs_generate_messages_check_deps_AnalogIOState
[3.423s] [  0%] Built target _baxter_core_msgs_generate_messages_check_deps_EndpointState
[3.453s] [  0%] Built target _baxter_core_msgs_generate_messages_check_deps_DigitalIOState
[3.494s] [  0%] Built target _baxter_core_msgs_generate_messages_check_deps_OpenCamera
[3.544s] [  0%] Built target _baxter_core_msgs_generate_messages_check_deps_RobustControllerStatus
[3.576s] [  0%] Built target _baxter_core_msgs_generate_messages_check_deps_CollisionDetectionState
[3.591s] [  0%] Built target sensor_msgs_generate_messages_nodejs
[3.607s] [  0%] Built target _baxter_core_msgs_generate_messages_check_deps_EndpointStates
[3.610s] [  0%] Built target geometry_msgs_generate_messages_nodejs
[3.629s] [  0%] Built target std_msgs_generate_messages_nodejs
[3.633s] [  0%] Built target geometry_msgs_generate_messages_cpp
[3.657s] [  0%] Built target std_msgs_generate_messages_cpp
[3.670s] [  0%] Built target sensor_msgs_generate_messages_cpp
[3.686s] [  0%] Built target std_msgs_generate_messages_lisp
[3.702s] [  0%] Built target geometry_msgs_generate_messages_lisp
[3.702s] [  0%] Built target sensor_msgs_generate_messages_lisp
[3.718s] [  0%] Built target geometry_msgs_generate_messages_eus
[3.730s] [  0%] Built target sensor_msgs_generate_messages_eus
[3.734s] [  0%] Built target std_msgs_generate_messages_eus
[3.753s] [ 19%] Built target baxter_core_msgs_generate_messages_nodejs
[3.758s] [ 40%] Built target baxter_core_msgs_generate_messages_py
[3.780s] [ 60%] Built target baxter_core_msgs_generate_messages_lisp
[3.787s] [ 79%] Built target baxter_core_msgs_generate_messages_cpp
[3.809s] [100%] Built target baxter_core_msgs_generate_messages_eus
[3.834s] [100%] Built target baxter_core_msgs_generate_messages
[3.867s] [36mInstall the project...[0m
[3.873s] -- Install configuration: ""
[3.874s] -- Execute custom install script
[3.875s] -- Up-to-date symlink: /home/rick/catkin_ws/src/install/baxter_core_msgs/share/baxter_core_msgs/msg/AnalogIOState.msg
[3.875s] -- Up-to-date symlink: /home/rick/catkin_ws/src/install/baxter_core_msgs/share/baxter_core_msgs/msg/AnalogIOStates.msg
[3.875s] -- Up-to-date symlink: /home/rick/catkin_ws/src/install/baxter_core_msgs/share/baxter_core_msgs/msg/AnalogOutputCommand.msg
[3.876s] -- Up-to-date symlink: /home/rick/catkin_ws/src/install/baxter_core_msgs/share/baxter_core_msgs/msg/AssemblyState.msg
[3.876s] -- Up-to-date symlink: /home/rick/catkin_ws/src/install/baxter_core_msgs/share/baxter_core_msgs/msg/AssemblyStates.msg
[3.877s] -- Up-to-date symlink: /home/rick/catkin_ws/src/install/baxter_core_msgs/share/baxter_core_msgs/msg/CameraControl.msg
[3.877s] -- Up-to-date symlink: /home/rick/catkin_ws/src/install/baxter_core_msgs/share/baxter_core_msgs/msg/CameraSettings.msg
[3.877s] -- Up-to-date symlink: /home/rick/catkin_ws/src/install/baxter_core_msgs/share/baxter_core_msgs/msg/CollisionAvoidanceState.msg
[3.878s] -- Up-to-date symlink: /home/rick/catkin_ws/src/install/baxter_core_msgs/share/baxter_core_msgs/msg/CollisionDetectionState.msg
[3.878s] -- Up-to-date symlink: /home/rick/catkin_ws/src/install/baxter_core_msgs/share/baxter_core_msgs/msg/DigitalIOState.msg
[3.879s] -- Up-to-date symlink: /home/rick/catkin_ws/src/install/baxter_core_msgs/share/baxter_core_msgs/msg/DigitalIOStates.msg
[3.879s] -- Up-to-date symlink: /home/rick/catkin_ws/src/install/baxter_core_msgs/share/baxter_core_msgs/msg/DigitalOutputCommand.msg
[3.880s] -- Up-to-date symlink: /home/rick/catkin_ws/src/install/baxter_core_msgs/share/baxter_core_msgs/msg/EndEffectorCommand.msg
[3.880s] -- Up-to-date symlink: /home/rick/catkin_ws/src/install/baxter_core_msgs/share/baxter_core_msgs/msg/EndEffectorProperties.msg
[3.880s] -- Up-to-date symlink: /home/rick/catkin_ws/src/install/baxter_core_msgs/share/baxter_core_msgs/msg/EndEffectorState.msg
[3.881s] -- Up-to-date symlink: /home/rick/catkin_ws/src/install/baxter_core_msgs/share/baxter_core_msgs/msg/EndpointState.msg
[3.881s] -- Up-to-date symlink: /home/rick/catkin_ws/src/install/baxter_core_msgs/share/baxter_core_msgs/msg/EndpointStates.msg
[3.882s] -- Up-to-date symlink: /home/rick/catkin_ws/src/install/baxter_core_msgs/share/baxter_core_msgs/msg/HeadPanCommand.msg
[3.882s] -- Up-to-date symlink: /home/rick/catkin_ws/src/install/baxter_core_msgs/share/baxter_core_msgs/msg/HeadState.msg
[3.882s] -- Up-to-date symlink: /home/rick/catkin_ws/src/install/baxter_core_msgs/share/baxter_core_msgs/msg/JointCommand.msg
[3.883s] -- Up-to-date symlink: /home/rick/catkin_ws/src/install/baxter_core_msgs/share/baxter_core_msgs/msg/NavigatorState.msg
[3.883s] -- Up-to-date symlink: /home/rick/catkin_ws/src/install/baxter_core_msgs/share/baxter_core_msgs/msg/NavigatorStates.msg
[3.884s] -- Up-to-date symlink: /home/rick/catkin_ws/src/install/baxter_core_msgs/share/baxter_core_msgs/msg/RobustControllerStatus.msg
[3.884s] -- Up-to-date symlink: /home/rick/catkin_ws/src/install/baxter_core_msgs/share/baxter_core_msgs/msg/SEAJointState.msg
[3.884s] -- Up-to-date symlink: /home/rick/catkin_ws/src/install/baxter_core_msgs/share/baxter_core_msgs/msg/URDFConfiguration.msg
[3.885s] -- Up-to-date symlink: /home/rick/catkin_ws/src/install/baxter_core_msgs/share/baxter_core_msgs/srv/CloseCamera.srv
[3.885s] -- Up-to-date symlink: /home/rick/catkin_ws/src/install/baxter_core_msgs/share/baxter_core_msgs/srv/ListCameras.srv
[3.886s] -- Up-to-date symlink: /home/rick/catkin_ws/src/install/baxter_core_msgs/share/baxter_core_msgs/srv/OpenCamera.srv
[3.886s] -- Up-to-date symlink: /home/rick/catkin_ws/src/install/baxter_core_msgs/share/baxter_core_msgs/srv/SolvePositionIK.srv
[3.887s] -- Up-to-date symlink: /home/rick/catkin_ws/src/install/baxter_core_msgs/share/baxter_core_msgs/cmake/baxter_core_msgs-msg-paths.cmake
[3.888s] -- Up-to-date symlink: /home/rick/catkin_ws/src/install/baxter_core_msgs/include/baxter_core_msgs/AnalogIOState.h
[3.889s] -- Up-to-date symlink: /home/rick/catkin_ws/src/install/baxter_core_msgs/include/baxter_core_msgs/AnalogIOStates.h
[3.889s] -- Up-to-date symlink: /home/rick/catkin_ws/src/install/baxter_core_msgs/include/baxter_core_msgs/AnalogOutputCommand.h
[3.890s] -- Up-to-date symlink: /home/rick/catkin_ws/src/install/baxter_core_msgs/include/baxter_core_msgs/AssemblyState.h
[3.890s] -- Up-to-date symlink: /home/rick/catkin_ws/src/install/baxter_core_msgs/include/baxter_core_msgs/AssemblyStates.h
[3.891s] -- Up-to-date symlink: /home/rick/catkin_ws/src/install/baxter_core_msgs/include/baxter_core_msgs/CameraControl.h
[3.891s] -- Up-to-date symlink: /home/rick/catkin_ws/src/install/baxter_core_msgs/include/baxter_core_msgs/CameraSettings.h
[3.892s] -- Up-to-date symlink: /home/rick/catkin_ws/src/install/baxter_core_msgs/include/baxter_core_msgs/CloseCamera.h
[3.892s] -- Up-to-date symlink: /home/rick/catkin_ws/src/install/baxter_core_msgs/include/baxter_core_msgs/CloseCameraRequest.h
[3.892s] -- Up-to-date symlink: /home/rick/catkin_ws/src/install/baxter_core_msgs/include/baxter_core_msgs/CloseCameraResponse.h
[3.893s] -- Up-to-date symlink: /home/rick/catkin_ws/src/install/baxter_core_msgs/include/baxter_core_msgs/CollisionAvoidanceState.h
[3.893s] -- Up-to-date symlink: /home/rick/catkin_ws/src/install/baxter_core_msgs/include/baxter_core_msgs/CollisionDetectionState.h
[3.893s] -- Up-to-date symlink: /home/rick/catkin_ws/src/install/baxter_core_msgs/include/baxter_core_msgs/DigitalIOState.h
[3.894s] -- Up-to-date symlink: /home/rick/catkin_ws/src/install/baxter_core_msgs/include/baxter_core_msgs/DigitalIOStates.h
[3.894s] -- Up-to-date symlink: /home/rick/catkin_ws/src/install/baxter_core_msgs/include/baxter_core_msgs/DigitalOutputCommand.h
[3.895s] -- Up-to-date symlink: /home/rick/catkin_ws/src/install/baxter_core_msgs/include/baxter_core_msgs/EndEffectorCommand.h
[3.895s] -- Up-to-date symlink: /home/rick/catkin_ws/src/install/baxter_core_msgs/include/baxter_core_msgs/EndEffectorProperties.h
[3.895s] -- Up-to-date symlink: /home/rick/catkin_ws/src/install/baxter_core_msgs/include/baxter_core_msgs/EndEffectorState.h
[3.896s] -- Up-to-date symlink: /home/rick/catkin_ws/src/install/baxter_core_msgs/include/baxter_core_msgs/EndpointState.h
[3.897s] -- Up-to-date symlink: /home/rick/catkin_ws/src/install/baxter_core_msgs/include/baxter_core_msgs/EndpointStates.h
[3.897s] -- Up-to-date symlink: /home/rick/catkin_ws/src/install/baxter_core_msgs/include/baxter_core_msgs/HeadPanCommand.h
[3.897s] -- Up-to-date symlink: /home/rick/catkin_ws/src/install/baxter_core_msgs/include/baxter_core_msgs/HeadState.h
[3.898s] -- Up-to-date symlink: /home/rick/catkin_ws/src/install/baxter_core_msgs/include/baxter_core_msgs/JointCommand.h
[3.898s] -- Up-to-date symlink: /home/rick/catkin_ws/src/install/baxter_core_msgs/include/baxter_core_msgs/ListCameras.h
[3.899s] -- Up-to-date symlink: /home/rick/catkin_ws/src/install/baxter_core_msgs/include/baxter_core_msgs/ListCamerasRequest.h
[3.899s] -- Up-to-date symlink: /home/rick/catkin_ws/src/install/baxter_core_msgs/include/baxter_core_msgs/ListCamerasResponse.h
[3.899s] -- Up-to-date symlink: /home/rick/catkin_ws/src/install/baxter_core_msgs/include/baxter_core_msgs/NavigatorState.h
[3.900s] -- Up-to-date symlink: /home/rick/catkin_ws/src/install/baxter_core_msgs/include/baxter_core_msgs/NavigatorStates.h
[3.900s] -- Up-to-date symlink: /home/rick/catkin_ws/src/install/baxter_core_msgs/include/baxter_core_msgs/OpenCamera.h
[3.901s] -- Up-to-date symlink: /home/rick/catkin_ws/src/install/baxter_core_msgs/include/baxter_core_msgs/OpenCameraRequest.h
[3.901s] -- Up-to-date symlink: /home/rick/catkin_ws/src/install/baxter_core_msgs/include/baxter_core_msgs/OpenCameraResponse.h
[3.901s] -- Up-to-date symlink: /home/rick/catkin_ws/src/install/baxter_core_msgs/include/baxter_core_msgs/RobustControllerStatus.h
[3.902s] -- Up-to-date symlink: /home/rick/catkin_ws/src/install/baxter_core_msgs/include/baxter_core_msgs/SEAJointState.h
[3.902s] -- Up-to-date symlink: /home/rick/catkin_ws/src/install/baxter_core_msgs/include/baxter_core_msgs/SolvePositionIK.h
[3.902s] -- Up-to-date symlink: /home/rick/catkin_ws/src/install/baxter_core_msgs/include/baxter_core_msgs/SolvePositionIKRequest.h
[3.903s] -- Up-to-date symlink: /home/rick/catkin_ws/src/install/baxter_core_msgs/include/baxter_core_msgs/SolvePositionIKResponse.h
[3.903s] -- Up-to-date symlink: /home/rick/catkin_ws/src/install/baxter_core_msgs/include/baxter_core_msgs/URDFConfiguration.h
[3.904s] -- Up-to-date symlink: /home/rick/catkin_ws/src/install/baxter_core_msgs/share/roseus/ros/baxter_core_msgs/manifest.l
[3.905s] -- Up-to-date symlink: /home/rick/catkin_ws/src/install/baxter_core_msgs/share/roseus/ros/baxter_core_msgs/msg/AnalogIOState.l
[3.905s] -- Up-to-date symlink: /home/rick/catkin_ws/src/install/baxter_core_msgs/share/roseus/ros/baxter_core_msgs/msg/AnalogIOStates.l
[3.905s] -- Up-to-date symlink: /home/rick/catkin_ws/src/install/baxter_core_msgs/share/roseus/ros/baxter_core_msgs/msg/AnalogOutputCommand.l
[3.906s] -- Up-to-date symlink: /home/rick/catkin_ws/src/install/baxter_core_msgs/share/roseus/ros/baxter_core_msgs/msg/AssemblyState.l
[3.906s] -- Up-to-date symlink: /home/rick/catkin_ws/src/install/baxter_core_msgs/share/roseus/ros/baxter_core_msgs/msg/AssemblyStates.l
[3.907s] -- Up-to-date symlink: /home/rick/catkin_ws/src/install/baxter_core_msgs/share/roseus/ros/baxter_core_msgs/msg/CameraControl.l
[3.907s] -- Up-to-date symlink: /home/rick/catkin_ws/src/install/baxter_core_msgs/share/roseus/ros/baxter_core_msgs/msg/CameraSettings.l
[3.908s] -- Up-to-date symlink: /home/rick/catkin_ws/src/install/baxter_core_msgs/share/roseus/ros/baxter_core_msgs/msg/CollisionAvoidanceState.l
[3.909s] -- Up-to-date symlink: /home/rick/catkin_ws/src/install/baxter_core_msgs/share/roseus/ros/baxter_core_msgs/msg/CollisionDetectionState.l
[3.909s] -- Up-to-date symlink: /home/rick/catkin_ws/src/install/baxter_core_msgs/share/roseus/ros/baxter_core_msgs/msg/DigitalIOState.l
[3.909s] -- Up-to-date symlink: /home/rick/catkin_ws/src/install/baxter_core_msgs/share/roseus/ros/baxter_core_msgs/msg/DigitalIOStates.l
[3.910s] -- Up-to-date symlink: /home/rick/catkin_ws/src/install/baxter_core_msgs/share/roseus/ros/baxter_core_msgs/msg/DigitalOutputCommand.l
[3.910s] -- Up-to-date symlink: /home/rick/catkin_ws/src/install/baxter_core_msgs/share/roseus/ros/baxter_core_msgs/msg/EndEffectorCommand.l
[3.911s] -- Up-to-date symlink: /home/rick/catkin_ws/src/install/baxter_core_msgs/share/roseus/ros/baxter_core_msgs/msg/EndEffectorProperties.l
[3.911s] -- Up-to-date symlink: /home/rick/catkin_ws/src/install/baxter_core_msgs/share/roseus/ros/baxter_core_msgs/msg/EndEffectorState.l
[3.911s] -- Up-to-date symlink: /home/rick/catkin_ws/src/install/baxter_core_msgs/share/roseus/ros/baxter_core_msgs/msg/EndpointState.l
[3.912s] -- Up-to-date symlink: /home/rick/catkin_ws/src/install/baxter_core_msgs/share/roseus/ros/baxter_core_msgs/msg/EndpointStates.l
[3.912s] -- Up-to-date symlink: /home/rick/catkin_ws/src/install/baxter_core_msgs/share/roseus/ros/baxter_core_msgs/msg/HeadPanCommand.l
[3.913s] -- Up-to-date symlink: /home/rick/catkin_ws/src/install/baxter_core_msgs/share/roseus/ros/baxter_core_msgs/msg/HeadState.l
[3.913s] -- Up-to-date symlink: /home/rick/catkin_ws/src/install/baxter_core_msgs/share/roseus/ros/baxter_core_msgs/msg/JointCommand.l
[3.913s] -- Up-to-date symlink: /home/rick/catkin_ws/src/install/baxter_core_msgs/share/roseus/ros/baxter_core_msgs/msg/NavigatorState.l
[3.914s] -- Up-to-date symlink: /home/rick/catkin_ws/src/install/baxter_core_msgs/share/roseus/ros/baxter_core_msgs/msg/NavigatorStates.l
[3.914s] -- Up-to-date symlink: /home/rick/catkin_ws/src/install/baxter_core_msgs/share/roseus/ros/baxter_core_msgs/msg/RobustControllerStatus.l
[3.915s] -- Up-to-date symlink: /home/rick/catkin_ws/src/install/baxter_core_msgs/share/roseus/ros/baxter_core_msgs/msg/SEAJointState.l
[3.915s] -- Up-to-date symlink: /home/rick/catkin_ws/src/install/baxter_core_msgs/share/roseus/ros/baxter_core_msgs/msg/URDFConfiguration.l
[3.915s] -- Up-to-date symlink: /home/rick/catkin_ws/src/install/baxter_core_msgs/share/roseus/ros/baxter_core_msgs/srv/CloseCamera.l
[3.916s] -- Up-to-date symlink: /home/rick/catkin_ws/src/install/baxter_core_msgs/share/roseus/ros/baxter_core_msgs/srv/ListCameras.l
[3.916s] -- Up-to-date symlink: /home/rick/catkin_ws/src/install/baxter_core_msgs/share/roseus/ros/baxter_core_msgs/srv/OpenCamera.l
[3.917s] -- Up-to-date symlink: /home/rick/catkin_ws/src/install/baxter_core_msgs/share/roseus/ros/baxter_core_msgs/srv/SolvePositionIK.l
[3.918s] -- Up-to-date symlink: /home/rick/catkin_ws/src/install/baxter_core_msgs/share/common-lisp/ros/baxter_core_msgs/msg/AnalogIOState.lisp
[3.918s] -- Up-to-date symlink: /home/rick/catkin_ws/src/install/baxter_core_msgs/share/common-lisp/ros/baxter_core_msgs/msg/AnalogIOStates.lisp
[3.919s] -- Up-to-date symlink: /home/rick/catkin_ws/src/install/baxter_core_msgs/share/common-lisp/ros/baxter_core_msgs/msg/AnalogOutputCommand.lisp
[3.919s] -- Up-to-date symlink: /home/rick/catkin_ws/src/install/baxter_core_msgs/share/common-lisp/ros/baxter_core_msgs/msg/AssemblyState.lisp
[3.920s] -- Up-to-date symlink: /home/rick/catkin_ws/src/install/baxter_core_msgs/share/common-lisp/ros/baxter_core_msgs/msg/AssemblyStates.lisp
[3.920s] -- Up-to-date symlink: /home/rick/catkin_ws/src/install/baxter_core_msgs/share/common-lisp/ros/baxter_core_msgs/msg/CameraControl.lisp
[3.920s] -- Up-to-date symlink: /home/rick/catkin_ws/src/install/baxter_core_msgs/share/common-lisp/ros/baxter_core_msgs/msg/CameraSettings.lisp
[3.921s] -- Up-to-date symlink: /home/rick/catkin_ws/src/install/baxter_core_msgs/share/common-lisp/ros/baxter_core_msgs/msg/CollisionAvoidanceState.lisp
[3.921s] -- Up-to-date symlink: /home/rick/catkin_ws/src/install/baxter_core_msgs/share/common-lisp/ros/baxter_core_msgs/msg/CollisionDetectionState.lisp
[3.922s] -- Up-to-date symlink: /home/rick/catkin_ws/src/install/baxter_core_msgs/share/common-lisp/ros/baxter_core_msgs/msg/DigitalIOState.lisp
[3.922s] -- Up-to-date symlink: /home/rick/catkin_ws/src/install/baxter_core_msgs/share/common-lisp/ros/baxter_core_msgs/msg/DigitalIOStates.lisp
[3.922s] -- Up-to-date symlink: /home/rick/catkin_ws/src/install/baxter_core_msgs/share/common-lisp/ros/baxter_core_msgs/msg/DigitalOutputCommand.lisp
[3.923s] -- Up-to-date symlink: /home/rick/catkin_ws/src/install/baxter_core_msgs/share/common-lisp/ros/baxter_core_msgs/msg/EndEffectorCommand.lisp
[3.924s] -- Up-to-date symlink: /home/rick/catkin_ws/src/install/baxter_core_msgs/share/common-lisp/ros/baxter_core_msgs/msg/EndEffectorProperties.lisp
[3.924s] -- Up-to-date symlink: /home/rick/catkin_ws/src/install/baxter_core_msgs/share/common-lisp/ros/baxter_core_msgs/msg/EndEffectorState.lisp
[3.925s] -- Up-to-date symlink: /home/rick/catkin_ws/src/install/baxter_core_msgs/share/common-lisp/ros/baxter_core_msgs/msg/EndpointState.lisp
[3.926s] -- Up-to-date symlink: /home/rick/catkin_ws/src/install/baxter_core_msgs/share/common-lisp/ros/baxter_core_msgs/msg/EndpointStates.lisp
[3.927s] -- Up-to-date symlink: /home/rick/catkin_ws/src/install/baxter_core_msgs/share/common-lisp/ros/baxter_core_msgs/msg/HeadPanCommand.lisp
[3.927s] -- Up-to-date symlink: /home/rick/catkin_ws/src/install/baxter_core_msgs/share/common-lisp/ros/baxter_core_msgs/msg/HeadState.lisp
[3.928s] -- Up-to-date symlink: /home/rick/catkin_ws/src/install/baxter_core_msgs/share/common-lisp/ros/baxter_core_msgs/msg/JointCommand.lisp
[3.928s] -- Up-to-date symlink: /home/rick/catkin_ws/src/install/baxter_core_msgs/share/common-lisp/ros/baxter_core_msgs/msg/NavigatorState.lisp
[3.929s] -- Up-to-date symlink: /home/rick/catkin_ws/src/install/baxter_core_msgs/share/common-lisp/ros/baxter_core_msgs/msg/NavigatorStates.lisp
[3.929s] -- Up-to-date symlink: /home/rick/catkin_ws/src/install/baxter_core_msgs/share/common-lisp/ros/baxter_core_msgs/msg/RobustControllerStatus.lisp
[3.929s] -- Up-to-date symlink: /home/rick/catkin_ws/src/install/baxter_core_msgs/share/common-lisp/ros/baxter_core_msgs/msg/SEAJointState.lisp
[3.930s] -- Up-to-date symlink: /home/rick/catkin_ws/src/install/baxter_core_msgs/share/common-lisp/ros/baxter_core_msgs/msg/URDFConfiguration.lisp
[3.930s] -- Up-to-date symlink: /home/rick/catkin_ws/src/install/baxter_core_msgs/share/common-lisp/ros/baxter_core_msgs/msg/_package.lisp
[3.931s] -- Up-to-date symlink: /home/rick/catkin_ws/src/install/baxter_core_msgs/share/common-lisp/ros/baxter_core_msgs/msg/_package_AnalogIOState.lisp
[3.931s] -- Up-to-date symlink: /home/rick/catkin_ws/src/install/baxter_core_msgs/share/common-lisp/ros/baxter_core_msgs/msg/_package_AnalogIOStates.lisp
[3.931s] -- Up-to-date symlink: /home/rick/catkin_ws/src/install/baxter_core_msgs/share/common-lisp/ros/baxter_core_msgs/msg/_package_AnalogOutputCommand.lisp
[3.932s] -- Up-to-date symlink: /home/rick/catkin_ws/src/install/baxter_core_msgs/share/common-lisp/ros/baxter_core_msgs/msg/_package_AssemblyState.lisp
[3.932s] -- Up-to-date symlink: /home/rick/catkin_ws/src/install/baxter_core_msgs/share/common-lisp/ros/baxter_core_msgs/msg/_package_AssemblyStates.lisp
[3.933s] -- Up-to-date symlink: /home/rick/catkin_ws/src/install/baxter_core_msgs/share/common-lisp/ros/baxter_core_msgs/msg/_package_CameraControl.lisp
[3.933s] -- Up-to-date symlink: /home/rick/catkin_ws/src/install/baxter_core_msgs/share/common-lisp/ros/baxter_core_msgs/msg/_package_CameraSettings.lisp
[3.934s] -- Up-to-date symlink: /home/rick/catkin_ws/src/install/baxter_core_msgs/share/common-lisp/ros/baxter_core_msgs/msg/_package_CollisionAvoidanceState.lisp
[3.934s] -- Up-to-date symlink: /home/rick/catkin_ws/src/install/baxter_core_msgs/share/common-lisp/ros/baxter_core_msgs/msg/_package_CollisionDetectionState.lisp
[3.934s] -- Up-to-date symlink: /home/rick/catkin_ws/src/install/baxter_core_msgs/share/common-lisp/ros/baxter_core_msgs/msg/_package_DigitalIOState.lisp
[3.935s] -- Up-to-date symlink: /home/rick/catkin_ws/src/install/baxter_core_msgs/share/common-lisp/ros/baxter_core_msgs/msg/_package_DigitalIOStates.lisp
[3.935s] -- Up-to-date symlink: /home/rick/catkin_ws/src/install/baxter_core_msgs/share/common-lisp/ros/baxter_core_msgs/msg/_package_DigitalOutputCommand.lisp
[3.935s] -- Up-to-date symlink: /home/rick/catkin_ws/src/install/baxter_core_msgs/share/common-lisp/ros/baxter_core_msgs/msg/_package_EndEffectorCommand.lisp
[3.936s] -- Up-to-date symlink: /home/rick/catkin_ws/src/install/baxter_core_msgs/share/common-lisp/ros/baxter_core_msgs/msg/_package_EndEffectorProperties.lisp
[3.936s] -- Up-to-date symlink: /home/rick/catkin_ws/src/install/baxter_core_msgs/share/common-lisp/ros/baxter_core_msgs/msg/_package_EndEffectorState.lisp
[3.937s] -- Up-to-date symlink: /home/rick/catkin_ws/src/install/baxter_core_msgs/share/common-lisp/ros/baxter_core_msgs/msg/_package_EndpointState.lisp
[3.937s] -- Up-to-date symlink: /home/rick/catkin_ws/src/install/baxter_core_msgs/share/common-lisp/ros/baxter_core_msgs/msg/_package_EndpointStates.lisp
[3.937s] -- Up-to-date symlink: /home/rick/catkin_ws/src/install/baxter_core_msgs/share/common-lisp/ros/baxter_core_msgs/msg/_package_HeadPanCommand.lisp
[3.938s] -- Up-to-date symlink: /home/rick/catkin_ws/src/install/baxter_core_msgs/share/common-lisp/ros/baxter_core_msgs/msg/_package_HeadState.lisp
[3.938s] -- Up-to-date symlink: /home/rick/catkin_ws/src/install/baxter_core_msgs/share/common-lisp/ros/baxter_core_msgs/msg/_package_JointCommand.lisp
[3.939s] -- Up-to-date symlink: /home/rick/catkin_ws/src/install/baxter_core_msgs/share/common-lisp/ros/baxter_core_msgs/msg/_package_NavigatorState.lisp
[3.939s] -- Up-to-date symlink: /home/rick/catkin_ws/src/install/baxter_core_msgs/share/common-lisp/ros/baxter_core_msgs/msg/_package_NavigatorStates.lisp
[3.939s] -- Up-to-date symlink: /home/rick/catkin_ws/src/install/baxter_core_msgs/share/common-lisp/ros/baxter_core_msgs/msg/_package_RobustControllerStatus.lisp
[3.940s] -- Up-to-date symlink: /home/rick/catkin_ws/src/install/baxter_core_msgs/share/common-lisp/ros/baxter_core_msgs/msg/_package_SEAJointState.lisp
[3.940s] -- Up-to-date symlink: /home/rick/catkin_ws/src/install/baxter_core_msgs/share/common-lisp/ros/baxter_core_msgs/msg/_package_URDFConfiguration.lisp
[3.941s] -- Up-to-date symlink: /home/rick/catkin_ws/src/install/baxter_core_msgs/share/common-lisp/ros/baxter_core_msgs/msg/baxter_core_msgs-msg.asd
[3.941s] -- Up-to-date symlink: /home/rick/catkin_ws/src/install/baxter_core_msgs/share/common-lisp/ros/baxter_core_msgs/srv/CloseCamera.lisp
[3.941s] -- Up-to-date symlink: /home/rick/catkin_ws/src/install/baxter_core_msgs/share/common-lisp/ros/baxter_core_msgs/srv/ListCameras.lisp
[3.942s] -- Up-to-date symlink: /home/rick/catkin_ws/src/install/baxter_core_msgs/share/common-lisp/ros/baxter_core_msgs/srv/OpenCamera.lisp
[3.942s] -- Up-to-date symlink: /home/rick/catkin_ws/src/install/baxter_core_msgs/share/common-lisp/ros/baxter_core_msgs/srv/SolvePositionIK.lisp
[3.943s] -- Up-to-date symlink: /home/rick/catkin_ws/src/install/baxter_core_msgs/share/common-lisp/ros/baxter_core_msgs/srv/_package.lisp
[3.943s] -- Up-to-date symlink: /home/rick/catkin_ws/src/install/baxter_core_msgs/share/common-lisp/ros/baxter_core_msgs/srv/_package_CloseCamera.lisp
[3.944s] -- Up-to-date symlink: /home/rick/catkin_ws/src/install/baxter_core_msgs/share/common-lisp/ros/baxter_core_msgs/srv/_package_ListCameras.lisp
[3.944s] -- Up-to-date symlink: /home/rick/catkin_ws/src/install/baxter_core_msgs/share/common-lisp/ros/baxter_core_msgs/srv/_package_OpenCamera.lisp
[3.944s] -- Up-to-date symlink: /home/rick/catkin_ws/src/install/baxter_core_msgs/share/common-lisp/ros/baxter_core_msgs/srv/_package_SolvePositionIK.lisp
[3.945s] -- Up-to-date symlink: /home/rick/catkin_ws/src/install/baxter_core_msgs/share/common-lisp/ros/baxter_core_msgs/srv/baxter_core_msgs-srv.asd
[3.946s] -- Up-to-date symlink: /home/rick/catkin_ws/src/install/baxter_core_msgs/share/gennodejs/ros/baxter_core_msgs/_index.js
[3.946s] -- Up-to-date symlink: /home/rick/catkin_ws/src/install/baxter_core_msgs/share/gennodejs/ros/baxter_core_msgs/msg/AnalogIOState.js
[3.947s] -- Up-to-date symlink: /home/rick/catkin_ws/src/install/baxter_core_msgs/share/gennodejs/ros/baxter_core_msgs/msg/AnalogIOStates.js
[3.947s] -- Up-to-date symlink: /home/rick/catkin_ws/src/install/baxter_core_msgs/share/gennodejs/ros/baxter_core_msgs/msg/AnalogOutputCommand.js
[3.947s] -- Up-to-date symlink: /home/rick/catkin_ws/src/install/baxter_core_msgs/share/gennodejs/ros/baxter_core_msgs/msg/AssemblyState.js
[3.948s] -- Up-to-date symlink: /home/rick/catkin_ws/src/install/baxter_core_msgs/share/gennodejs/ros/baxter_core_msgs/msg/AssemblyStates.js
[3.948s] -- Up-to-date symlink: /home/rick/catkin_ws/src/install/baxter_core_msgs/share/gennodejs/ros/baxter_core_msgs/msg/CameraControl.js
[3.949s] -- Up-to-date symlink: /home/rick/catkin_ws/src/install/baxter_core_msgs/share/gennodejs/ros/baxter_core_msgs/msg/CameraSettings.js
[3.949s] -- Up-to-date symlink: /home/rick/catkin_ws/src/install/baxter_core_msgs/share/gennodejs/ros/baxter_core_msgs/msg/CollisionAvoidanceState.js
[3.949s] -- Up-to-date symlink: /home/rick/catkin_ws/src/install/baxter_core_msgs/share/gennodejs/ros/baxter_core_msgs/msg/CollisionDetectionState.js
[3.950s] -- Up-to-date symlink: /home/rick/catkin_ws/src/install/baxter_core_msgs/share/gennodejs/ros/baxter_core_msgs/msg/DigitalIOState.js
[3.950s] -- Up-to-date symlink: /home/rick/catkin_ws/src/install/baxter_core_msgs/share/gennodejs/ros/baxter_core_msgs/msg/DigitalIOStates.js
[3.951s] -- Up-to-date symlink: /home/rick/catkin_ws/src/install/baxter_core_msgs/share/gennodejs/ros/baxter_core_msgs/msg/DigitalOutputCommand.js
[3.951s] -- Up-to-date symlink: /home/rick/catkin_ws/src/install/baxter_core_msgs/share/gennodejs/ros/baxter_core_msgs/msg/EndEffectorCommand.js
[3.951s] -- Up-to-date symlink: /home/rick/catkin_ws/src/install/baxter_core_msgs/share/gennodejs/ros/baxter_core_msgs/msg/EndEffectorProperties.js
[3.952s] -- Up-to-date symlink: /home/rick/catkin_ws/src/install/baxter_core_msgs/share/gennodejs/ros/baxter_core_msgs/msg/EndEffectorState.js
[3.952s] -- Up-to-date symlink: /home/rick/catkin_ws/src/install/baxter_core_msgs/share/gennodejs/ros/baxter_core_msgs/msg/EndpointState.js
[3.953s] -- Up-to-date symlink: /home/rick/catkin_ws/src/install/baxter_core_msgs/share/gennodejs/ros/baxter_core_msgs/msg/EndpointStates.js
[3.953s] -- Up-to-date symlink: /home/rick/catkin_ws/src/install/baxter_core_msgs/share/gennodejs/ros/baxter_core_msgs/msg/HeadPanCommand.js
[3.953s] -- Up-to-date symlink: /home/rick/catkin_ws/src/install/baxter_core_msgs/share/gennodejs/ros/baxter_core_msgs/msg/HeadState.js
[3.954s] -- Up-to-date symlink: /home/rick/catkin_ws/src/install/baxter_core_msgs/share/gennodejs/ros/baxter_core_msgs/msg/JointCommand.js
[3.954s] -- Up-to-date symlink: /home/rick/catkin_ws/src/install/baxter_core_msgs/share/gennodejs/ros/baxter_core_msgs/msg/NavigatorState.js
[3.954s] -- Up-to-date symlink: /home/rick/catkin_ws/src/install/baxter_core_msgs/share/gennodejs/ros/baxter_core_msgs/msg/NavigatorStates.js
[3.955s] -- Up-to-date symlink: /home/rick/catkin_ws/src/install/baxter_core_msgs/share/gennodejs/ros/baxter_core_msgs/msg/RobustControllerStatus.js
[3.955s] -- Up-to-date symlink: /home/rick/catkin_ws/src/install/baxter_core_msgs/share/gennodejs/ros/baxter_core_msgs/msg/SEAJointState.js
[3.956s] -- Up-to-date symlink: /home/rick/catkin_ws/src/install/baxter_core_msgs/share/gennodejs/ros/baxter_core_msgs/msg/URDFConfiguration.js
[3.956s] -- Up-to-date symlink: /home/rick/catkin_ws/src/install/baxter_core_msgs/share/gennodejs/ros/baxter_core_msgs/msg/_index.js
[3.957s] -- Up-to-date symlink: /home/rick/catkin_ws/src/install/baxter_core_msgs/share/gennodejs/ros/baxter_core_msgs/srv/CloseCamera.js
[3.958s] -- Up-to-date symlink: /home/rick/catkin_ws/src/install/baxter_core_msgs/share/gennodejs/ros/baxter_core_msgs/srv/ListCameras.js
[3.958s] -- Up-to-date symlink: /home/rick/catkin_ws/src/install/baxter_core_msgs/share/gennodejs/ros/baxter_core_msgs/srv/OpenCamera.js
[3.960s] -- Up-to-date symlink: /home/rick/catkin_ws/src/install/baxter_core_msgs/share/gennodejs/ros/baxter_core_msgs/srv/SolvePositionIK.js
[3.961s] -- Up-to-date symlink: /home/rick/catkin_ws/src/install/baxter_core_msgs/share/gennodejs/ros/baxter_core_msgs/srv/_index.js
[3.965s] -- Up-to-date symlink: /home/rick/catkin_ws/src/install/baxter_core_msgs/lib/python2.7/dist-packages/baxter_core_msgs/__init__.py
[3.965s] -- Symlinking: /home/rick/catkin_ws/src/install/baxter_core_msgs/lib/python2.7/dist-packages/baxter_core_msgs/__init__.pyc
[3.983s] -- Up-to-date symlink: /home/rick/catkin_ws/src/install/baxter_core_msgs/lib/python2.7/dist-packages/baxter_core_msgs/msg/_AnalogIOState.py
[3.983s] -- Symlinking: /home/rick/catkin_ws/src/install/baxter_core_msgs/lib/python2.7/dist-packages/baxter_core_msgs/msg/_AnalogIOState.pyc
[3.994s] -- Up-to-date symlink: /home/rick/catkin_ws/src/install/baxter_core_msgs/lib/python2.7/dist-packages/baxter_core_msgs/msg/_AnalogIOStates.py
[3.994s] -- Symlinking: /home/rick/catkin_ws/src/install/baxter_core_msgs/lib/python2.7/dist-packages/baxter_core_msgs/msg/_AnalogIOStates.pyc
[4.005s] -- Up-to-date symlink: /home/rick/catkin_ws/src/install/baxter_core_msgs/lib/python2.7/dist-packages/baxter_core_msgs/msg/_AnalogOutputCommand.py
[4.006s] -- Symlinking: /home/rick/catkin_ws/src/install/baxter_core_msgs/lib/python2.7/dist-packages/baxter_core_msgs/msg/_AnalogOutputCommand.pyc
[4.014s] -- Up-to-date symlink: /home/rick/catkin_ws/src/install/baxter_core_msgs/lib/python2.7/dist-packages/baxter_core_msgs/msg/_AssemblyState.py
[4.014s] -- Symlinking: /home/rick/catkin_ws/src/install/baxter_core_msgs/lib/python2.7/dist-packages/baxter_core_msgs/msg/_AssemblyState.pyc
[4.022s] -- Up-to-date symlink: /home/rick/catkin_ws/src/install/baxter_core_msgs/lib/python2.7/dist-packages/baxter_core_msgs/msg/_AssemblyStates.py
[4.022s] -- Symlinking: /home/rick/catkin_ws/src/install/baxter_core_msgs/lib/python2.7/dist-packages/baxter_core_msgs/msg/_AssemblyStates.pyc
[4.031s] -- Up-to-date symlink: /home/rick/catkin_ws/src/install/baxter_core_msgs/lib/python2.7/dist-packages/baxter_core_msgs/msg/_CameraControl.py
[4.032s] -- Symlinking: /home/rick/catkin_ws/src/install/baxter_core_msgs/lib/python2.7/dist-packages/baxter_core_msgs/msg/_CameraControl.pyc
[4.042s] -- Up-to-date symlink: /home/rick/catkin_ws/src/install/baxter_core_msgs/lib/python2.7/dist-packages/baxter_core_msgs/msg/_CameraSettings.py
[4.043s] -- Symlinking: /home/rick/catkin_ws/src/install/baxter_core_msgs/lib/python2.7/dist-packages/baxter_core_msgs/msg/_CameraSettings.pyc
[4.051s] -- Up-to-date symlink: /home/rick/catkin_ws/src/install/baxter_core_msgs/lib/python2.7/dist-packages/baxter_core_msgs/msg/_CollisionAvoidanceState.py
[4.052s] -- Symlinking: /home/rick/catkin_ws/src/install/baxter_core_msgs/lib/python2.7/dist-packages/baxter_core_msgs/msg/_CollisionAvoidanceState.pyc
[4.068s] -- Up-to-date symlink: /home/rick/catkin_ws/src/install/baxter_core_msgs/lib/python2.7/dist-packages/baxter_core_msgs/msg/_CollisionDetectionState.py
[4.068s] -- Symlinking: /home/rick/catkin_ws/src/install/baxter_core_msgs/lib/python2.7/dist-packages/baxter_core_msgs/msg/_CollisionDetectionState.pyc
[4.086s] -- Up-to-date symlink: /home/rick/catkin_ws/src/install/baxter_core_msgs/lib/python2.7/dist-packages/baxter_core_msgs/msg/_DigitalIOState.py
[4.087s] -- Symlinking: /home/rick/catkin_ws/src/install/baxter_core_msgs/lib/python2.7/dist-packages/baxter_core_msgs/msg/_DigitalIOState.pyc
[4.099s] -- Up-to-date symlink: /home/rick/catkin_ws/src/install/baxter_core_msgs/lib/python2.7/dist-packages/baxter_core_msgs/msg/_DigitalIOStates.py
[4.099s] -- Symlinking: /home/rick/catkin_ws/src/install/baxter_core_msgs/lib/python2.7/dist-packages/baxter_core_msgs/msg/_DigitalIOStates.pyc
[4.110s] -- Up-to-date symlink: /home/rick/catkin_ws/src/install/baxter_core_msgs/lib/python2.7/dist-packages/baxter_core_msgs/msg/_DigitalOutputCommand.py
[4.110s] -- Symlinking: /home/rick/catkin_ws/src/install/baxter_core_msgs/lib/python2.7/dist-packages/baxter_core_msgs/msg/_DigitalOutputCommand.pyc
[4.124s] -- Up-to-date symlink: /home/rick/catkin_ws/src/install/baxter_core_msgs/lib/python2.7/dist-packages/baxter_core_msgs/msg/_EndEffectorCommand.py
[4.125s] -- Symlinking: /home/rick/catkin_ws/src/install/baxter_core_msgs/lib/python2.7/dist-packages/baxter_core_msgs/msg/_EndEffectorCommand.pyc
[4.139s] -- Up-to-date symlink: /home/rick/catkin_ws/src/install/baxter_core_msgs/lib/python2.7/dist-packages/baxter_core_msgs/msg/_EndEffectorProperties.py
[4.140s] -- Symlinking: /home/rick/catkin_ws/src/install/baxter_core_msgs/lib/python2.7/dist-packages/baxter_core_msgs/msg/_EndEffectorProperties.pyc
[4.154s] -- Up-to-date symlink: /home/rick/catkin_ws/src/install/baxter_core_msgs/lib/python2.7/dist-packages/baxter_core_msgs/msg/_EndEffectorState.py
[4.154s] -- Symlinking: /home/rick/catkin_ws/src/install/baxter_core_msgs/lib/python2.7/dist-packages/baxter_core_msgs/msg/_EndEffectorState.pyc
[4.167s] -- Up-to-date symlink: /home/rick/catkin_ws/src/install/baxter_core_msgs/lib/python2.7/dist-packages/baxter_core_msgs/msg/_EndpointState.py
[4.167s] -- Symlinking: /home/rick/catkin_ws/src/install/baxter_core_msgs/lib/python2.7/dist-packages/baxter_core_msgs/msg/_EndpointState.pyc
[4.178s] -- Up-to-date symlink: /home/rick/catkin_ws/src/install/baxter_core_msgs/lib/python2.7/dist-packages/baxter_core_msgs/msg/_EndpointStates.py
[4.178s] -- Symlinking: /home/rick/catkin_ws/src/install/baxter_core_msgs/lib/python2.7/dist-packages/baxter_core_msgs/msg/_EndpointStates.pyc
[4.193s] -- Up-to-date symlink: /home/rick/catkin_ws/src/install/baxter_core_msgs/lib/python2.7/dist-packages/baxter_core_msgs/msg/_HeadPanCommand.py
[4.194s] -- Symlinking: /home/rick/catkin_ws/src/install/baxter_core_msgs/lib/python2.7/dist-packages/baxter_core_msgs/msg/_HeadPanCommand.pyc
[4.216s] -- Up-to-date symlink: /home/rick/catkin_ws/src/install/baxter_core_msgs/lib/python2.7/dist-packages/baxter_core_msgs/msg/_HeadState.py
[4.216s] -- Symlinking: /home/rick/catkin_ws/src/install/baxter_core_msgs/lib/python2.7/dist-packages/baxter_core_msgs/msg/_HeadState.pyc
[4.230s] -- Up-to-date symlink: /home/rick/catkin_ws/src/install/baxter_core_msgs/lib/python2.7/dist-packages/baxter_core_msgs/msg/_JointCommand.py
[4.230s] -- Symlinking: /home/rick/catkin_ws/src/install/baxter_core_msgs/lib/python2.7/dist-packages/baxter_core_msgs/msg/_JointCommand.pyc
[4.244s] -- Up-to-date symlink: /home/rick/catkin_ws/src/install/baxter_core_msgs/lib/python2.7/dist-packages/baxter_core_msgs/msg/_NavigatorState.py
[4.245s] -- Symlinking: /home/rick/catkin_ws/src/install/baxter_core_msgs/lib/python2.7/dist-packages/baxter_core_msgs/msg/_NavigatorState.pyc
[4.256s] -- Up-to-date symlink: /home/rick/catkin_ws/src/install/baxter_core_msgs/lib/python2.7/dist-packages/baxter_core_msgs/msg/_NavigatorStates.py
[4.257s] -- Symlinking: /home/rick/catkin_ws/src/install/baxter_core_msgs/lib/python2.7/dist-packages/baxter_core_msgs/msg/_NavigatorStates.pyc
[4.264s] -- Up-to-date symlink: /home/rick/catkin_ws/src/install/baxter_core_msgs/lib/python2.7/dist-packages/baxter_core_msgs/msg/_RobustControllerStatus.py
[4.264s] -- Symlinking: /home/rick/catkin_ws/src/install/baxter_core_msgs/lib/python2.7/dist-packages/baxter_core_msgs/msg/_RobustControllerStatus.pyc
[4.271s] -- Up-to-date symlink: /home/rick/catkin_ws/src/install/baxter_core_msgs/lib/python2.7/dist-packages/baxter_core_msgs/msg/_SEAJointState.py
[4.271s] -- Symlinking: /home/rick/catkin_ws/src/install/baxter_core_msgs/lib/python2.7/dist-packages/baxter_core_msgs/msg/_SEAJointState.pyc
[4.278s] -- Up-to-date symlink: /home/rick/catkin_ws/src/install/baxter_core_msgs/lib/python2.7/dist-packages/baxter_core_msgs/msg/_URDFConfiguration.py
[4.279s] -- Symlinking: /home/rick/catkin_ws/src/install/baxter_core_msgs/lib/python2.7/dist-packages/baxter_core_msgs/msg/_URDFConfiguration.pyc
[4.285s] -- Up-to-date symlink: /home/rick/catkin_ws/src/install/baxter_core_msgs/lib/python2.7/dist-packages/baxter_core_msgs/msg/__init__.py
[4.285s] -- Symlinking: /home/rick/catkin_ws/src/install/baxter_core_msgs/lib/python2.7/dist-packages/baxter_core_msgs/msg/__init__.pyc
[4.293s] -- Up-to-date symlink: /home/rick/catkin_ws/src/install/baxter_core_msgs/lib/python2.7/dist-packages/baxter_core_msgs/srv/_CloseCamera.py
[4.293s] -- Symlinking: /home/rick/catkin_ws/src/install/baxter_core_msgs/lib/python2.7/dist-packages/baxter_core_msgs/srv/_CloseCamera.pyc
[4.305s] -- Up-to-date symlink: /home/rick/catkin_ws/src/install/baxter_core_msgs/lib/python2.7/dist-packages/baxter_core_msgs/srv/_ListCameras.py
[4.305s] -- Symlinking: /home/rick/catkin_ws/src/install/baxter_core_msgs/lib/python2.7/dist-packages/baxter_core_msgs/srv/_ListCameras.pyc
[4.316s] -- Up-to-date symlink: /home/rick/catkin_ws/src/install/baxter_core_msgs/lib/python2.7/dist-packages/baxter_core_msgs/srv/_OpenCamera.py
[4.316s] -- Symlinking: /home/rick/catkin_ws/src/install/baxter_core_msgs/lib/python2.7/dist-packages/baxter_core_msgs/srv/_OpenCamera.pyc
[4.324s] -- Up-to-date symlink: /home/rick/catkin_ws/src/install/baxter_core_msgs/lib/python2.7/dist-packages/baxter_core_msgs/srv/_SolvePositionIK.py
[4.324s] -- Symlinking: /home/rick/catkin_ws/src/install/baxter_core_msgs/lib/python2.7/dist-packages/baxter_core_msgs/srv/_SolvePositionIK.pyc
[4.337s] -- Up-to-date symlink: /home/rick/catkin_ws/src/install/baxter_core_msgs/lib/python2.7/dist-packages/baxter_core_msgs/srv/__init__.py
[4.337s] -- Symlinking: /home/rick/catkin_ws/src/install/baxter_core_msgs/lib/python2.7/dist-packages/baxter_core_msgs/srv/__init__.pyc
[4.344s] -- Up-to-date symlink: /home/rick/catkin_ws/src/install/baxter_core_msgs/lib/pkgconfig/baxter_core_msgs.pc
[4.344s] -- Up-to-date symlink: /home/rick/catkin_ws/src/install/baxter_core_msgs/share/baxter_core_msgs/cmake/baxter_core_msgs-msg-extras.cmake
[4.344s] -- Up-to-date symlink: /home/rick/catkin_ws/src/install/baxter_core_msgs/share/baxter_core_msgs/cmake/baxter_core_msgsConfig.cmake
[4.345s] -- Up-to-date symlink: /home/rick/catkin_ws/src/install/baxter_core_msgs/share/baxter_core_msgs/cmake/baxter_core_msgsConfig-version.cmake
[4.345s] -- Up-to-date symlink: /home/rick/catkin_ws/src/install/baxter_core_msgs/share/baxter_core_msgs/package.xml
[4.355s] Listing /home/rick/catkin_ws/src/build/baxter_core_msgs/devel/lib/python2.7/dist-packages/baxter_core_msgs ...
[4.355s] Listing /home/rick/catkin_ws/src/build/baxter_core_msgs/devel/lib/python2.7/dist-packages/baxter_core_msgs/msg ...
[4.356s] Listing /home/rick/catkin_ws/src/build/baxter_core_msgs/devel/lib/python2.7/dist-packages/baxter_core_msgs/srv ...
[4.383s] Invoked command in '/home/rick/catkin_ws/src/build/baxter_core_msgs' returned '0': /usr/bin/cmake --build /home/rick/catkin_ws/src/build/baxter_core_msgs --target install -- -j2 -l2
