-- The C compiler identification is GNU 5.4.0
-- The CXX compiler identification is GNU 5.4.0
-- Check for working C compiler: /usr/bin/cc
-- Check for working C compiler: /usr/bin/cc -- works
-- Detecting C compiler ABI info
-- Detecting C compiler ABI info - done
-- Detecting C compile features
-- Detecting C compile features - done
-- Check for working CXX compiler: /usr/bin/c++
-- Check for working CXX compiler: /usr/bin/c++ -- works
-- Detecting CXX compiler ABI info
-- Detecting CXX compiler ABI info - done
-- Detecting CXX compile features
-- Detecting CXX compile features - done
-- Using CATKIN_DEVEL_PREFIX: /home/rick/catkin_ws/src/build/baxter_maintenance_msgs/devel
-- Using CMAKE_PREFIX_PATH: /opt/ros/kinetic
-- This workspace overlays: /opt/ros/kinetic
-- Override CMake install command with custom implementation using symlinks instead of copying resources
-- Found PythonInterp: /usr/bin/python2 (found suitable version "2.7.12", minimum required is "2") 
-- Using PYTHON_EXECUTABLE: /usr/bin/python2
-- Using Debian Python package layout
-- Using empy: /usr/bin/empy
-- Using CATKIN_ENABLE_TESTING: ON
-- Call enable_testing()
-- Using CATKIN_TEST_RESULTS_DIR: /home/rick/catkin_ws/src/build/baxter_maintenance_msgs/test_results
-- Found gtest sources under '/usr/src/gmock': gtests will be built
-- Found gmock sources under '/usr/src/gmock': gmock will be built
-- Found PythonInterp: /usr/bin/python2 (found version "2.7.12") 
-- Looking for pthread.h
-- Looking for pthread.h - found
-- Looking for pthread_create
-- Looking for pthread_create - not found
-- Looking for pthread_create in pthreads
-- Looking for pthread_create in pthreads - not found
-- Looking for pthread_create in pthread
-- Looking for pthread_create in pthread - found
-- Found Threads: TRUE  
-- Using Python nosetests: /usr/bin/nosetests-2.7
-- catkin 0.7.20
-- BUILD_SHARED_LIBS is on
-- Using these message generators: gencpp;geneus;genlisp;gennodejs;genpy
-- baxter_maintenance_msgs: 7 messages, 0 services
-- Configuring done
-- Generating done
-- Build files have been written to: /home/rick/catkin_ws/src/build/baxter_maintenance_msgs
[35m[1mScanning dependencies of target _baxter_maintenance_msgs_generate_messages_check_deps_UpdateSource[0m
[35m[1mScanning dependencies of target _baxter_maintenance_msgs_generate_messages_check_deps_TareEnable[0m
[  0%] Built target _baxter_maintenance_msgs_generate_messages_check_deps_UpdateSource
[35m[1mScanning dependencies of target std_msgs_generate_messages_py[0m
[  0%] Built target _baxter_maintenance_msgs_generate_messages_check_deps_TareEnable
[35m[1mScanning dependencies of target _baxter_maintenance_msgs_generate_messages_check_deps_UpdateSources[0m
[  0%] Built target std_msgs_generate_messages_py
[35m[1mScanning dependencies of target _baxter_maintenance_msgs_generate_messages_check_deps_CalibrateArmData[0m
[  0%] Built target _baxter_maintenance_msgs_generate_messages_check_deps_UpdateSources
[  0%] Built target _baxter_maintenance_msgs_generate_messages_check_deps_CalibrateArmData
[35m[1mScanning dependencies of target _baxter_maintenance_msgs_generate_messages_check_deps_TareData[0m
[35m[1mScanning dependencies of target _baxter_maintenance_msgs_generate_messages_check_deps_CalibrateArmEnable[0m
[  0%] Built target _baxter_maintenance_msgs_generate_messages_check_deps_TareData
[  0%] Built target _baxter_maintenance_msgs_generate_messages_check_deps_CalibrateArmEnable
[35m[1mScanning dependencies of target std_msgs_generate_messages_nodejs[0m
[35m[1mScanning dependencies of target _baxter_maintenance_msgs_generate_messages_check_deps_UpdateStatus[0m
[  0%] Built target std_msgs_generate_messages_nodejs
[  0%] Built target _baxter_maintenance_msgs_generate_messages_check_deps_UpdateStatus
[35m[1mScanning dependencies of target std_msgs_generate_messages_lisp[0m
[35m[1mScanning dependencies of target std_msgs_generate_messages_cpp[0m
[  0%] Built target std_msgs_generate_messages_cpp
[35m[1mScanning dependencies of target std_msgs_generate_messages_eus[0m
[  0%] Built target std_msgs_generate_messages_eus
[  0%] Built target std_msgs_generate_messages_lisp
[35m[1mScanning dependencies of target baxter_maintenance_msgs_generate_messages_nodejs[0m
[  2%] [34m[1mGenerating Javascript code from baxter_maintenance_msgs/CalibrateArmEnable.msg[0m
[35m[1mScanning dependencies of target baxter_maintenance_msgs_generate_messages_py[0m
[  5%] [34m[1mGenerating Python from MSG baxter_maintenance_msgs/CalibrateArmEnable[0m
[  8%] [34m[1mGenerating Python from MSG baxter_maintenance_msgs/UpdateStatus[0m
[ 10%] [34m[1mGenerating Javascript code from baxter_maintenance_msgs/UpdateStatus.msg[0m
[ 13%] [34m[1mGenerating Javascript code from baxter_maintenance_msgs/UpdateSources.msg[0m
[ 16%] [34m[1mGenerating Python from MSG baxter_maintenance_msgs/UpdateSources[0m
[ 18%] [34m[1mGenerating Javascript code from baxter_maintenance_msgs/UpdateSource.msg[0m
[ 21%] [34m[1mGenerating Javascript code from baxter_maintenance_msgs/TareData.msg[0m
[ 24%] [34m[1mGenerating Python from MSG baxter_maintenance_msgs/UpdateSource[0m
[ 27%] [34m[1mGenerating Javascript code from baxter_maintenance_msgs/CalibrateArmData.msg[0m
[ 29%] [34m[1mGenerating Javascript code from baxter_maintenance_msgs/TareEnable.msg[0m
[ 32%] [34m[1mGenerating Python from MSG baxter_maintenance_msgs/TareData[0m
[ 32%] Built target baxter_maintenance_msgs_generate_messages_nodejs
[35m[1mScanning dependencies of target baxter_maintenance_msgs_generate_messages_lisp[0m
[ 35%] [34m[1mGenerating Lisp code from baxter_maintenance_msgs/CalibrateArmEnable.msg[0m
[ 37%] [34m[1mGenerating Python from MSG baxter_maintenance_msgs/CalibrateArmData[0m
[ 40%] [34m[1mGenerating Lisp code from baxter_maintenance_msgs/UpdateStatus.msg[0m
[ 43%] [34m[1mGenerating Lisp code from baxter_maintenance_msgs/UpdateSources.msg[0m
[ 45%] [34m[1mGenerating Lisp code from baxter_maintenance_msgs/UpdateSource.msg[0m
[ 48%] [34m[1mGenerating Python from MSG baxter_maintenance_msgs/TareEnable[0m
[ 51%] [34m[1mGenerating Lisp code from baxter_maintenance_msgs/TareData.msg[0m
[ 54%] [34m[1mGenerating Lisp code from baxter_maintenance_msgs/CalibrateArmData.msg[0m
[ 56%] [34m[1mGenerating Python msg __init__.py for baxter_maintenance_msgs[0m
[ 59%] [34m[1mGenerating Lisp code from baxter_maintenance_msgs/TareEnable.msg[0m
[ 59%] Built target baxter_maintenance_msgs_generate_messages_lisp
[35m[1mScanning dependencies of target baxter_maintenance_msgs_generate_messages_cpp[0m
[ 62%] [34m[1mGenerating C++ code from baxter_maintenance_msgs/CalibrateArmEnable.msg[0m
[ 62%] Built target baxter_maintenance_msgs_generate_messages_py
[35m[1mScanning dependencies of target baxter_maintenance_msgs_generate_messages_eus[0m
[ 64%] [34m[1mGenerating EusLisp code from baxter_maintenance_msgs/CalibrateArmEnable.msg[0m
[ 67%] [34m[1mGenerating C++ code from baxter_maintenance_msgs/UpdateStatus.msg[0m
[ 70%] [34m[1mGenerating EusLisp code from baxter_maintenance_msgs/UpdateStatus.msg[0m
[ 72%] [34m[1mGenerating EusLisp code from baxter_maintenance_msgs/UpdateSources.msg[0m
[ 75%] [34m[1mGenerating C++ code from baxter_maintenance_msgs/UpdateSources.msg[0m
[ 78%] [34m[1mGenerating EusLisp code from baxter_maintenance_msgs/UpdateSource.msg[0m
[ 81%] [34m[1mGenerating EusLisp code from baxter_maintenance_msgs/TareData.msg[0m
[ 83%] [34m[1mGenerating C++ code from baxter_maintenance_msgs/UpdateSource.msg[0m
[ 86%] [34m[1mGenerating EusLisp code from baxter_maintenance_msgs/CalibrateArmData.msg[0m
[ 89%] [34m[1mGenerating EusLisp code from baxter_maintenance_msgs/TareEnable.msg[0m
[ 91%] [34m[1mGenerating EusLisp manifest code for baxter_maintenance_msgs[0m
[ 94%] [34m[1mGenerating C++ code from baxter_maintenance_msgs/TareData.msg[0m
[ 97%] [34m[1mGenerating C++ code from baxter_maintenance_msgs/CalibrateArmData.msg[0m
[100%] [34m[1mGenerating C++ code from baxter_maintenance_msgs/TareEnable.msg[0m
[100%] Built target baxter_maintenance_msgs_generate_messages_cpp
[100%] Built target baxter_maintenance_msgs_generate_messages_eus
[35m[1mScanning dependencies of target baxter_maintenance_msgs_generate_messages[0m
[100%] Built target baxter_maintenance_msgs_generate_messages
[35m[1mScanning dependencies of target tests[0m
Built target tests
[  0%] Built target _baxter_maintenance_msgs_generate_messages_check_deps_TareEnable
[  0%] Built target std_msgs_generate_messages_py
[  0%] Built target _baxter_maintenance_msgs_generate_messages_check_deps_UpdateSource
[  0%] Built target _baxter_maintenance_msgs_generate_messages_check_deps_UpdateSources
[  0%] Built target _baxter_maintenance_msgs_generate_messages_check_deps_CalibrateArmData
[  0%] Built target _baxter_maintenance_msgs_generate_messages_check_deps_TareData
[  0%] Built target _baxter_maintenance_msgs_generate_messages_check_deps_CalibrateArmEnable
[  0%] Built target _baxter_maintenance_msgs_generate_messages_check_deps_UpdateStatus
[  0%] Built target std_msgs_generate_messages_nodejs
[  0%] Built target std_msgs_generate_messages_cpp
[  0%] Built target std_msgs_generate_messages_lisp
[  0%] Built target std_msgs_generate_messages_eus
[ 21%] Built target baxter_maintenance_msgs_generate_messages_py
[ 40%] Built target baxter_maintenance_msgs_generate_messages_nodejs
[ 59%] Built target baxter_maintenance_msgs_generate_messages_lisp
[ 78%] Built target baxter_maintenance_msgs_generate_messages_cpp
[100%] Built target baxter_maintenance_msgs_generate_messages_eus
[100%] Built target baxter_maintenance_msgs_generate_messages
[36mInstall the project...[0m
-- Install configuration: ""
-- Execute custom install script
-- Symlinking: /home/rick/catkin_ws/src/install/baxter_maintenance_msgs/share/baxter_maintenance_msgs/msg/CalibrateArmData.msg
-- Symlinking: /home/rick/catkin_ws/src/install/baxter_maintenance_msgs/share/baxter_maintenance_msgs/msg/CalibrateArmEnable.msg
-- Symlinking: /home/rick/catkin_ws/src/install/baxter_maintenance_msgs/share/baxter_maintenance_msgs/msg/TareData.msg
-- Symlinking: /home/rick/catkin_ws/src/install/baxter_maintenance_msgs/share/baxter_maintenance_msgs/msg/TareEnable.msg
-- Symlinking: /home/rick/catkin_ws/src/install/baxter_maintenance_msgs/share/baxter_maintenance_msgs/msg/UpdateSource.msg
-- Symlinking: /home/rick/catkin_ws/src/install/baxter_maintenance_msgs/share/baxter_maintenance_msgs/msg/UpdateSources.msg
-- Symlinking: /home/rick/catkin_ws/src/install/baxter_maintenance_msgs/share/baxter_maintenance_msgs/msg/UpdateStatus.msg
-- Symlinking: /home/rick/catkin_ws/src/install/baxter_maintenance_msgs/share/baxter_maintenance_msgs/cmake/baxter_maintenance_msgs-msg-paths.cmake
-- Symlinking: /home/rick/catkin_ws/src/install/baxter_maintenance_msgs/include/baxter_maintenance_msgs/CalibrateArmData.h
-- Symlinking: /home/rick/catkin_ws/src/install/baxter_maintenance_msgs/include/baxter_maintenance_msgs/CalibrateArmEnable.h
-- Symlinking: /home/rick/catkin_ws/src/install/baxter_maintenance_msgs/include/baxter_maintenance_msgs/TareData.h
-- Symlinking: /home/rick/catkin_ws/src/install/baxter_maintenance_msgs/include/baxter_maintenance_msgs/TareEnable.h
-- Symlinking: /home/rick/catkin_ws/src/install/baxter_maintenance_msgs/include/baxter_maintenance_msgs/UpdateSource.h
-- Symlinking: /home/rick/catkin_ws/src/install/baxter_maintenance_msgs/include/baxter_maintenance_msgs/UpdateSources.h
-- Symlinking: /home/rick/catkin_ws/src/install/baxter_maintenance_msgs/include/baxter_maintenance_msgs/UpdateStatus.h
-- Symlinking: /home/rick/catkin_ws/src/install/baxter_maintenance_msgs/share/roseus/ros/baxter_maintenance_msgs/manifest.l
-- Symlinking: /home/rick/catkin_ws/src/install/baxter_maintenance_msgs/share/roseus/ros/baxter_maintenance_msgs/msg/CalibrateArmData.l
-- Symlinking: /home/rick/catkin_ws/src/install/baxter_maintenance_msgs/share/roseus/ros/baxter_maintenance_msgs/msg/CalibrateArmEnable.l
-- Symlinking: /home/rick/catkin_ws/src/install/baxter_maintenance_msgs/share/roseus/ros/baxter_maintenance_msgs/msg/TareData.l
-- Symlinking: /home/rick/catkin_ws/src/install/baxter_maintenance_msgs/share/roseus/ros/baxter_maintenance_msgs/msg/TareEnable.l
-- Symlinking: /home/rick/catkin_ws/src/install/baxter_maintenance_msgs/share/roseus/ros/baxter_maintenance_msgs/msg/UpdateSource.l
-- Symlinking: /home/rick/catkin_ws/src/install/baxter_maintenance_msgs/share/roseus/ros/baxter_maintenance_msgs/msg/UpdateSources.l
-- Symlinking: /home/rick/catkin_ws/src/install/baxter_maintenance_msgs/share/roseus/ros/baxter_maintenance_msgs/msg/UpdateStatus.l
-- Symlinking: /home/rick/catkin_ws/src/install/baxter_maintenance_msgs/share/common-lisp/ros/baxter_maintenance_msgs/msg/CalibrateArmData.lisp
-- Symlinking: /home/rick/catkin_ws/src/install/baxter_maintenance_msgs/share/common-lisp/ros/baxter_maintenance_msgs/msg/CalibrateArmEnable.lisp
-- Symlinking: /home/rick/catkin_ws/src/install/baxter_maintenance_msgs/share/common-lisp/ros/baxter_maintenance_msgs/msg/TareData.lisp
-- Symlinking: /home/rick/catkin_ws/src/install/baxter_maintenance_msgs/share/common-lisp/ros/baxter_maintenance_msgs/msg/TareEnable.lisp
-- Symlinking: /home/rick/catkin_ws/src/install/baxter_maintenance_msgs/share/common-lisp/ros/baxter_maintenance_msgs/msg/UpdateSource.lisp
-- Symlinking: /home/rick/catkin_ws/src/install/baxter_maintenance_msgs/share/common-lisp/ros/baxter_maintenance_msgs/msg/UpdateSources.lisp
-- Symlinking: /home/rick/catkin_ws/src/install/baxter_maintenance_msgs/share/common-lisp/ros/baxter_maintenance_msgs/msg/UpdateStatus.lisp
-- Symlinking: /home/rick/catkin_ws/src/install/baxter_maintenance_msgs/share/common-lisp/ros/baxter_maintenance_msgs/msg/_package.lisp
-- Symlinking: /home/rick/catkin_ws/src/install/baxter_maintenance_msgs/share/common-lisp/ros/baxter_maintenance_msgs/msg/_package_CalibrateArmData.lisp
-- Symlinking: /home/rick/catkin_ws/src/install/baxter_maintenance_msgs/share/common-lisp/ros/baxter_maintenance_msgs/msg/_package_CalibrateArmEnable.lisp
-- Symlinking: /home/rick/catkin_ws/src/install/baxter_maintenance_msgs/share/common-lisp/ros/baxter_maintenance_msgs/msg/_package_TareData.lisp
-- Symlinking: /home/rick/catkin_ws/src/install/baxter_maintenance_msgs/share/common-lisp/ros/baxter_maintenance_msgs/msg/_package_TareEnable.lisp
-- Symlinking: /home/rick/catkin_ws/src/install/baxter_maintenance_msgs/share/common-lisp/ros/baxter_maintenance_msgs/msg/_package_UpdateSource.lisp
-- Symlinking: /home/rick/catkin_ws/src/install/baxter_maintenance_msgs/share/common-lisp/ros/baxter_maintenance_msgs/msg/_package_UpdateSources.lisp
-- Symlinking: /home/rick/catkin_ws/src/install/baxter_maintenance_msgs/share/common-lisp/ros/baxter_maintenance_msgs/msg/_package_UpdateStatus.lisp
-- Symlinking: /home/rick/catkin_ws/src/install/baxter_maintenance_msgs/share/common-lisp/ros/baxter_maintenance_msgs/msg/baxter_maintenance_msgs-msg.asd
-- Symlinking: /home/rick/catkin_ws/src/install/baxter_maintenance_msgs/share/gennodejs/ros/baxter_maintenance_msgs/_index.js
-- Symlinking: /home/rick/catkin_ws/src/install/baxter_maintenance_msgs/share/gennodejs/ros/baxter_maintenance_msgs/msg/CalibrateArmData.js
-- Symlinking: /home/rick/catkin_ws/src/install/baxter_maintenance_msgs/share/gennodejs/ros/baxter_maintenance_msgs/msg/CalibrateArmEnable.js
-- Symlinking: /home/rick/catkin_ws/src/install/baxter_maintenance_msgs/share/gennodejs/ros/baxter_maintenance_msgs/msg/TareData.js
-- Symlinking: /home/rick/catkin_ws/src/install/baxter_maintenance_msgs/share/gennodejs/ros/baxter_maintenance_msgs/msg/TareEnable.js
-- Symlinking: /home/rick/catkin_ws/src/install/baxter_maintenance_msgs/share/gennodejs/ros/baxter_maintenance_msgs/msg/UpdateSource.js
-- Symlinking: /home/rick/catkin_ws/src/install/baxter_maintenance_msgs/share/gennodejs/ros/baxter_maintenance_msgs/msg/UpdateSources.js
-- Symlinking: /home/rick/catkin_ws/src/install/baxter_maintenance_msgs/share/gennodejs/ros/baxter_maintenance_msgs/msg/UpdateStatus.js
-- Symlinking: /home/rick/catkin_ws/src/install/baxter_maintenance_msgs/share/gennodejs/ros/baxter_maintenance_msgs/msg/_index.js
-- Symlinking: /home/rick/catkin_ws/src/install/baxter_maintenance_msgs/lib/python2.7/dist-packages/baxter_maintenance_msgs/__init__.py
-- Symlinking: /home/rick/catkin_ws/src/install/baxter_maintenance_msgs/lib/python2.7/dist-packages/baxter_maintenance_msgs/msg/_CalibrateArmData.py
-- Symlinking: /home/rick/catkin_ws/src/install/baxter_maintenance_msgs/lib/python2.7/dist-packages/baxter_maintenance_msgs/msg/_CalibrateArmEnable.py
-- Symlinking: /home/rick/catkin_ws/src/install/baxter_maintenance_msgs/lib/python2.7/dist-packages/baxter_maintenance_msgs/msg/_TareData.py
-- Symlinking: /home/rick/catkin_ws/src/install/baxter_maintenance_msgs/lib/python2.7/dist-packages/baxter_maintenance_msgs/msg/_TareEnable.py
-- Symlinking: /home/rick/catkin_ws/src/install/baxter_maintenance_msgs/lib/python2.7/dist-packages/baxter_maintenance_msgs/msg/_UpdateSource.py
-- Symlinking: /home/rick/catkin_ws/src/install/baxter_maintenance_msgs/lib/python2.7/dist-packages/baxter_maintenance_msgs/msg/_UpdateSources.py
-- Symlinking: /home/rick/catkin_ws/src/install/baxter_maintenance_msgs/lib/python2.7/dist-packages/baxter_maintenance_msgs/msg/_UpdateStatus.py
-- Symlinking: /home/rick/catkin_ws/src/install/baxter_maintenance_msgs/lib/python2.7/dist-packages/baxter_maintenance_msgs/msg/__init__.py
-- Symlinking: /home/rick/catkin_ws/src/install/baxter_maintenance_msgs/lib/pkgconfig/baxter_maintenance_msgs.pc
-- Symlinking: /home/rick/catkin_ws/src/install/baxter_maintenance_msgs/share/baxter_maintenance_msgs/cmake/baxter_maintenance_msgs-msg-extras.cmake
-- Symlinking: /home/rick/catkin_ws/src/install/baxter_maintenance_msgs/share/baxter_maintenance_msgs/cmake/baxter_maintenance_msgsConfig.cmake
-- Symlinking: /home/rick/catkin_ws/src/install/baxter_maintenance_msgs/share/baxter_maintenance_msgs/cmake/baxter_maintenance_msgsConfig-version.cmake
-- Symlinking: /home/rick/catkin_ws/src/install/baxter_maintenance_msgs/share/baxter_maintenance_msgs/package.xml
Listing /home/rick/catkin_ws/src/build/baxter_maintenance_msgs/devel/lib/python2.7/dist-packages/baxter_maintenance_msgs ...
Compiling /home/rick/catkin_ws/src/build/baxter_maintenance_msgs/devel/lib/python2.7/dist-packages/baxter_maintenance_msgs/__init__.py ...
Listing /home/rick/catkin_ws/src/build/baxter_maintenance_msgs/devel/lib/python2.7/dist-packages/baxter_maintenance_msgs/msg ...
Compiling /home/rick/catkin_ws/src/build/baxter_maintenance_msgs/devel/lib/python2.7/dist-packages/baxter_maintenance_msgs/msg/_CalibrateArmData.py ...
Compiling /home/rick/catkin_ws/src/build/baxter_maintenance_msgs/devel/lib/python2.7/dist-packages/baxter_maintenance_msgs/msg/_CalibrateArmEnable.py ...
Compiling /home/rick/catkin_ws/src/build/baxter_maintenance_msgs/devel/lib/python2.7/dist-packages/baxter_maintenance_msgs/msg/_TareData.py ...
Compiling /home/rick/catkin_ws/src/build/baxter_maintenance_msgs/devel/lib/python2.7/dist-packages/baxter_maintenance_msgs/msg/_TareEnable.py ...
Compiling /home/rick/catkin_ws/src/build/baxter_maintenance_msgs/devel/lib/python2.7/dist-packages/baxter_maintenance_msgs/msg/_UpdateSource.py ...
Compiling /home/rick/catkin_ws/src/build/baxter_maintenance_msgs/devel/lib/python2.7/dist-packages/baxter_maintenance_msgs/msg/_UpdateSources.py ...
Compiling /home/rick/catkin_ws/src/build/baxter_maintenance_msgs/devel/lib/python2.7/dist-packages/baxter_maintenance_msgs/msg/_UpdateStatus.py ...
Compiling /home/rick/catkin_ws/src/build/baxter_maintenance_msgs/devel/lib/python2.7/dist-packages/baxter_maintenance_msgs/msg/__init__.py ...
