[  0%] Built target baxter_core_msgs_generate_messages_py
[100%] Built target baxter_interface_gencfg
Built target tests
[  0%] Built target baxter_core_msgs_generate_messages_py
[100%] Built target baxter_interface_gencfg
[36mInstall the project...[0m
-- Install configuration: ""
-- Execute custom install script
-- Up-to-date symlink: /home/rick/catkin_ws/src/install/baxter_interface/include/baxter_interface/PositionJointTrajectoryActionServerConfig.h
-- Up-to-date symlink: /home/rick/catkin_ws/src/install/baxter_interface/include/baxter_interface/VelocityJointTrajectoryActionServerConfig.h
-- Up-to-date symlink: /home/rick/catkin_ws/src/install/baxter_interface/include/baxter_interface/PositionFFJointTrajectoryActionServerConfig.h
-- Up-to-date symlink: /home/rick/catkin_ws/src/install/baxter_interface/include/baxter_interface/GripperActionServerConfig.h
-- Up-to-date symlink: /home/rick/catkin_ws/src/install/baxter_interface/include/baxter_interface/HeadActionServerConfig.h
-- Up-to-date symlink: /home/rick/catkin_ws/src/install/baxter_interface/lib/python2.7/dist-packages/baxter_interface/cfg/GripperActionServerConfig.py
-- Symlinking: /home/rick/catkin_ws/src/install/baxter_interface/lib/python2.7/dist-packages/baxter_interface/cfg/GripperActionServerConfig.pyc
-- Up-to-date symlink: /home/rick/catkin_ws/src/install/baxter_interface/lib/python2.7/dist-packages/baxter_interface/cfg/HeadActionServerConfig.py
-- Symlinking: /home/rick/catkin_ws/src/install/baxter_interface/lib/python2.7/dist-packages/baxter_interface/cfg/HeadActionServerConfig.pyc
-- Up-to-date symlink: /home/rick/catkin_ws/src/install/baxter_interface/lib/python2.7/dist-packages/baxter_interface/cfg/PositionFFJointTrajectoryActionServerConfig.py
-- Symlinking: /home/rick/catkin_ws/src/install/baxter_interface/lib/python2.7/dist-packages/baxter_interface/cfg/PositionFFJointTrajectoryActionServerConfig.pyc
-- Up-to-date symlink: /home/rick/catkin_ws/src/install/baxter_interface/lib/python2.7/dist-packages/baxter_interface/cfg/PositionJointTrajectoryActionServerConfig.py
-- Symlinking: /home/rick/catkin_ws/src/install/baxter_interface/lib/python2.7/dist-packages/baxter_interface/cfg/PositionJointTrajectoryActionServerConfig.pyc
-- Up-to-date symlink: /home/rick/catkin_ws/src/install/baxter_interface/lib/python2.7/dist-packages/baxter_interface/cfg/VelocityJointTrajectoryActionServerConfig.py
-- Symlinking: /home/rick/catkin_ws/src/install/baxter_interface/lib/python2.7/dist-packages/baxter_interface/cfg/VelocityJointTrajectoryActionServerConfig.pyc
-- Up-to-date symlink: /home/rick/catkin_ws/src/install/baxter_interface/lib/python2.7/dist-packages/baxter_interface/cfg/__init__.py
-- Symlinking: /home/rick/catkin_ws/src/install/baxter_interface/lib/python2.7/dist-packages/baxter_interface/cfg/__init__.pyc
-- Up-to-date symlink: /home/rick/catkin_ws/src/install/baxter_interface/lib/pkgconfig/baxter_interface.pc
-- Up-to-date symlink: /home/rick/catkin_ws/src/install/baxter_interface/share/baxter_interface/cmake/baxter_interfaceConfig.cmake
-- Up-to-date symlink: /home/rick/catkin_ws/src/install/baxter_interface/share/baxter_interface/cmake/baxter_interfaceConfig-version.cmake
-- Up-to-date symlink: /home/rick/catkin_ws/src/install/baxter_interface/share/baxter_interface/package.xml
+ cd /home/rick/catkin_ws/src/baxter_interface
+ mkdir -p /home/rick/catkin_ws/src/install/baxter_interface/lib/python2.7/dist-packages
+ /usr/bin/env PYTHONPATH=/home/rick/catkin_ws/src/install/baxter_interface/lib/python2.7/dist-packages:/home/rick/catkin_ws/src/build/baxter_interface/lib/python2.7/dist-packages:/home/rick/catkin_ws/src/install/baxter_core_msgs/lib/python2.7/dist-packages:/opt/ros/kinetic/lib/python2.7/dist-packages CATKIN_BINARY_DIR=/home/rick/catkin_ws/src/build/baxter_interface /usr/bin/python2 /home/rick/catkin_ws/src/baxter_interface/setup.py build --build-base /home/rick/catkin_ws/src/build/baxter_interface install --install-layout=deb --prefix=/home/rick/catkin_ws/src/install/baxter_interface --install-scripts=/home/rick/catkin_ws/src/install/baxter_interface/bin
running build
running build_py
running install
running install_lib
running install_egg_info
Removing /home/rick/catkin_ws/src/install/baxter_interface/lib/python2.7/dist-packages/baxter_interface-1.2.0.egg-info
Writing /home/rick/catkin_ws/src/install/baxter_interface/lib/python2.7/dist-packages/baxter_interface-1.2.0.egg-info
Listing /home/rick/catkin_ws/src/build/baxter_interface/devel/lib/python2.7/dist-packages/baxter_interface/cfg ...
-- Up-to-date: /home/rick/catkin_ws/src/install/baxter_interface/lib/baxter_interface
-- Up-to-date: /home/rick/catkin_ws/src/install/baxter_interface/lib/baxter_interface/joint_trajectory_action_server.py
-- Up-to-date: /home/rick/catkin_ws/src/install/baxter_interface/lib/baxter_interface/gripper_action_server.py
-- Up-to-date: /home/rick/catkin_ws/src/install/baxter_interface/lib/baxter_interface/head_action_server.py
