[0.040s] Invoking command in '/home/rick/catkin_ws/src/build/baxter_interface': CMAKE_PREFIX_PATH=/home/rick/catkin_ws/src/install/baxter_core_msgs:${CMAKE_PREFIX_PATH} PKG_CONFIG_PATH=/home/rick/catkin_ws/src/install/baxter_core_msgs/lib/x86_64-linux-gnu/pkgconfig:/home/rick/catkin_ws/src/install/baxter_core_msgs/lib/pkgconfig:${PKG_CONFIG_PATH} PYTHONPATH=/home/rick/catkin_ws/src/install/baxter_core_msgs/lib/python2.7/dist-packages:${PYTHONPATH} ROS_PACKAGE_PATH=/home/rick/catkin_ws/src/install/baxter_core_msgs/share:${ROS_PACKAGE_PATH} /usr/bin/cmake --build /home/rick/catkin_ws/src/build/baxter_interface -- -j2 -l2
[0.138s] [  0%] Built target baxter_core_msgs_generate_messages_py
[0.169s] [100%] Built target baxter_interface_gencfg
[0.192s] Invoked command in '/home/rick/catkin_ws/src/build/baxter_interface' returned '0': CMAKE_PREFIX_PATH=/home/rick/catkin_ws/src/install/baxter_core_msgs:${CMAKE_PREFIX_PATH} PKG_CONFIG_PATH=/home/rick/catkin_ws/src/install/baxter_core_msgs/lib/x86_64-linux-gnu/pkgconfig:/home/rick/catkin_ws/src/install/baxter_core_msgs/lib/pkgconfig:${PKG_CONFIG_PATH} PYTHONPATH=/home/rick/catkin_ws/src/install/baxter_core_msgs/lib/python2.7/dist-packages:${PYTHONPATH} ROS_PACKAGE_PATH=/home/rick/catkin_ws/src/install/baxter_core_msgs/share:${ROS_PACKAGE_PATH} /usr/bin/cmake --build /home/rick/catkin_ws/src/build/baxter_interface -- -j2 -l2
[0.365s] Invoking command in '/home/rick/catkin_ws/src/build/baxter_interface': CMAKE_PREFIX_PATH=/home/rick/catkin_ws/src/install/baxter_core_msgs:${CMAKE_PREFIX_PATH} PKG_CONFIG_PATH=/home/rick/catkin_ws/src/install/baxter_core_msgs/lib/x86_64-linux-gnu/pkgconfig:/home/rick/catkin_ws/src/install/baxter_core_msgs/lib/pkgconfig:${PKG_CONFIG_PATH} PYTHONPATH=/home/rick/catkin_ws/src/install/baxter_core_msgs/lib/python2.7/dist-packages:${PYTHONPATH} ROS_PACKAGE_PATH=/home/rick/catkin_ws/src/install/baxter_core_msgs/share:${ROS_PACKAGE_PATH} /usr/bin/cmake --build /home/rick/catkin_ws/src/build/baxter_interface --target tests -- -j2 -l2
[0.467s] Built target tests
[0.482s] Invoked command in '/home/rick/catkin_ws/src/build/baxter_interface' returned '0': CMAKE_PREFIX_PATH=/home/rick/catkin_ws/src/install/baxter_core_msgs:${CMAKE_PREFIX_PATH} PKG_CONFIG_PATH=/home/rick/catkin_ws/src/install/baxter_core_msgs/lib/x86_64-linux-gnu/pkgconfig:/home/rick/catkin_ws/src/install/baxter_core_msgs/lib/pkgconfig:${PKG_CONFIG_PATH} PYTHONPATH=/home/rick/catkin_ws/src/install/baxter_core_msgs/lib/python2.7/dist-packages:${PYTHONPATH} ROS_PACKAGE_PATH=/home/rick/catkin_ws/src/install/baxter_core_msgs/share:${ROS_PACKAGE_PATH} /usr/bin/cmake --build /home/rick/catkin_ws/src/build/baxter_interface --target tests -- -j2 -l2
[0.610s] Invoking command in '/home/rick/catkin_ws/src/build/baxter_interface': CMAKE_PREFIX_PATH=/home/rick/catkin_ws/src/install/baxter_core_msgs:${CMAKE_PREFIX_PATH} PKG_CONFIG_PATH=/home/rick/catkin_ws/src/install/baxter_core_msgs/lib/x86_64-linux-gnu/pkgconfig:/home/rick/catkin_ws/src/install/baxter_core_msgs/lib/pkgconfig:${PKG_CONFIG_PATH} PYTHONPATH=/home/rick/catkin_ws/src/install/baxter_core_msgs/lib/python2.7/dist-packages:${PYTHONPATH} ROS_PACKAGE_PATH=/home/rick/catkin_ws/src/install/baxter_core_msgs/share:${ROS_PACKAGE_PATH} /usr/bin/cmake --build /home/rick/catkin_ws/src/build/baxter_interface --target install -- -j2 -l2
[0.708s] [  0%] Built target baxter_core_msgs_generate_messages_py
[0.746s] [100%] Built target baxter_interface_gencfg
[0.787s] [36mInstall the project...[0m
[0.795s] -- Install configuration: ""
[0.803s] -- Execute custom install script
[0.806s] -- Up-to-date symlink: /home/rick/catkin_ws/src/install/baxter_interface/include/baxter_interface/PositionJointTrajectoryActionServerConfig.h
[0.807s] -- Up-to-date symlink: /home/rick/catkin_ws/src/install/baxter_interface/include/baxter_interface/VelocityJointTrajectoryActionServerConfig.h
[0.808s] -- Up-to-date symlink: /home/rick/catkin_ws/src/install/baxter_interface/include/baxter_interface/PositionFFJointTrajectoryActionServerConfig.h
[0.811s] -- Up-to-date symlink: /home/rick/catkin_ws/src/install/baxter_interface/include/baxter_interface/GripperActionServerConfig.h
[0.812s] -- Up-to-date symlink: /home/rick/catkin_ws/src/install/baxter_interface/include/baxter_interface/HeadActionServerConfig.h
[0.815s] -- Up-to-date symlink: /home/rick/catkin_ws/src/install/baxter_interface/lib/python2.7/dist-packages/baxter_interface/cfg/GripperActionServerConfig.py
[0.815s] -- Symlinking: /home/rick/catkin_ws/src/install/baxter_interface/lib/python2.7/dist-packages/baxter_interface/cfg/GripperActionServerConfig.pyc
[0.839s] -- Up-to-date symlink: /home/rick/catkin_ws/src/install/baxter_interface/lib/python2.7/dist-packages/baxter_interface/cfg/HeadActionServerConfig.py
[0.839s] -- Symlinking: /home/rick/catkin_ws/src/install/baxter_interface/lib/python2.7/dist-packages/baxter_interface/cfg/HeadActionServerConfig.pyc
[0.855s] -- Up-to-date symlink: /home/rick/catkin_ws/src/install/baxter_interface/lib/python2.7/dist-packages/baxter_interface/cfg/PositionFFJointTrajectoryActionServerConfig.py
[0.857s] -- Symlinking: /home/rick/catkin_ws/src/install/baxter_interface/lib/python2.7/dist-packages/baxter_interface/cfg/PositionFFJointTrajectoryActionServerConfig.pyc
[0.882s] -- Up-to-date symlink: /home/rick/catkin_ws/src/install/baxter_interface/lib/python2.7/dist-packages/baxter_interface/cfg/PositionJointTrajectoryActionServerConfig.py
[0.883s] -- Symlinking: /home/rick/catkin_ws/src/install/baxter_interface/lib/python2.7/dist-packages/baxter_interface/cfg/PositionJointTrajectoryActionServerConfig.pyc
[0.898s] -- Up-to-date symlink: /home/rick/catkin_ws/src/install/baxter_interface/lib/python2.7/dist-packages/baxter_interface/cfg/VelocityJointTrajectoryActionServerConfig.py
[0.899s] -- Symlinking: /home/rick/catkin_ws/src/install/baxter_interface/lib/python2.7/dist-packages/baxter_interface/cfg/VelocityJointTrajectoryActionServerConfig.pyc
[0.907s] -- Up-to-date symlink: /home/rick/catkin_ws/src/install/baxter_interface/lib/python2.7/dist-packages/baxter_interface/cfg/__init__.py
[0.907s] -- Symlinking: /home/rick/catkin_ws/src/install/baxter_interface/lib/python2.7/dist-packages/baxter_interface/cfg/__init__.pyc
[0.933s] -- Up-to-date symlink: /home/rick/catkin_ws/src/install/baxter_interface/lib/pkgconfig/baxter_interface.pc
[0.934s] -- Up-to-date symlink: /home/rick/catkin_ws/src/install/baxter_interface/share/baxter_interface/cmake/baxter_interfaceConfig.cmake
[0.934s] -- Up-to-date symlink: /home/rick/catkin_ws/src/install/baxter_interface/share/baxter_interface/cmake/baxter_interfaceConfig-version.cmake
[0.934s] -- Up-to-date symlink: /home/rick/catkin_ws/src/install/baxter_interface/share/baxter_interface/package.xml
[0.936s] + cd /home/rick/catkin_ws/src/baxter_interface
[0.936s] + mkdir -p /home/rick/catkin_ws/src/install/baxter_interface/lib/python2.7/dist-packages
[0.941s] + /usr/bin/env PYTHONPATH=/home/rick/catkin_ws/src/install/baxter_interface/lib/python2.7/dist-packages:/home/rick/catkin_ws/src/build/baxter_interface/lib/python2.7/dist-packages:/home/rick/catkin_ws/src/install/baxter_core_msgs/lib/python2.7/dist-packages:/opt/ros/kinetic/lib/python2.7/dist-packages CATKIN_BINARY_DIR=/home/rick/catkin_ws/src/build/baxter_interface /usr/bin/python2 /home/rick/catkin_ws/src/baxter_interface/setup.py build --build-base /home/rick/catkin_ws/src/build/baxter_interface install --install-layout=deb --prefix=/home/rick/catkin_ws/src/install/baxter_interface --install-scripts=/home/rick/catkin_ws/src/install/baxter_interface/bin
[1.032s] running build
[1.033s] running build_py
[1.041s] running install
[1.042s] running install_lib
[1.048s] running install_egg_info
[1.057s] Removing /home/rick/catkin_ws/src/install/baxter_interface/lib/python2.7/dist-packages/baxter_interface-1.2.0.egg-info
[1.057s] Writing /home/rick/catkin_ws/src/install/baxter_interface/lib/python2.7/dist-packages/baxter_interface-1.2.0.egg-info
[1.085s] Listing /home/rick/catkin_ws/src/build/baxter_interface/devel/lib/python2.7/dist-packages/baxter_interface/cfg ...
[1.087s] -- Up-to-date: /home/rick/catkin_ws/src/install/baxter_interface/lib/baxter_interface
[1.087s] -- Up-to-date: /home/rick/catkin_ws/src/install/baxter_interface/lib/baxter_interface/joint_trajectory_action_server.py
[1.089s] -- Up-to-date: /home/rick/catkin_ws/src/install/baxter_interface/lib/baxter_interface/gripper_action_server.py
[1.089s] -- Up-to-date: /home/rick/catkin_ws/src/install/baxter_interface/lib/baxter_interface/head_action_server.py
[1.092s] Invoked command in '/home/rick/catkin_ws/src/build/baxter_interface' returned '0': CMAKE_PREFIX_PATH=/home/rick/catkin_ws/src/install/baxter_core_msgs:${CMAKE_PREFIX_PATH} PKG_CONFIG_PATH=/home/rick/catkin_ws/src/install/baxter_core_msgs/lib/x86_64-linux-gnu/pkgconfig:/home/rick/catkin_ws/src/install/baxter_core_msgs/lib/pkgconfig:${PKG_CONFIG_PATH} PYTHONPATH=/home/rick/catkin_ws/src/install/baxter_core_msgs/lib/python2.7/dist-packages:${PYTHONPATH} ROS_PACKAGE_PATH=/home/rick/catkin_ws/src/install/baxter_core_msgs/share:${ROS_PACKAGE_PATH} /usr/bin/cmake --build /home/rick/catkin_ws/src/build/baxter_interface --target install -- -j2 -l2
